#
# A fatal error has been detected by the Java Runtime Environment:
#
#  SIGSEGV (0xb) at pc=0x00007fff900414dd, pid=1259, tid=2571
#
# JRE version: Java(TM) SE Runtime Environment (8.0_73-b02) (build 1.8.0_73-b02)
# Java VM: Java HotSpot(TM) 64-Bit Server VM (25.73-b02 mixed mode bsd-amd64 compressed oops)
# Problematic frame:
# C  [libobjc.A.dylib+0x14dd]  objc_msgSend+0x1d
#
# Failed to write core dump. Core dumps have been disabled. To enable core dumping, try "ulimit -c unlimited" before starting Java again
#
# If you would like to submit a bug report, please visit:
#   http://bugreport.java.com/bugreport/crash.jsp
# The crash happened outside the Java Virtual Machine in native code.
# See problematic frame for where to report the bug.
#

---------------  T H R E A D  ---------------

Current thread (0x00007fe4e2971800):  JavaThread "AWT-AppKit" daemon [_thread_in_native, id=2571, stack(0x00007fff517ee000,0x00007fff51fee000)]

siginfo: si_signo: 11 (SIGSEGV), si_code: 1 (SEGV_MAPERR), si_addr: 0x0000000000000018

Registers:
RAX=0x00007fe4e58e4e00, RBX=0x000000018aa50450, RCX=0x0000000127c58fe0, RDX=0x0000000127c58220
RSP=0x00007fff51fe9378, RBP=0x00007fff51fe9430, RSI=0x00007fff99db1d0e, RDI=0x00007fe4e0f91c90
R8 =0x0000000000000000, R9 =0x00000000000008c0, R10=0x00007fff99db1d0e, R11=0x0000000000000000
R12=0x0000000000000000, R13=0x0000000190a067b8, R14=0x000000018aa50440, R15=0x00007fe4e2971800
RIP=0x00007fff900414dd, EFLAGS=0x0000000000010246, ERR=0x0000000000000004
  TRAPNO=0x000000000000000e

Top of Stack: (sp=0x00007fff51fe9378)
0x00007fff51fe9378:   000000018aa4e157 00007fff51fe93d0
0x00007fff51fe9388:   0000000000000003 00007fff51fe93b0
0x00007fff51fe9398:   000000010e07f646 0000000190a067b8
0x00007fff51fe93a8:   0000000190a067b8 00007fe4e58e4e00
0x00007fff51fe93b8:   000000018aa506a0 000000018aa50710
0x00007fff51fe93c8:   00007fff7d2ec770 00007fff7e4ed500
0x00007fff51fe93d8:   000000018aa50450 000000018aa50690
0x00007fff51fe93e8:   00007fe4e58e4e00 00007fe4e0f91c90
0x00007fff51fe93f8:   00007fe4e0c355c0 00007fe4e58e4e00
0x00007fff51fe9408:   00007fe4e0f91c90 00007fff51fe94b8
0x00007fff51fe9418:   00007fe4e29719f8 0000000190a067b8
0x00007fff51fe9428:   00007fff51fe94e0 00007fff51fe94a8
0x00007fff51fe9438:   000000010f815954 0000000190a067b8
0x00007fff51fe9448:   00007fff51fe94e0 00007fff51fe94a8
0x00007fff51fe9458:   000000010f8156e7 000000010f8156a2
0x00007fff51fe9468:   00007fff51fe9468 0000000190a067b8
0x00007fff51fe9478:   00007fff51fe94e0 0000000190a093f0
0x00007fff51fe9488:   0000000000000000 0000000190a067b8
0x00007fff51fe9498:   0000000000000000 00007fff51fe94c8
0x00007fff51fe94a8:   00007fff51fe9528 000000010f807c4d
0x00007fff51fe94b8:   0000000797724568 000000010f80f578
0x00007fff51fe94c8:   00007fe4e58e4e00 00007fff51fe9528
0x00007fff51fe94d8:   00007fe4e0f91c90 000000010f810d82
0x00007fff51fe94e8:   00007fff51fe94e8 0000000190a06982
0x00007fff51fe94f8:   00007fff51fe9550 0000000190a093f0
0x00007fff51fe9508:   0000000000000000 0000000190a06990
0x00007fff51fe9518:   00007fff51fe94c8 00007fff51fe9538
0x00007fff51fe9528:   00007fff51fe9598 000000010f807c4d
0x00007fff51fe9538:   00007fe4e58e4e00 00000007976adf60
0x00007fff51fe9548:   00007fe4e0f91c90 00000007976adf60
0x00007fff51fe9558:   00007fff51fe9558 00000001930c7c9e
0x00007fff51fe9568:   00007fff51fe95a8 00000001930c7d58 

Instructions: (pc=0x00007fff900414dd)
0x00007fff900414bd:   44 00 00 48 85 ff 2e 74 62 40 f6 c7 01 2e 75 66
0x00007fff900414cd:   49 bb f8 ff ff ff ff 7f 00 00 4c 23 1f 49 89 f2
0x00007fff900414dd:   45 23 53 18 49 c1 e2 04 4d 03 53 10 49 3b 32 75
0x00007fff900414ed:   04 41 ff 62 08 49 83 3a 01 76 0d 49 83 c2 10 49 

Register to memory mapping:

RAX=0x00007fe4e58e4e00 is an unknown value
RBX=0x000000018aa50450: Java_jogamp_nativewindow_macosx_OSXUtil_GetScreenRefreshRate0+0x1cf0 in /private/var/folders/zg/1l8q7jb960scm7wpq1kf74lm0000gn/T/jogamp_0000/file_cache/jln7371973957350582916/jln9070318325465052649/libnativewindow_macosx.jnilib at 0x000000018aa49000
RCX=0x0000000127c58fe0 is an unknown value
RDX=0x0000000127c58220 is an unknown value
RSP=0x00007fff51fe9378 is pointing into the stack for thread: 0x00007fe4e2971800
RBP=0x00007fff51fe9430 is pointing into the stack for thread: 0x00007fe4e2971800
RSI=0x00007fff99db1d0e is an unknown value
RDI=0x00007fe4e0f91c90 is an unknown value
R8 =0x0000000000000000 is an unknown value
R9 =0x00000000000008c0 is an unknown value
R10=0x00007fff99db1d0e is an unknown value
R11=0x0000000000000000 is an unknown value
R12=0x0000000000000000 is an unknown value
R13={method} {0x0000000190a067b8} 'UnsetJAWTRootSurfaceLayer0' '(JJ)V' in 'jogamp/nativewindow/jawt/macosx/MacOSXJAWTWindow'
R14=0x000000018aa50440: Java_jogamp_nativewindow_macosx_OSXUtil_GetScreenRefreshRate0+0x1ce0 in /private/var/folders/zg/1l8q7jb960scm7wpq1kf74lm0000gn/T/jogamp_0000/file_cache/jln7371973957350582916/jln9070318325465052649/libnativewindow_macosx.jnilib at 0x000000018aa49000
R15=0x00007fe4e2971800 is a thread


Stack: [0x00007fff517ee000,0x00007fff51fee000],  sp=0x00007fff51fe9378,  free space=8172k
Native frames: (J=compiled Java code, j=interpreted, Vv=VM code, C=native code)
C  [libobjc.A.dylib+0x14dd]  objc_msgSend+0x1d
j  jogamp.nativewindow.jawt.macosx.MacOSXJAWTWindow.UnsetJAWTRootSurfaceLayer0(JJ)V+0
j  jogamp.nativewindow.jawt.macosx.MacOSXJAWTWindow.access$200(JJ)V+2
j  jogamp.nativewindow.jawt.macosx.MacOSXJAWTWindow$1.run()V+38
J 2394 C1 com.jogamp.common.util.RunnableTask.run()V (345 bytes) @ 0x0000000110043054 [0x0000000110042ec0+0x194]
v  ~StubRoutines::call_stub
V  [libjvm.dylib+0x2eae7a]
V  [libjvm.dylib+0x321f83]
V  [libjvm.dylib+0x314757]
C  [libnativewindow_macosx.jnilib+0x5326]  Java_jogamp_nativewindow_jawt_macosx_MacOSXJAWTWindow_UnsetJAWTRootSurfaceLayer0+0x2b6
C  [Foundation+0x8dd4b]  __NSThreadPerformPerform+0x117
C  [CoreFoundation+0x7e5c1]  __CFRUNLOOP_IS_CALLING_OUT_TO_A_SOURCE0_PERFORM_FUNCTION__+0x11
C  [CoreFoundation+0x70397]  __CFRunLoopDoSources0+0x1a7
C  [CoreFoundation+0x6f93f]  __CFRunLoopRun+0x39f
C  [CoreFoundation+0x6f338]  CFRunLoopRunSpecific+0x128
C  [HIToolbox+0x30935]  RunCurrentEventLoopInMode+0xeb
C  [HIToolbox+0x30677]  ReceiveNextEventCommon+0xb8
C  [HIToolbox+0x305af]  _BlockUntilNextEventMatchingListInModeWithFilter+0x47
C  [AppKit+0x8a0ee]  _DPSNextEvent+0x42b
C  [AppKit+0x456943]  -[NSApplication _nextEventMatchingEventMask:untilDate:inMode:dequeue:]+0x1c6
C  [libosxapp.dylib+0x23aa]  -[NSApplicationAWT nextEventMatchingMask:untilDate:inMode:dequeue:]+0x7c
C  [AppKit+0x7ffc8]  -[NSApplication run]+0x2aa
C  [libosxapp.dylib+0x214d]  +[NSApplicationAWT runAWTLoopWithApp:]+0x9c
C  [libawt_lwawt.dylib+0x4455b]  -[AWTStarter starter:]+0x389
C  [Foundation+0x8dd4b]  __NSThreadPerformPerform+0x117
C  [CoreFoundation+0x7e5c1]  __CFRUNLOOP_IS_CALLING_OUT_TO_A_SOURCE0_PERFORM_FUNCTION__+0x11
C  [CoreFoundation+0x7041c]  __CFRunLoopDoSources0+0x22c
C  [CoreFoundation+0x6f93f]  __CFRunLoopRun+0x39f
C  [CoreFoundation+0x6f338]  CFRunLoopRunSpecific+0x128
C  [java+0x6463]  CreateExecutionEnvironment+0x367
C  [java+0x21ac]  JLI_Launch+0x7a0
C  [java+0x84c0]  main+0x65
C  [java+0x1a04]  start+0x34
C  0x0000000000000007

Java frames: (J=compiled Java code, j=interpreted, Vv=VM code)
j  jogamp.nativewindow.jawt.macosx.MacOSXJAWTWindow.UnsetJAWTRootSurfaceLayer0(JJ)V+0
j  jogamp.nativewindow.jawt.macosx.MacOSXJAWTWindow.access$200(JJ)V+2
j  jogamp.nativewindow.jawt.macosx.MacOSXJAWTWindow$1.run()V+38
J 2394 C1 com.jogamp.common.util.RunnableTask.run()V (345 bytes) @ 0x0000000110043054 [0x0000000110042ec0+0x194]
v  ~StubRoutines::call_stub

---------------  P R O C E S S  ---------------

Java Threads: ( => current thread )
  0x00007fe4e163c800 JavaThread "Thread-19" [_thread_blocked, id=63515, stack(0x0000700001a71000,0x0000700001b71000)]
  0x00007fe4e1488000 JavaThread "Image Fetcher 2" daemon [_thread_blocked, id=64055, stack(0x0000700002186000,0x0000700002286000)]
  0x00007fe4e6c8d800 JavaThread "Image Fetcher 1" daemon [_thread_blocked, id=67107, stack(0x0000700002083000,0x0000700002183000)]
  0x00007fe4e6a7c800 JavaThread "Image Fetcher 0" daemon [_thread_blocked, id=66563, stack(0x0000700001f80000,0x0000700002080000)]
  0x00007fe4e6a7b800 JavaThread "Keep-Alive-Timer" daemon [_thread_blocked, id=66311, stack(0x0000700001e7d000,0x0000700001f7d000)]
  0x00007fe4e1958000 JavaThread "Animation Thread" [_thread_blocked, id=59447, stack(0x00007000017e8000,0x00007000018e8000)]
  0x00007fe4e18a8800 JavaThread "AWT-EventQueue-1" [_thread_in_native, id=59931, stack(0x00007000018eb000,0x00007000019eb000)]
  0x00007fe4e12e0800 JavaThread "DestroyJavaVM" [_thread_blocked, id=5891, stack(0x000070000011a000,0x000070000021a000)]
  0x00007fe4e116d000 JavaThread "AWT-EventQueue-0" [_thread_blocked, id=56835, stack(0x00007000016e5000,0x00007000017e5000)]
  0x00007fe4e1908000 JavaThread "Java2D Disposer" daemon [_thread_blocked, id=53507, stack(0x000070000145c000,0x000070000155c000)]
  0x00007fe4e2123800 JavaThread "Java2D Queue Flusher" daemon [_thread_blocked, id=50439, stack(0x0000700001359000,0x0000700001459000)]
  0x00007fe4e2113000 JavaThread "AWT-Shutdown" [_thread_blocked, id=24111, stack(0x00007000011d3000,0x00007000012d3000)]
=>0x00007fe4e2971800 JavaThread "AWT-AppKit" daemon [_thread_in_native, id=2571, stack(0x00007fff517ee000,0x00007fff51fee000)]
  0x00007fe4e1823800 JavaThread "Service Thread" daemon [_thread_blocked, id=18435, stack(0x0000700000dc1000,0x0000700000ec1000)]
  0x00007fe4e1818000 JavaThread "C1 CompilerThread2" daemon [_thread_blocked, id=17923, stack(0x0000700000cbe000,0x0000700000dbe000)]
  0x00007fe4e1817800 JavaThread "C2 CompilerThread1" daemon [_thread_blocked, id=17411, stack(0x0000700000bbb000,0x0000700000cbb000)]
  0x00007fe4e1816000 JavaThread "C2 CompilerThread0" daemon [_thread_blocked, id=16899, stack(0x0000700000ab8000,0x0000700000bb8000)]
  0x00007fe4e1822800 JavaThread "Signal Dispatcher" daemon [_thread_blocked, id=12815, stack(0x00007000009b5000,0x0000700000ab5000)]
  0x00007fe4e2062000 JavaThread "Finalizer" daemon [_thread_blocked, id=12291, stack(0x000070000082f000,0x000070000092f000)]
  0x00007fe4e2061800 JavaThread "Reference Handler" daemon [_thread_blocked, id=11779, stack(0x000070000072c000,0x000070000082c000)]

Other Threads:
  0x00007fe4e205f000 VMThread [stack: 0x0000700000629000,0x0000700000729000] [id=11267]
  0x00007fe4e181b000 WatcherThread [stack: 0x0000700000ec4000,0x0000700000fc4000] [id=18947]

VM state:not at safepoint (normal execution)

VM Mutex/Monitor currently owned by a thread: None

Heap:
 PSYoungGen      total 38400K, used 20990K [0x0000000795580000, 0x0000000798000000, 0x00000007c0000000)
  eden space 33280K, 47% used [0x0000000795580000,0x0000000796504598,0x0000000797600000)
  from space 5120K, 99% used [0x0000000797600000,0x0000000797afb460,0x0000000797b00000)
  to   space 5120K, 0% used [0x0000000797b00000,0x0000000797b00000,0x0000000798000000)
 ParOldGen       total 87552K, used 11730K [0x0000000740000000, 0x0000000745580000, 0x0000000795580000)
  object space 87552K, 13% used [0x0000000740000000,0x0000000740b749d0,0x0000000745580000)
 Metaspace       used 20759K, capacity 20961K, committed 21120K, reserved 1069056K
  class space    used 2044K, capacity 2114K, committed 2176K, reserved 1048576K

Card table byte_map: [0x000000011ebc0000,0x000000011efc1000] byte_map_base: 0x000000011b1c0000

Marking Bits: (ParMarkBitMap*) 0x000000010e771ea0
 Begin Bits: [0x000000011f26c000, 0x000000012126c000)
 End Bits:   [0x000000012126c000, 0x000000012326c000)

Polling page: 0x000000010ee62000

CodeCache: size=245760Kb used=8951Kb max_used=8951Kb free=236808Kb
 bounds [0x000000010f800000, 0x00000001100d0000, 0x000000011e800000]
 total_blobs=3415 nmethods=2526 adapters=802
 compilation: enabled

Compilation events (10 events):
Event: 8.044 Thread 0x00007fe4e1818000 nmethod 2531 0x00000001100bb990 code [0x00000001100bbb40, 0x00000001100bc248]
Event: 8.047 Thread 0x00007fe4e1817800 nmethod 2533 0x00000001100b8c50 code [0x00000001100b8dc0, 0x00000001100b9118]
Event: 8.057 Thread 0x00007fe4e1818000 2534       3       sun.awt.AWTAutoShutdown::notifyToolkitThreadFree (8 bytes)
Event: 8.057 Thread 0x00007fe4e1818000 nmethod 2534 0x00000001100c1590 code [0x00000001100c1700, 0x00000001100c18c8]
Event: 8.058 Thread 0x00007fe4e1818000 2535       3       sun.awt.AWTAutoShutdown::notifyToolkitThreadBusy (8 bytes)
Event: 8.059 Thread 0x00007fe4e1818000 nmethod 2535 0x00000001100c1190 code [0x00000001100c1300, 0x00000001100c14c8]
Event: 8.062 Thread 0x00007fe4e1818000 2536   !   3       sun.misc.URLClassPath$JarLoader::getResource (349 bytes)
Event: 8.069 Thread 0x00007fe4e1818000 nmethod 2536 0x00000001100c1990 code [0x00000001100c1e00, 0x00000001100c4358]
Event: 8.080 Thread 0x00007fe4e1818000 2537       1       sun.java2d.SurfaceData::isValid (5 bytes)
Event: 8.080 Thread 0x00007fe4e1818000 nmethod 2537 0x00000001100a5e90 code [0x00000001100a5fe0, 0x00000001100a60f0]

GC Heap History (6 events):
Event: 2.029 GC heap before
{Heap before GC invocations=1 (full 0):
 PSYoungGen      total 38400K, used 33280K [0x0000000795580000, 0x0000000798000000, 0x00000007c0000000)
  eden space 33280K, 100% used [0x0000000795580000,0x0000000797600000,0x0000000797600000)
  from space 5120K, 0% used [0x0000000797b00000,0x0000000797b00000,0x0000000798000000)
  to   space 5120K, 0% used [0x0000000797600000,0x0000000797600000,0x0000000797b00000)
 ParOldGen       total 87552K, used 0K [0x0000000740000000, 0x0000000745580000, 0x0000000795580000)
  object space 87552K, 0% used [0x0000000740000000,0x0000000740000000,0x0000000745580000)
 Metaspace       used 15813K, capacity 16031K, committed 16384K, reserved 1064960K
  class space    used 1604K, capacity 1693K, committed 1792K, reserved 1048576K
Event: 2.036 GC heap after
Heap after GC invocations=1 (full 0):
 PSYoungGen      total 38400K, used 4949K [0x0000000795580000, 0x0000000798000000, 0x00000007c0000000)
  eden space 33280K, 0% used [0x0000000795580000,0x0000000795580000,0x0000000797600000)
  from space 5120K, 96% used [0x0000000797600000,0x0000000797ad5710,0x0000000797b00000)
  to   space 5120K, 0% used [0x0000000797b00000,0x0000000797b00000,0x0000000798000000)
 ParOldGen       total 87552K, used 8K [0x0000000740000000, 0x0000000745580000, 0x0000000795580000)
  object space 87552K, 0% used [0x0000000740000000,0x0000000740002000,0x0000000745580000)
 Metaspace       used 15813K, capacity 16031K, committed 16384K, reserved 1064960K
  class space    used 1604K, capacity 1693K, committed 1792K, reserved 1048576K
}
Event: 2.946 GC heap before
{Heap before GC invocations=2 (full 0):
 PSYoungGen      total 38400K, used 38229K [0x0000000795580000, 0x0000000798000000, 0x00000007c0000000)
  eden space 33280K, 100% used [0x0000000795580000,0x0000000797600000,0x0000000797600000)
  from space 5120K, 96% used [0x0000000797600000,0x0000000797ad5710,0x0000000797b00000)
  to   space 5120K, 0% used [0x0000000797b00000,0x0000000797b00000,0x0000000798000000)
 ParOldGen       total 87552K, used 8K [0x0000000740000000, 0x0000000745580000, 0x0000000795580000)
  object space 87552K, 0% used [0x0000000740000000,0x0000000740002000,0x0000000745580000)
 Metaspace       used 19265K, capacity 19441K, committed 19712K, reserved 1067008K
  class space    used 1959K, capacity 2016K, committed 2048K, reserved 1048576K
Event: 2.962 GC heap after
Heap after GC invocations=2 (full 0):
 PSYoungGen      total 38400K, used 5117K [0x0000000795580000, 0x0000000798000000, 0x00000007c0000000)
  eden space 33280K, 0% used [0x0000000795580000,0x0000000795580000,0x0000000797600000)
  from space 5120K, 99% used [0x0000000797b00000,0x0000000797fff450,0x0000000798000000)
  to   space 5120K, 0% used [0x0000000797600000,0x0000000797600000,0x0000000797b00000)
 ParOldGen       total 87552K, used 7599K [0x0000000740000000, 0x0000000745580000, 0x0000000795580000)
  object space 87552K, 8% used [0x0000000740000000,0x000000074076be50,0x0000000745580000)
 Metaspace       used 19265K, capacity 19441K, committed 19712K, reserved 1067008K
  class space    used 1959K, capacity 2016K, committed 2048K, reserved 1048576K
}
Event: 4.510 GC heap before
{Heap before GC invocations=3 (full 0):
 PSYoungGen      total 38400K, used 38397K [0x0000000795580000, 0x0000000798000000, 0x00000007c0000000)
  eden space 33280K, 100% used [0x0000000795580000,0x0000000797600000,0x0000000797600000)
  from space 5120K, 99% used [0x0000000797b00000,0x0000000797fff450,0x0000000798000000)
  to   space 5120K, 0% used [0x0000000797600000,0x0000000797600000,0x0000000797b00000)
 ParOldGen       total 87552K, used 7599K [0x0000000740000000, 0x0000000745580000, 0x0000000795580000)
  object space 87552K, 8% used [0x0000000740000000,0x000000074076be50,0x0000000745580000)
 Metaspace       used 20409K, capacity 20577K, committed 20864K, reserved 1069056K
  class space    used 2036K, capacity 2114K, committed 2176K, reserved 1048576K
Event: 4.520 GC heap after
Heap after GC invocations=3 (full 0):
 PSYoungGen      total 38400K, used 5101K [0x0000000795580000, 0x0000000798000000, 0x00000007c0000000)
  eden space 33280K, 0% used [0x0000000795580000,0x0000000795580000,0x0000000797600000)
  from space 5120K, 99% used [0x0000000797600000,0x0000000797afb460,0x0000000797b00000)
  to   space 5120K, 0% used [0x0000000797b00000,0x0000000797b00000,0x0000000798000000)
 ParOldGen       total 87552K, used 11730K [0x0000000740000000, 0x0000000745580000, 0x0000000795580000)
  object space 87552K, 13% used [0x0000000740000000,0x0000000740b749d0,0x0000000745580000)
 Metaspace       used 20409K, capacity 20577K, committed 20864K, reserved 1069056K
  class space    used 2036K, capacity 2114K, committed 2176K, reserved 1048576K
}

Deoptimization events (10 events):
Event: 1.810 Thread 0x00007fe4e1958000 Uncommon trap: reason=bimorphic action=maybe_recompile pc=0x000000010fa4ce78 method=java.util.HashMap.getNode(ILjava/lang/Object;)Ljava/util/HashMap$Node; @ 126
Event: 1.810 Thread 0x00007fe4e1958000 Uncommon trap: reason=bimorphic action=maybe_recompile pc=0x000000010fa4ce78 method=java.util.HashMap.getNode(ILjava/lang/Object;)Ljava/util/HashMap$Node; @ 126
Event: 2.564 Thread 0x00007fe4e18a8800 Uncommon trap: reason=unstable_if action=reinterpret pc=0x000000010f9a6f6c method=java.lang.AbstractStringBuilder.append(Ljava/lang/String;)Ljava/lang/AbstractStringBuilder; @ 1
Event: 2.732 Thread 0x00007fe4e18a8800 Uncommon trap: reason=unstable_if action=reinterpret pc=0x000000010fbcf0bc method=sun.misc.FloatingDecimal.readJavaFormatString(Ljava/lang/String;)Lsun/misc/FloatingDecimal$ASCIIToBinaryConverter; @ 445
Event: 3.669 Thread 0x00007fe4e2f43800 Uncommon trap: reason=unstable_if action=reinterpret pc=0x000000010fbb7044 method=java.lang.String.regionMatches(ZILjava/lang/String;II)Z @ 123
Event: 8.056 Thread 0x00007fe4e116d000 Uncommon trap: reason=unstable_if action=reinterpret pc=0x000000010fff37c4 method=java.awt.font.FontRenderContext.equals(Ljava/awt/font/FontRenderContext;)Z @ 2
Event: 8.057 Thread 0x00007fe4e116d000 Uncommon trap: reason=unstable_if action=reinterpret pc=0x000000010ffacfd4 method=java.awt.Font.equals(Ljava/lang/Object;)Z @ 2
Event: 8.058 Thread 0x00007fe4e2a17000 Uncommon trap: reason=unstable_if action=reinterpret pc=0x000000010ff1728c method=java.util.HashMap.putVal(ILjava/lang/Object;Ljava/lang/Object;ZZ)Ljava/lang/Object; @ 81
Event: 8.060 Thread 0x00007fe4e116d000 Uncommon trap: reason=unstable_if action=reinterpret pc=0x000000010ffe49b8 method=java.awt.font.FontRenderContext.equals(Ljava/awt/font/FontRenderContext;)Z @ 2
Event: 8.080 Thread 0x00007fe4e163c800 Uncommon trap: reason=predicate action=maybe_recompile pc=0x000000010ffb5440 method=java.util.Vector.indexOf(Ljava/lang/Object;I)I @ 44

Internal exceptions (10 events):
Event: 0.148 Thread 0x00007fe4e2000000 Exception <a 'java/lang/NoSuchFieldError': method resolution failed> (0x0000000795879e28) thrown at [/HUDSON3/workspace/8-2-build-macosx-x86_64/jdk8u73/6086/hotspot/src/share/vm/prims/methodHandles.cpp, line 1146]
Event: 0.150 Thread 0x00007fe4e2000000 Exception <a 'java/lang/NoSuchFieldError': method resolution failed> (0x00000007958875f8) thrown at [/HUDSON3/workspace/8-2-build-macosx-x86_64/jdk8u73/6086/hotspot/src/share/vm/prims/methodHandles.cpp, line 1146]
Event: 0.338 Thread 0x00007fe4e2000000 Exception <a 'java/io/FileNotFoundException'> (0x0000000795903400) thrown at [/HUDSON3/workspace/8-2-build-macosx-x86_64/jdk8u73/6086/hotspot/src/share/vm/prims/jni.cpp, line 709]
Event: 0.338 Thread 0x00007fe4e2000000 Exception <a 'java/io/FileNotFoundException'> (0x0000000795903f68) thrown at [/HUDSON3/workspace/8-2-build-macosx-x86_64/jdk8u73/6086/hotspot/src/share/vm/prims/jni.cpp, line 709]
Event: 0.457 Thread 0x00007fe4e2000000 Exception <a 'java/io/FileNotFoundException'> (0x0000000795ae9658) thrown at [/HUDSON3/workspace/8-2-build-macosx-x86_64/jdk8u73/6086/hotspot/src/share/vm/prims/jni.cpp, line 709]
Event: 1.826 Thread 0x00007fe4e1958000 Exception <a 'java/lang/UnsatisfiedLinkError': com.jogamp.common.util.JarUtil.fixNativeLibAttribs(Ljava/lang/String;)Z> (0x0000000796d000c8) thrown at [/HUDSON3/workspace/8-2-build-macosx-x86_64/jdk8u73/6086/hotspot/src/share/vm/prims/nativeLookup.cpp, li
Event: 2.038 Thread 0x00007fe4e2062000 Exception <a 'java/lang/NullPointerException'> (0x00000007956a3d88) thrown at [/HUDSON3/workspace/8-2-build-macosx-x86_64/jdk8u73/6086/hotspot/src/share/vm/interpreter/linkResolver.cpp, line 1178]
Event: 2.564 Thread 0x00007fe4e18a8800 Exception <a 'java/io/FileNotFoundException'> (0x000000079612d520) thrown at [/HUDSON3/workspace/8-2-build-macosx-x86_64/jdk8u73/6086/hotspot/src/share/vm/prims/jni.cpp, line 709]
Event: 2.564 Thread 0x00007fe4e18a8800 Exception <a 'java/io/FileNotFoundException'> (0x0000000796134ae0) thrown at [/HUDSON3/workspace/8-2-build-macosx-x86_64/jdk8u73/6086/hotspot/src/share/vm/prims/jni.cpp, line 709]
Event: 2.564 Thread 0x00007fe4e18a8800 Implicit null exception at 0x000000010f9a6bf5 to 0x000000010f9a6f59

Events (10 events):
Event: 8.079 loading class java/awt/event/AWTEventListenerProxy
Event: 8.079 loading class java/awt/event/AWTEventListenerProxy done
Event: 8.079 loading class java/awt/Toolkit$ToolkitEventMulticaster
Event: 8.079 loading class java/awt/Toolkit$ToolkitEventMulticaster done
Event: 8.079 Thread 0x00007fe4e2a17000 Thread exited: 0x00007fe4e2a17000
Event: 8.080 Thread 0x00007fe4e163c800 Uncommon trap: trap_request=0xffffff86 fr.pc=0x000000010ffb5440
Event: 8.080 Thread 0x00007fe4e163c800 DEOPT PACKING pc=0x000000010ffb5440 sp=0x0000700001b707f0
Event: 8.080 Thread 0x00007fe4e163c800 DEOPT UNPACKING pc=0x000000010f805229 sp=0x0000700001b707a0 mode 2
Event: 8.080 loading class java/awt/Window$1DisposeAction
Event: 8.080 loading class java/awt/Window$1DisposeAction done


Dynamic libraries:
0x000000000a236000 	/System/Library/Frameworks/Cocoa.framework/Versions/A/Cocoa
0x000000000a236000 	/System/Library/Frameworks/Security.framework/Versions/A/Security
0x000000000a236000 	/System/Library/Frameworks/ApplicationServices.framework/Versions/A/ApplicationServices
0x000000000a236000 	/usr/lib/libz.1.dylib
0x000000000a236000 	/usr/lib/libSystem.B.dylib
0x000000000a236000 	/usr/lib/libobjc.A.dylib
0x000000000a236000 	/System/Library/Frameworks/CoreFoundation.framework/Versions/A/CoreFoundation
0x000000000a236000 	/System/Library/Frameworks/Foundation.framework/Versions/C/Foundation
0x000000000a236000 	/System/Library/Frameworks/AppKit.framework/Versions/C/AppKit
0x000000000a236000 	/System/Library/Frameworks/CoreData.framework/Versions/A/CoreData
0x000000000a236000 	/System/Library/PrivateFrameworks/RemoteViewServices.framework/Versions/A/RemoteViewServices
0x000000000a236000 	/System/Library/PrivateFrameworks/UIFoundation.framework/Versions/A/UIFoundation
0x000000000a236000 	/usr/lib/libScreenReader.dylib
0x000000000a236000 	/System/Library/Frameworks/Accelerate.framework/Versions/A/Accelerate
0x000000000a236000 	/System/Library/Frameworks/IOSurface.framework/Versions/A/IOSurface
0x000000000a236000 	/System/Library/Frameworks/AudioToolbox.framework/Versions/A/AudioToolbox
0x000000000a236000 	/System/Library/Frameworks/AudioUnit.framework/Versions/A/AudioUnit
0x000000000a236000 	/System/Library/PrivateFrameworks/DataDetectorsCore.framework/Versions/A/DataDetectorsCore
0x000000000a236000 	/System/Library/PrivateFrameworks/DesktopServicesPriv.framework/Versions/A/DesktopServicesPriv
0x000000000a236000 	/System/Library/Frameworks/Carbon.framework/Versions/A/Frameworks/HIToolbox.framework/Versions/A/HIToolbox
0x000000000a236000 	/System/Library/Frameworks/QuartzCore.framework/Versions/A/QuartzCore
0x000000000a236000 	/System/Library/Frameworks/Carbon.framework/Versions/A/Frameworks/SpeechRecognition.framework/Versions/A/SpeechRecognition
0x000000000a236000 	/usr/lib/libauto.dylib
0x000000000a236000 	/usr/lib/libicucore.A.dylib
0x000000000a236000 	/usr/lib/libxml2.2.dylib
0x000000000a236000 	/System/Library/PrivateFrameworks/CoreUI.framework/Versions/A/CoreUI
0x000000000a236000 	/System/Library/Frameworks/CoreAudio.framework/Versions/A/CoreAudio
0x000000000a236000 	/System/Library/Frameworks/DiskArbitration.framework/Versions/A/DiskArbitration
0x000000000a236000 	/usr/lib/liblangid.dylib
0x000000000a236000 	/System/Library/PrivateFrameworks/MultitouchSupport.framework/Versions/A/MultitouchSupport
0x000000000a236000 	/System/Library/Frameworks/IOKit.framework/Versions/A/IOKit
0x000000000a236000 	/usr/lib/libDiagnosticMessagesClient.dylib
0x000000000a236000 	/System/Library/Frameworks/CoreServices.framework/Versions/A/CoreServices
0x000000000a236000 	/System/Library/PrivateFrameworks/PerformanceAnalysis.framework/Versions/A/PerformanceAnalysis
0x000000000a236000 	/System/Library/PrivateFrameworks/GenerationalStorage.framework/Versions/A/GenerationalStorage
0x000000000a236000 	/System/Library/Frameworks/OpenGL.framework/Versions/A/OpenGL
0x000000000a236000 	/System/Library/PrivateFrameworks/Sharing.framework/Versions/A/Sharing
0x000000000a236000 	/System/Library/Frameworks/CoreGraphics.framework/Versions/A/CoreGraphics
0x000000000a236000 	/System/Library/Frameworks/CoreImage.framework/Versions/A/CoreImage
0x000000000a236000 	/System/Library/Frameworks/CoreText.framework/Versions/A/CoreText
0x000000000a236000 	/System/Library/Frameworks/ImageIO.framework/Versions/A/ImageIO
0x000000000a236000 	/System/Library/PrivateFrameworks/Backup.framework/Versions/A/Backup
0x000000000a236000 	/usr/lib/libextension.dylib
0x000000000a236000 	/usr/lib/libarchive.2.dylib
0x000000000a236000 	/System/Library/Frameworks/CFNetwork.framework/Versions/A/CFNetwork
0x000000000a236000 	/System/Library/Frameworks/SystemConfiguration.framework/Versions/A/SystemConfiguration
0x000000000a236000 	/usr/lib/libCRFSuite.dylib
0x000000000a236000 	/usr/lib/libc++.1.dylib
0x000000000a236000 	/usr/lib/libc++abi.dylib
0x000000000a236000 	/usr/lib/system/libcache.dylib
0x000000000a236000 	/usr/lib/system/libcommonCrypto.dylib
0x000000000a236000 	/usr/lib/system/libcompiler_rt.dylib
0x000000000a236000 	/usr/lib/system/libcopyfile.dylib
0x000000000a236000 	/usr/lib/system/libcorecrypto.dylib
0x000000000a236000 	/usr/lib/system/libdispatch.dylib
0x000000000a236000 	/usr/lib/system/libdyld.dylib
0x000000000a236000 	/usr/lib/system/libkeymgr.dylib
0x000000000a236000 	/usr/lib/system/liblaunch.dylib
0x000000000a236000 	/usr/lib/system/libmacho.dylib
0x000000000a236000 	/usr/lib/system/libquarantine.dylib
0x000000000a236000 	/usr/lib/system/libremovefile.dylib
0x000000000a236000 	/usr/lib/system/libsystem_asl.dylib
0x000000000a236000 	/usr/lib/system/libsystem_blocks.dylib
0x000000000a236000 	/usr/lib/system/libsystem_c.dylib
0x000000000a236000 	/usr/lib/system/libsystem_configuration.dylib
0x000000000a236000 	/usr/lib/system/libsystem_coreservices.dylib
0x000000000a236000 	/usr/lib/system/libsystem_coretls.dylib
0x000000000a236000 	/usr/lib/system/libsystem_dnssd.dylib
0x000000000a236000 	/usr/lib/system/libsystem_info.dylib
0x000000000a236000 	/usr/lib/system/libsystem_kernel.dylib
0x000000000a236000 	/usr/lib/system/libsystem_m.dylib
0x000000000a236000 	/usr/lib/system/libsystem_malloc.dylib
0x000000000a236000 	/usr/lib/system/libsystem_network.dylib
0x000000000a236000 	/usr/lib/system/libsystem_networkextension.dylib
0x000000000a236000 	/usr/lib/system/libsystem_notify.dylib
0x000000000a236000 	/usr/lib/system/libsystem_platform.dylib
0x000000000a236000 	/usr/lib/system/libsystem_pthread.dylib
0x000000000a236000 	/usr/lib/system/libsystem_sandbox.dylib
0x000000000a236000 	/usr/lib/system/libsystem_secinit.dylib
0x000000000a236000 	/usr/lib/system/libsystem_trace.dylib
0x000000000a236000 	/usr/lib/system/libunc.dylib
0x000000000a236000 	/usr/lib/system/libunwind.dylib
0x000000000a236000 	/usr/lib/system/libxpc.dylib
0x000000000a236000 	/usr/lib/libenergytrace.dylib
0x000000000a236000 	/usr/lib/libbsm.0.dylib
0x000000000a236000 	/usr/lib/system/libkxld.dylib
0x000000000a236000 	/usr/lib/libxar.1.dylib
0x000000000a236000 	/usr/lib/libsqlite3.dylib
0x000000000a236000 	/usr/lib/libpam.2.dylib
0x000000000a236000 	/usr/lib/libOpenScriptingUtil.dylib
0x000000000a236000 	/usr/lib/libbz2.1.0.dylib
0x000000000a236000 	/usr/lib/liblzma.5.dylib
0x000000000a236000 	/System/Library/Frameworks/CoreServices.framework/Versions/A/Frameworks/FSEvents.framework/Versions/A/FSEvents
0x000000000a236000 	/System/Library/Frameworks/CoreServices.framework/Versions/A/Frameworks/CarbonCore.framework/Versions/A/CarbonCore
0x000000000a236000 	/System/Library/Frameworks/CoreServices.framework/Versions/A/Frameworks/Metadata.framework/Versions/A/Metadata
0x000000000a236000 	/System/Library/Frameworks/CoreServices.framework/Versions/A/Frameworks/OSServices.framework/Versions/A/OSServices
0x000000000a236000 	/System/Library/Frameworks/CoreServices.framework/Versions/A/Frameworks/SearchKit.framework/Versions/A/SearchKit
0x000000000a236000 	/System/Library/Frameworks/CoreServices.framework/Versions/A/Frameworks/AE.framework/Versions/A/AE
0x000000000a236000 	/System/Library/Frameworks/CoreServices.framework/Versions/A/Frameworks/LaunchServices.framework/Versions/A/LaunchServices
0x000000000a236000 	/System/Library/Frameworks/CoreServices.framework/Versions/A/Frameworks/DictionaryServices.framework/Versions/A/DictionaryServices
0x000000000a236000 	/System/Library/Frameworks/CoreServices.framework/Versions/A/Frameworks/SharedFileList.framework/Versions/A/SharedFileList
0x000000000a236000 	/System/Library/Frameworks/NetFS.framework/Versions/A/NetFS
0x000000000a236000 	/System/Library/PrivateFrameworks/NetAuth.framework/Versions/A/NetAuth
0x000000000a236000 	/System/Library/PrivateFrameworks/login.framework/Versions/A/Frameworks/loginsupport.framework/Versions/A/loginsupport
0x000000000a236000 	/System/Library/PrivateFrameworks/TCC.framework/Versions/A/TCC
0x000000000a236000 	/usr/lib/libmecabra.dylib
0x000000000a236000 	/System/Library/Frameworks/ApplicationServices.framework/Versions/A/Frameworks/ATS.framework/Versions/A/ATS
0x000000000a236000 	/System/Library/Frameworks/ApplicationServices.framework/Versions/A/Frameworks/ColorSync.framework/Versions/A/ColorSync
0x000000000a236000 	/System/Library/Frameworks/ApplicationServices.framework/Versions/A/Frameworks/HIServices.framework/Versions/A/HIServices
0x000000000a236000 	/System/Library/Frameworks/ApplicationServices.framework/Versions/A/Frameworks/LangAnalysis.framework/Versions/A/LangAnalysis
0x000000000a236000 	/System/Library/Frameworks/ApplicationServices.framework/Versions/A/Frameworks/PrintCore.framework/Versions/A/PrintCore
0x000000000a236000 	/System/Library/Frameworks/ApplicationServices.framework/Versions/A/Frameworks/QD.framework/Versions/A/QD
0x000000000a236000 	/System/Library/Frameworks/ApplicationServices.framework/Versions/A/Frameworks/SpeechSynthesis.framework/Versions/A/SpeechSynthesis
0x000000000a236000 	/System/Library/Frameworks/Metal.framework/Versions/A/Metal
0x000000000a236000 	/System/Library/Frameworks/Accelerate.framework/Versions/A/Frameworks/vImage.framework/Versions/A/vImage
0x000000000a236000 	/System/Library/Frameworks/Accelerate.framework/Versions/A/Frameworks/vecLib.framework/Versions/A/vecLib
0x000000000a236000 	/System/Library/Frameworks/Accelerate.framework/Versions/A/Frameworks/vecLib.framework/Versions/A/libvDSP.dylib
0x000000000a236000 	/System/Library/Frameworks/Accelerate.framework/Versions/A/Frameworks/vecLib.framework/Versions/A/libvMisc.dylib
0x000000000a236000 	/System/Library/Frameworks/Accelerate.framework/Versions/A/Frameworks/vecLib.framework/Versions/A/libLAPACK.dylib
0x000000000a236000 	/System/Library/Frameworks/Accelerate.framework/Versions/A/Frameworks/vecLib.framework/Versions/A/libBLAS.dylib
0x000000000a236000 	/System/Library/Frameworks/Accelerate.framework/Versions/A/Frameworks/vecLib.framework/Versions/A/libLinearAlgebra.dylib
0x000000000a236000 	/System/Library/Frameworks/Accelerate.framework/Versions/A/Frameworks/vecLib.framework/Versions/A/libSparseBLAS.dylib
0x000000000a236000 	/System/Library/PrivateFrameworks/GPUCompiler.framework/libmetal_timestamp.dylib
0x000000000a236000 	/System/Library/Frameworks/OpenGL.framework/Versions/A/Libraries/libCoreFSCache.dylib
0x000000000a236000 	/System/Library/PrivateFrameworks/IOAccelerator.framework/Versions/A/IOAccelerator
0x000000000a236000 	/System/Library/Frameworks/ApplicationServices.framework/Versions/A/Frameworks/ATS.framework/Versions/A/Resources/libFontParser.dylib
0x000000000a236000 	/System/Library/Frameworks/ApplicationServices.framework/Versions/A/Frameworks/ATS.framework/Versions/A/Resources/libFontRegistry.dylib
0x000000000a236000 	/System/Library/PrivateFrameworks/AppleVPA.framework/Versions/A/AppleVPA
0x000000000a236000 	/System/Library/PrivateFrameworks/AppleJPEG.framework/Versions/A/AppleJPEG
0x000000000a236000 	/System/Library/Frameworks/ImageIO.framework/Versions/A/Resources/libJPEG.dylib
0x000000000a236000 	/System/Library/Frameworks/ImageIO.framework/Versions/A/Resources/libTIFF.dylib
0x000000000a236000 	/System/Library/Frameworks/ImageIO.framework/Versions/A/Resources/libPng.dylib
0x000000000a236000 	/System/Library/Frameworks/ImageIO.framework/Versions/A/Resources/libGIF.dylib
0x000000000a236000 	/System/Library/Frameworks/ImageIO.framework/Versions/A/Resources/libJP2.dylib
0x000000000a236000 	/System/Library/Frameworks/ImageIO.framework/Versions/A/Resources/libRadiance.dylib
0x000000000a236000 	/System/Library/Frameworks/CoreVideo.framework/Versions/A/CoreVideo
0x000000000a236000 	/System/Library/Frameworks/OpenGL.framework/Versions/A/Libraries/libGLU.dylib
0x000000000a236000 	/System/Library/Frameworks/OpenGL.framework/Versions/A/Libraries/libGFXShared.dylib
0x000000000a236000 	/System/Library/Frameworks/OpenGL.framework/Versions/A/Libraries/libGL.dylib
0x000000000a236000 	/System/Library/Frameworks/OpenGL.framework/Versions/A/Libraries/libGLImage.dylib
0x000000000a236000 	/System/Library/Frameworks/OpenGL.framework/Versions/A/Libraries/libCVMSPluginSupport.dylib
0x000000000a236000 	/System/Library/Frameworks/OpenGL.framework/Versions/A/Libraries/libCoreVMClient.dylib
0x000000000a236000 	/usr/lib/libcups.2.dylib
0x000000000a236000 	/System/Library/Frameworks/Kerberos.framework/Versions/A/Kerberos
0x000000000a236000 	/System/Library/Frameworks/GSS.framework/Versions/A/GSS
0x000000000a236000 	/usr/lib/libresolv.9.dylib
0x000000000a236000 	/usr/lib/libiconv.2.dylib
0x000000000a236000 	/System/Library/PrivateFrameworks/Heimdal.framework/Versions/A/Heimdal
0x000000000a236000 	/usr/lib/libheimdal-asn1.dylib
0x000000000a236000 	/System/Library/Frameworks/OpenDirectory.framework/Versions/A/OpenDirectory
0x000000000a236000 	/System/Library/PrivateFrameworks/CommonAuth.framework/Versions/A/CommonAuth
0x000000000a236000 	/System/Library/Frameworks/OpenDirectory.framework/Versions/A/Frameworks/CFOpenDirectory.framework/Versions/A/CFOpenDirectory
0x000000000a236000 	/System/Library/Frameworks/SecurityFoundation.framework/Versions/A/SecurityFoundation
0x000000000a236000 	/System/Library/PrivateFrameworks/LanguageModeling.framework/Versions/A/LanguageModeling
0x000000000a236000 	/usr/lib/libmarisa.dylib
0x000000000a236000 	/usr/lib/libChineseTokenizer.dylib
0x000000000a236000 	/usr/lib/libcmph.dylib
0x000000000a236000 	/usr/lib/libcompression.dylib
0x000000000a236000 	/System/Library/Frameworks/ServiceManagement.framework/Versions/A/ServiceManagement
0x000000000a236000 	/usr/lib/libxslt.1.dylib
0x000000000a236000 	/System/Library/Frameworks/Carbon.framework/Versions/A/Frameworks/Ink.framework/Versions/A/Ink
0x000000000a236000 	/usr/lib/libFosl_dynamic.dylib
0x000000000a236000 	/System/Library/PrivateFrameworks/FaceCore.framework/Versions/A/FaceCore
0x000000000a236000 	/System/Library/Frameworks/OpenCL.framework/Versions/A/OpenCL
0x000000000a236000 	/System/Library/PrivateFrameworks/CrashReporterSupport.framework/Versions/A/CrashReporterSupport
0x000000000a236000 	/System/Library/PrivateFrameworks/IconServices.framework/Versions/A/IconServices
0x000000000a236000 	/System/Library/PrivateFrameworks/Apple80211.framework/Versions/A/Apple80211
0x000000000a236000 	/System/Library/Frameworks/CoreWLAN.framework/Versions/A/CoreWLAN
0x000000000a236000 	/System/Library/Frameworks/IOBluetooth.framework/Versions/A/IOBluetooth
0x000000000a236000 	/System/Library/PrivateFrameworks/CoreWiFi.framework/Versions/A/CoreWiFi
0x000000000a236000 	/System/Library/Frameworks/CoreBluetooth.framework/Versions/A/CoreBluetooth
0x000000000a236000 	/System/Library/PrivateFrameworks/ChunkingLibrary.framework/Versions/A/ChunkingLibrary
0x000000000a236000 	/System/Library/PrivateFrameworks/DebugSymbols.framework/Versions/A/DebugSymbols
0x000000000a236000 	/System/Library/PrivateFrameworks/CoreSymbolication.framework/Versions/A/CoreSymbolication
0x000000000a236000 	/System/Library/PrivateFrameworks/Symbolication.framework/Versions/A/Symbolication
0x000000000a236000 	/System/Library/PrivateFrameworks/SpeechRecognitionCore.framework/Versions/A/SpeechRecognitionCore
0x000000010de8e000 	/Library/Java/JavaVirtualMachines/jdk1.8.0_73.jdk/Contents/Home/jre/lib/server/libjvm.dylib
0x000000000a236000 	/usr/lib/libstdc++.6.dylib
0x000000010ee1f000 	/Library/Java/JavaVirtualMachines/jdk1.8.0_73.jdk/Contents/Home/jre/lib/libverify.dylib
0x000000010ee2d000 	/Library/Java/JavaVirtualMachines/jdk1.8.0_73.jdk/Contents/Home/jre/lib/libjava.dylib
0x000000010ee6c000 	/Library/Java/JavaVirtualMachines/jdk1.8.0_73.jdk/Contents/Home/jre/lib/libzip.dylib
0x0000000124ff0000 	/System/Library/Frameworks/JavaVM.framework/Frameworks/JavaRuntimeSupport.framework/JavaRuntimeSupport
0x000000010efe8000 	/System/Library/Frameworks/JavaVM.framework/Versions/A/Frameworks/JavaNativeFoundation.framework/Versions/A/JavaNativeFoundation
0x000000012500b000 	/System/Library/Frameworks/JavaVM.framework/Versions/A/JavaVM
0x000000000a236000 	/System/Library/Frameworks/Carbon.framework/Versions/A/Carbon
0x0000000125018000 	/System/Library/PrivateFrameworks/JavaLaunching.framework/Versions/A/JavaLaunching
0x000000000a236000 	/System/Library/Frameworks/Carbon.framework/Versions/A/Frameworks/CommonPanels.framework/Versions/A/CommonPanels
0x000000000a236000 	/System/Library/Frameworks/Carbon.framework/Versions/A/Frameworks/Help.framework/Versions/A/Help
0x000000000a236000 	/System/Library/Frameworks/Carbon.framework/Versions/A/Frameworks/ImageCapture.framework/Versions/A/ImageCapture
0x000000000a236000 	/System/Library/Frameworks/Carbon.framework/Versions/A/Frameworks/OpenScripting.framework/Versions/A/OpenScripting
0x000000000a236000 	/System/Library/Frameworks/Carbon.framework/Versions/A/Frameworks/Print.framework/Versions/A/Print
0x000000000a236000 	/System/Library/Frameworks/Carbon.framework/Versions/A/Frameworks/SecurityHI.framework/Versions/A/SecurityHI
0x0000000126972000 	/Library/Java/JavaVirtualMachines/jdk1.8.0_73.jdk/Contents/Home/jre/lib/libawt.dylib
0x0000000126a1a000 	/Library/Java/JavaVirtualMachines/jdk1.8.0_73.jdk/Contents/Home/jre/lib/./libmlib_image.dylib
0x0000000126ae6000 	/Library/Java/JavaVirtualMachines/jdk1.8.0_73.jdk/Contents/Home/jre/lib/libawt_lwawt.dylib
0x0000000126b9b000 	/Library/Java/JavaVirtualMachines/jdk1.8.0_73.jdk/Contents/Home/jre/lib/./libosxapp.dylib
0x000000000a236000 	/System/Library/Frameworks/ExceptionHandling.framework/Versions/A/ExceptionHandling
0x000000000a236000 	/System/Library/PrivateFrameworks/CoreServicesInternal.framework/Versions/A/CoreServicesInternal
0x000000000a236000 	/System/Library/Frameworks/CoreGraphics.framework/Versions/A/Resources/libRIP.A.dylib
0x000000000a236000 	/System/Library/Frameworks/Accelerate.framework/Versions/A/Frameworks/vImage.framework/Versions/A/Libraries/libCGInterfaces.dylib
0x000000000a236000 	/System/Library/Frameworks/CoreGraphics.framework/Versions/A/Resources/libCGXType.A.dylib
0x000000000a236000 	/System/Library/Frameworks/OpenCL.framework/Versions/A/Libraries/libcldcpuengine.dylib
0x000000000a236000 	/System/Library/PrivateFrameworks/DiskImages.framework/Versions/A/DiskImages
0x000000000a236000 	/System/Library/Frameworks/DiscRecording.framework/Versions/A/DiscRecording
0x000000000a236000 	/usr/lib/libcsfde.dylib
0x000000000a236000 	/usr/lib/libcurl.4.dylib
0x000000000a236000 	/System/Library/PrivateFrameworks/MediaKit.framework/Versions/A/MediaKit
0x000000000a236000 	/System/Library/PrivateFrameworks/ProtectedCloudStorage.framework/Versions/A/ProtectedCloudStorage
0x000000000a236000 	/usr/lib/libCoreStorage.dylib
0x000000000a236000 	/System/Library/PrivateFrameworks/EFILogin.framework/Versions/A/EFILogin
0x000000000a236000 	/usr/lib/libutil.dylib
0x000000000a236000 	/System/Library/PrivateFrameworks/FindMyDevice.framework/Versions/A/FindMyDevice
0x000000000a236000 	/System/Library/Frameworks/LDAP.framework/Versions/A/LDAP
0x000000000a236000 	/usr/lib/libsasl2.2.dylib
0x000000000a236000 	/System/Library/PrivateFrameworks/CoreDaemon.framework/Versions/B/CoreDaemon
0x000000000a236000 	/usr/lib/libcrypto.0.9.8.dylib
0x000000000a236000 	/System/Library/PrivateFrameworks/AppleSRP.framework/Versions/A/AppleSRP
0x000000000a236000 	/System/Library/PrivateFrameworks/TrustEvaluationAgent.framework/Versions/A/TrustEvaluationAgent
0x0000000128b39000 	cl_kernels
0x000000000a236000 	/System/Library/Frameworks/OpenCL.framework/Versions/A/Libraries/ImageFormats/unorm8_bgra.dylib
0x000000000a236000 	/System/Library/Frameworks/OpenCL.framework/Versions/A/Libraries/ImageFormats/unorm8_rgba.dylib
0x000000000a236000 	/System/Library/PrivateFrameworks/FamilyControls.framework/Versions/A/FamilyControls
0x000000000a236000 	/System/Library/PrivateFrameworks/CommerceKit.framework/Versions/A/Frameworks/CommerceCore.framework/Versions/A/CommerceCore
0x000000000a236000 	/System/Library/PrivateFrameworks/SystemAdministration.framework/Versions/A/SystemAdministration
0x000000000a236000 	/System/Library/PrivateFrameworks/AppContainer.framework/Versions/A/AppContainer
0x000000000a236000 	/System/Library/PrivateFrameworks/SecCodeWrapper.framework/Versions/A/SecCodeWrapper
0x000000000a236000 	/System/Library/Frameworks/DirectoryService.framework/Versions/A/DirectoryService
0x000000000a236000 	/System/Library/PrivateFrameworks/LoginUIKit.framework/Versions/A/Frameworks/LoginUICore.framework/Versions/A/LoginUICore
0x000000000a236000 	/usr/lib/libodfde.dylib
0x000000000a236000 	/System/Library/Frameworks/OpenGL.framework/Versions/A/Resources/GLEngine.bundle/GLEngine
0x000000000a236000 	/System/Library/Frameworks/OpenGL.framework/Versions/A/Libraries/libGLProgrammability.dylib
0x0000000129cb0000 	/System/Library/Extensions/AppleIntelHD5000GraphicsGLDriver.bundle/Contents/MacOS/AppleIntelHD5000GraphicsGLDriver
0x000000000a236000 	/System/Library/PrivateFrameworks/GPUSupport.framework/Versions/A/Libraries/libGPUSupportMercury.dylib
0x000000000a236000 	/System/Library/Frameworks/OpenGL.framework/Versions/A/Resources/GLRendererFloat.bundle/GLRendererFloat
0x000000012acbe000 	/Library/Java/JavaVirtualMachines/jdk1.8.0_73.jdk/Contents/Home/jre/lib/libfontmanager.dylib
0x000000012c206000 	/Library/Java/JavaVirtualMachines/jdk1.8.0_73.jdk/Contents/Home/jre/lib/libosxui.dylib
0x000000012cd1c000 	/Library/Java/JavaVirtualMachines/jdk1.8.0_73.jdk/Contents/Home/jre/lib/libnet.dylib
0x000000012cd33000 	/Library/Java/JavaVirtualMachines/jdk1.8.0_73.jdk/Contents/Home/jre/lib/libnio.dylib
0x000000000a236000 	/System/Library/Frameworks/ApplicationServices.framework/Versions/A/Frameworks/ATS.framework/Versions/A/Resources/libTrueTypeScaler.dylib
0x000000018ab60000 	/System/Library/Extensions/AppleIntelHD5000GraphicsMTLDriver.bundle/Contents/MacOS/AppleIntelHD5000GraphicsMTLDriver
0x0000000127e3c000 	/private/var/folders/zg/1l8q7jb960scm7wpq1kf74lm0000gn/T/jogamp_0000/file_cache/jln7371973957350582916/jln9070318325465052649/libgluegen-rt.jnilib
0x000000018aa43000 	/private/var/folders/zg/1l8q7jb960scm7wpq1kf74lm0000gn/T/jogamp_0000/file_cache/jln7371973957350582916/jln9070318325465052649/libnativewindow_awt.jnilib
0x000000018aa46000 	/Library/Java/JavaVirtualMachines/jdk1.8.0_73.jdk/Contents/Home/jre/lib/libjawt.dylib
0x000000018aa49000 	/private/var/folders/zg/1l8q7jb960scm7wpq1kf74lm0000gn/T/jogamp_0000/file_cache/jln7371973957350582916/jln9070318325465052649/libnativewindow_macosx.jnilib
0x000000018b24c000 	/private/var/folders/zg/1l8q7jb960scm7wpq1kf74lm0000gn/T/jogamp_0000/file_cache/jln7371973957350582916/jln9070318325465052649/libjogl_desktop.jnilib
0x000000012870f000 	/Library/Java/JavaVirtualMachines/jdk1.8.0_73.jdk/Contents/Home/jre/lib/libt2k.dylib

VM Arguments:
jvm_args: -Djava.security.policy=java.policy.applet -Dfile.encoding=UTF-8 
java_command: sun.applet.AppletViewer module4.EarthquakeCityMap1457283357773.html
java_class_path (initial): /Users/intruder04/dev_projects/java/UCSDUnfoldingMaps/build:/Users/intruder04/dev_projects/java/UCSDUnfoldingMaps/lib/core.jar:/Users/intruder04/dev_projects/java/UCSDUnfoldingMaps/lib/gluegen-rt.jar:/Users/intruder04/dev_projects/java/UCSDUnfoldingMaps/lib/jogl-all.jar:/Users/intruder04/dev_projects/java/UCSDUnfoldingMaps/lib/log4j-1.2.15.jar:/Users/intruder04/dev_projects/java/UCSDUnfoldingMaps/lib/sqlite-jdbc-3.7.2.jar:/Users/intruder04/dev_projects/java/UCSDUnfoldingMaps/lib/json4processing.jar:/Users/intruder04/dev_projects/java/UCSDUnfoldingMaps/lib/libTUIO.jar:/Users/intruder04/dev_projects/java/UCSDUnfoldingMaps/lib/unfolding.0.9.7-uscd.jar
Launcher Type: SUN_STANDARD

Environment Variables:
PATH=/usr/bin:/bin:/usr/sbin:/sbin
SHELL=/bin/bash

Signal Handlers:
SIGSEGV: [libjvm.dylib+0x5a71a5], sa_mask[0]=11111111011111110111111111111111, sa_flags=SA_ONSTACK|SA_RESTART|SA_SIGINFO
SIGBUS: [libjvm.dylib+0x5a71a5], sa_mask[0]=11111111011111110111111111111111, sa_flags=SA_RESTART|SA_SIGINFO
SIGFPE: [libjvm.dylib+0x480eb4], sa_mask[0]=11111111011111110111111111111111, sa_flags=SA_RESTART|SA_SIGINFO
SIGPIPE: [libjvm.dylib+0x480eb4], sa_mask[0]=11111111011111110111111111111111, sa_flags=SA_RESTART|SA_SIGINFO
SIGXFSZ: [libjvm.dylib+0x480eb4], sa_mask[0]=11111111011111110111111111111111, sa_flags=SA_RESTART|SA_SIGINFO
SIGILL: [libjvm.dylib+0x480eb4], sa_mask[0]=11111111011111110111111111111111, sa_flags=SA_RESTART|SA_SIGINFO
SIGUSR1: SIG_DFL, sa_mask[0]=00000000000000000000000000000000, sa_flags=none
SIGUSR2: [libjvm.dylib+0x4809d2], sa_mask[0]=00100000000000000000000000000000, sa_flags=SA_RESTART|SA_SIGINFO
SIGHUP: [libjvm.dylib+0x47efa9], sa_mask[0]=11111111011111110111111111111111, sa_flags=SA_RESTART|SA_SIGINFO
SIGINT: [libjvm.dylib+0x47efa9], sa_mask[0]=11111111011111110111111111111111, sa_flags=SA_RESTART|SA_SIGINFO
SIGTERM: [libjvm.dylib+0x47efa9], sa_mask[0]=11111111011111110111111111111111, sa_flags=SA_RESTART|SA_SIGINFO
SIGQUIT: [libjvm.dylib+0x47efa9], sa_mask[0]=11111111011111110111111111111111, sa_flags=SA_RESTART|SA_SIGINFO


---------------  S Y S T E M  ---------------

OS:Bsduname:Darwin 15.3.0 Darwin Kernel Version 15.3.0: Thu Dec 10 18:40:58 PST 2015; root:xnu-3248.30.4~1/RELEASE_X86_64 x86_64
rlimit: STACK 8192k, CORE 0k, NPROC 709, NOFILE 10240, AS infinity
load average:2.26 1.90 1.85

CPU:total 4 (2 cores per cpu, 2 threads per core) family 6 model 69 stepping 1, cmov, cx8, fxsr, mmx, sse, sse2, sse3, ssse3, sse4.1, sse4.2, popcnt, avx, avx2, aes, clmul, erms, lzcnt, ht, tsc, tscinvbit, bmi1, bmi2

Memory: 4k page, physical 8388608k(961432k free)

/proc/meminfo:


vm_info: Java HotSpot(TM) 64-Bit Server VM (25.73-b02) for bsd-amd64 JRE (1.8.0_73-b02), built on Jan 29 2016 15:02:00 by "java_re" with gcc 4.2.1 (Based on Apple Inc. build 5658) (LLVM build 2336.11.00)

time: Sun Mar  6 19:56:05 2016
elapsed time: 8 seconds (0d 0h 0m 8s)

