#
# A fatal error has been detected by the Java Runtime Environment:
#
#  SIGSEGV (0xb) at pc=0x00007fff8653c4dd, pid=11314, tid=2571
#
# JRE version: Java(TM) SE Runtime Environment (8.0_73-b02) (build 1.8.0_73-b02)
# Java VM: Java HotSpot(TM) 64-Bit Server VM (25.73-b02 mixed mode bsd-amd64 compressed oops)
# Problematic frame:
# C  [libobjc.A.dylib+0x14dd]  objc_msgSend+0x1d
#
# Failed to write core dump. Core dumps have been disabled. To enable core dumping, try "ulimit -c unlimited" before starting Java again
#
# If you would like to submit a bug report, please visit:
#   http://bugreport.java.com/bugreport/crash.jsp
# The crash happened outside the Java Virtual Machine in native code.
# See problematic frame for where to report the bug.
#

---------------  T H R E A D  ---------------

Current thread (0x00007f993b115800):  JavaThread "AWT-AppKit" daemon [_thread_in_native, id=2571, stack(0x00007fff5b986000,0x00007fff5c186000)]

siginfo: si_signo: 11 (SIGSEGV), si_code: 1 (SEGV_MAPERR), si_addr: 0x0000000000000018

Registers:
RAX=0x00007f993dad6c30, RBX=0x0000000180924450, RCX=0x000000011dac0e00, RDX=0x000000011dc949e0
RSP=0x00007fff5c181378, RBP=0x00007fff5c181430, RSI=0x00007fff902acd0e, RDI=0x00007f993dacea50
R8 =0x0000000000000000, R9 =0x00000000000008c0, R10=0x00007fff902acd0e, R11=0x0000000000000000
R12=0x0000000000000000, R13=0x0000000184ccefb8, R14=0x0000000180924440, R15=0x00007f993b115800
RIP=0x00007fff8653c4dd, EFLAGS=0x0000000000010246, ERR=0x0000000000000004
  TRAPNO=0x000000000000000e

Top of Stack: (sp=0x00007fff5c181378)
0x00007fff5c181378:   0000000180922157 00007fff5c1813d0
0x00007fff5c181388:   0000000000000003 00007fff5c1813b0
0x00007fff5c181398:   0000000103ee7646 0000000184ccefb8
0x00007fff5c1813a8:   0000000184ccefb8 00007f993dad6c30
0x00007fff5c1813b8:   00000001809246a0 0000000180924710
0x00007fff5c1813c8:   00007fff737e7770 00007fff749e8500
0x00007fff5c1813d8:   0000000180924450 0000000180924690
0x00007fff5c1813e8:   00007f993dad6c30 00007f993dacea50
0x00007fff5c1813f8:   00007f99397544c0 00007f993dad6c30
0x00007fff5c181408:   00007f993dacea50 00007fff5c1814b8
0x00007fff5c181418:   00007f993b1159f8 0000000184ccefb8
0x00007fff5c181428:   00007fff5c1814e0 00007fff5c1814a8
0x00007fff5c181438:   0000000105615954 0000000184ccefb8
0x00007fff5c181448:   00007fff5c1814e0 00007fff5c1814a8
0x00007fff5c181458:   00000001056156e7 00000001056156a2
0x00007fff5c181468:   00007fff5c181468 0000000184ccefb8
0x00007fff5c181478:   00007fff5c1814e0 0000000184cd1bf0
0x00007fff5c181488:   0000000000000000 0000000184ccefb8
0x00007fff5c181498:   0000000000000000 00007fff5c1814c8
0x00007fff5c1814a8:   00007fff5c181528 0000000105607c4d
0x00007fff5c1814b8:   000000079777bd00 000000010560f578
0x00007fff5c1814c8:   00007f993dad6c30 00007fff5c181528
0x00007fff5c1814d8:   00007f993dacea50 0000000105610d82
0x00007fff5c1814e8:   00007fff5c1814e8 0000000184ccf182
0x00007fff5c1814f8:   00007fff5c181550 0000000184cd1bf0
0x00007fff5c181508:   0000000000000000 0000000184ccf190
0x00007fff5c181518:   00007fff5c1814c8 00007fff5c181538
0x00007fff5c181528:   00007fff5c181598 0000000105607c4d
0x00007fff5c181538:   00007f993dad6c30 0000000797a742d8
0x00007fff5c181548:   00007f993dacea50 0000000797a742d8
0x00007fff5c181558:   00007fff5c181558 0000000188ddbd9e
0x00007fff5c181568:   00007fff5c1815a8 0000000188ddbe58 

Instructions: (pc=0x00007fff8653c4dd)
0x00007fff8653c4bd:   44 00 00 48 85 ff 2e 74 62 40 f6 c7 01 2e 75 66
0x00007fff8653c4cd:   49 bb f8 ff ff ff ff 7f 00 00 4c 23 1f 49 89 f2
0x00007fff8653c4dd:   45 23 53 18 49 c1 e2 04 4d 03 53 10 49 3b 32 75
0x00007fff8653c4ed:   04 41 ff 62 08 49 83 3a 01 76 0d 49 83 c2 10 49 

Register to memory mapping:

RAX=0x00007f993dad6c30 is an unknown value
RBX=0x0000000180924450: Java_jogamp_nativewindow_macosx_OSXUtil_GetScreenRefreshRate0+0x1cf0 in /private/var/folders/zg/1l8q7jb960scm7wpq1kf74lm0000gn/T/jogamp_0000/file_cache/jln3379612854631001469/jln4065201494281564301/libnativewindow_macosx.jnilib at 0x000000018091d000
RCX=0x000000011dac0e00 is an unknown value
RDX=0x000000011dc949e0 is an unknown value
RSP=0x00007fff5c181378 is pointing into the stack for thread: 0x00007f993b115800
RBP=0x00007fff5c181430 is pointing into the stack for thread: 0x00007f993b115800
RSI=0x00007fff902acd0e is an unknown value
RDI=0x00007f993dacea50 is an unknown value
R8 =0x0000000000000000 is an unknown value
R9 =0x00000000000008c0 is an unknown value
R10=0x00007fff902acd0e is an unknown value
R11=0x0000000000000000 is an unknown value
R12=0x0000000000000000 is an unknown value
R13={method} {0x0000000184ccefb8} 'UnsetJAWTRootSurfaceLayer0' '(JJ)V' in 'jogamp/nativewindow/jawt/macosx/MacOSXJAWTWindow'
R14=0x0000000180924440: Java_jogamp_nativewindow_macosx_OSXUtil_GetScreenRefreshRate0+0x1ce0 in /private/var/folders/zg/1l8q7jb960scm7wpq1kf74lm0000gn/T/jogamp_0000/file_cache/jln3379612854631001469/jln4065201494281564301/libnativewindow_macosx.jnilib at 0x000000018091d000
R15=0x00007f993b115800 is a thread


Stack: [0x00007fff5b986000,0x00007fff5c186000],  sp=0x00007fff5c181378,  free space=8172k
Native frames: (J=compiled Java code, j=interpreted, Vv=VM code, C=native code)
C  [libobjc.A.dylib+0x14dd]  objc_msgSend+0x1d
j  jogamp.nativewindow.jawt.macosx.MacOSXJAWTWindow.UnsetJAWTRootSurfaceLayer0(JJ)V+0
j  jogamp.nativewindow.jawt.macosx.MacOSXJAWTWindow.access$200(JJ)V+2
j  jogamp.nativewindow.jawt.macosx.MacOSXJAWTWindow$1.run()V+38
J 1798 C1 com.jogamp.common.util.RunnableTask.run()V (345 bytes) @ 0x0000000105bc3ad4 [0x0000000105bc3940+0x194]
v  ~StubRoutines::call_stub
V  [libjvm.dylib+0x2eae7a]  JavaCalls::call_helper(JavaValue*, methodHandle*, JavaCallArguments*, Thread*)+0x6ae
V  [libjvm.dylib+0x321f83]  jni_invoke_nonstatic(JNIEnv_*, JavaValue*, _jobject*, JNICallType, _jmethodID*, JNI_ArgumentPusher*, Thread*)+0x2ec
V  [libjvm.dylib+0x314757]  jni_CallVoidMethod+0x16b
C  [libnativewindow_macosx.jnilib+0x5326]  Java_jogamp_nativewindow_jawt_macosx_MacOSXJAWTWindow_UnsetJAWTRootSurfaceLayer0+0x2b6
C  [Foundation+0x8dd4b]  __NSThreadPerformPerform+0x117
C  [CoreFoundation+0x7e5c1]  __CFRUNLOOP_IS_CALLING_OUT_TO_A_SOURCE0_PERFORM_FUNCTION__+0x11
C  [CoreFoundation+0x70397]  __CFRunLoopDoSources0+0x1a7
C  [CoreFoundation+0x6f93f]  __CFRunLoopRun+0x39f
C  [CoreFoundation+0x6f338]  CFRunLoopRunSpecific+0x128
C  [HIToolbox+0x30935]  RunCurrentEventLoopInMode+0xeb
C  [HIToolbox+0x30677]  ReceiveNextEventCommon+0xb8
C  [HIToolbox+0x305af]  _BlockUntilNextEventMatchingListInModeWithFilter+0x47
C  [AppKit+0x8a0ee]  _DPSNextEvent+0x42b
C  [AppKit+0x456943]  -[NSApplication _nextEventMatchingEventMask:untilDate:inMode:dequeue:]+0x1c6
C  [libosxapp.dylib+0x23aa]  -[NSApplicationAWT nextEventMatchingMask:untilDate:inMode:dequeue:]+0x7c
C  [AppKit+0x7ffc8]  -[NSApplication run]+0x2aa
C  [libosxapp.dylib+0x214d]  +[NSApplicationAWT runAWTLoopWithApp:]+0x9c
C  [libawt_lwawt.dylib+0x4455b]  -[AWTStarter starter:]+0x389
C  [Foundation+0x8dd4b]  __NSThreadPerformPerform+0x117
C  [CoreFoundation+0x7e5c1]  __CFRUNLOOP_IS_CALLING_OUT_TO_A_SOURCE0_PERFORM_FUNCTION__+0x11
C  [CoreFoundation+0x7041c]  __CFRunLoopDoSources0+0x22c
C  [CoreFoundation+0x6f93f]  __CFRunLoopRun+0x39f
C  [CoreFoundation+0x6f338]  CFRunLoopRunSpecific+0x128
C  [java+0x6463]  CreateExecutionEnvironment+0x367
C  [java+0x21ac]  JLI_Launch+0x7a0
C  [java+0x84c0]  main+0x65
C  [java+0x1a04]  start+0x34
C  0x0000000000000007

Java frames: (J=compiled Java code, j=interpreted, Vv=VM code)
j  jogamp.nativewindow.jawt.macosx.MacOSXJAWTWindow.UnsetJAWTRootSurfaceLayer0(JJ)V+0
j  jogamp.nativewindow.jawt.macosx.MacOSXJAWTWindow.access$200(JJ)V+2
j  jogamp.nativewindow.jawt.macosx.MacOSXJAWTWindow$1.run()V+38
J 1798 C1 com.jogamp.common.util.RunnableTask.run()V (345 bytes) @ 0x0000000105bc3ad4 [0x0000000105bc3940+0x194]
v  ~StubRoutines::call_stub

---------------  P R O C E S S  ---------------

Java Threads: ( => current thread )
  0x00007f9939b3f800 JavaThread "Thread-44" [_thread_blocked, id=13447, stack(0x000070000104a000,0x000070000114a000)]
  0x00007f993b548800 JavaThread "Image Fetcher 2" daemon [_thread_blocked, id=23667, stack(0x0000700001b74000,0x0000700001c74000)]
  0x00007f993ac6b000 JavaThread "Image Fetcher 1" daemon [_thread_blocked, id=66855, stack(0x0000700002083000,0x0000700002183000)]
  0x00007f993e14a800 JavaThread "Image Fetcher 0" daemon [_thread_blocked, id=66051, stack(0x0000700001f80000,0x0000700002080000)]
  0x00007f993ac66000 JavaThread "Keep-Alive-Timer" daemon [_thread_blocked, id=65839, stack(0x0000700001e7d000,0x0000700001f7d000)]
  0x00007f993a1ad800 JavaThread "Animation Thread" [_thread_blocked, id=58171, stack(0x00007000017e8000,0x00007000018e8000)]
  0x00007f993a1ac800 JavaThread "AWT-EventQueue-1" [_thread_in_native, id=59455, stack(0x00007000018eb000,0x00007000019eb000)]
  0x00007f993b1e2000 JavaThread "DestroyJavaVM" [_thread_blocked, id=5891, stack(0x000070000011a000,0x000070000021a000)]
  0x00007f993b133000 JavaThread "AWT-EventQueue-0" [_thread_blocked, id=56323, stack(0x00007000016e5000,0x00007000017e5000)]
  0x00007f993b13e800 JavaThread "Java2D Disposer" daemon [_thread_blocked, id=52995, stack(0x000070000145c000,0x000070000155c000)]
  0x00007f99398b2800 JavaThread "Java2D Queue Flusher" daemon [_thread_blocked, id=41499, stack(0x0000700001359000,0x0000700001459000)]
  0x00007f993a17e800 JavaThread "AWT-Shutdown" [_thread_blocked, id=28723, stack(0x00007000011d3000,0x00007000012d3000)]
=>0x00007f993b115800 JavaThread "AWT-AppKit" daemon [_thread_in_native, id=2571, stack(0x00007fff5b986000,0x00007fff5c186000)]
  0x00007f993a820000 JavaThread "Service Thread" daemon [_thread_blocked, id=18435, stack(0x0000700000dc1000,0x0000700000ec1000)]
  0x00007f993b03b000 JavaThread "C1 CompilerThread2" daemon [_thread_blocked, id=17923, stack(0x0000700000cbe000,0x0000700000dbe000)]
  0x00007f993a049000 JavaThread "C2 CompilerThread1" daemon [_thread_blocked, id=17411, stack(0x0000700000bbb000,0x0000700000cbb000)]
  0x00007f993a052000 JavaThread "C2 CompilerThread0" daemon [_thread_blocked, id=16899, stack(0x0000700000ab8000,0x0000700000bb8000)]
  0x00007f993a044800 JavaThread "Signal Dispatcher" daemon [_thread_blocked, id=12815, stack(0x00007000009b5000,0x0000700000ab5000)]
  0x00007f9939808800 JavaThread "Finalizer" daemon [_thread_blocked, id=12291, stack(0x000070000082f000,0x000070000092f000)]
  0x00007f993a813000 JavaThread "Reference Handler" daemon [_thread_blocked, id=11779, stack(0x000070000072c000,0x000070000082c000)]

Other Threads:
  0x00007f993a03c800 VMThread [stack: 0x0000700000629000,0x0000700000729000] [id=11267]
  0x00007f993b022800 WatcherThread [stack: 0x0000700000ec4000,0x0000700000fc4000] [id=18947]

VM state:not at safepoint (normal execution)

VM Mutex/Monitor currently owned by a thread: None

Heap:
 PSYoungGen      total 37888K, used 26289K [0x0000000795580000, 0x0000000798d80000, 0x00000007c0000000)
  eden space 32768K, 64% used [0x0000000795580000,0x0000000796a343e8,0x0000000797580000)
  from space 5120K, 99% used [0x0000000797600000,0x0000000797af80f0,0x0000000797b00000)
  to   space 12288K, 0% used [0x0000000798180000,0x0000000798180000,0x0000000798d80000)
 ParOldGen       total 87552K, used 15386K [0x0000000740000000, 0x0000000745580000, 0x0000000795580000)
  object space 87552K, 17% used [0x0000000740000000,0x0000000740f06918,0x0000000745580000)
 Metaspace       used 19266K, capacity 19441K, committed 19712K, reserved 1067008K
  class space    used 1880K, capacity 1952K, committed 2048K, reserved 1048576K

Card table byte_map: [0x00000001149c0000,0x0000000114dc1000] byte_map_base: 0x0000000110fc0000

Marking Bits: (ParMarkBitMap*) 0x00000001045d9ea0
 Begin Bits: [0x000000011506c000, 0x000000011706c000)
 End Bits:   [0x000000011706c000, 0x000000011906c000)

Polling page: 0x0000000104cca000

CodeCache: size=245760Kb used=7161Kb max_used=7295Kb free=238599Kb
 bounds [0x0000000105600000, 0x0000000105d50000, 0x0000000114600000]
 total_blobs=2869 nmethods=1995 adapters=787
 compilation: enabled

Compilation events (10 events):
Event: 18.122 Thread 0x00007f993b03b000 2238       3       sun.java2d.pipe.RenderQueue::unlock (4 bytes)
Event: 18.123 Thread 0x00007f993b03b000 nmethod 2238 0x0000000105a22110 code [0x0000000105a222a0, 0x0000000105a22608]
Event: 18.123 Thread 0x00007f993a052000 2239  s    4       sun.misc.URLClassPath::getNextLoader (88 bytes)
Event: 18.125 Thread 0x00007f993a049000 2240  s!   4       sun.misc.URLClassPath::getLoader (197 bytes)
Event: 18.133 Thread 0x00007f993a052000 nmethod 2239 0x00000001058c7290 code [0x00000001058c7400, 0x00000001058c7b78]
Event: 18.133 Thread 0x00007f993a049000 nmethod 2240 0x0000000105aee3d0 code [0x0000000105aee540, 0x0000000105aeed18]
Event: 18.147 Thread 0x00007f993b03b000 2241       1       sun.java2d.SurfaceData::isValid (5 bytes)
Event: 18.147 Thread 0x00007f993b03b000 nmethod 2241 0x0000000105ab3c10 code [0x0000000105ab3d60, 0x0000000105ab3e70]
Event: 18.147 Thread 0x00007f993b03b000 2242       3       sun.java2d.pipe.RenderBuffer::putFloat (26 bytes)
Event: 18.148 Thread 0x00007f993b03b000 nmethod 2242 0x0000000105ad0290 code [0x0000000105ad0400, 0x0000000105ad0590]

GC Heap History (10 events):
Event: 3.017 GC heap before
{Heap before GC invocations=1 (full 0):
 PSYoungGen      total 38400K, used 33280K [0x0000000795580000, 0x0000000798000000, 0x00000007c0000000)
  eden space 33280K, 100% used [0x0000000795580000,0x0000000797600000,0x0000000797600000)
  from space 5120K, 0% used [0x0000000797b00000,0x0000000797b00000,0x0000000798000000)
  to   space 5120K, 0% used [0x0000000797600000,0x0000000797600000,0x0000000797b00000)
 ParOldGen       total 87552K, used 0K [0x0000000740000000, 0x0000000745580000, 0x0000000795580000)
  object space 87552K, 0% used [0x0000000740000000,0x0000000740000000,0x0000000745580000)
 Metaspace       used 15824K, capacity 16027K, committed 16384K, reserved 1064960K
  class space    used 1607K, capacity 1693K, committed 1792K, reserved 1048576K
Event: 3.025 GC heap after
Heap after GC invocations=1 (full 0):
 PSYoungGen      total 38400K, used 4988K [0x0000000795580000, 0x0000000798000000, 0x00000007c0000000)
  eden space 33280K, 0% used [0x0000000795580000,0x0000000795580000,0x0000000797600000)
  from space 5120K, 97% used [0x0000000797600000,0x0000000797adf0a0,0x0000000797b00000)
  to   space 5120K, 0% used [0x0000000797b00000,0x0000000797b00000,0x0000000798000000)
 ParOldGen       total 87552K, used 16K [0x0000000740000000, 0x0000000745580000, 0x0000000795580000)
  object space 87552K, 0% used [0x0000000740000000,0x0000000740004000,0x0000000745580000)
 Metaspace       used 15824K, capacity 16027K, committed 16384K, reserved 1064960K
  class space    used 1607K, capacity 1693K, committed 1792K, reserved 1048576K
}
Event: 4.435 GC heap before
{Heap before GC invocations=2 (full 0):
 PSYoungGen      total 38400K, used 38268K [0x0000000795580000, 0x0000000798000000, 0x00000007c0000000)
  eden space 33280K, 100% used [0x0000000795580000,0x0000000797600000,0x0000000797600000)
  from space 5120K, 97% used [0x0000000797600000,0x0000000797adf0a0,0x0000000797b00000)
  to   space 5120K, 0% used [0x0000000797b00000,0x0000000797b00000,0x0000000798000000)
 ParOldGen       total 87552K, used 16K [0x0000000740000000, 0x0000000745580000, 0x0000000795580000)
  object space 87552K, 0% used [0x0000000740000000,0x0000000740004000,0x0000000745580000)
 Metaspace       used 18217K, capacity 18449K, committed 18560K, reserved 1067008K
  class space    used 1850K, capacity 1920K, committed 1920K, reserved 1048576K
Event: 4.448 GC heap after
Heap after GC invocations=2 (full 0):
 PSYoungGen      total 38400K, used 5092K [0x0000000795580000, 0x0000000798000000, 0x00000007c0000000)
  eden space 33280K, 0% used [0x0000000795580000,0x0000000795580000,0x0000000797600000)
  from space 5120K, 99% used [0x0000000797b00000,0x0000000797ff93c0,0x0000000798000000)
  to   space 5120K, 0% used [0x0000000797600000,0x0000000797600000,0x0000000797b00000)
 ParOldGen       total 87552K, used 5730K [0x0000000740000000, 0x0000000745580000, 0x0000000795580000)
  object space 87552K, 6% used [0x0000000740000000,0x0000000740598850,0x0000000745580000)
 Metaspace       used 18217K, capacity 18449K, committed 18560K, reserved 1067008K
  class space    used 1850K, capacity 1920K, committed 1920K, reserved 1048576K
}
Event: 5.251 GC heap before
{Heap before GC invocations=3 (full 0):
 PSYoungGen      total 38400K, used 38372K [0x0000000795580000, 0x0000000798000000, 0x00000007c0000000)
  eden space 33280K, 100% used [0x0000000795580000,0x0000000797600000,0x0000000797600000)
  from space 5120K, 99% used [0x0000000797b00000,0x0000000797ff93c0,0x0000000798000000)
  to   space 5120K, 0% used [0x0000000797600000,0x0000000797600000,0x0000000797b00000)
 ParOldGen       total 87552K, used 5730K [0x0000000740000000, 0x0000000745580000, 0x0000000795580000)
  object space 87552K, 6% used [0x0000000740000000,0x0000000740598850,0x0000000745580000)
 Metaspace       used 18572K, capacity 18801K, committed 18944K, reserved 1067008K
  class space    used 1873K, capacity 1952K, committed 2048K, reserved 1048576K
Event: 5.260 GC heap after
Heap after GC invocations=3 (full 0):
 PSYoungGen      total 38400K, used 5108K [0x0000000795580000, 0x0000000798000000, 0x00000007c0000000)
  eden space 33280K, 0% used [0x0000000795580000,0x0000000795580000,0x0000000797600000)
  from space 5120K, 99% used [0x0000000797600000,0x0000000797afd3f0,0x0000000797b00000)
  to   space 5120K, 0% used [0x0000000797b00000,0x0000000797b00000,0x0000000798000000)
 ParOldGen       total 87552K, used 9506K [0x0000000740000000, 0x0000000745580000, 0x0000000795580000)
  object space 87552K, 10% used [0x0000000740000000,0x00000007409489f0,0x0000000745580000)
 Metaspace       used 18572K, capacity 18801K, committed 18944K, reserved 1067008K
  class space    used 1873K, capacity 1952K, committed 2048K, reserved 1048576K
}
Event: 9.855 GC heap before
{Heap before GC invocations=4 (full 0):
 PSYoungGen      total 38400K, used 38388K [0x0000000795580000, 0x0000000798000000, 0x00000007c0000000)
  eden space 33280K, 100% used [0x0000000795580000,0x0000000797600000,0x0000000797600000)
  from space 5120K, 99% used [0x0000000797600000,0x0000000797afd3f0,0x0000000797b00000)
  to   space 5120K, 0% used [0x0000000797b00000,0x0000000797b00000,0x0000000798000000)
 ParOldGen       total 87552K, used 9506K [0x0000000740000000, 0x0000000745580000, 0x0000000795580000)
  object space 87552K, 10% used [0x0000000740000000,0x00000007409489f0,0x0000000745580000)
 Metaspace       used 18928K, capacity 19121K, committed 19456K, reserved 1067008K
  class space    used 1873K, capacity 1952K, committed 2048K, reserved 1048576K
Event: 9.864 GC heap after
Heap after GC invocations=4 (full 0):
 PSYoungGen      total 38400K, used 4979K [0x0000000795580000, 0x0000000798000000, 0x00000007c0000000)
  eden space 33280K, 0% used [0x0000000795580000,0x0000000795580000,0x0000000797600000)
  from space 5120K, 97% used [0x0000000797b00000,0x0000000797fdcca0,0x0000000798000000)
  to   space 5120K, 0% used [0x0000000797600000,0x0000000797600000,0x0000000797b00000)
 ParOldGen       total 87552K, used 11818K [0x0000000740000000, 0x0000000745580000, 0x0000000795580000)
  object space 87552K, 13% used [0x0000000740000000,0x0000000740b8aa80,0x0000000745580000)
 Metaspace       used 18928K, capacity 19121K, committed 19456K, reserved 1067008K
  class space    used 1873K, capacity 1952K, committed 2048K, reserved 1048576K
}
Event: 13.465 GC heap before
{Heap before GC invocations=5 (full 0):
 PSYoungGen      total 38400K, used 38227K [0x0000000795580000, 0x0000000798000000, 0x00000007c0000000)
  eden space 33280K, 99% used [0x0000000795580000,0x00000007975f81d0,0x0000000797600000)
  from space 5120K, 97% used [0x0000000797b00000,0x0000000797fdcca0,0x0000000798000000)
  to   space 5120K, 0% used [0x0000000797600000,0x0000000797600000,0x0000000797b00000)
 ParOldGen       total 87552K, used 11818K [0x0000000740000000, 0x0000000745580000, 0x0000000795580000)
  object space 87552K, 13% used [0x0000000740000000,0x0000000740b8aa80,0x0000000745580000)
 Metaspace       used 19114K, capacity 19313K, committed 19456K, reserved 1067008K
  class space    used 1873K, capacity 1952K, committed 2048K, reserved 1048576K
Event: 13.472 GC heap after
Heap after GC invocations=5 (full 0):
 PSYoungGen      total 37888K, used 5088K [0x0000000795580000, 0x0000000798d80000, 0x00000007c0000000)
  eden space 32768K, 0% used [0x0000000795580000,0x0000000795580000,0x0000000797580000)
  from space 5120K, 99% used [0x0000000797600000,0x0000000797af80f0,0x0000000797b00000)
  to   space 12288K, 0% used [0x0000000798180000,0x0000000798180000,0x0000000798d80000)
 ParOldGen       total 87552K, used 15386K [0x0000000740000000, 0x0000000745580000, 0x0000000795580000)
  object space 87552K, 17% used [0x0000000740000000,0x0000000740f06918,0x0000000745580000)
 Metaspace       used 19114K, capacity 19313K, committed 19456K, reserved 1067008K
  class space    used 1873K, capacity 1952K, committed 2048K, reserved 1048576K
}

Deoptimization events (10 events):
Event: 2.768 Thread 0x00007f993a1ad800 Uncommon trap: reason=bimorphic action=maybe_recompile pc=0x00000001058573f0 method=java.util.HashMap.getNode(ILjava/lang/Object;)Ljava/util/HashMap$Node; @ 126
Event: 2.768 Thread 0x00007f993a1ad800 Uncommon trap: reason=bimorphic action=maybe_recompile pc=0x00000001058573f0 method=java.util.HashMap.getNode(ILjava/lang/Object;)Ljava/util/HashMap$Node; @ 126
Event: 2.768 Thread 0x00007f993a1ad800 Uncommon trap: reason=bimorphic action=maybe_recompile pc=0x00000001058573f0 method=java.util.HashMap.getNode(ILjava/lang/Object;)Ljava/util/HashMap$Node; @ 126
Event: 2.768 Thread 0x00007f993a1ad800 Uncommon trap: reason=bimorphic action=maybe_recompile pc=0x00000001058573f0 method=java.util.HashMap.getNode(ILjava/lang/Object;)Ljava/util/HashMap$Node; @ 126
Event: 3.588 Thread 0x00007f993a1ac800 Uncommon trap: reason=unstable_if action=reinterpret pc=0x00000001057aefac method=java.lang.AbstractStringBuilder.append(Ljava/lang/String;)Ljava/lang/AbstractStringBuilder; @ 1
Event: 4.576 Thread 0x00007f9939a9d800 Uncommon trap: reason=unstable_if action=reinterpret pc=0x0000000105a77bbc method=java.util.Vector.indexOf(Ljava/lang/Object;I)I @ 41
Event: 11.285 Thread 0x00007f993a1ac800 Uncommon trap: reason=unstable_if action=reinterpret pc=0x0000000105babd2c method=java.lang.StrictMath.floorOrCeil(DDDD)D @ 24
Event: 11.285 Thread 0x00007f993a1ac800 Uncommon trap: reason=unstable_if action=reinterpret pc=0x0000000105a2fb70 method=java.lang.StrictMath.floorOrCeil(DDDD)D @ 24
Event: 18.106 Thread 0x00007f993a1ac800 Uncommon trap: reason=unstable_if action=reinterpret pc=0x00000001057b5928 method=com.jogamp.common.util.VersionNumber.compareTo(Lcom/jogamp/common/util/VersionNumber;)I @ 21
Event: 18.120 Thread 0x00007f993b185000 Uncommon trap: reason=unstable_if action=reinterpret pc=0x0000000105c7f834 method=java.util.HashMap.putVal(ILjava/lang/Object;Ljava/lang/Object;ZZ)Ljava/lang/Object; @ 81

Internal exceptions (10 events):
Event: 0.176 Thread 0x00007f993a80a800 Exception <a 'java/lang/NoSuchFieldError': method resolution failed> (0x0000000795879e28) thrown at [/HUDSON3/workspace/8-2-build-macosx-x86_64/jdk8u73/6086/hotspot/src/share/vm/prims/methodHandles.cpp, line 1146]
Event: 0.178 Thread 0x00007f993a80a800 Exception <a 'java/lang/NoSuchFieldError': method resolution failed> (0x00000007958875f8) thrown at [/HUDSON3/workspace/8-2-build-macosx-x86_64/jdk8u73/6086/hotspot/src/share/vm/prims/methodHandles.cpp, line 1146]
Event: 0.387 Thread 0x00007f993a80a800 Exception <a 'java/io/FileNotFoundException'> (0x0000000795903420) thrown at [/HUDSON3/workspace/8-2-build-macosx-x86_64/jdk8u73/6086/hotspot/src/share/vm/prims/jni.cpp, line 709]
Event: 0.387 Thread 0x00007f993a80a800 Exception <a 'java/io/FileNotFoundException'> (0x0000000795903f88) thrown at [/HUDSON3/workspace/8-2-build-macosx-x86_64/jdk8u73/6086/hotspot/src/share/vm/prims/jni.cpp, line 709]
Event: 0.496 Thread 0x00007f993a80a800 Exception <a 'java/io/FileNotFoundException'> (0x0000000795ae9540) thrown at [/HUDSON3/workspace/8-2-build-macosx-x86_64/jdk8u73/6086/hotspot/src/share/vm/prims/jni.cpp, line 709]
Event: 2.783 Thread 0x00007f993a1ad800 Exception <a 'java/lang/UnsatisfiedLinkError': com.jogamp.common.util.JarUtil.fixNativeLibAttribs(Ljava/lang/String;)Z> (0x0000000796c74b00) thrown at [/HUDSON3/workspace/8-2-build-macosx-x86_64/jdk8u73/6086/hotspot/src/share/vm/prims/nativeLookup.cpp, li
Event: 3.027 Thread 0x00007f9939808800 Exception <a 'java/lang/NullPointerException'> (0x00000007956fb940) thrown at [/HUDSON3/workspace/8-2-build-macosx-x86_64/jdk8u73/6086/hotspot/src/share/vm/interpreter/linkResolver.cpp, line 1178]
Event: 3.587 Thread 0x00007f993a1ac800 Exception <a 'java/io/FileNotFoundException'> (0x00000007960eca50) thrown at [/HUDSON3/workspace/8-2-build-macosx-x86_64/jdk8u73/6086/hotspot/src/share/vm/prims/jni.cpp, line 709]
Event: 3.588 Thread 0x00007f993a1ac800 Exception <a 'java/io/FileNotFoundException'> (0x00000007960f4010) thrown at [/HUDSON3/workspace/8-2-build-macosx-x86_64/jdk8u73/6086/hotspot/src/share/vm/prims/jni.cpp, line 709]
Event: 3.588 Thread 0x00007f993a1ac800 Implicit null exception at 0x00000001057aec35 to 0x00000001057aef99

Events (10 events):
Event: 18.145 loading class java/awt/LightweightDispatcher$2 done
Event: 18.145 loading class java/awt/event/AWTEventListenerProxy
Event: 18.145 loading class java/awt/event/AWTEventListenerProxy done
Event: 18.145 Executing VM operation: Deoptimize
Event: 18.145 Executing VM operation: Deoptimize done
Event: 18.145 loading class java/awt/Toolkit$ToolkitEventMulticaster
Event: 18.146 loading class java/awt/Toolkit$ToolkitEventMulticaster done
Event: 18.147 Thread 0x00007f993b185000 Thread exited: 0x00007f993b185000
Event: 18.148 loading class java/awt/Window$1DisposeAction
Event: 18.148 loading class java/awt/Window$1DisposeAction done


Dynamic libraries:
0x0000000000731000 	/System/Library/Frameworks/Cocoa.framework/Versions/A/Cocoa
0x0000000000731000 	/System/Library/Frameworks/Security.framework/Versions/A/Security
0x0000000000731000 	/System/Library/Frameworks/ApplicationServices.framework/Versions/A/ApplicationServices
0x0000000000731000 	/usr/lib/libz.1.dylib
0x0000000000731000 	/usr/lib/libSystem.B.dylib
0x0000000000731000 	/usr/lib/libobjc.A.dylib
0x0000000000731000 	/System/Library/Frameworks/CoreFoundation.framework/Versions/A/CoreFoundation
0x0000000000731000 	/System/Library/Frameworks/Foundation.framework/Versions/C/Foundation
0x0000000000731000 	/System/Library/Frameworks/AppKit.framework/Versions/C/AppKit
0x0000000000731000 	/System/Library/Frameworks/CoreData.framework/Versions/A/CoreData
0x0000000000731000 	/System/Library/PrivateFrameworks/RemoteViewServices.framework/Versions/A/RemoteViewServices
0x0000000000731000 	/System/Library/PrivateFrameworks/UIFoundation.framework/Versions/A/UIFoundation
0x0000000000731000 	/usr/lib/libScreenReader.dylib
0x0000000000731000 	/System/Library/Frameworks/Accelerate.framework/Versions/A/Accelerate
0x0000000000731000 	/System/Library/Frameworks/IOSurface.framework/Versions/A/IOSurface
0x0000000000731000 	/System/Library/Frameworks/AudioToolbox.framework/Versions/A/AudioToolbox
0x0000000000731000 	/System/Library/Frameworks/AudioUnit.framework/Versions/A/AudioUnit
0x0000000000731000 	/System/Library/PrivateFrameworks/DataDetectorsCore.framework/Versions/A/DataDetectorsCore
0x0000000000731000 	/System/Library/PrivateFrameworks/DesktopServicesPriv.framework/Versions/A/DesktopServicesPriv
0x0000000000731000 	/System/Library/Frameworks/Carbon.framework/Versions/A/Frameworks/HIToolbox.framework/Versions/A/HIToolbox
0x0000000000731000 	/System/Library/Frameworks/QuartzCore.framework/Versions/A/QuartzCore
0x0000000000731000 	/System/Library/Frameworks/Carbon.framework/Versions/A/Frameworks/SpeechRecognition.framework/Versions/A/SpeechRecognition
0x0000000000731000 	/usr/lib/libauto.dylib
0x0000000000731000 	/usr/lib/libicucore.A.dylib
0x0000000000731000 	/usr/lib/libxml2.2.dylib
0x0000000000731000 	/System/Library/PrivateFrameworks/CoreUI.framework/Versions/A/CoreUI
0x0000000000731000 	/System/Library/Frameworks/CoreAudio.framework/Versions/A/CoreAudio
0x0000000000731000 	/System/Library/Frameworks/DiskArbitration.framework/Versions/A/DiskArbitration
0x0000000000731000 	/usr/lib/liblangid.dylib
0x0000000000731000 	/System/Library/PrivateFrameworks/MultitouchSupport.framework/Versions/A/MultitouchSupport
0x0000000000731000 	/System/Library/Frameworks/IOKit.framework/Versions/A/IOKit
0x0000000000731000 	/usr/lib/libDiagnosticMessagesClient.dylib
0x0000000000731000 	/System/Library/Frameworks/CoreServices.framework/Versions/A/CoreServices
0x0000000000731000 	/System/Library/PrivateFrameworks/PerformanceAnalysis.framework/Versions/A/PerformanceAnalysis
0x0000000000731000 	/System/Library/PrivateFrameworks/GenerationalStorage.framework/Versions/A/GenerationalStorage
0x0000000000731000 	/System/Library/Frameworks/OpenGL.framework/Versions/A/OpenGL
0x0000000000731000 	/System/Library/PrivateFrameworks/Sharing.framework/Versions/A/Sharing
0x0000000000731000 	/System/Library/Frameworks/CoreGraphics.framework/Versions/A/CoreGraphics
0x0000000000731000 	/System/Library/Frameworks/CoreImage.framework/Versions/A/CoreImage
0x0000000000731000 	/System/Library/Frameworks/CoreText.framework/Versions/A/CoreText
0x0000000000731000 	/System/Library/Frameworks/ImageIO.framework/Versions/A/ImageIO
0x0000000000731000 	/System/Library/PrivateFrameworks/Backup.framework/Versions/A/Backup
0x0000000000731000 	/usr/lib/libextension.dylib
0x0000000000731000 	/usr/lib/libarchive.2.dylib
0x0000000000731000 	/System/Library/Frameworks/CFNetwork.framework/Versions/A/CFNetwork
0x0000000000731000 	/System/Library/Frameworks/SystemConfiguration.framework/Versions/A/SystemConfiguration
0x0000000000731000 	/usr/lib/libCRFSuite.dylib
0x0000000000731000 	/usr/lib/libc++.1.dylib
0x0000000000731000 	/usr/lib/libc++abi.dylib
0x0000000000731000 	/usr/lib/system/libcache.dylib
0x0000000000731000 	/usr/lib/system/libcommonCrypto.dylib
0x0000000000731000 	/usr/lib/system/libcompiler_rt.dylib
0x0000000000731000 	/usr/lib/system/libcopyfile.dylib
0x0000000000731000 	/usr/lib/system/libcorecrypto.dylib
0x0000000000731000 	/usr/lib/system/libdispatch.dylib
0x0000000000731000 	/usr/lib/system/libdyld.dylib
0x0000000000731000 	/usr/lib/system/libkeymgr.dylib
0x0000000000731000 	/usr/lib/system/liblaunch.dylib
0x0000000000731000 	/usr/lib/system/libmacho.dylib
0x0000000000731000 	/usr/lib/system/libquarantine.dylib
0x0000000000731000 	/usr/lib/system/libremovefile.dylib
0x0000000000731000 	/usr/lib/system/libsystem_asl.dylib
0x0000000000731000 	/usr/lib/system/libsystem_blocks.dylib
0x0000000000731000 	/usr/lib/system/libsystem_c.dylib
0x0000000000731000 	/usr/lib/system/libsystem_configuration.dylib
0x0000000000731000 	/usr/lib/system/libsystem_coreservices.dylib
0x0000000000731000 	/usr/lib/system/libsystem_coretls.dylib
0x0000000000731000 	/usr/lib/system/libsystem_dnssd.dylib
0x0000000000731000 	/usr/lib/system/libsystem_info.dylib
0x0000000000731000 	/usr/lib/system/libsystem_kernel.dylib
0x0000000000731000 	/usr/lib/system/libsystem_m.dylib
0x0000000000731000 	/usr/lib/system/libsystem_malloc.dylib
0x0000000000731000 	/usr/lib/system/libsystem_network.dylib
0x0000000000731000 	/usr/lib/system/libsystem_networkextension.dylib
0x0000000000731000 	/usr/lib/system/libsystem_notify.dylib
0x0000000000731000 	/usr/lib/system/libsystem_platform.dylib
0x0000000000731000 	/usr/lib/system/libsystem_pthread.dylib
0x0000000000731000 	/usr/lib/system/libsystem_sandbox.dylib
0x0000000000731000 	/usr/lib/system/libsystem_secinit.dylib
0x0000000000731000 	/usr/lib/system/libsystem_trace.dylib
0x0000000000731000 	/usr/lib/system/libunc.dylib
0x0000000000731000 	/usr/lib/system/libunwind.dylib
0x0000000000731000 	/usr/lib/system/libxpc.dylib
0x0000000000731000 	/usr/lib/libenergytrace.dylib
0x0000000000731000 	/usr/lib/libbsm.0.dylib
0x0000000000731000 	/usr/lib/system/libkxld.dylib
0x0000000000731000 	/usr/lib/libxar.1.dylib
0x0000000000731000 	/usr/lib/libsqlite3.dylib
0x0000000000731000 	/usr/lib/libpam.2.dylib
0x0000000000731000 	/usr/lib/libOpenScriptingUtil.dylib
0x0000000000731000 	/usr/lib/libbz2.1.0.dylib
0x0000000000731000 	/usr/lib/liblzma.5.dylib
0x0000000000731000 	/System/Library/Frameworks/CoreServices.framework/Versions/A/Frameworks/FSEvents.framework/Versions/A/FSEvents
0x0000000000731000 	/System/Library/Frameworks/CoreServices.framework/Versions/A/Frameworks/CarbonCore.framework/Versions/A/CarbonCore
0x0000000000731000 	/System/Library/Frameworks/CoreServices.framework/Versions/A/Frameworks/Metadata.framework/Versions/A/Metadata
0x0000000000731000 	/System/Library/Frameworks/CoreServices.framework/Versions/A/Frameworks/OSServices.framework/Versions/A/OSServices
0x0000000000731000 	/System/Library/Frameworks/CoreServices.framework/Versions/A/Frameworks/SearchKit.framework/Versions/A/SearchKit
0x0000000000731000 	/System/Library/Frameworks/CoreServices.framework/Versions/A/Frameworks/AE.framework/Versions/A/AE
0x0000000000731000 	/System/Library/Frameworks/CoreServices.framework/Versions/A/Frameworks/LaunchServices.framework/Versions/A/LaunchServices
0x0000000000731000 	/System/Library/Frameworks/CoreServices.framework/Versions/A/Frameworks/DictionaryServices.framework/Versions/A/DictionaryServices
0x0000000000731000 	/System/Library/Frameworks/CoreServices.framework/Versions/A/Frameworks/SharedFileList.framework/Versions/A/SharedFileList
0x0000000000731000 	/System/Library/Frameworks/NetFS.framework/Versions/A/NetFS
0x0000000000731000 	/System/Library/PrivateFrameworks/NetAuth.framework/Versions/A/NetAuth
0x0000000000731000 	/System/Library/PrivateFrameworks/login.framework/Versions/A/Frameworks/loginsupport.framework/Versions/A/loginsupport
0x0000000000731000 	/System/Library/PrivateFrameworks/TCC.framework/Versions/A/TCC
0x0000000000731000 	/usr/lib/libmecabra.dylib
0x0000000000731000 	/System/Library/Frameworks/ApplicationServices.framework/Versions/A/Frameworks/ATS.framework/Versions/A/ATS
0x0000000000731000 	/System/Library/Frameworks/ApplicationServices.framework/Versions/A/Frameworks/ColorSync.framework/Versions/A/ColorSync
0x0000000000731000 	/System/Library/Frameworks/ApplicationServices.framework/Versions/A/Frameworks/HIServices.framework/Versions/A/HIServices
0x0000000000731000 	/System/Library/Frameworks/ApplicationServices.framework/Versions/A/Frameworks/LangAnalysis.framework/Versions/A/LangAnalysis
0x0000000000731000 	/System/Library/Frameworks/ApplicationServices.framework/Versions/A/Frameworks/PrintCore.framework/Versions/A/PrintCore
0x0000000000731000 	/System/Library/Frameworks/ApplicationServices.framework/Versions/A/Frameworks/QD.framework/Versions/A/QD
0x0000000000731000 	/System/Library/Frameworks/ApplicationServices.framework/Versions/A/Frameworks/SpeechSynthesis.framework/Versions/A/SpeechSynthesis
0x0000000000731000 	/System/Library/Frameworks/Metal.framework/Versions/A/Metal
0x0000000000731000 	/System/Library/Frameworks/Accelerate.framework/Versions/A/Frameworks/vImage.framework/Versions/A/vImage
0x0000000000731000 	/System/Library/Frameworks/Accelerate.framework/Versions/A/Frameworks/vecLib.framework/Versions/A/vecLib
0x0000000000731000 	/System/Library/Frameworks/Accelerate.framework/Versions/A/Frameworks/vecLib.framework/Versions/A/libvDSP.dylib
0x0000000000731000 	/System/Library/Frameworks/Accelerate.framework/Versions/A/Frameworks/vecLib.framework/Versions/A/libvMisc.dylib
0x0000000000731000 	/System/Library/Frameworks/Accelerate.framework/Versions/A/Frameworks/vecLib.framework/Versions/A/libLAPACK.dylib
0x0000000000731000 	/System/Library/Frameworks/Accelerate.framework/Versions/A/Frameworks/vecLib.framework/Versions/A/libBLAS.dylib
0x0000000000731000 	/System/Library/Frameworks/Accelerate.framework/Versions/A/Frameworks/vecLib.framework/Versions/A/libLinearAlgebra.dylib
0x0000000000731000 	/System/Library/Frameworks/Accelerate.framework/Versions/A/Frameworks/vecLib.framework/Versions/A/libSparseBLAS.dylib
0x0000000000731000 	/System/Library/PrivateFrameworks/GPUCompiler.framework/libmetal_timestamp.dylib
0x0000000000731000 	/System/Library/Frameworks/OpenGL.framework/Versions/A/Libraries/libCoreFSCache.dylib
0x0000000000731000 	/System/Library/PrivateFrameworks/IOAccelerator.framework/Versions/A/IOAccelerator
0x0000000000731000 	/System/Library/Frameworks/ApplicationServices.framework/Versions/A/Frameworks/ATS.framework/Versions/A/Resources/libFontParser.dylib
0x0000000000731000 	/System/Library/Frameworks/ApplicationServices.framework/Versions/A/Frameworks/ATS.framework/Versions/A/Resources/libFontRegistry.dylib
0x0000000000731000 	/System/Library/PrivateFrameworks/AppleVPA.framework/Versions/A/AppleVPA
0x0000000000731000 	/System/Library/PrivateFrameworks/AppleJPEG.framework/Versions/A/AppleJPEG
0x0000000000731000 	/System/Library/Frameworks/ImageIO.framework/Versions/A/Resources/libJPEG.dylib
0x0000000000731000 	/System/Library/Frameworks/ImageIO.framework/Versions/A/Resources/libTIFF.dylib
0x0000000000731000 	/System/Library/Frameworks/ImageIO.framework/Versions/A/Resources/libPng.dylib
0x0000000000731000 	/System/Library/Frameworks/ImageIO.framework/Versions/A/Resources/libGIF.dylib
0x0000000000731000 	/System/Library/Frameworks/ImageIO.framework/Versions/A/Resources/libJP2.dylib
0x0000000000731000 	/System/Library/Frameworks/ImageIO.framework/Versions/A/Resources/libRadiance.dylib
0x0000000000731000 	/System/Library/Frameworks/CoreVideo.framework/Versions/A/CoreVideo
0x0000000000731000 	/System/Library/Frameworks/OpenGL.framework/Versions/A/Libraries/libGLU.dylib
0x0000000000731000 	/System/Library/Frameworks/OpenGL.framework/Versions/A/Libraries/libGFXShared.dylib
0x0000000000731000 	/System/Library/Frameworks/OpenGL.framework/Versions/A/Libraries/libGL.dylib
0x0000000000731000 	/System/Library/Frameworks/OpenGL.framework/Versions/A/Libraries/libGLImage.dylib
0x0000000000731000 	/System/Library/Frameworks/OpenGL.framework/Versions/A/Libraries/libCVMSPluginSupport.dylib
0x0000000000731000 	/System/Library/Frameworks/OpenGL.framework/Versions/A/Libraries/libCoreVMClient.dylib
0x0000000000731000 	/usr/lib/libcups.2.dylib
0x0000000000731000 	/System/Library/Frameworks/Kerberos.framework/Versions/A/Kerberos
0x0000000000731000 	/System/Library/Frameworks/GSS.framework/Versions/A/GSS
0x0000000000731000 	/usr/lib/libresolv.9.dylib
0x0000000000731000 	/usr/lib/libiconv.2.dylib
0x0000000000731000 	/System/Library/PrivateFrameworks/Heimdal.framework/Versions/A/Heimdal
0x0000000000731000 	/usr/lib/libheimdal-asn1.dylib
0x0000000000731000 	/System/Library/Frameworks/OpenDirectory.framework/Versions/A/OpenDirectory
0x0000000000731000 	/System/Library/PrivateFrameworks/CommonAuth.framework/Versions/A/CommonAuth
0x0000000000731000 	/System/Library/Frameworks/OpenDirectory.framework/Versions/A/Frameworks/CFOpenDirectory.framework/Versions/A/CFOpenDirectory
0x0000000000731000 	/System/Library/Frameworks/SecurityFoundation.framework/Versions/A/SecurityFoundation
0x0000000000731000 	/System/Library/PrivateFrameworks/LanguageModeling.framework/Versions/A/LanguageModeling
0x0000000000731000 	/usr/lib/libmarisa.dylib
0x0000000000731000 	/usr/lib/libChineseTokenizer.dylib
0x0000000000731000 	/usr/lib/libcmph.dylib
0x0000000000731000 	/usr/lib/libcompression.dylib
0x0000000000731000 	/System/Library/Frameworks/ServiceManagement.framework/Versions/A/ServiceManagement
0x0000000000731000 	/usr/lib/libxslt.1.dylib
0x0000000000731000 	/System/Library/Frameworks/Carbon.framework/Versions/A/Frameworks/Ink.framework/Versions/A/Ink
0x0000000000731000 	/usr/lib/libFosl_dynamic.dylib
0x0000000000731000 	/System/Library/PrivateFrameworks/FaceCore.framework/Versions/A/FaceCore
0x0000000000731000 	/System/Library/Frameworks/OpenCL.framework/Versions/A/OpenCL
0x0000000000731000 	/System/Library/PrivateFrameworks/CrashReporterSupport.framework/Versions/A/CrashReporterSupport
0x0000000000731000 	/System/Library/PrivateFrameworks/IconServices.framework/Versions/A/IconServices
0x0000000000731000 	/System/Library/PrivateFrameworks/Apple80211.framework/Versions/A/Apple80211
0x0000000000731000 	/System/Library/Frameworks/CoreWLAN.framework/Versions/A/CoreWLAN
0x0000000000731000 	/System/Library/Frameworks/IOBluetooth.framework/Versions/A/IOBluetooth
0x0000000000731000 	/System/Library/PrivateFrameworks/CoreWiFi.framework/Versions/A/CoreWiFi
0x0000000000731000 	/System/Library/Frameworks/CoreBluetooth.framework/Versions/A/CoreBluetooth
0x0000000000731000 	/System/Library/PrivateFrameworks/ChunkingLibrary.framework/Versions/A/ChunkingLibrary
0x0000000000731000 	/System/Library/PrivateFrameworks/DebugSymbols.framework/Versions/A/DebugSymbols
0x0000000000731000 	/System/Library/PrivateFrameworks/CoreSymbolication.framework/Versions/A/CoreSymbolication
0x0000000000731000 	/System/Library/PrivateFrameworks/Symbolication.framework/Versions/A/Symbolication
0x0000000000731000 	/System/Library/PrivateFrameworks/SpeechRecognitionCore.framework/Versions/A/SpeechRecognitionCore
0x0000000103cf6000 	/Library/Java/JavaVirtualMachines/jdk1.8.0_73.jdk/Contents/Home/jre/lib/server/libjvm.dylib
0x0000000000731000 	/usr/lib/libstdc++.6.dylib
0x0000000104c87000 	/Library/Java/JavaVirtualMachines/jdk1.8.0_73.jdk/Contents/Home/jre/lib/libverify.dylib
0x0000000104c95000 	/Library/Java/JavaVirtualMachines/jdk1.8.0_73.jdk/Contents/Home/jre/lib/libjava.dylib
0x0000000104cd4000 	/Library/Java/JavaVirtualMachines/jdk1.8.0_73.jdk/Contents/Home/jre/lib/libzip.dylib
0x000000011ae41000 	/System/Library/Frameworks/JavaVM.framework/Frameworks/JavaRuntimeSupport.framework/JavaRuntimeSupport
0x000000011ae5c000 	/System/Library/Frameworks/JavaVM.framework/Versions/A/Frameworks/JavaNativeFoundation.framework/Versions/A/JavaNativeFoundation
0x000000011ae71000 	/System/Library/Frameworks/JavaVM.framework/Versions/A/JavaVM
0x0000000000731000 	/System/Library/Frameworks/Carbon.framework/Versions/A/Carbon
0x000000011ae7e000 	/System/Library/PrivateFrameworks/JavaLaunching.framework/Versions/A/JavaLaunching
0x0000000000731000 	/System/Library/Frameworks/Carbon.framework/Versions/A/Frameworks/CommonPanels.framework/Versions/A/CommonPanels
0x0000000000731000 	/System/Library/Frameworks/Carbon.framework/Versions/A/Frameworks/Help.framework/Versions/A/Help
0x0000000000731000 	/System/Library/Frameworks/Carbon.framework/Versions/A/Frameworks/ImageCapture.framework/Versions/A/ImageCapture
0x0000000000731000 	/System/Library/Frameworks/Carbon.framework/Versions/A/Frameworks/OpenScripting.framework/Versions/A/OpenScripting
0x0000000000731000 	/System/Library/Frameworks/Carbon.framework/Versions/A/Frameworks/Print.framework/Versions/A/Print
0x0000000000731000 	/System/Library/Frameworks/Carbon.framework/Versions/A/Frameworks/SecurityHI.framework/Versions/A/SecurityHI
0x000000011c7da000 	/Library/Java/JavaVirtualMachines/jdk1.8.0_73.jdk/Contents/Home/jre/lib/libawt.dylib
0x000000011c882000 	/Library/Java/JavaVirtualMachines/jdk1.8.0_73.jdk/Contents/Home/jre/lib/./libmlib_image.dylib
0x000000011c94e000 	/Library/Java/JavaVirtualMachines/jdk1.8.0_73.jdk/Contents/Home/jre/lib/libawt_lwawt.dylib
0x000000011ca03000 	/Library/Java/JavaVirtualMachines/jdk1.8.0_73.jdk/Contents/Home/jre/lib/./libosxapp.dylib
0x0000000000731000 	/System/Library/Frameworks/ExceptionHandling.framework/Versions/A/ExceptionHandling
0x0000000000731000 	/System/Library/PrivateFrameworks/CoreServicesInternal.framework/Versions/A/CoreServicesInternal
0x0000000000731000 	/System/Library/Frameworks/CoreGraphics.framework/Versions/A/Resources/libRIP.A.dylib
0x0000000000731000 	/System/Library/Frameworks/Accelerate.framework/Versions/A/Frameworks/vImage.framework/Versions/A/Libraries/libCGInterfaces.dylib
0x0000000000731000 	/System/Library/Frameworks/CoreGraphics.framework/Versions/A/Resources/libCGXType.A.dylib
0x0000000000731000 	/System/Library/Frameworks/OpenCL.framework/Versions/A/Libraries/libcldcpuengine.dylib
0x0000000000731000 	/System/Library/PrivateFrameworks/DiskImages.framework/Versions/A/DiskImages
0x0000000000731000 	/System/Library/Frameworks/DiscRecording.framework/Versions/A/DiscRecording
0x0000000000731000 	/usr/lib/libcsfde.dylib
0x0000000000731000 	/usr/lib/libcurl.4.dylib
0x0000000000731000 	/System/Library/PrivateFrameworks/MediaKit.framework/Versions/A/MediaKit
0x0000000000731000 	/System/Library/PrivateFrameworks/ProtectedCloudStorage.framework/Versions/A/ProtectedCloudStorage
0x0000000000731000 	/usr/lib/libCoreStorage.dylib
0x0000000000731000 	/System/Library/PrivateFrameworks/EFILogin.framework/Versions/A/EFILogin
0x0000000000731000 	/usr/lib/libutil.dylib
0x0000000000731000 	/System/Library/PrivateFrameworks/FindMyDevice.framework/Versions/A/FindMyDevice
0x0000000000731000 	/System/Library/Frameworks/LDAP.framework/Versions/A/LDAP
0x0000000000731000 	/usr/lib/libsasl2.2.dylib
0x0000000000731000 	/System/Library/PrivateFrameworks/CoreDaemon.framework/Versions/B/CoreDaemon
0x0000000000731000 	/usr/lib/libcrypto.0.9.8.dylib
0x0000000000731000 	/System/Library/PrivateFrameworks/AppleSRP.framework/Versions/A/AppleSRP
0x0000000000731000 	/System/Library/PrivateFrameworks/TrustEvaluationAgent.framework/Versions/A/TrustEvaluationAgent
0x000000011e9a1000 	cl_kernels
0x0000000000731000 	/System/Library/Frameworks/OpenCL.framework/Versions/A/Libraries/ImageFormats/unorm8_bgra.dylib
0x0000000000731000 	/System/Library/Frameworks/OpenCL.framework/Versions/A/Libraries/ImageFormats/unorm8_rgba.dylib
0x0000000000731000 	/System/Library/PrivateFrameworks/FamilyControls.framework/Versions/A/FamilyControls
0x0000000000731000 	/System/Library/PrivateFrameworks/CommerceKit.framework/Versions/A/Frameworks/CommerceCore.framework/Versions/A/CommerceCore
0x0000000000731000 	/System/Library/PrivateFrameworks/SystemAdministration.framework/Versions/A/SystemAdministration
0x0000000000731000 	/System/Library/PrivateFrameworks/AppContainer.framework/Versions/A/AppContainer
0x0000000000731000 	/System/Library/PrivateFrameworks/SecCodeWrapper.framework/Versions/A/SecCodeWrapper
0x0000000000731000 	/System/Library/Frameworks/DirectoryService.framework/Versions/A/DirectoryService
0x0000000000731000 	/System/Library/PrivateFrameworks/LoginUIKit.framework/Versions/A/Frameworks/LoginUICore.framework/Versions/A/LoginUICore
0x0000000000731000 	/usr/lib/libodfde.dylib
0x0000000000731000 	/System/Library/Frameworks/OpenGL.framework/Versions/A/Resources/GLEngine.bundle/GLEngine
0x0000000000731000 	/System/Library/Frameworks/OpenGL.framework/Versions/A/Libraries/libGLProgrammability.dylib
0x000000011fb18000 	/System/Library/Extensions/AppleIntelHD5000GraphicsGLDriver.bundle/Contents/MacOS/AppleIntelHD5000GraphicsGLDriver
0x0000000000731000 	/System/Library/PrivateFrameworks/GPUSupport.framework/Versions/A/Libraries/libGPUSupportMercury.dylib
0x0000000000731000 	/System/Library/Frameworks/OpenGL.framework/Versions/A/Resources/GLRendererFloat.bundle/GLRendererFloat
0x0000000120b26000 	/Library/Java/JavaVirtualMachines/jdk1.8.0_73.jdk/Contents/Home/jre/lib/libfontmanager.dylib
0x000000012206e000 	/Library/Java/JavaVirtualMachines/jdk1.8.0_73.jdk/Contents/Home/jre/lib/libosxui.dylib
0x0000000122d8f000 	/Library/Java/JavaVirtualMachines/jdk1.8.0_73.jdk/Contents/Home/jre/lib/libnet.dylib
0x0000000122bd7000 	/Library/Java/JavaVirtualMachines/jdk1.8.0_73.jdk/Contents/Home/jre/lib/libnio.dylib
0x0000000000731000 	/System/Library/Frameworks/ApplicationServices.framework/Versions/A/Frameworks/ATS.framework/Versions/A/Resources/libTrueTypeScaler.dylib
0x00000001809e6000 	/System/Library/Extensions/AppleIntelHD5000GraphicsMTLDriver.bundle/Contents/MacOS/AppleIntelHD5000GraphicsMTLDriver
0x0000000180913000 	/private/var/folders/zg/1l8q7jb960scm7wpq1kf74lm0000gn/T/jogamp_0000/file_cache/jln3379612854631001469/jln4065201494281564301/libgluegen-rt.jnilib
0x0000000180917000 	/private/var/folders/zg/1l8q7jb960scm7wpq1kf74lm0000gn/T/jogamp_0000/file_cache/jln3379612854631001469/jln4065201494281564301/libnativewindow_awt.jnilib
0x000000018091a000 	/Library/Java/JavaVirtualMachines/jdk1.8.0_73.jdk/Contents/Home/jre/lib/libjawt.dylib
0x000000018091d000 	/private/var/folders/zg/1l8q7jb960scm7wpq1kf74lm0000gn/T/jogamp_0000/file_cache/jln3379612854631001469/jln4065201494281564301/libnativewindow_macosx.jnilib
0x0000000184e26000 	/private/var/folders/zg/1l8q7jb960scm7wpq1kf74lm0000gn/T/jogamp_0000/file_cache/jln3379612854631001469/jln4065201494281564301/libjogl_desktop.jnilib
0x000000011e537000 	/Library/Java/JavaVirtualMachines/jdk1.8.0_73.jdk/Contents/Home/jre/lib/libjpeg.dylib

VM Arguments:
jvm_args: -Djava.security.policy=java.policy.applet -Dfile.encoding=UTF-8 
java_command: sun.applet.AppletViewer module1.HelloWorld1455644698873.html
java_class_path (initial): /Users/intruder04/dev_projects/java/UCSDUnfoldingMaps/build:/Users/intruder04/dev_projects/java/UCSDUnfoldingMaps/lib/core.jar:/Users/intruder04/dev_projects/java/UCSDUnfoldingMaps/lib/gluegen-rt.jar:/Users/intruder04/dev_projects/java/UCSDUnfoldingMaps/lib/jogl-all.jar:/Users/intruder04/dev_projects/java/UCSDUnfoldingMaps/lib/log4j-1.2.15.jar:/Users/intruder04/dev_projects/java/UCSDUnfoldingMaps/lib/sqlite-jdbc-3.7.2.jar:/Users/intruder04/dev_projects/java/UCSDUnfoldingMaps/lib/json4processing.jar:/Users/intruder04/dev_projects/java/UCSDUnfoldingMaps/lib/libTUIO.jar:/Users/intruder04/dev_projects/java/UCSDUnfoldingMaps/lib/unfolding.0.9.7-uscd.jar
Launcher Type: SUN_STANDARD

Environment Variables:
PATH=/usr/bin:/bin:/usr/sbin:/sbin
SHELL=/bin/bash

Signal Handlers:
SIGSEGV: [libjvm.dylib+0x5a71a5], sa_mask[0]=11111111011111110111111111111111, sa_flags=SA_ONSTACK|SA_RESTART|SA_SIGINFO
SIGBUS: [libjvm.dylib+0x5a71a5], sa_mask[0]=11111111011111110111111111111111, sa_flags=SA_RESTART|SA_SIGINFO
SIGFPE: [libjvm.dylib+0x480eb4], sa_mask[0]=11111111011111110111111111111111, sa_flags=SA_RESTART|SA_SIGINFO
SIGPIPE: [libjvm.dylib+0x480eb4], sa_mask[0]=11111111011111110111111111111111, sa_flags=SA_RESTART|SA_SIGINFO
SIGXFSZ: [libjvm.dylib+0x480eb4], sa_mask[0]=11111111011111110111111111111111, sa_flags=SA_RESTART|SA_SIGINFO
SIGILL: [libjvm.dylib+0x480eb4], sa_mask[0]=11111111011111110111111111111111, sa_flags=SA_RESTART|SA_SIGINFO
SIGUSR1: SIG_DFL, sa_mask[0]=00000000000000000000000000000000, sa_flags=none
SIGUSR2: [libjvm.dylib+0x4809d2], sa_mask[0]=00100000000000000000000000000000, sa_flags=SA_RESTART|SA_SIGINFO
SIGHUP: [libjvm.dylib+0x47efa9], sa_mask[0]=11111111011111110111111111111111, sa_flags=SA_RESTART|SA_SIGINFO
SIGINT: [libjvm.dylib+0x47efa9], sa_mask[0]=11111111011111110111111111111111, sa_flags=SA_RESTART|SA_SIGINFO
SIGTERM: [libjvm.dylib+0x47efa9], sa_mask[0]=11111111011111110111111111111111, sa_flags=SA_RESTART|SA_SIGINFO
SIGQUIT: [libjvm.dylib+0x47efa9], sa_mask[0]=11111111011111110111111111111111, sa_flags=SA_RESTART|SA_SIGINFO


---------------  S Y S T E M  ---------------

OS:Bsduname:Darwin 15.3.0 Darwin Kernel Version 15.3.0: Thu Dec 10 18:40:58 PST 2015; root:xnu-3248.30.4~1/RELEASE_X86_64 x86_64
rlimit: STACK 8192k, CORE 0k, NPROC 709, NOFILE 10240, AS infinity
load average:1.61 1.81 1.70

CPU:total 4 (2 cores per cpu, 2 threads per core) family 6 model 69 stepping 1, cmov, cx8, fxsr, mmx, sse, sse2, sse3, ssse3, sse4.1, sse4.2, popcnt, avx, avx2, aes, clmul, erms, lzcnt, ht, tsc, tscinvbit, bmi1, bmi2

Memory: 4k page, physical 8388608k(108280k free)

/proc/meminfo:


vm_info: Java HotSpot(TM) 64-Bit Server VM (25.73-b02) for bsd-amd64 JRE (1.8.0_73-b02), built on Jan 29 2016 15:02:00 by "java_re" with gcc 4.2.1 (Based on Apple Inc. build 5658) (LLVM build 2336.11.00)

time: Tue Feb 16 20:45:17 2016
elapsed time: 18 seconds (0d 0h 0m 18s)

