#
# A fatal error has been detected by the Java Runtime Environment:
#
#  SIGSEGV (0xb) at pc=0x00007fff8653c4e9, pid=11391, tid=2571
#
# JRE version: Java(TM) SE Runtime Environment (8.0_73-b02) (build 1.8.0_73-b02)
# Java VM: Java HotSpot(TM) 64-Bit Server VM (25.73-b02 mixed mode bsd-amd64 compressed oops)
# Problematic frame:
# C  [libobjc.A.dylib+0x14e9]  objc_msgSend+0x29
#
# Failed to write core dump. Core dumps have been disabled. To enable core dumping, try "ulimit -c unlimited" before starting Java again
#
# If you would like to submit a bug report, please visit:
#   http://bugreport.java.com/bugreport/crash.jsp
# The crash happened outside the Java Virtual Machine in native code.
# See problematic frame for where to report the bug.
#

---------------  T H R E A D  ---------------

Current thread (0x00007f86c48e9800):  JavaThread "AWT-AppKit" daemon [_thread_in_native, id=2571, stack(0x00007fff5299a000,0x00007fff5319a000)]

siginfo: si_signo: 11 (SIGSEGV), si_code: 1 (SEGV_MAPERR), si_addr: 0x0000000000000000

Registers:
RAX=0x00007f86c82adac0, RBX=0x00000001898c3450, RCX=0x0000000126c80f80, RDX=0x0000000126aac920
RSP=0x00007fff53195478, RBP=0x00007fff53195530, RSI=0x00007fff902acd0e, RDI=0x00007f86c82ac250
R8 =0x0000000000000000, R9 =0x00000000000008c0, R10=0x0000000000000000, R11=0x00007f86c4c11000
R12=0x0000000000000000, R13=0x000000018e3b0b68, R14=0x00000001898c3440, R15=0x00007f86c48e9800
RIP=0x00007fff8653c4e9, EFLAGS=0x0000000000010246, ERR=0x0000000000000004
  TRAPNO=0x000000000000000e

Top of Stack: (sp=0x00007fff53195478)
0x00007fff53195478:   00000001898c1157 00007fff531954d0
0x00007fff53195488:   0000000000000003 00007fff531954b0
0x00007fff53195498:   000000010d7f1646 000000018e3b0b68
0x00007fff531954a8:   000000018e3b0b68 00007f86c82adac0
0x00007fff531954b8:   00000001898c36a0 00000001898c3710
0x00007fff531954c8:   00007fff737e7770 00007fff749e8500
0x00007fff531954d8:   00000001898c3450 00000001898c3690
0x00007fff531954e8:   00007f86c82adac0 00007f86c82ac250
0x00007fff531954f8:   00007f86c3538470 00007f86c82adac0
0x00007fff53195508:   00007f86c82ac250 00007fff531955b0
0x00007fff53195518:   00007f86c48e99f8 000000018e3b0b68
0x00007fff53195528:   00007fff531955d8 00007fff531955a0
0x00007fff53195538:   000000010e5a2954 00007fff531955a0
0x00007fff53195548:   000000010e5a26d9 000000010e5ae823
0x00007fff53195558:   000000010e5a26a2 00007fff53195560
0x00007fff53195568:   000000018e3b0b68 00007fff531955d8
0x00007fff53195578:   000000018e3b37a0 0000000000000000
0x00007fff53195588:   000000018e3b0b68 0000000000000000
0x00007fff53195598:   00007fff531955c0 00007fff53195620
0x00007fff531955a8:   000000010e594c4d 0000000799c061c8
0x00007fff531955b8:   000000010e59c578 00007f86c82adac0
0x00007fff531955c8:   000000010e59ddb9 00007f86c82ac250
0x00007fff531955d8:   000000010e59dd82 00007fff531955e0
0x00007fff531955e8:   000000018e3b0d32 00007fff53195648
0x00007fff531955f8:   000000018e3b37a0 0000000000000000
0x00007fff53195608:   000000018e3b0d40 00007fff531955c0
0x00007fff53195618:   00007fff53195630 00007fff53195690
0x00007fff53195628:   000000010e594c4d 00007f86c82adac0
0x00007fff53195638:   0000000799c7c260 00007f86c82ac250
0x00007fff53195648:   0000000799c7c260 00007fff53195650
0x00007fff53195658:   000000019372276e 00007fff531956a0
0x00007fff53195668:   0000000193722828 0000000000000000 

Instructions: (pc=0x00007fff8653c4e9)
0x00007fff8653c4c9:   01 2e 75 66 49 bb f8 ff ff ff ff 7f 00 00 4c 23
0x00007fff8653c4d9:   1f 49 89 f2 45 23 53 18 49 c1 e2 04 4d 03 53 10
0x00007fff8653c4e9:   49 3b 32 75 04 41 ff 62 08 49 83 3a 01 76 0d 49
0x00007fff8653c4f9:   83 c2 10 49 3b 32 75 f1 41 ff 62 08 72 40 4d 8b 

Register to memory mapping:

RAX=0x00007f86c82adac0 is an unknown value
RBX=0x00000001898c3450: Java_jogamp_nativewindow_macosx_OSXUtil_GetScreenRefreshRate0+0x1cf0 in /private/var/folders/zg/1l8q7jb960scm7wpq1kf74lm0000gn/T/jogamp_0000/file_cache/jln7437864289508864469/jln1051086073770150891/libnativewindow_macosx.jnilib at 0x00000001898bc000
RCX=0x0000000126c80f80 is an unknown value
RDX=0x0000000126aac920 is an unknown value
RSP=0x00007fff53195478 is pointing into the stack for thread: 0x00007f86c48e9800
RBP=0x00007fff53195530 is pointing into the stack for thread: 0x00007f86c48e9800
RSI=0x00007fff902acd0e is an unknown value
RDI=0x00007f86c82ac250 is an unknown value
R8 =0x0000000000000000 is an unknown value
R9 =0x00000000000008c0 is an unknown value
R10=0x0000000000000000 is an unknown value
R11=0x00007f86c4c11000 is a thread
R12=0x0000000000000000 is an unknown value
R13={method} {0x000000018e3b0b68} 'UnsetJAWTRootSurfaceLayer0' '(JJ)V' in 'jogamp/nativewindow/jawt/macosx/MacOSXJAWTWindow'
R14=0x00000001898c3440: Java_jogamp_nativewindow_macosx_OSXUtil_GetScreenRefreshRate0+0x1ce0 in /private/var/folders/zg/1l8q7jb960scm7wpq1kf74lm0000gn/T/jogamp_0000/file_cache/jln7437864289508864469/jln1051086073770150891/libnativewindow_macosx.jnilib at 0x00000001898bc000
R15=0x00007f86c48e9800 is a thread


Stack: [0x00007fff5299a000,0x00007fff5319a000],  sp=0x00007fff53195478,  free space=8173k
Native frames: (J=compiled Java code, j=interpreted, Vv=VM code, C=native code)
C  [libobjc.A.dylib+0x14e9]  objc_msgSend+0x29
j  jogamp.nativewindow.jawt.macosx.MacOSXJAWTWindow.UnsetJAWTRootSurfaceLayer0(JJ)V+0
j  jogamp.nativewindow.jawt.macosx.MacOSXJAWTWindow.access$200(JJ)V+2
j  jogamp.nativewindow.jawt.macosx.MacOSXJAWTWindow$1.run()V+38
j  com.jogamp.common.util.RunnableTask.run()V+24
v  ~StubRoutines::call_stub
V  [libjvm.dylib+0x2eae7a]
V  [libjvm.dylib+0x321f83]
V  [libjvm.dylib+0x314757]
C  [libnativewindow_macosx.jnilib+0x5326]  Java_jogamp_nativewindow_jawt_macosx_MacOSXJAWTWindow_UnsetJAWTRootSurfaceLayer0+0x2b6
C  [Foundation+0x8dd4b]  __NSThreadPerformPerform+0x117
C  [CoreFoundation+0x7e5c1]  __CFRUNLOOP_IS_CALLING_OUT_TO_A_SOURCE0_PERFORM_FUNCTION__+0x11
C  [CoreFoundation+0x7041c]  __CFRunLoopDoSources0+0x22c
C  [CoreFoundation+0x6f93f]  __CFRunLoopRun+0x39f
C  [CoreFoundation+0x6f338]  CFRunLoopRunSpecific+0x128
C  [HIToolbox+0x30935]  RunCurrentEventLoopInMode+0xeb
C  [HIToolbox+0x30677]  ReceiveNextEventCommon+0xb8
C  [HIToolbox+0x305af]  _BlockUntilNextEventMatchingListInModeWithFilter+0x47
C  [AppKit+0x8a0ee]  _DPSNextEvent+0x42b
C  [AppKit+0x456943]  -[NSApplication _nextEventMatchingEventMask:untilDate:inMode:dequeue:]+0x1c6
C  [libosxapp.dylib+0x23aa]  -[NSApplicationAWT nextEventMatchingMask:untilDate:inMode:dequeue:]+0x7c
C  [AppKit+0x7ffc8]  -[NSApplication run]+0x2aa
C  [libosxapp.dylib+0x214d]  +[NSApplicationAWT runAWTLoopWithApp:]+0x9c
C  [libawt_lwawt.dylib+0x4455b]  -[AWTStarter starter:]+0x389
C  [Foundation+0x8dd4b]  __NSThreadPerformPerform+0x117
C  [CoreFoundation+0x7e5c1]  __CFRUNLOOP_IS_CALLING_OUT_TO_A_SOURCE0_PERFORM_FUNCTION__+0x11
C  [CoreFoundation+0x7041c]  __CFRunLoopDoSources0+0x22c
C  [CoreFoundation+0x6f93f]  __CFRunLoopRun+0x39f
C  [CoreFoundation+0x6f338]  CFRunLoopRunSpecific+0x128
C  [java+0x6463]  CreateExecutionEnvironment+0x367
C  [java+0x21ac]  JLI_Launch+0x7a0
C  [java+0x84c0]  main+0x65
C  [java+0x1a04]  start+0x34
C  0x0000000000000007

Java frames: (J=compiled Java code, j=interpreted, Vv=VM code)
j  jogamp.nativewindow.jawt.macosx.MacOSXJAWTWindow.UnsetJAWTRootSurfaceLayer0(JJ)V+0
j  jogamp.nativewindow.jawt.macosx.MacOSXJAWTWindow.access$200(JJ)V+2
j  jogamp.nativewindow.jawt.macosx.MacOSXJAWTWindow$1.run()V+38
j  com.jogamp.common.util.RunnableTask.run()V+24
v  ~StubRoutines::call_stub

---------------  P R O C E S S  ---------------

Java Threads: ( => current thread )
  0x00007f86c462c800 JavaThread "Thread-37" [_thread_blocked, id=71431, stack(0x0000700002715000,0x0000700002815000)]
  0x00007f86c462a000 JavaThread "Thread-36" [_thread_in_native, id=65039, stack(0x0000700001efd000,0x0000700001ffd000)]
  0x00007f86c4f4a000 JavaThread "Thread-35" [_thread_in_native, id=64535, stack(0x0000700001dfa000,0x0000700001efa000)]
  0x00007f86c4563800 JavaThread "Thread-34" [_thread_in_native, id=62755, stack(0x0000700001cf7000,0x0000700001df7000)]
  0x00007f86c54db800 JavaThread "Thread-33" [_thread_in_native, id=62995, stack(0x00007000019ee000,0x0000700001aee000)]
  0x00007f86c4eb5800 JavaThread "Thread-32" [_thread_in_native, id=64275, stack(0x0000700001bf4000,0x0000700001cf4000)]
  0x00007f86c3d95000 JavaThread "Thread-30" [_thread_in_native, id=65551, stack(0x0000700002000000,0x0000700002100000)]
  0x00007f86c3c8b800 JavaThread "Thread-29" [_thread_in_native, id=66063, stack(0x0000700002103000,0x0000700002203000)]
  0x00007f86c5449000 JavaThread "Image Fetcher 3" daemon [_thread_blocked, id=69635, stack(0x0000700002612000,0x0000700002712000)]
  0x00007f86c4098800 JavaThread "Image Fetcher 2" daemon [_thread_blocked, id=69383, stack(0x000070000250f000,0x000070000260f000)]
  0x00007f86c408d800 JavaThread "Image Fetcher 1" daemon [_thread_blocked, id=68611, stack(0x000070000240c000,0x000070000250c000)]
  0x00007f86c407f800 JavaThread "Image Fetcher 0" daemon [_thread_blocked, id=68099, stack(0x0000700002309000,0x0000700002409000)]
  0x00007f86c3c88000 JavaThread "Keep-Alive-Timer" daemon [_thread_blocked, id=67879, stack(0x0000700002206000,0x0000700002306000)]
  0x00007f86c43b9800 JavaThread "Animation Thread" [_thread_blocked, id=59199, stack(0x0000700001765000,0x0000700001865000)]
  0x00007f86c4c11000 JavaThread "AWT-EventQueue-1" [_thread_in_native, id=59439, stack(0x0000700001868000,0x0000700001968000)]
  0x00007f86c43a9800 JavaThread "DestroyJavaVM" [_thread_blocked, id=5891, stack(0x000070000011a000,0x000070000021a000)]
  0x00007f86c39fa800 JavaThread "AWT-EventQueue-0" [_thread_blocked, id=54279, stack(0x0000700001662000,0x0000700001762000)]
  0x00007f86c3997800 JavaThread "Java2D Disposer" daemon [_thread_blocked, id=53259, stack(0x00007000013d9000,0x00007000014d9000)]
  0x00007f86c4126800 JavaThread "Java2D Queue Flusher" daemon [_thread_blocked, id=41511, stack(0x00007000012d6000,0x00007000013d6000)]
  0x00007f86c48fe800 JavaThread "AWT-Shutdown" [_thread_blocked, id=29459, stack(0x0000700001150000,0x0000700001250000)]
=>0x00007f86c48e9800 JavaThread "AWT-AppKit" daemon [_thread_in_native, id=2571, stack(0x00007fff5299a000,0x00007fff5319a000)]
  0x00007f86c3804800 JavaThread "Service Thread" daemon [_thread_blocked, id=18691, stack(0x0000700000e44000,0x0000700000f44000)]
  0x00007f86c403b800 JavaThread "C1 CompilerThread2" daemon [_thread_blocked, id=18179, stack(0x0000700000d41000,0x0000700000e41000)]
  0x00007f86c403a800 JavaThread "C2 CompilerThread1" daemon [_thread_blocked, id=17667, stack(0x0000700000c3e000,0x0000700000d3e000)]
  0x00007f86c4833000 JavaThread "C2 CompilerThread0" daemon [_thread_blocked, id=17155, stack(0x0000700000b3b000,0x0000700000c3b000)]
  0x00007f86c4012000 JavaThread "Signal Dispatcher" daemon [_thread_blocked, id=13839, stack(0x0000700000a38000,0x0000700000b38000)]
  0x00007f86c401c800 JavaThread "Finalizer" daemon [_thread_blocked, id=12291, stack(0x000070000082f000,0x000070000092f000)]
  0x00007f86c500d800 JavaThread "Reference Handler" daemon [_thread_blocked, id=11779, stack(0x000070000072c000,0x000070000082c000)]

Other Threads:
  0x00007f86c500d000 VMThread [stack: 0x0000700000629000,0x0000700000729000] [id=11267]
  0x00007f86c403e800 WatcherThread [stack: 0x0000700000f47000,0x0000700001047000] [id=19203]

VM state:not at safepoint (normal execution)

VM Mutex/Monitor currently owned by a thread: None

Heap:
 PSYoungGen      total 71680K, used 8104K [0x0000000795580000, 0x000000079a080000, 0x00000007c0000000)
  eden space 66560K, 4% used [0x0000000795580000,0x000000079587e118,0x0000000799680000)
  from space 5120K, 98% used [0x0000000799b80000,0x000000079a06c170,0x000000079a080000)
  to   space 5120K, 0% used [0x0000000799680000,0x0000000799680000,0x0000000799b80000)
 ParOldGen       total 87552K, used 15621K [0x0000000740000000, 0x0000000745580000, 0x0000000795580000)
  object space 87552K, 17% used [0x0000000740000000,0x0000000740f41778,0x0000000745580000)
 Metaspace       used 18722K, capacity 18901K, committed 19072K, reserved 1067008K
  class space    used 1868K, capacity 1920K, committed 1920K, reserved 1048576K

Card table byte_map: [0x000000011d94d000,0x000000011dd4e000] byte_map_base: 0x0000000119f4d000

Marking Bits: (ParMarkBitMap*) 0x000000010dee3ea0
 Begin Bits: [0x000000011dff9000, 0x000000011fff9000)
 End Bits:   [0x000000011fff9000, 0x0000000121ff9000)

Polling page: 0x000000010cd29000

CodeCache: size=245760Kb used=5990Kb max_used=6003Kb free=239769Kb
 bounds [0x000000010e58d000, 0x000000010eb7d000, 0x000000011d58d000]
 total_blobs=2475 nmethods=1602 adapters=787
 compilation: enabled

Compilation events (10 events):
Event: 4.295 Thread 0x00007f86c403b800 nmethod 1596 0x000000010eb62950 code [0x000000010eb62aa0, 0x000000010eb62bb0]
Event: 4.296 Thread 0x00007f86c403b800 1597       3       processing.core.PApplet::canDraw (25 bytes)
Event: 4.296 Thread 0x00007f86c403b800 nmethod 1597 0x000000010eb62c10 code [0x000000010eb62d80, 0x000000010eb62fb0]
Event: 4.312 Thread 0x00007f86c403b800 1598   !   3       java.awt.EventDispatchThread::pumpOneEventForFilters (295 bytes)
Event: 4.320 Thread 0x00007f86c403b800 nmethod 1598 0x000000010eb63050 code [0x000000010eb63440, 0x000000010eb65868]
Event: 4.320 Thread 0x00007f86c403b800 1600       3       java.awt.EventQueue::dispatchEvent (80 bytes)
Event: 4.323 Thread 0x00007f86c403b800 nmethod 1600 0x000000010eb67410 code [0x000000010eb676c0, 0x000000010eb68998]
Event: 4.323 Thread 0x00007f86c403b800 1599       3       sun.awt.EventQueueDelegate::getDelegate (13 bytes)
Event: 4.323 Thread 0x00007f86c403b800 nmethod 1599 0x000000010eb69410 code [0x000000010eb695a0, 0x000000010eb698f8]
Event: 4.328 Thread 0x00007f86c4833000 1601  s    4       sun.misc.URLClassPath::getNextLoader (88 bytes)

GC Heap History (8 events):
Event: 2.080 GC heap before
{Heap before GC invocations=1 (full 0):
 PSYoungGen      total 38400K, used 33280K [0x0000000795580000, 0x0000000798000000, 0x00000007c0000000)
  eden space 33280K, 100% used [0x0000000795580000,0x0000000797600000,0x0000000797600000)
  from space 5120K, 0% used [0x0000000797b00000,0x0000000797b00000,0x0000000798000000)
  to   space 5120K, 0% used [0x0000000797600000,0x0000000797600000,0x0000000797b00000)
 ParOldGen       total 87552K, used 0K [0x0000000740000000, 0x0000000745580000, 0x0000000795580000)
  object space 87552K, 0% used [0x0000000740000000,0x0000000740000000,0x0000000745580000)
 Metaspace       used 15831K, capacity 15999K, committed 16256K, reserved 1064960K
  class space    used 1596K, capacity 1661K, committed 1664K, reserved 1048576K
Event: 2.089 GC heap after
Heap after GC invocations=1 (full 0):
 PSYoungGen      total 38400K, used 4999K [0x0000000795580000, 0x0000000798000000, 0x00000007c0000000)
  eden space 33280K, 0% used [0x0000000795580000,0x0000000795580000,0x0000000797600000)
  from space 5120K, 97% used [0x0000000797600000,0x0000000797ae1f68,0x0000000797b00000)
  to   space 5120K, 0% used [0x0000000797b00000,0x0000000797b00000,0x0000000798000000)
 ParOldGen       total 87552K, used 8K [0x0000000740000000, 0x0000000745580000, 0x0000000795580000)
  object space 87552K, 0% used [0x0000000740000000,0x0000000740002000,0x0000000745580000)
 Metaspace       used 15831K, capacity 15999K, committed 16256K, reserved 1064960K
  class space    used 1596K, capacity 1661K, committed 1664K, reserved 1048576K
}
Event: 3.118 GC heap before
{Heap before GC invocations=2 (full 0):
 PSYoungGen      total 38400K, used 38279K [0x0000000795580000, 0x0000000798000000, 0x00000007c0000000)
  eden space 33280K, 100% used [0x0000000795580000,0x0000000797600000,0x0000000797600000)
  from space 5120K, 97% used [0x0000000797600000,0x0000000797ae1f68,0x0000000797b00000)
  to   space 5120K, 0% used [0x0000000797b00000,0x0000000797b00000,0x0000000798000000)
 ParOldGen       total 87552K, used 8K [0x0000000740000000, 0x0000000745580000, 0x0000000795580000)
  object space 87552K, 0% used [0x0000000740000000,0x0000000740002000,0x0000000745580000)
 Metaspace       used 18257K, capacity 18453K, committed 18560K, reserved 1067008K
  class space    used 1848K, capacity 1920K, committed 1920K, reserved 1048576K
Event: 3.135 GC heap after
Heap after GC invocations=2 (full 0):
 PSYoungGen      total 38400K, used 5088K [0x0000000795580000, 0x000000079a080000, 0x00000007c0000000)
  eden space 33280K, 0% used [0x0000000795580000,0x0000000795580000,0x0000000797600000)
  from space 5120K, 99% used [0x0000000797b00000,0x0000000797ff8140,0x0000000798000000)
  to   space 5120K, 0% used [0x0000000797600000,0x0000000797600000,0x0000000797b00000)
 ParOldGen       total 87552K, used 7932K [0x0000000740000000, 0x0000000745580000, 0x0000000795580000)
  object space 87552K, 9% used [0x0000000740000000,0x00000007407bf070,0x0000000745580000)
 Metaspace       used 18257K, capacity 18453K, committed 18560K, reserved 1067008K
  class space    used 1848K, capacity 1920K, committed 1920K, reserved 1048576K
}
Event: 3.614 GC heap before
{Heap before GC invocations=3 (full 0):
 PSYoungGen      total 38400K, used 38368K [0x0000000795580000, 0x000000079a080000, 0x00000007c0000000)
  eden space 33280K, 100% used [0x0000000795580000,0x0000000797600000,0x0000000797600000)
  from space 5120K, 99% used [0x0000000797b00000,0x0000000797ff8140,0x0000000798000000)
  to   space 5120K, 0% used [0x0000000797600000,0x0000000797600000,0x0000000797b00000)
 ParOldGen       total 87552K, used 7932K [0x0000000740000000, 0x0000000745580000, 0x0000000795580000)
  object space 87552K, 9% used [0x0000000740000000,0x00000007407bf070,0x0000000745580000)
 Metaspace       used 18461K, capacity 18709K, committed 18816K, reserved 1067008K
  class space    used 1860K, capacity 1920K, committed 1920K, reserved 1048576K
Event: 3.624 GC heap after
Heap after GC invocations=3 (full 0):
 PSYoungGen      total 38400K, used 5104K [0x0000000795580000, 0x000000079a080000, 0x00000007c0000000)
  eden space 33280K, 0% used [0x0000000795580000,0x0000000795580000,0x0000000797600000)
  from space 5120K, 99% used [0x0000000797600000,0x0000000797afc170,0x0000000797b00000)
  to   space 5120K, 0% used [0x0000000799b80000,0x0000000799b80000,0x000000079a080000)
 ParOldGen       total 87552K, used 11269K [0x0000000740000000, 0x0000000745580000, 0x0000000795580000)
  object space 87552K, 12% used [0x0000000740000000,0x0000000740b01668,0x0000000745580000)
 Metaspace       used 18461K, capacity 18709K, committed 18816K, reserved 1067008K
  class space    used 1860K, capacity 1920K, committed 1920K, reserved 1048576K
}
Event: 4.330 GC heap before
{Heap before GC invocations=4 (full 0):
 PSYoungGen      total 38400K, used 38384K [0x0000000795580000, 0x000000079a080000, 0x00000007c0000000)
  eden space 33280K, 100% used [0x0000000795580000,0x0000000797600000,0x0000000797600000)
  from space 5120K, 99% used [0x0000000797600000,0x0000000797afc170,0x0000000797b00000)
  to   space 5120K, 0% used [0x0000000799b80000,0x0000000799b80000,0x000000079a080000)
 ParOldGen       total 87552K, used 11269K [0x0000000740000000, 0x0000000745580000, 0x0000000795580000)
  object space 87552K, 12% used [0x0000000740000000,0x0000000740b01668,0x0000000745580000)
 Metaspace       used 18712K, capacity 18901K, committed 19072K, reserved 1067008K
  class space    used 1865K, capacity 1920K, committed 1920K, reserved 1048576K
Event: 4.340 GC heap after
Heap after GC invocations=4 (full 0):
 PSYoungGen      total 71680K, used 5040K [0x0000000795580000, 0x000000079a080000, 0x00000007c0000000)
  eden space 66560K, 0% used [0x0000000795580000,0x0000000795580000,0x0000000799680000)
  from space 5120K, 98% used [0x0000000799b80000,0x000000079a06c170,0x000000079a080000)
  to   space 5120K, 0% used [0x0000000799680000,0x0000000799680000,0x0000000799b80000)
 ParOldGen       total 87552K, used 15621K [0x0000000740000000, 0x0000000745580000, 0x0000000795580000)
  object space 87552K, 17% used [0x0000000740000000,0x0000000740f41778,0x0000000745580000)
 Metaspace       used 18712K, capacity 18901K, committed 19072K, reserved 1067008K
  class space    used 1865K, capacity 1920K, committed 1920K, reserved 1048576K
}

Deoptimization events (10 events):
Event: 1.611 Thread 0x00007f86c52dc000 Uncommon trap: reason=unstable_if action=reinterpret pc=0x000000010e76a6c0 method=java.lang.String.toLowerCase(Ljava/util/Locale;)Ljava/lang/String; @ 85
Event: 1.795 Thread 0x00007f86c43b9800 Uncommon trap: reason=unstable_if action=reinterpret pc=0x000000010e7fad14 method=java.lang.String.lastIndexOf([CII[CIII)I @ 66
Event: 1.843 Thread 0x00007f86c43b9800 Uncommon trap: reason=unstable_if action=reinterpret pc=0x000000010e807e64 method=java.lang.String.indexOf([CII[CIII)I @ 3
Event: 1.843 Thread 0x00007f86c43b9800 Uncommon trap: reason=unstable_if action=reinterpret pc=0x000000010e757698 method=java.lang.String.indexOf([CII[CIII)I @ 3
Event: 1.846 Thread 0x00007f86c43b9800 Uncommon trap: reason=bimorphic action=maybe_recompile pc=0x000000010e7ff230 method=java.util.HashMap.getNode(ILjava/lang/Object;)Ljava/util/HashMap$Node; @ 126
Event: 1.846 Thread 0x00007f86c43b9800 Uncommon trap: reason=bimorphic action=maybe_recompile pc=0x000000010e7ff230 method=java.util.HashMap.getNode(ILjava/lang/Object;)Ljava/util/HashMap$Node; @ 126
Event: 1.846 Thread 0x00007f86c43b9800 Uncommon trap: reason=bimorphic action=maybe_recompile pc=0x000000010e7ff230 method=java.util.HashMap.getNode(ILjava/lang/Object;)Ljava/util/HashMap$Node; @ 126
Event: 1.846 Thread 0x00007f86c43b9800 Uncommon trap: reason=bimorphic action=maybe_recompile pc=0x000000010e7ff230 method=java.util.HashMap.getNode(ILjava/lang/Object;)Ljava/util/HashMap$Node; @ 126
Event: 2.644 Thread 0x00007f86c4c11000 Uncommon trap: reason=unstable_if action=reinterpret pc=0x000000010e73d26c method=java.lang.AbstractStringBuilder.append(Ljava/lang/String;)Ljava/lang/AbstractStringBuilder; @ 1
Event: 4.296 Thread 0x00007f86c4c11000 Uncommon trap: reason=unstable_if action=reinterpret pc=0x000000010ea8e328 method=com.jogamp.common.util.VersionNumber.compareTo(Lcom/jogamp/common/util/VersionNumber;)I @ 21

Internal exceptions (10 events):
Event: 0.157 Thread 0x00007f86c5001800 Exception <a 'java/lang/NoSuchFieldError': method resolution failed> (0x0000000795879e28) thrown at [/HUDSON3/workspace/8-2-build-macosx-x86_64/jdk8u73/6086/hotspot/src/share/vm/prims/methodHandles.cpp, line 1146]
Event: 0.160 Thread 0x00007f86c5001800 Exception <a 'java/lang/NoSuchFieldError': method resolution failed> (0x00000007958875f8) thrown at [/HUDSON3/workspace/8-2-build-macosx-x86_64/jdk8u73/6086/hotspot/src/share/vm/prims/methodHandles.cpp, line 1146]
Event: 0.351 Thread 0x00007f86c5001800 Exception <a 'java/io/FileNotFoundException'> (0x0000000795903420) thrown at [/HUDSON3/workspace/8-2-build-macosx-x86_64/jdk8u73/6086/hotspot/src/share/vm/prims/jni.cpp, line 709]
Event: 0.351 Thread 0x00007f86c5001800 Exception <a 'java/io/FileNotFoundException'> (0x0000000795903f88) thrown at [/HUDSON3/workspace/8-2-build-macosx-x86_64/jdk8u73/6086/hotspot/src/share/vm/prims/jni.cpp, line 709]
Event: 0.478 Thread 0x00007f86c5001800 Exception <a 'java/io/FileNotFoundException'> (0x0000000795ae9540) thrown at [/HUDSON3/workspace/8-2-build-macosx-x86_64/jdk8u73/6086/hotspot/src/share/vm/prims/jni.cpp, line 709]
Event: 1.864 Thread 0x00007f86c43b9800 Exception <a 'java/lang/UnsatisfiedLinkError': com.jogamp.common.util.JarUtil.fixNativeLibAttribs(Ljava/lang/String;)Z> (0x0000000796c68fe0) thrown at [/HUDSON3/workspace/8-2-build-macosx-x86_64/jdk8u73/6086/hotspot/src/share/vm/prims/nativeLookup.cpp, li
Event: 2.091 Thread 0x00007f86c401c800 Exception <a 'java/lang/NullPointerException'> (0x00000007956fba30) thrown at [/HUDSON3/workspace/8-2-build-macosx-x86_64/jdk8u73/6086/hotspot/src/share/vm/interpreter/linkResolver.cpp, line 1178]
Event: 2.644 Thread 0x00007f86c4c11000 Exception <a 'java/io/FileNotFoundException'> (0x0000000796107b70) thrown at [/HUDSON3/workspace/8-2-build-macosx-x86_64/jdk8u73/6086/hotspot/src/share/vm/prims/jni.cpp, line 709]
Event: 2.644 Thread 0x00007f86c4c11000 Exception <a 'java/io/FileNotFoundException'> (0x000000079610f120) thrown at [/HUDSON3/workspace/8-2-build-macosx-x86_64/jdk8u73/6086/hotspot/src/share/vm/prims/jni.cpp, line 709]
Event: 2.644 Thread 0x00007f86c4c11000 Implicit null exception at 0x000000010e73cef5 to 0x000000010e73d259

Events (10 events):
Event: 4.341 loading class java/awt/LightweightDispatcher$2
Event: 4.341 Executing VM operation: RevokeBias
Event: 4.341 loading class java/awt/LightweightDispatcher$2 done
Event: 4.342 Executing VM operation: RevokeBias done
Event: 4.342 loading class java/awt/event/AWTEventListenerProxy
Event: 4.342 loading class java/awt/event/AWTEventListenerProxy done
Event: 4.342 loading class java/awt/Toolkit$ToolkitEventMulticaster
Event: 4.342 loading class java/awt/Toolkit$ToolkitEventMulticaster done
Event: 4.342 Executing VM operation: RevokeBias
Event: 4.343 Executing VM operation: RevokeBias done


Dynamic libraries:
0x0000000000731000 	/System/Library/Frameworks/Cocoa.framework/Versions/A/Cocoa
0x0000000000731000 	/System/Library/Frameworks/Security.framework/Versions/A/Security
0x0000000000731000 	/System/Library/Frameworks/ApplicationServices.framework/Versions/A/ApplicationServices
0x0000000000731000 	/usr/lib/libz.1.dylib
0x0000000000731000 	/usr/lib/libSystem.B.dylib
0x0000000000731000 	/usr/lib/libobjc.A.dylib
0x0000000000731000 	/System/Library/Frameworks/CoreFoundation.framework/Versions/A/CoreFoundation
0x0000000000731000 	/System/Library/Frameworks/Foundation.framework/Versions/C/Foundation
0x0000000000731000 	/System/Library/Frameworks/AppKit.framework/Versions/C/AppKit
0x0000000000731000 	/System/Library/Frameworks/CoreData.framework/Versions/A/CoreData
0x0000000000731000 	/System/Library/PrivateFrameworks/RemoteViewServices.framework/Versions/A/RemoteViewServices
0x0000000000731000 	/System/Library/PrivateFrameworks/UIFoundation.framework/Versions/A/UIFoundation
0x0000000000731000 	/usr/lib/libScreenReader.dylib
0x0000000000731000 	/System/Library/Frameworks/Accelerate.framework/Versions/A/Accelerate
0x0000000000731000 	/System/Library/Frameworks/IOSurface.framework/Versions/A/IOSurface
0x0000000000731000 	/System/Library/Frameworks/AudioToolbox.framework/Versions/A/AudioToolbox
0x0000000000731000 	/System/Library/Frameworks/AudioUnit.framework/Versions/A/AudioUnit
0x0000000000731000 	/System/Library/PrivateFrameworks/DataDetectorsCore.framework/Versions/A/DataDetectorsCore
0x0000000000731000 	/System/Library/PrivateFrameworks/DesktopServicesPriv.framework/Versions/A/DesktopServicesPriv
0x0000000000731000 	/System/Library/Frameworks/Carbon.framework/Versions/A/Frameworks/HIToolbox.framework/Versions/A/HIToolbox
0x0000000000731000 	/System/Library/Frameworks/QuartzCore.framework/Versions/A/QuartzCore
0x0000000000731000 	/System/Library/Frameworks/Carbon.framework/Versions/A/Frameworks/SpeechRecognition.framework/Versions/A/SpeechRecognition
0x0000000000731000 	/usr/lib/libauto.dylib
0x0000000000731000 	/usr/lib/libicucore.A.dylib
0x0000000000731000 	/usr/lib/libxml2.2.dylib
0x0000000000731000 	/System/Library/PrivateFrameworks/CoreUI.framework/Versions/A/CoreUI
0x0000000000731000 	/System/Library/Frameworks/CoreAudio.framework/Versions/A/CoreAudio
0x0000000000731000 	/System/Library/Frameworks/DiskArbitration.framework/Versions/A/DiskArbitration
0x0000000000731000 	/usr/lib/liblangid.dylib
0x0000000000731000 	/System/Library/PrivateFrameworks/MultitouchSupport.framework/Versions/A/MultitouchSupport
0x0000000000731000 	/System/Library/Frameworks/IOKit.framework/Versions/A/IOKit
0x0000000000731000 	/usr/lib/libDiagnosticMessagesClient.dylib
0x0000000000731000 	/System/Library/Frameworks/CoreServices.framework/Versions/A/CoreServices
0x0000000000731000 	/System/Library/PrivateFrameworks/PerformanceAnalysis.framework/Versions/A/PerformanceAnalysis
0x0000000000731000 	/System/Library/PrivateFrameworks/GenerationalStorage.framework/Versions/A/GenerationalStorage
0x0000000000731000 	/System/Library/Frameworks/OpenGL.framework/Versions/A/OpenGL
0x0000000000731000 	/System/Library/PrivateFrameworks/Sharing.framework/Versions/A/Sharing
0x0000000000731000 	/System/Library/Frameworks/CoreGraphics.framework/Versions/A/CoreGraphics
0x0000000000731000 	/System/Library/Frameworks/CoreImage.framework/Versions/A/CoreImage
0x0000000000731000 	/System/Library/Frameworks/CoreText.framework/Versions/A/CoreText
0x0000000000731000 	/System/Library/Frameworks/ImageIO.framework/Versions/A/ImageIO
0x0000000000731000 	/System/Library/PrivateFrameworks/Backup.framework/Versions/A/Backup
0x0000000000731000 	/usr/lib/libextension.dylib
0x0000000000731000 	/usr/lib/libarchive.2.dylib
0x0000000000731000 	/System/Library/Frameworks/CFNetwork.framework/Versions/A/CFNetwork
0x0000000000731000 	/System/Library/Frameworks/SystemConfiguration.framework/Versions/A/SystemConfiguration
0x0000000000731000 	/usr/lib/libCRFSuite.dylib
0x0000000000731000 	/usr/lib/libc++.1.dylib
0x0000000000731000 	/usr/lib/libc++abi.dylib
0x0000000000731000 	/usr/lib/system/libcache.dylib
0x0000000000731000 	/usr/lib/system/libcommonCrypto.dylib
0x0000000000731000 	/usr/lib/system/libcompiler_rt.dylib
0x0000000000731000 	/usr/lib/system/libcopyfile.dylib
0x0000000000731000 	/usr/lib/system/libcorecrypto.dylib
0x0000000000731000 	/usr/lib/system/libdispatch.dylib
0x0000000000731000 	/usr/lib/system/libdyld.dylib
0x0000000000731000 	/usr/lib/system/libkeymgr.dylib
0x0000000000731000 	/usr/lib/system/liblaunch.dylib
0x0000000000731000 	/usr/lib/system/libmacho.dylib
0x0000000000731000 	/usr/lib/system/libquarantine.dylib
0x0000000000731000 	/usr/lib/system/libremovefile.dylib
0x0000000000731000 	/usr/lib/system/libsystem_asl.dylib
0x0000000000731000 	/usr/lib/system/libsystem_blocks.dylib
0x0000000000731000 	/usr/lib/system/libsystem_c.dylib
0x0000000000731000 	/usr/lib/system/libsystem_configuration.dylib
0x0000000000731000 	/usr/lib/system/libsystem_coreservices.dylib
0x0000000000731000 	/usr/lib/system/libsystem_coretls.dylib
0x0000000000731000 	/usr/lib/system/libsystem_dnssd.dylib
0x0000000000731000 	/usr/lib/system/libsystem_info.dylib
0x0000000000731000 	/usr/lib/system/libsystem_kernel.dylib
0x0000000000731000 	/usr/lib/system/libsystem_m.dylib
0x0000000000731000 	/usr/lib/system/libsystem_malloc.dylib
0x0000000000731000 	/usr/lib/system/libsystem_network.dylib
0x0000000000731000 	/usr/lib/system/libsystem_networkextension.dylib
0x0000000000731000 	/usr/lib/system/libsystem_notify.dylib
0x0000000000731000 	/usr/lib/system/libsystem_platform.dylib
0x0000000000731000 	/usr/lib/system/libsystem_pthread.dylib
0x0000000000731000 	/usr/lib/system/libsystem_sandbox.dylib
0x0000000000731000 	/usr/lib/system/libsystem_secinit.dylib
0x0000000000731000 	/usr/lib/system/libsystem_trace.dylib
0x0000000000731000 	/usr/lib/system/libunc.dylib
0x0000000000731000 	/usr/lib/system/libunwind.dylib
0x0000000000731000 	/usr/lib/system/libxpc.dylib
0x0000000000731000 	/usr/lib/libenergytrace.dylib
0x0000000000731000 	/usr/lib/libbsm.0.dylib
0x0000000000731000 	/usr/lib/system/libkxld.dylib
0x0000000000731000 	/usr/lib/libxar.1.dylib
0x0000000000731000 	/usr/lib/libsqlite3.dylib
0x0000000000731000 	/usr/lib/libpam.2.dylib
0x0000000000731000 	/usr/lib/libOpenScriptingUtil.dylib
0x0000000000731000 	/usr/lib/libbz2.1.0.dylib
0x0000000000731000 	/usr/lib/liblzma.5.dylib
0x0000000000731000 	/System/Library/Frameworks/CoreServices.framework/Versions/A/Frameworks/FSEvents.framework/Versions/A/FSEvents
0x0000000000731000 	/System/Library/Frameworks/CoreServices.framework/Versions/A/Frameworks/CarbonCore.framework/Versions/A/CarbonCore
0x0000000000731000 	/System/Library/Frameworks/CoreServices.framework/Versions/A/Frameworks/Metadata.framework/Versions/A/Metadata
0x0000000000731000 	/System/Library/Frameworks/CoreServices.framework/Versions/A/Frameworks/OSServices.framework/Versions/A/OSServices
0x0000000000731000 	/System/Library/Frameworks/CoreServices.framework/Versions/A/Frameworks/SearchKit.framework/Versions/A/SearchKit
0x0000000000731000 	/System/Library/Frameworks/CoreServices.framework/Versions/A/Frameworks/AE.framework/Versions/A/AE
0x0000000000731000 	/System/Library/Frameworks/CoreServices.framework/Versions/A/Frameworks/LaunchServices.framework/Versions/A/LaunchServices
0x0000000000731000 	/System/Library/Frameworks/CoreServices.framework/Versions/A/Frameworks/DictionaryServices.framework/Versions/A/DictionaryServices
0x0000000000731000 	/System/Library/Frameworks/CoreServices.framework/Versions/A/Frameworks/SharedFileList.framework/Versions/A/SharedFileList
0x0000000000731000 	/System/Library/Frameworks/NetFS.framework/Versions/A/NetFS
0x0000000000731000 	/System/Library/PrivateFrameworks/NetAuth.framework/Versions/A/NetAuth
0x0000000000731000 	/System/Library/PrivateFrameworks/login.framework/Versions/A/Frameworks/loginsupport.framework/Versions/A/loginsupport
0x0000000000731000 	/System/Library/PrivateFrameworks/TCC.framework/Versions/A/TCC
0x0000000000731000 	/usr/lib/libmecabra.dylib
0x0000000000731000 	/System/Library/Frameworks/ApplicationServices.framework/Versions/A/Frameworks/ATS.framework/Versions/A/ATS
0x0000000000731000 	/System/Library/Frameworks/ApplicationServices.framework/Versions/A/Frameworks/ColorSync.framework/Versions/A/ColorSync
0x0000000000731000 	/System/Library/Frameworks/ApplicationServices.framework/Versions/A/Frameworks/HIServices.framework/Versions/A/HIServices
0x0000000000731000 	/System/Library/Frameworks/ApplicationServices.framework/Versions/A/Frameworks/LangAnalysis.framework/Versions/A/LangAnalysis
0x0000000000731000 	/System/Library/Frameworks/ApplicationServices.framework/Versions/A/Frameworks/PrintCore.framework/Versions/A/PrintCore
0x0000000000731000 	/System/Library/Frameworks/ApplicationServices.framework/Versions/A/Frameworks/QD.framework/Versions/A/QD
0x0000000000731000 	/System/Library/Frameworks/ApplicationServices.framework/Versions/A/Frameworks/SpeechSynthesis.framework/Versions/A/SpeechSynthesis
0x0000000000731000 	/System/Library/Frameworks/Metal.framework/Versions/A/Metal
0x0000000000731000 	/System/Library/Frameworks/Accelerate.framework/Versions/A/Frameworks/vImage.framework/Versions/A/vImage
0x0000000000731000 	/System/Library/Frameworks/Accelerate.framework/Versions/A/Frameworks/vecLib.framework/Versions/A/vecLib
0x0000000000731000 	/System/Library/Frameworks/Accelerate.framework/Versions/A/Frameworks/vecLib.framework/Versions/A/libvDSP.dylib
0x0000000000731000 	/System/Library/Frameworks/Accelerate.framework/Versions/A/Frameworks/vecLib.framework/Versions/A/libvMisc.dylib
0x0000000000731000 	/System/Library/Frameworks/Accelerate.framework/Versions/A/Frameworks/vecLib.framework/Versions/A/libLAPACK.dylib
0x0000000000731000 	/System/Library/Frameworks/Accelerate.framework/Versions/A/Frameworks/vecLib.framework/Versions/A/libBLAS.dylib
0x0000000000731000 	/System/Library/Frameworks/Accelerate.framework/Versions/A/Frameworks/vecLib.framework/Versions/A/libLinearAlgebra.dylib
0x0000000000731000 	/System/Library/Frameworks/Accelerate.framework/Versions/A/Frameworks/vecLib.framework/Versions/A/libSparseBLAS.dylib
0x0000000000731000 	/System/Library/PrivateFrameworks/GPUCompiler.framework/libmetal_timestamp.dylib
0x0000000000731000 	/System/Library/Frameworks/OpenGL.framework/Versions/A/Libraries/libCoreFSCache.dylib
0x0000000000731000 	/System/Library/PrivateFrameworks/IOAccelerator.framework/Versions/A/IOAccelerator
0x0000000000731000 	/System/Library/Frameworks/ApplicationServices.framework/Versions/A/Frameworks/ATS.framework/Versions/A/Resources/libFontParser.dylib
0x0000000000731000 	/System/Library/Frameworks/ApplicationServices.framework/Versions/A/Frameworks/ATS.framework/Versions/A/Resources/libFontRegistry.dylib
0x0000000000731000 	/System/Library/PrivateFrameworks/AppleVPA.framework/Versions/A/AppleVPA
0x0000000000731000 	/System/Library/PrivateFrameworks/AppleJPEG.framework/Versions/A/AppleJPEG
0x0000000000731000 	/System/Library/Frameworks/ImageIO.framework/Versions/A/Resources/libJPEG.dylib
0x0000000000731000 	/System/Library/Frameworks/ImageIO.framework/Versions/A/Resources/libTIFF.dylib
0x0000000000731000 	/System/Library/Frameworks/ImageIO.framework/Versions/A/Resources/libPng.dylib
0x0000000000731000 	/System/Library/Frameworks/ImageIO.framework/Versions/A/Resources/libGIF.dylib
0x0000000000731000 	/System/Library/Frameworks/ImageIO.framework/Versions/A/Resources/libJP2.dylib
0x0000000000731000 	/System/Library/Frameworks/ImageIO.framework/Versions/A/Resources/libRadiance.dylib
0x0000000000731000 	/System/Library/Frameworks/CoreVideo.framework/Versions/A/CoreVideo
0x0000000000731000 	/System/Library/Frameworks/OpenGL.framework/Versions/A/Libraries/libGLU.dylib
0x0000000000731000 	/System/Library/Frameworks/OpenGL.framework/Versions/A/Libraries/libGFXShared.dylib
0x0000000000731000 	/System/Library/Frameworks/OpenGL.framework/Versions/A/Libraries/libGL.dylib
0x0000000000731000 	/System/Library/Frameworks/OpenGL.framework/Versions/A/Libraries/libGLImage.dylib
0x0000000000731000 	/System/Library/Frameworks/OpenGL.framework/Versions/A/Libraries/libCVMSPluginSupport.dylib
0x0000000000731000 	/System/Library/Frameworks/OpenGL.framework/Versions/A/Libraries/libCoreVMClient.dylib
0x0000000000731000 	/usr/lib/libcups.2.dylib
0x0000000000731000 	/System/Library/Frameworks/Kerberos.framework/Versions/A/Kerberos
0x0000000000731000 	/System/Library/Frameworks/GSS.framework/Versions/A/GSS
0x0000000000731000 	/usr/lib/libresolv.9.dylib
0x0000000000731000 	/usr/lib/libiconv.2.dylib
0x0000000000731000 	/System/Library/PrivateFrameworks/Heimdal.framework/Versions/A/Heimdal
0x0000000000731000 	/usr/lib/libheimdal-asn1.dylib
0x0000000000731000 	/System/Library/Frameworks/OpenDirectory.framework/Versions/A/OpenDirectory
0x0000000000731000 	/System/Library/PrivateFrameworks/CommonAuth.framework/Versions/A/CommonAuth
0x0000000000731000 	/System/Library/Frameworks/OpenDirectory.framework/Versions/A/Frameworks/CFOpenDirectory.framework/Versions/A/CFOpenDirectory
0x0000000000731000 	/System/Library/Frameworks/SecurityFoundation.framework/Versions/A/SecurityFoundation
0x0000000000731000 	/System/Library/PrivateFrameworks/LanguageModeling.framework/Versions/A/LanguageModeling
0x0000000000731000 	/usr/lib/libmarisa.dylib
0x0000000000731000 	/usr/lib/libChineseTokenizer.dylib
0x0000000000731000 	/usr/lib/libcmph.dylib
0x0000000000731000 	/usr/lib/libcompression.dylib
0x0000000000731000 	/System/Library/Frameworks/ServiceManagement.framework/Versions/A/ServiceManagement
0x0000000000731000 	/usr/lib/libxslt.1.dylib
0x0000000000731000 	/System/Library/Frameworks/Carbon.framework/Versions/A/Frameworks/Ink.framework/Versions/A/Ink
0x0000000000731000 	/usr/lib/libFosl_dynamic.dylib
0x0000000000731000 	/System/Library/PrivateFrameworks/FaceCore.framework/Versions/A/FaceCore
0x0000000000731000 	/System/Library/Frameworks/OpenCL.framework/Versions/A/OpenCL
0x0000000000731000 	/System/Library/PrivateFrameworks/CrashReporterSupport.framework/Versions/A/CrashReporterSupport
0x0000000000731000 	/System/Library/PrivateFrameworks/IconServices.framework/Versions/A/IconServices
0x0000000000731000 	/System/Library/PrivateFrameworks/Apple80211.framework/Versions/A/Apple80211
0x0000000000731000 	/System/Library/Frameworks/CoreWLAN.framework/Versions/A/CoreWLAN
0x0000000000731000 	/System/Library/Frameworks/IOBluetooth.framework/Versions/A/IOBluetooth
0x0000000000731000 	/System/Library/PrivateFrameworks/CoreWiFi.framework/Versions/A/CoreWiFi
0x0000000000731000 	/System/Library/Frameworks/CoreBluetooth.framework/Versions/A/CoreBluetooth
0x0000000000731000 	/System/Library/PrivateFrameworks/ChunkingLibrary.framework/Versions/A/ChunkingLibrary
0x0000000000731000 	/System/Library/PrivateFrameworks/DebugSymbols.framework/Versions/A/DebugSymbols
0x0000000000731000 	/System/Library/PrivateFrameworks/CoreSymbolication.framework/Versions/A/CoreSymbolication
0x0000000000731000 	/System/Library/PrivateFrameworks/Symbolication.framework/Versions/A/Symbolication
0x0000000000731000 	/System/Library/PrivateFrameworks/SpeechRecognitionCore.framework/Versions/A/SpeechRecognitionCore
0x000000010d600000 	/Library/Java/JavaVirtualMachines/jdk1.8.0_73.jdk/Contents/Home/jre/lib/server/libjvm.dylib
0x0000000000731000 	/usr/lib/libstdc++.6.dylib
0x000000010cce6000 	/Library/Java/JavaVirtualMachines/jdk1.8.0_73.jdk/Contents/Home/jre/lib/libverify.dylib
0x000000010ccf4000 	/Library/Java/JavaVirtualMachines/jdk1.8.0_73.jdk/Contents/Home/jre/lib/libjava.dylib
0x000000010cd33000 	/Library/Java/JavaVirtualMachines/jdk1.8.0_73.jdk/Contents/Home/jre/lib/libzip.dylib
0x0000000123e44000 	/System/Library/Frameworks/JavaVM.framework/Frameworks/JavaRuntimeSupport.framework/JavaRuntimeSupport
0x000000010cde8000 	/System/Library/Frameworks/JavaVM.framework/Versions/A/Frameworks/JavaNativeFoundation.framework/Versions/A/JavaNativeFoundation
0x0000000123e5f000 	/System/Library/Frameworks/JavaVM.framework/Versions/A/JavaVM
0x0000000000731000 	/System/Library/Frameworks/Carbon.framework/Versions/A/Carbon
0x0000000123e6c000 	/System/Library/PrivateFrameworks/JavaLaunching.framework/Versions/A/JavaLaunching
0x0000000000731000 	/System/Library/Frameworks/Carbon.framework/Versions/A/Frameworks/CommonPanels.framework/Versions/A/CommonPanels
0x0000000000731000 	/System/Library/Frameworks/Carbon.framework/Versions/A/Frameworks/Help.framework/Versions/A/Help
0x0000000000731000 	/System/Library/Frameworks/Carbon.framework/Versions/A/Frameworks/ImageCapture.framework/Versions/A/ImageCapture
0x0000000000731000 	/System/Library/Frameworks/Carbon.framework/Versions/A/Frameworks/OpenScripting.framework/Versions/A/OpenScripting
0x0000000000731000 	/System/Library/Frameworks/Carbon.framework/Versions/A/Frameworks/Print.framework/Versions/A/Print
0x0000000000731000 	/System/Library/Frameworks/Carbon.framework/Versions/A/Frameworks/SecurityHI.framework/Versions/A/SecurityHI
0x00000001257c6000 	/Library/Java/JavaVirtualMachines/jdk1.8.0_73.jdk/Contents/Home/jre/lib/libawt.dylib
0x000000012586e000 	/Library/Java/JavaVirtualMachines/jdk1.8.0_73.jdk/Contents/Home/jre/lib/./libmlib_image.dylib
0x000000012593a000 	/Library/Java/JavaVirtualMachines/jdk1.8.0_73.jdk/Contents/Home/jre/lib/libawt_lwawt.dylib
0x00000001259ef000 	/Library/Java/JavaVirtualMachines/jdk1.8.0_73.jdk/Contents/Home/jre/lib/./libosxapp.dylib
0x0000000000731000 	/System/Library/Frameworks/ExceptionHandling.framework/Versions/A/ExceptionHandling
0x0000000000731000 	/System/Library/PrivateFrameworks/CoreServicesInternal.framework/Versions/A/CoreServicesInternal
0x0000000000731000 	/System/Library/Frameworks/CoreGraphics.framework/Versions/A/Resources/libRIP.A.dylib
0x0000000000731000 	/System/Library/Frameworks/Accelerate.framework/Versions/A/Frameworks/vImage.framework/Versions/A/Libraries/libCGInterfaces.dylib
0x0000000000731000 	/System/Library/Frameworks/CoreGraphics.framework/Versions/A/Resources/libCGXType.A.dylib
0x0000000000731000 	/System/Library/Frameworks/OpenCL.framework/Versions/A/Libraries/libcldcpuengine.dylib
0x0000000000731000 	/System/Library/PrivateFrameworks/DiskImages.framework/Versions/A/DiskImages
0x0000000000731000 	/System/Library/Frameworks/DiscRecording.framework/Versions/A/DiscRecording
0x0000000000731000 	/usr/lib/libcsfde.dylib
0x0000000000731000 	/usr/lib/libcurl.4.dylib
0x0000000000731000 	/System/Library/PrivateFrameworks/MediaKit.framework/Versions/A/MediaKit
0x0000000000731000 	/System/Library/PrivateFrameworks/ProtectedCloudStorage.framework/Versions/A/ProtectedCloudStorage
0x0000000000731000 	/usr/lib/libCoreStorage.dylib
0x0000000000731000 	/System/Library/PrivateFrameworks/EFILogin.framework/Versions/A/EFILogin
0x0000000000731000 	/usr/lib/libutil.dylib
0x0000000000731000 	/System/Library/PrivateFrameworks/FindMyDevice.framework/Versions/A/FindMyDevice
0x0000000000731000 	/System/Library/Frameworks/LDAP.framework/Versions/A/LDAP
0x0000000000731000 	/usr/lib/libsasl2.2.dylib
0x0000000000731000 	/System/Library/PrivateFrameworks/CoreDaemon.framework/Versions/B/CoreDaemon
0x0000000000731000 	/usr/lib/libcrypto.0.9.8.dylib
0x0000000000731000 	/System/Library/PrivateFrameworks/AppleSRP.framework/Versions/A/AppleSRP
0x0000000000731000 	/System/Library/PrivateFrameworks/TrustEvaluationAgent.framework/Versions/A/TrustEvaluationAgent
0x000000012798d000 	cl_kernels
0x0000000000731000 	/System/Library/Frameworks/OpenCL.framework/Versions/A/Libraries/ImageFormats/unorm8_bgra.dylib
0x0000000000731000 	/System/Library/Frameworks/OpenCL.framework/Versions/A/Libraries/ImageFormats/unorm8_rgba.dylib
0x0000000000731000 	/System/Library/PrivateFrameworks/FamilyControls.framework/Versions/A/FamilyControls
0x0000000000731000 	/System/Library/PrivateFrameworks/CommerceKit.framework/Versions/A/Frameworks/CommerceCore.framework/Versions/A/CommerceCore
0x0000000000731000 	/System/Library/PrivateFrameworks/SystemAdministration.framework/Versions/A/SystemAdministration
0x0000000000731000 	/System/Library/PrivateFrameworks/AppContainer.framework/Versions/A/AppContainer
0x0000000000731000 	/System/Library/PrivateFrameworks/SecCodeWrapper.framework/Versions/A/SecCodeWrapper
0x0000000000731000 	/System/Library/Frameworks/DirectoryService.framework/Versions/A/DirectoryService
0x0000000000731000 	/System/Library/PrivateFrameworks/LoginUIKit.framework/Versions/A/Frameworks/LoginUICore.framework/Versions/A/LoginUICore
0x0000000000731000 	/usr/lib/libodfde.dylib
0x0000000000731000 	/System/Library/Frameworks/OpenGL.framework/Versions/A/Resources/GLEngine.bundle/GLEngine
0x0000000000731000 	/System/Library/Frameworks/OpenGL.framework/Versions/A/Libraries/libGLProgrammability.dylib
0x0000000128b04000 	/System/Library/Extensions/AppleIntelHD5000GraphicsGLDriver.bundle/Contents/MacOS/AppleIntelHD5000GraphicsGLDriver
0x0000000000731000 	/System/Library/PrivateFrameworks/GPUSupport.framework/Versions/A/Libraries/libGPUSupportMercury.dylib
0x0000000000731000 	/System/Library/Frameworks/OpenGL.framework/Versions/A/Resources/GLRendererFloat.bundle/GLRendererFloat
0x0000000129b12000 	/Library/Java/JavaVirtualMachines/jdk1.8.0_73.jdk/Contents/Home/jre/lib/libfontmanager.dylib
0x000000012b05a000 	/Library/Java/JavaVirtualMachines/jdk1.8.0_73.jdk/Contents/Home/jre/lib/libosxui.dylib
0x000000012bd7d000 	/Library/Java/JavaVirtualMachines/jdk1.8.0_73.jdk/Contents/Home/jre/lib/libnet.dylib
0x000000012bbc5000 	/Library/Java/JavaVirtualMachines/jdk1.8.0_73.jdk/Contents/Home/jre/lib/libnio.dylib
0x0000000000731000 	/System/Library/Frameworks/ApplicationServices.framework/Versions/A/Frameworks/ATS.framework/Versions/A/Resources/libTrueTypeScaler.dylib
0x00000001899d3000 	/System/Library/Extensions/AppleIntelHD5000GraphicsMTLDriver.bundle/Contents/MacOS/AppleIntelHD5000GraphicsMTLDriver
0x0000000126c91000 	/private/var/folders/zg/1l8q7jb960scm7wpq1kf74lm0000gn/T/jogamp_0000/file_cache/jln7437864289508864469/jln1051086073770150891/libgluegen-rt.jnilib
0x00000001898b6000 	/private/var/folders/zg/1l8q7jb960scm7wpq1kf74lm0000gn/T/jogamp_0000/file_cache/jln7437864289508864469/jln1051086073770150891/libnativewindow_awt.jnilib
0x00000001898b9000 	/Library/Java/JavaVirtualMachines/jdk1.8.0_73.jdk/Contents/Home/jre/lib/libjawt.dylib
0x00000001898bc000 	/private/var/folders/zg/1l8q7jb960scm7wpq1kf74lm0000gn/T/jogamp_0000/file_cache/jln7437864289508864469/jln1051086073770150891/libnativewindow_macosx.jnilib
0x000000018e508000 	/private/var/folders/zg/1l8q7jb960scm7wpq1kf74lm0000gn/T/jogamp_0000/file_cache/jln7437864289508864469/jln1051086073770150891/libjogl_desktop.jnilib
0x0000000127523000 	/Library/Java/JavaVirtualMachines/jdk1.8.0_73.jdk/Contents/Home/jre/lib/libjpeg.dylib

VM Arguments:
jvm_args: -Djava.security.policy=java.policy.applet -Dfile.encoding=UTF-8 
java_command: sun.applet.AppletViewer module1.HelloWorld1455646065866.html
java_class_path (initial): /Users/intruder04/dev_projects/java/UCSDUnfoldingMaps/build:/Users/intruder04/dev_projects/java/UCSDUnfoldingMaps/lib/core.jar:/Users/intruder04/dev_projects/java/UCSDUnfoldingMaps/lib/gluegen-rt.jar:/Users/intruder04/dev_projects/java/UCSDUnfoldingMaps/lib/jogl-all.jar:/Users/intruder04/dev_projects/java/UCSDUnfoldingMaps/lib/log4j-1.2.15.jar:/Users/intruder04/dev_projects/java/UCSDUnfoldingMaps/lib/sqlite-jdbc-3.7.2.jar:/Users/intruder04/dev_projects/java/UCSDUnfoldingMaps/lib/json4processing.jar:/Users/intruder04/dev_projects/java/UCSDUnfoldingMaps/lib/libTUIO.jar:/Users/intruder04/dev_projects/java/UCSDUnfoldingMaps/lib/unfolding.0.9.7-uscd.jar
Launcher Type: SUN_STANDARD

Environment Variables:
PATH=/usr/bin:/bin:/usr/sbin:/sbin
SHELL=/bin/bash

Signal Handlers:
SIGSEGV: [libjvm.dylib+0x5a71a5], sa_mask[0]=11111111011111110111111111111111, sa_flags=SA_ONSTACK|SA_RESTART|SA_SIGINFO
SIGBUS: [libjvm.dylib+0x5a71a5], sa_mask[0]=11111111011111110111111111111111, sa_flags=SA_RESTART|SA_SIGINFO
SIGFPE: [libjvm.dylib+0x480eb4], sa_mask[0]=11111111011111110111111111111111, sa_flags=SA_RESTART|SA_SIGINFO
SIGPIPE: [libjvm.dylib+0x480eb4], sa_mask[0]=11111111011111110111111111111111, sa_flags=SA_RESTART|SA_SIGINFO
SIGXFSZ: [libjvm.dylib+0x480eb4], sa_mask[0]=11111111011111110111111111111111, sa_flags=SA_RESTART|SA_SIGINFO
SIGILL: [libjvm.dylib+0x480eb4], sa_mask[0]=11111111011111110111111111111111, sa_flags=SA_RESTART|SA_SIGINFO
SIGUSR1: SIG_DFL, sa_mask[0]=00000000000000000000000000000000, sa_flags=none
SIGUSR2: [libjvm.dylib+0x4809d2], sa_mask[0]=00100000000000000000000000000000, sa_flags=SA_RESTART|SA_SIGINFO
SIGHUP: [libjvm.dylib+0x47efa9], sa_mask[0]=11111111011111110111111111111111, sa_flags=SA_RESTART|SA_SIGINFO
SIGINT: [libjvm.dylib+0x47efa9], sa_mask[0]=11111111011111110111111111111111, sa_flags=SA_RESTART|SA_SIGINFO
SIGTERM: [libjvm.dylib+0x47efa9], sa_mask[0]=11111111011111110111111111111111, sa_flags=SA_RESTART|SA_SIGINFO
SIGQUIT: [libjvm.dylib+0x47efa9], sa_mask[0]=11111111011111110111111111111111, sa_flags=SA_RESTART|SA_SIGINFO


---------------  S Y S T E M  ---------------

OS:Bsduname:Darwin 15.3.0 Darwin Kernel Version 15.3.0: Thu Dec 10 18:40:58 PST 2015; root:xnu-3248.30.4~1/RELEASE_X86_64 x86_64
rlimit: STACK 8192k, CORE 0k, NPROC 709, NOFILE 10240, AS infinity
load average:2.74 2.25 2.10

CPU:total 4 (2 cores per cpu, 2 threads per core) family 6 model 69 stepping 1, cmov, cx8, fxsr, mmx, sse, sse2, sse3, ssse3, sse4.1, sse4.2, popcnt, avx, avx2, aes, clmul, erms, lzcnt, ht, tsc, tscinvbit, bmi1, bmi2

Memory: 4k page, physical 8388608k(66348k free)

/proc/meminfo:


vm_info: Java HotSpot(TM) 64-Bit Server VM (25.73-b02) for bsd-amd64 JRE (1.8.0_73-b02), built on Jan 29 2016 15:02:00 by "java_re" with gcc 4.2.1 (Based on Apple Inc. build 5658) (LLVM build 2336.11.00)

time: Tue Feb 16 21:07:50 2016
elapsed time: 4 seconds (0d 0h 0m 4s)

