#
# A fatal error has been detected by the Java Runtime Environment:
#
#  SIGSEGV (0xb) at pc=0x00007fff890044dd, pid=1769, tid=2571
#
# JRE version: Java(TM) SE Runtime Environment (8.0_73-b02) (build 1.8.0_73-b02)
# Java VM: Java HotSpot(TM) 64-Bit Server VM (25.73-b02 mixed mode bsd-amd64 compressed oops)
# Problematic frame:
# C  [libobjc.A.dylib+0x14dd]  objc_msgSend+0x1d
#
# Failed to write core dump. Core dumps have been disabled. To enable core dumping, try "ulimit -c unlimited" before starting Java again
#
# If you would like to submit a bug report, please visit:
#   http://bugreport.java.com/bugreport/crash.jsp
# The crash happened outside the Java Virtual Machine in native code.
# See problematic frame for where to report the bug.
#

---------------  T H R E A D  ---------------

Current thread (0x00007fde7a9c8000):  JavaThread "AWT-AppKit" daemon [_thread_in_native, id=2571, stack(0x00007fff56908000,0x00007fff57108000)]

siginfo: si_signo: 11 (SIGSEGV), si_code: 1 (SEGV_MAPERR), si_addr: 0x0000000000000018

Registers:
RAX=0x00007fde7dd18230, RBX=0x00000001859ef450, RCX=0x0000000122d02240, RDX=0x0000000122b3e620
RSP=0x00007fff57103328, RBP=0x00007fff571033e0, RSI=0x00007fff92d74d0e, RDI=0x00007fde7dd07d10
R8 =0x0000000000000000, R9 =0x00000000000008c0, R10=0x00007fff92d74d0e, R11=0x0000000000000000
R12=0x0000000000000000, R13=0x000000018a7e4c60, R14=0x00000001859ef440, R15=0x00007fde7a9c8000
RIP=0x00007fff890044dd, EFLAGS=0x0000000000010246, ERR=0x0000000000000004
  TRAPNO=0x000000000000000e

Top of Stack: (sp=0x00007fff57103328)
0x00007fff57103328:   00000001859ed157 00007fff57103380
0x00007fff57103338:   0000000000000003 00007fff57103360
0x00007fff57103348:   0000000108f65646 000000018a7e4c60
0x00007fff57103358:   000000018a7e4c60 00007fde7dd18230
0x00007fff57103368:   00000001859ef6a0 00000001859ef710
0x00007fff57103378:   00007fff762af770 00007fff774b0500
0x00007fff57103388:   00000001859ef450 00000001859ef690
0x00007fff57103398:   00007fde7dd18230 00007fde7dd07d10
0x00007fff571033a8:   00007fde7dd2e0e0 00007fde7dd18230
0x00007fff571033b8:   00007fde7dd07d10 00007fff57103468
0x00007fff571033c8:   00007fde7a9c81f8 000000018a7e4c60
0x00007fff571033d8:   00007fff57103490 00007fff57103458
0x00007fff571033e8:   000000010a615954 000000018a7e4c60
0x00007fff571033f8:   00007fff57103490 00007fff57103458
0x00007fff57103408:   000000010a6156e7 000000010a6156a2
0x00007fff57103418:   00007fff57103418 000000018a7e4c60
0x00007fff57103428:   00007fff57103490 000000018a808028
0x00007fff57103438:   0000000000000000 000000018a7e4c60
0x00007fff57103448:   0000000000000000 00007fff57103478
0x00007fff57103458:   00007fff571034d8 000000010a607c4d
0x00007fff57103468:   0000000740412828 000000010a60f578
0x00007fff57103478:   00007fde7dd18230 00007fff571034d8
0x00007fff57103488:   00007fde7dd07d10 000000010a610d82
0x00007fff57103498:   00007fff57103498 000000018a7e4e2a
0x00007fff571034a8:   00007fff57103500 000000018a808028
0x00007fff571034b8:   0000000000000000 000000018a7e4e38
0x00007fff571034c8:   00007fff57103478 00007fff571034e8
0x00007fff571034d8:   00007fff57103548 000000010a607c4d
0x00007fff571034e8:   00007fde7dd18230 0000000797d43e60
0x00007fff571034f8:   00007fde7dd07d10 0000000797d43e60
0x00007fff57103508:   00007fff57103508 00000001914bc9f6
0x00007fff57103518:   00007fff57103558 00000001914bcab0 

Instructions: (pc=0x00007fff890044dd)
0x00007fff890044bd:   44 00 00 48 85 ff 2e 74 62 40 f6 c7 01 2e 75 66
0x00007fff890044cd:   49 bb f8 ff ff ff ff 7f 00 00 4c 23 1f 49 89 f2
0x00007fff890044dd:   45 23 53 18 49 c1 e2 04 4d 03 53 10 49 3b 32 75
0x00007fff890044ed:   04 41 ff 62 08 49 83 3a 01 76 0d 49 83 c2 10 49 

Register to memory mapping:

RAX=0x00007fde7dd18230 is an unknown value
RBX=0x00000001859ef450: Java_jogamp_nativewindow_macosx_OSXUtil_GetScreenRefreshRate0+0x1cf0 in /private/var/folders/zg/1l8q7jb960scm7wpq1kf74lm0000gn/T/jogamp_0000/file_cache/jln789084169385721447/jln3819041656689862309/libnativewindow_macosx.jnilib at 0x00000001859e8000
RCX=0x0000000122d02240 is an unknown value
RDX=0x0000000122b3e620 is an unknown value
RSP=0x00007fff57103328 is pointing into the stack for thread: 0x00007fde7a9c8000
RBP=0x00007fff571033e0 is pointing into the stack for thread: 0x00007fde7a9c8000
RSI=0x00007fff92d74d0e is an unknown value
RDI=0x00007fde7dd07d10 is an unknown value
R8 =0x0000000000000000 is an unknown value
R9 =0x00000000000008c0 is an unknown value
R10=0x00007fff92d74d0e is an unknown value
R11=0x0000000000000000 is an unknown value
R12=0x0000000000000000 is an unknown value
R13={method} {0x000000018a7e4c60} 'UnsetJAWTRootSurfaceLayer0' '(JJ)V' in 'jogamp/nativewindow/jawt/macosx/MacOSXJAWTWindow'
R14=0x00000001859ef440: Java_jogamp_nativewindow_macosx_OSXUtil_GetScreenRefreshRate0+0x1ce0 in /private/var/folders/zg/1l8q7jb960scm7wpq1kf74lm0000gn/T/jogamp_0000/file_cache/jln789084169385721447/jln3819041656689862309/libnativewindow_macosx.jnilib at 0x00000001859e8000
R15=0x00007fde7a9c8000 is a thread


Stack: [0x00007fff56908000,0x00007fff57108000],  sp=0x00007fff57103328,  free space=8172k
Native frames: (J=compiled Java code, j=interpreted, Vv=VM code, C=native code)
C  [libobjc.A.dylib+0x14dd]  objc_msgSend+0x1d
j  jogamp.nativewindow.jawt.macosx.MacOSXJAWTWindow.UnsetJAWTRootSurfaceLayer0(JJ)V+0
j  jogamp.nativewindow.jawt.macosx.MacOSXJAWTWindow.access$200(JJ)V+2
j  jogamp.nativewindow.jawt.macosx.MacOSXJAWTWindow$1.run()V+38
J 1974 C1 com.jogamp.common.util.RunnableTask.run()V (345 bytes) @ 0x000000010ad3e754 [0x000000010ad3e5c0+0x194]
v  ~StubRoutines::call_stub
V  [libjvm.dylib+0x2eae7a]  JavaCalls::call_helper(JavaValue*, methodHandle*, JavaCallArguments*, Thread*)+0x6ae
V  [libjvm.dylib+0x321f83]  jni_invoke_nonstatic(JNIEnv_*, JavaValue*, _jobject*, JNICallType, _jmethodID*, JNI_ArgumentPusher*, Thread*)+0x2ec
V  [libjvm.dylib+0x314757]  jni_CallVoidMethod+0x16b
C  [libnativewindow_macosx.jnilib+0x5326]  Java_jogamp_nativewindow_jawt_macosx_MacOSXJAWTWindow_UnsetJAWTRootSurfaceLayer0+0x2b6
C  [Foundation+0x8dd4b]  __NSThreadPerformPerform+0x117
C  [CoreFoundation+0x7e5c1]  __CFRUNLOOP_IS_CALLING_OUT_TO_A_SOURCE0_PERFORM_FUNCTION__+0x11
C  [CoreFoundation+0x70397]  __CFRunLoopDoSources0+0x1a7
C  [CoreFoundation+0x6f93f]  __CFRunLoopRun+0x39f
C  [CoreFoundation+0x6f338]  CFRunLoopRunSpecific+0x128
C  [HIToolbox+0x30935]  RunCurrentEventLoopInMode+0xeb
C  [HIToolbox+0x30677]  ReceiveNextEventCommon+0xb8
C  [HIToolbox+0x305af]  _BlockUntilNextEventMatchingListInModeWithFilter+0x47
C  [AppKit+0x8a0ee]  _DPSNextEvent+0x42b
C  [AppKit+0x456943]  -[NSApplication _nextEventMatchingEventMask:untilDate:inMode:dequeue:]+0x1c6
C  [libosxapp.dylib+0x23aa]  -[NSApplicationAWT nextEventMatchingMask:untilDate:inMode:dequeue:]+0x7c
C  [AppKit+0x7ffc8]  -[NSApplication run]+0x2aa
C  [libosxapp.dylib+0x214d]  +[NSApplicationAWT runAWTLoopWithApp:]+0x9c
C  [libawt_lwawt.dylib+0x4455b]  -[AWTStarter starter:]+0x389
C  [Foundation+0x8dd4b]  __NSThreadPerformPerform+0x117
C  [CoreFoundation+0x7e5c1]  __CFRUNLOOP_IS_CALLING_OUT_TO_A_SOURCE0_PERFORM_FUNCTION__+0x11
C  [CoreFoundation+0x7041c]  __CFRunLoopDoSources0+0x22c
C  [CoreFoundation+0x6f93f]  __CFRunLoopRun+0x39f
C  [CoreFoundation+0x6f338]  CFRunLoopRunSpecific+0x128
C  [java+0x6463]  CreateExecutionEnvironment+0x367
C  [java+0x21ac]  JLI_Launch+0x7a0
C  [java+0x84c0]  main+0x65
C  [java+0x1a04]  start+0x34
C  0x0000000000000007

Java frames: (J=compiled Java code, j=interpreted, Vv=VM code)
j  jogamp.nativewindow.jawt.macosx.MacOSXJAWTWindow.UnsetJAWTRootSurfaceLayer0(JJ)V+0
j  jogamp.nativewindow.jawt.macosx.MacOSXJAWTWindow.access$200(JJ)V+2
j  jogamp.nativewindow.jawt.macosx.MacOSXJAWTWindow$1.run()V+38
J 1974 C1 com.jogamp.common.util.RunnableTask.run()V (345 bytes) @ 0x000000010ad3e754 [0x000000010ad3e5c0+0x194]
v  ~StubRoutines::call_stub

---------------  P R O C E S S  ---------------

Java Threads: ( => current thread )
  0x00007fde7a631000 JavaThread "Thread-19" [_thread_blocked, id=64535, stack(0x00007000019ee000,0x0000700001aee000)]
  0x00007fde7b422800 JavaThread "Image Fetcher 2" daemon [_thread_blocked, id=67331, stack(0x0000700002103000,0x0000700002203000)]
  0x00007fde7beeb800 JavaThread "Image Fetcher 1" daemon [_thread_blocked, id=66563, stack(0x0000700002000000,0x0000700002100000)]
  0x00007fde7afd4000 JavaThread "Image Fetcher 0" daemon [_thread_blocked, id=66051, stack(0x0000700001efd000,0x0000700001ffd000)]
  0x00007fde7aff7800 JavaThread "Keep-Alive-Timer" daemon [_thread_blocked, id=65807, stack(0x0000700001dfa000,0x0000700001efa000)]
  0x00007fde7b87d800 JavaThread "Animation Thread" [_thread_blocked, id=58935, stack(0x0000700001765000,0x0000700001865000)]
  0x00007fde7bbe1800 JavaThread "AWT-EventQueue-1" [_thread_in_native, id=59435, stack(0x0000700001868000,0x0000700001968000)]
  0x00007fde7b302000 JavaThread "DestroyJavaVM" [_thread_blocked, id=5891, stack(0x000070000011a000,0x000070000021a000)]
  0x00007fde7baa0800 JavaThread "AWT-EventQueue-0" [_thread_blocked, id=56323, stack(0x0000700001662000,0x0000700001762000)]
  0x00007fde7ba5d800 JavaThread "Java2D Disposer" daemon [_thread_blocked, id=52999, stack(0x00007000013d9000,0x00007000014d9000)]
  0x00007fde7ba05000 JavaThread "Java2D Queue Flusher" daemon [_thread_blocked, id=49927, stack(0x00007000012d6000,0x00007000013d6000)]
  0x00007fde7b9ff800 JavaThread "AWT-Shutdown" [_thread_blocked, id=27435, stack(0x0000700001150000,0x0000700001250000)]
=>0x00007fde7a9c8000 JavaThread "AWT-AppKit" daemon [_thread_in_native, id=2571, stack(0x00007fff56908000,0x00007fff57108000)]
  0x00007fde7b00d000 JavaThread "Service Thread" daemon [_thread_blocked, id=18435, stack(0x0000700000e44000,0x0000700000f44000)]
  0x00007fde7a83c000 JavaThread "C1 CompilerThread2" daemon [_thread_blocked, id=17923, stack(0x0000700000d41000,0x0000700000e41000)]
  0x00007fde7a83b000 JavaThread "C2 CompilerThread1" daemon [_thread_blocked, id=17411, stack(0x0000700000c3e000,0x0000700000d3e000)]
  0x00007fde7a846000 JavaThread "C2 CompilerThread0" daemon [_thread_blocked, id=16899, stack(0x0000700000b3b000,0x0000700000c3b000)]
  0x00007fde7a820800 JavaThread "Signal Dispatcher" daemon [_thread_blocked, id=13839, stack(0x0000700000a38000,0x0000700000b38000)]
  0x00007fde7a032800 JavaThread "Finalizer" daemon [_thread_blocked, id=12291, stack(0x000070000082f000,0x000070000092f000)]
  0x00007fde7a032000 JavaThread "Reference Handler" daemon [_thread_blocked, id=11779, stack(0x000070000072c000,0x000070000082c000)]

Other Threads:
  0x00007fde7a02f000 VMThread [stack: 0x0000700000629000,0x0000700000729000] [id=11267]
  0x00007fde7b00d800 WatcherThread [stack: 0x0000700000f47000,0x0000700001047000] [id=18947]

VM state:not at safepoint (normal execution)

VM Mutex/Monitor currently owned by a thread: None

Heap:
 PSYoungGen      total 38400K, used 25148K [0x0000000795580000, 0x0000000798000000, 0x00000007c0000000)
  eden space 33280K, 60% used [0x0000000795580000,0x0000000796912170,0x0000000797600000)
  from space 5120K, 99% used [0x0000000797b00000,0x0000000797ffd060,0x0000000798000000)
  to   space 5120K, 0% used [0x0000000797600000,0x0000000797600000,0x0000000797b00000)
 ParOldGen       total 87552K, used 9033K [0x0000000740000000, 0x0000000745580000, 0x0000000795580000)
  object space 87552K, 10% used [0x0000000740000000,0x00000007408d2468,0x0000000745580000)
 Metaspace       used 20291K, capacity 20529K, committed 20864K, reserved 1069056K
  class space    used 2006K, capacity 2080K, committed 2176K, reserved 1048576K

Card table byte_map: [0x00000001199c0000,0x0000000119dc1000] byte_map_base: 0x0000000115fc0000

Marking Bits: (ParMarkBitMap*) 0x0000000109657ea0
 Begin Bits: [0x000000011a06c000, 0x000000011c06c000)
 End Bits:   [0x000000011c06c000, 0x000000011e06c000)

Polling page: 0x0000000109d48000

CodeCache: size=245760Kb used=7442Kb max_used=7452Kb free=238317Kb
 bounds [0x000000010a600000, 0x000000010ad50000, 0x0000000119600000]
 total_blobs=2870 nmethods=1990 adapters=793
 compilation: enabled

Compilation events (10 events):
Event: 6.824 Thread 0x00007fde7a83c000 1986       3       java.net.URLStreamHandler::sameFile (136 bytes)
Event: 6.825 Thread 0x00007fde7a83c000 nmethod 1986 0x000000010ad489d0 code [0x000000010ad48bc0, 0x000000010ad49bc8]
Event: 6.825 Thread 0x00007fde7a83b000 1987  s    4       sun.misc.URLClassPath::getNextLoader (88 bytes)
Event: 6.829 Thread 0x00007fde7a83c000 1988       3       java.util.concurrent.locks.AbstractQueuedSynchronizer::enq (58 bytes)
Event: 6.830 Thread 0x00007fde7a83c000 nmethod 1988 0x000000010ad480d0 code [0x000000010ad48260, 0x000000010ad487b0]
Event: 6.832 Thread 0x00007fde7a83b000 nmethod 1987 0x000000010ad4c990 code [0x000000010ad4cb00, 0x000000010ad4d278]
Event: 6.832 Thread 0x00007fde7a83c000 1989       3       java.util.concurrent.locks.AbstractQueuedSynchronizer$ConditionObject::addConditionWaiter (64 bytes)
Event: 6.833 Thread 0x00007fde7a83c000 nmethod 1989 0x000000010ad47950 code [0x000000010ad47ae0, 0x000000010ad47f28]
Event: 6.833 Thread 0x00007fde7a83c000 1990       3       java.util.concurrent.locks.AbstractQueuedSynchronizer$Node::<init> (15 bytes)
Event: 6.833 Thread 0x00007fde7a83c000 nmethod 1990 0x000000010ad47550 code [0x000000010ad476c0, 0x000000010ad47890]

GC Heap History (4 events):
Event: 2.085 GC heap before
{Heap before GC invocations=1 (full 0):
 PSYoungGen      total 38400K, used 33280K [0x0000000795580000, 0x0000000798000000, 0x00000007c0000000)
  eden space 33280K, 100% used [0x0000000795580000,0x0000000797600000,0x0000000797600000)
  from space 5120K, 0% used [0x0000000797b00000,0x0000000797b00000,0x0000000798000000)
  to   space 5120K, 0% used [0x0000000797600000,0x0000000797600000,0x0000000797b00000)
 ParOldGen       total 87552K, used 0K [0x0000000740000000, 0x0000000745580000, 0x0000000795580000)
  object space 87552K, 0% used [0x0000000740000000,0x0000000740000000,0x0000000745580000)
 Metaspace       used 15838K, capacity 16027K, committed 16384K, reserved 1064960K
  class space    used 1603K, capacity 1693K, committed 1792K, reserved 1048576K
Event: 2.092 GC heap after
Heap after GC invocations=1 (full 0):
 PSYoungGen      total 38400K, used 4969K [0x0000000795580000, 0x0000000798000000, 0x00000007c0000000)
  eden space 33280K, 0% used [0x0000000795580000,0x0000000795580000,0x0000000797600000)
  from space 5120K, 97% used [0x0000000797600000,0x0000000797ada448,0x0000000797b00000)
  to   space 5120K, 0% used [0x0000000797b00000,0x0000000797b00000,0x0000000798000000)
 ParOldGen       total 87552K, used 8K [0x0000000740000000, 0x0000000745580000, 0x0000000795580000)
  object space 87552K, 0% used [0x0000000740000000,0x0000000740002000,0x0000000745580000)
 Metaspace       used 15838K, capacity 16027K, committed 16384K, reserved 1064960K
  class space    used 1603K, capacity 1693K, committed 1792K, reserved 1048576K
}
Event: 3.430 GC heap before
{Heap before GC invocations=2 (full 0):
 PSYoungGen      total 38400K, used 38130K [0x0000000795580000, 0x0000000798000000, 0x00000007c0000000)
  eden space 33280K, 99% used [0x0000000795580000,0x00000007975e2680,0x0000000797600000)
  from space 5120K, 97% used [0x0000000797600000,0x0000000797ada448,0x0000000797b00000)
  to   space 5120K, 0% used [0x0000000797b00000,0x0000000797b00000,0x0000000798000000)
 ParOldGen       total 87552K, used 8K [0x0000000740000000, 0x0000000745580000, 0x0000000795580000)
  object space 87552K, 0% used [0x0000000740000000,0x0000000740002000,0x0000000745580000)
 Metaspace       used 19814K, capacity 20011K, committed 20352K, reserved 1067008K
  class space    used 1998K, capacity 2079K, committed 2176K, reserved 1048576K
Event: 3.448 GC heap after
Heap after GC invocations=2 (full 0):
 PSYoungGen      total 38400K, used 5108K [0x0000000795580000, 0x0000000798000000, 0x00000007c0000000)
  eden space 33280K, 0% used [0x0000000795580000,0x0000000795580000,0x0000000797600000)
  from space 5120K, 99% used [0x0000000797b00000,0x0000000797ffd060,0x0000000798000000)
  to   space 5120K, 0% used [0x0000000797600000,0x0000000797600000,0x0000000797b00000)
 ParOldGen       total 87552K, used 9033K [0x0000000740000000, 0x0000000745580000, 0x0000000795580000)
  object space 87552K, 10% used [0x0000000740000000,0x00000007408d2468,0x0000000745580000)
 Metaspace       used 19814K, capacity 20011K, committed 20352K, reserved 1067008K
  class space    used 1998K, capacity 2079K, committed 2176K, reserved 1048576K
}

Deoptimization events (10 events):
Event: 1.864 Thread 0x00007fde7b87d800 Uncommon trap: reason=unstable_if action=reinterpret pc=0x000000010a872bd4 method=java.lang.String.indexOf([CII[CIII)I @ 3
Event: 1.864 Thread 0x00007fde7b87d800 Uncommon trap: reason=unstable_if action=reinterpret pc=0x000000010a7b84d8 method=java.lang.String.indexOf([CII[CIII)I @ 3
Event: 1.867 Thread 0x00007fde7b87d800 Uncommon trap: reason=bimorphic action=maybe_recompile pc=0x000000010a859428 method=java.util.HashMap.getNode(ILjava/lang/Object;)Ljava/util/HashMap$Node; @ 126
Event: 1.867 Thread 0x00007fde7b87d800 Uncommon trap: reason=bimorphic action=maybe_recompile pc=0x000000010a859428 method=java.util.HashMap.getNode(ILjava/lang/Object;)Ljava/util/HashMap$Node; @ 126
Event: 1.867 Thread 0x00007fde7b87d800 Uncommon trap: reason=bimorphic action=maybe_recompile pc=0x000000010a859428 method=java.util.HashMap.getNode(ILjava/lang/Object;)Ljava/util/HashMap$Node; @ 126
Event: 2.667 Thread 0x00007fde7bbe1800 Uncommon trap: reason=unstable_if action=reinterpret pc=0x000000010a7a26ec method=java.lang.AbstractStringBuilder.append(Ljava/lang/String;)Ljava/lang/AbstractStringBuilder; @ 1
Event: 2.881 Thread 0x00007fde7bbe1800 Uncommon trap: reason=unstable_if action=reinterpret pc=0x000000010a9ddde0 method=com.sun.org.apache.xerces.internal.impl.XMLEntityScanner.skipSpaces()Z @ 266
Event: 2.884 Thread 0x00007fde7bbe1800 Uncommon trap: reason=unstable_if action=reinterpret pc=0x000000010a9efa80 method=com.sun.org.apache.xerces.internal.impl.XMLEntityScanner.scanLiteral(ILcom/sun/org/apache/xerces/internal/xni/XMLString;)I @ 44
Event: 3.118 Thread 0x00007fde7bbe1800 Uncommon trap: reason=unstable_if action=reinterpret pc=0x000000010aaab8bc method=com.jogamp.common.util.IntIntHashMap.get(I)I @ 28
Event: 6.810 Thread 0x00007fde7ba50000 Uncommon trap: reason=unstable_if action=reinterpret pc=0x000000010ab1f0f0 method=java.util.HashMap.putVal(ILjava/lang/Object;Ljava/lang/Object;ZZ)Ljava/lang/Object; @ 81

Internal exceptions (10 events):
Event: 0.196 Thread 0x00007fde7a802000 Exception <a 'java/lang/NoSuchFieldError': method resolution failed> (0x0000000795879e28) thrown at [/HUDSON3/workspace/8-2-build-macosx-x86_64/jdk8u73/6086/hotspot/src/share/vm/prims/methodHandles.cpp, line 1146]
Event: 0.202 Thread 0x00007fde7a802000 Exception <a 'java/lang/NoSuchFieldError': method resolution failed> (0x00000007958875f8) thrown at [/HUDSON3/workspace/8-2-build-macosx-x86_64/jdk8u73/6086/hotspot/src/share/vm/prims/methodHandles.cpp, line 1146]
Event: 0.409 Thread 0x00007fde7a802000 Exception <a 'java/io/FileNotFoundException'> (0x0000000795903658) thrown at [/HUDSON3/workspace/8-2-build-macosx-x86_64/jdk8u73/6086/hotspot/src/share/vm/prims/jni.cpp, line 709]
Event: 0.409 Thread 0x00007fde7a802000 Exception <a 'java/io/FileNotFoundException'> (0x00000007959041c0) thrown at [/HUDSON3/workspace/8-2-build-macosx-x86_64/jdk8u73/6086/hotspot/src/share/vm/prims/jni.cpp, line 709]
Event: 0.511 Thread 0x00007fde7a802000 Exception <a 'java/io/FileNotFoundException'> (0x0000000795ae98b0) thrown at [/HUDSON3/workspace/8-2-build-macosx-x86_64/jdk8u73/6086/hotspot/src/share/vm/prims/jni.cpp, line 709]
Event: 1.882 Thread 0x00007fde7b87d800 Exception <a 'java/lang/UnsatisfiedLinkError': com.jogamp.common.util.JarUtil.fixNativeLibAttribs(Ljava/lang/String;)Z> (0x0000000796c83690) thrown at [/HUDSON3/workspace/8-2-build-macosx-x86_64/jdk8u73/6086/hotspot/src/share/vm/prims/nativeLookup.cpp, li
Event: 2.095 Thread 0x00007fde7a032800 Exception <a 'java/lang/NullPointerException'> (0x000000079574a778) thrown at [/HUDSON3/workspace/8-2-build-macosx-x86_64/jdk8u73/6086/hotspot/src/share/vm/interpreter/linkResolver.cpp, line 1178]
Event: 2.666 Thread 0x00007fde7bbe1800 Exception <a 'java/io/FileNotFoundException'> (0x0000000796183628) thrown at [/HUDSON3/workspace/8-2-build-macosx-x86_64/jdk8u73/6086/hotspot/src/share/vm/prims/jni.cpp, line 709]
Event: 2.666 Thread 0x00007fde7bbe1800 Exception <a 'java/io/FileNotFoundException'> (0x000000079618abd0) thrown at [/HUDSON3/workspace/8-2-build-macosx-x86_64/jdk8u73/6086/hotspot/src/share/vm/prims/jni.cpp, line 709]
Event: 2.667 Thread 0x00007fde7bbe1800 Implicit null exception at 0x000000010a7a2375 to 0x000000010a7a26d9

Events (10 events):
Event: 6.825 loading class jogamp/nativewindow/jawt/macosx/MacOSXJAWTWindow$1 done
Event: 6.827 loading class java/awt/LightweightDispatcher$2
Event: 6.827 loading class java/awt/LightweightDispatcher$2 done
Event: 6.828 loading class java/awt/event/AWTEventListenerProxy
Event: 6.828 loading class java/awt/event/AWTEventListenerProxy done
Event: 6.828 loading class java/awt/Toolkit$ToolkitEventMulticaster
Event: 6.828 loading class java/awt/Toolkit$ToolkitEventMulticaster done
Event: 6.829 Thread 0x00007fde7ba50000 Thread exited: 0x00007fde7ba50000
Event: 6.830 loading class java/awt/Window$1DisposeAction
Event: 6.830 loading class java/awt/Window$1DisposeAction done


Dynamic libraries:
0x00000000031f9000 	/System/Library/Frameworks/Cocoa.framework/Versions/A/Cocoa
0x00000000031f9000 	/System/Library/Frameworks/Security.framework/Versions/A/Security
0x00000000031f9000 	/System/Library/Frameworks/ApplicationServices.framework/Versions/A/ApplicationServices
0x00000000031f9000 	/usr/lib/libz.1.dylib
0x00000000031f9000 	/usr/lib/libSystem.B.dylib
0x00000000031f9000 	/usr/lib/libobjc.A.dylib
0x00000000031f9000 	/System/Library/Frameworks/CoreFoundation.framework/Versions/A/CoreFoundation
0x00000000031f9000 	/System/Library/Frameworks/Foundation.framework/Versions/C/Foundation
0x00000000031f9000 	/System/Library/Frameworks/AppKit.framework/Versions/C/AppKit
0x00000000031f9000 	/System/Library/Frameworks/CoreData.framework/Versions/A/CoreData
0x00000000031f9000 	/System/Library/PrivateFrameworks/RemoteViewServices.framework/Versions/A/RemoteViewServices
0x00000000031f9000 	/System/Library/PrivateFrameworks/UIFoundation.framework/Versions/A/UIFoundation
0x00000000031f9000 	/usr/lib/libScreenReader.dylib
0x00000000031f9000 	/System/Library/Frameworks/Accelerate.framework/Versions/A/Accelerate
0x00000000031f9000 	/System/Library/Frameworks/IOSurface.framework/Versions/A/IOSurface
0x00000000031f9000 	/System/Library/Frameworks/AudioToolbox.framework/Versions/A/AudioToolbox
0x00000000031f9000 	/System/Library/Frameworks/AudioUnit.framework/Versions/A/AudioUnit
0x00000000031f9000 	/System/Library/PrivateFrameworks/DataDetectorsCore.framework/Versions/A/DataDetectorsCore
0x00000000031f9000 	/System/Library/PrivateFrameworks/DesktopServicesPriv.framework/Versions/A/DesktopServicesPriv
0x00000000031f9000 	/System/Library/Frameworks/Carbon.framework/Versions/A/Frameworks/HIToolbox.framework/Versions/A/HIToolbox
0x00000000031f9000 	/System/Library/Frameworks/QuartzCore.framework/Versions/A/QuartzCore
0x00000000031f9000 	/System/Library/Frameworks/Carbon.framework/Versions/A/Frameworks/SpeechRecognition.framework/Versions/A/SpeechRecognition
0x00000000031f9000 	/usr/lib/libauto.dylib
0x00000000031f9000 	/usr/lib/libicucore.A.dylib
0x00000000031f9000 	/usr/lib/libxml2.2.dylib
0x00000000031f9000 	/System/Library/PrivateFrameworks/CoreUI.framework/Versions/A/CoreUI
0x00000000031f9000 	/System/Library/Frameworks/CoreAudio.framework/Versions/A/CoreAudio
0x00000000031f9000 	/System/Library/Frameworks/DiskArbitration.framework/Versions/A/DiskArbitration
0x00000000031f9000 	/usr/lib/liblangid.dylib
0x00000000031f9000 	/System/Library/PrivateFrameworks/MultitouchSupport.framework/Versions/A/MultitouchSupport
0x00000000031f9000 	/System/Library/Frameworks/IOKit.framework/Versions/A/IOKit
0x00000000031f9000 	/usr/lib/libDiagnosticMessagesClient.dylib
0x00000000031f9000 	/System/Library/Frameworks/CoreServices.framework/Versions/A/CoreServices
0x00000000031f9000 	/System/Library/PrivateFrameworks/PerformanceAnalysis.framework/Versions/A/PerformanceAnalysis
0x00000000031f9000 	/System/Library/PrivateFrameworks/GenerationalStorage.framework/Versions/A/GenerationalStorage
0x00000000031f9000 	/System/Library/Frameworks/OpenGL.framework/Versions/A/OpenGL
0x00000000031f9000 	/System/Library/PrivateFrameworks/Sharing.framework/Versions/A/Sharing
0x00000000031f9000 	/System/Library/Frameworks/CoreGraphics.framework/Versions/A/CoreGraphics
0x00000000031f9000 	/System/Library/Frameworks/CoreImage.framework/Versions/A/CoreImage
0x00000000031f9000 	/System/Library/Frameworks/CoreText.framework/Versions/A/CoreText
0x00000000031f9000 	/System/Library/Frameworks/ImageIO.framework/Versions/A/ImageIO
0x00000000031f9000 	/System/Library/PrivateFrameworks/Backup.framework/Versions/A/Backup
0x00000000031f9000 	/usr/lib/libextension.dylib
0x00000000031f9000 	/usr/lib/libarchive.2.dylib
0x00000000031f9000 	/System/Library/Frameworks/CFNetwork.framework/Versions/A/CFNetwork
0x00000000031f9000 	/System/Library/Frameworks/SystemConfiguration.framework/Versions/A/SystemConfiguration
0x00000000031f9000 	/usr/lib/libCRFSuite.dylib
0x00000000031f9000 	/usr/lib/libc++.1.dylib
0x00000000031f9000 	/usr/lib/libc++abi.dylib
0x00000000031f9000 	/usr/lib/system/libcache.dylib
0x00000000031f9000 	/usr/lib/system/libcommonCrypto.dylib
0x00000000031f9000 	/usr/lib/system/libcompiler_rt.dylib
0x00000000031f9000 	/usr/lib/system/libcopyfile.dylib
0x00000000031f9000 	/usr/lib/system/libcorecrypto.dylib
0x00000000031f9000 	/usr/lib/system/libdispatch.dylib
0x00000000031f9000 	/usr/lib/system/libdyld.dylib
0x00000000031f9000 	/usr/lib/system/libkeymgr.dylib
0x00000000031f9000 	/usr/lib/system/liblaunch.dylib
0x00000000031f9000 	/usr/lib/system/libmacho.dylib
0x00000000031f9000 	/usr/lib/system/libquarantine.dylib
0x00000000031f9000 	/usr/lib/system/libremovefile.dylib
0x00000000031f9000 	/usr/lib/system/libsystem_asl.dylib
0x00000000031f9000 	/usr/lib/system/libsystem_blocks.dylib
0x00000000031f9000 	/usr/lib/system/libsystem_c.dylib
0x00000000031f9000 	/usr/lib/system/libsystem_configuration.dylib
0x00000000031f9000 	/usr/lib/system/libsystem_coreservices.dylib
0x00000000031f9000 	/usr/lib/system/libsystem_coretls.dylib
0x00000000031f9000 	/usr/lib/system/libsystem_dnssd.dylib
0x00000000031f9000 	/usr/lib/system/libsystem_info.dylib
0x00000000031f9000 	/usr/lib/system/libsystem_kernel.dylib
0x00000000031f9000 	/usr/lib/system/libsystem_m.dylib
0x00000000031f9000 	/usr/lib/system/libsystem_malloc.dylib
0x00000000031f9000 	/usr/lib/system/libsystem_network.dylib
0x00000000031f9000 	/usr/lib/system/libsystem_networkextension.dylib
0x00000000031f9000 	/usr/lib/system/libsystem_notify.dylib
0x00000000031f9000 	/usr/lib/system/libsystem_platform.dylib
0x00000000031f9000 	/usr/lib/system/libsystem_pthread.dylib
0x00000000031f9000 	/usr/lib/system/libsystem_sandbox.dylib
0x00000000031f9000 	/usr/lib/system/libsystem_secinit.dylib
0x00000000031f9000 	/usr/lib/system/libsystem_trace.dylib
0x00000000031f9000 	/usr/lib/system/libunc.dylib
0x00000000031f9000 	/usr/lib/system/libunwind.dylib
0x00000000031f9000 	/usr/lib/system/libxpc.dylib
0x00000000031f9000 	/usr/lib/libenergytrace.dylib
0x00000000031f9000 	/usr/lib/libbsm.0.dylib
0x00000000031f9000 	/usr/lib/system/libkxld.dylib
0x00000000031f9000 	/usr/lib/libxar.1.dylib
0x00000000031f9000 	/usr/lib/libsqlite3.dylib
0x00000000031f9000 	/usr/lib/libpam.2.dylib
0x00000000031f9000 	/usr/lib/libOpenScriptingUtil.dylib
0x00000000031f9000 	/usr/lib/libbz2.1.0.dylib
0x00000000031f9000 	/usr/lib/liblzma.5.dylib
0x00000000031f9000 	/System/Library/Frameworks/CoreServices.framework/Versions/A/Frameworks/FSEvents.framework/Versions/A/FSEvents
0x00000000031f9000 	/System/Library/Frameworks/CoreServices.framework/Versions/A/Frameworks/CarbonCore.framework/Versions/A/CarbonCore
0x00000000031f9000 	/System/Library/Frameworks/CoreServices.framework/Versions/A/Frameworks/Metadata.framework/Versions/A/Metadata
0x00000000031f9000 	/System/Library/Frameworks/CoreServices.framework/Versions/A/Frameworks/OSServices.framework/Versions/A/OSServices
0x00000000031f9000 	/System/Library/Frameworks/CoreServices.framework/Versions/A/Frameworks/SearchKit.framework/Versions/A/SearchKit
0x00000000031f9000 	/System/Library/Frameworks/CoreServices.framework/Versions/A/Frameworks/AE.framework/Versions/A/AE
0x00000000031f9000 	/System/Library/Frameworks/CoreServices.framework/Versions/A/Frameworks/LaunchServices.framework/Versions/A/LaunchServices
0x00000000031f9000 	/System/Library/Frameworks/CoreServices.framework/Versions/A/Frameworks/DictionaryServices.framework/Versions/A/DictionaryServices
0x00000000031f9000 	/System/Library/Frameworks/CoreServices.framework/Versions/A/Frameworks/SharedFileList.framework/Versions/A/SharedFileList
0x00000000031f9000 	/System/Library/Frameworks/NetFS.framework/Versions/A/NetFS
0x00000000031f9000 	/System/Library/PrivateFrameworks/NetAuth.framework/Versions/A/NetAuth
0x00000000031f9000 	/System/Library/PrivateFrameworks/login.framework/Versions/A/Frameworks/loginsupport.framework/Versions/A/loginsupport
0x00000000031f9000 	/System/Library/PrivateFrameworks/TCC.framework/Versions/A/TCC
0x00000000031f9000 	/usr/lib/libmecabra.dylib
0x00000000031f9000 	/System/Library/Frameworks/ApplicationServices.framework/Versions/A/Frameworks/ATS.framework/Versions/A/ATS
0x00000000031f9000 	/System/Library/Frameworks/ApplicationServices.framework/Versions/A/Frameworks/ColorSync.framework/Versions/A/ColorSync
0x00000000031f9000 	/System/Library/Frameworks/ApplicationServices.framework/Versions/A/Frameworks/HIServices.framework/Versions/A/HIServices
0x00000000031f9000 	/System/Library/Frameworks/ApplicationServices.framework/Versions/A/Frameworks/LangAnalysis.framework/Versions/A/LangAnalysis
0x00000000031f9000 	/System/Library/Frameworks/ApplicationServices.framework/Versions/A/Frameworks/PrintCore.framework/Versions/A/PrintCore
0x00000000031f9000 	/System/Library/Frameworks/ApplicationServices.framework/Versions/A/Frameworks/QD.framework/Versions/A/QD
0x00000000031f9000 	/System/Library/Frameworks/ApplicationServices.framework/Versions/A/Frameworks/SpeechSynthesis.framework/Versions/A/SpeechSynthesis
0x00000000031f9000 	/System/Library/Frameworks/Metal.framework/Versions/A/Metal
0x00000000031f9000 	/System/Library/Frameworks/Accelerate.framework/Versions/A/Frameworks/vImage.framework/Versions/A/vImage
0x00000000031f9000 	/System/Library/Frameworks/Accelerate.framework/Versions/A/Frameworks/vecLib.framework/Versions/A/vecLib
0x00000000031f9000 	/System/Library/Frameworks/Accelerate.framework/Versions/A/Frameworks/vecLib.framework/Versions/A/libvDSP.dylib
0x00000000031f9000 	/System/Library/Frameworks/Accelerate.framework/Versions/A/Frameworks/vecLib.framework/Versions/A/libvMisc.dylib
0x00000000031f9000 	/System/Library/Frameworks/Accelerate.framework/Versions/A/Frameworks/vecLib.framework/Versions/A/libLAPACK.dylib
0x00000000031f9000 	/System/Library/Frameworks/Accelerate.framework/Versions/A/Frameworks/vecLib.framework/Versions/A/libBLAS.dylib
0x00000000031f9000 	/System/Library/Frameworks/Accelerate.framework/Versions/A/Frameworks/vecLib.framework/Versions/A/libLinearAlgebra.dylib
0x00000000031f9000 	/System/Library/Frameworks/Accelerate.framework/Versions/A/Frameworks/vecLib.framework/Versions/A/libSparseBLAS.dylib
0x00000000031f9000 	/System/Library/PrivateFrameworks/GPUCompiler.framework/libmetal_timestamp.dylib
0x00000000031f9000 	/System/Library/Frameworks/OpenGL.framework/Versions/A/Libraries/libCoreFSCache.dylib
0x00000000031f9000 	/System/Library/PrivateFrameworks/IOAccelerator.framework/Versions/A/IOAccelerator
0x00000000031f9000 	/System/Library/Frameworks/ApplicationServices.framework/Versions/A/Frameworks/ATS.framework/Versions/A/Resources/libFontParser.dylib
0x00000000031f9000 	/System/Library/Frameworks/ApplicationServices.framework/Versions/A/Frameworks/ATS.framework/Versions/A/Resources/libFontRegistry.dylib
0x00000000031f9000 	/System/Library/PrivateFrameworks/AppleVPA.framework/Versions/A/AppleVPA
0x00000000031f9000 	/System/Library/PrivateFrameworks/AppleJPEG.framework/Versions/A/AppleJPEG
0x00000000031f9000 	/System/Library/Frameworks/ImageIO.framework/Versions/A/Resources/libJPEG.dylib
0x00000000031f9000 	/System/Library/Frameworks/ImageIO.framework/Versions/A/Resources/libTIFF.dylib
0x00000000031f9000 	/System/Library/Frameworks/ImageIO.framework/Versions/A/Resources/libPng.dylib
0x00000000031f9000 	/System/Library/Frameworks/ImageIO.framework/Versions/A/Resources/libGIF.dylib
0x00000000031f9000 	/System/Library/Frameworks/ImageIO.framework/Versions/A/Resources/libJP2.dylib
0x00000000031f9000 	/System/Library/Frameworks/ImageIO.framework/Versions/A/Resources/libRadiance.dylib
0x00000000031f9000 	/System/Library/Frameworks/CoreVideo.framework/Versions/A/CoreVideo
0x00000000031f9000 	/System/Library/Frameworks/OpenGL.framework/Versions/A/Libraries/libGLU.dylib
0x00000000031f9000 	/System/Library/Frameworks/OpenGL.framework/Versions/A/Libraries/libGFXShared.dylib
0x00000000031f9000 	/System/Library/Frameworks/OpenGL.framework/Versions/A/Libraries/libGL.dylib
0x00000000031f9000 	/System/Library/Frameworks/OpenGL.framework/Versions/A/Libraries/libGLImage.dylib
0x00000000031f9000 	/System/Library/Frameworks/OpenGL.framework/Versions/A/Libraries/libCVMSPluginSupport.dylib
0x00000000031f9000 	/System/Library/Frameworks/OpenGL.framework/Versions/A/Libraries/libCoreVMClient.dylib
0x00000000031f9000 	/usr/lib/libcups.2.dylib
0x00000000031f9000 	/System/Library/Frameworks/Kerberos.framework/Versions/A/Kerberos
0x00000000031f9000 	/System/Library/Frameworks/GSS.framework/Versions/A/GSS
0x00000000031f9000 	/usr/lib/libresolv.9.dylib
0x00000000031f9000 	/usr/lib/libiconv.2.dylib
0x00000000031f9000 	/System/Library/PrivateFrameworks/Heimdal.framework/Versions/A/Heimdal
0x00000000031f9000 	/usr/lib/libheimdal-asn1.dylib
0x00000000031f9000 	/System/Library/Frameworks/OpenDirectory.framework/Versions/A/OpenDirectory
0x00000000031f9000 	/System/Library/PrivateFrameworks/CommonAuth.framework/Versions/A/CommonAuth
0x00000000031f9000 	/System/Library/Frameworks/OpenDirectory.framework/Versions/A/Frameworks/CFOpenDirectory.framework/Versions/A/CFOpenDirectory
0x00000000031f9000 	/System/Library/Frameworks/SecurityFoundation.framework/Versions/A/SecurityFoundation
0x00000000031f9000 	/System/Library/PrivateFrameworks/LanguageModeling.framework/Versions/A/LanguageModeling
0x00000000031f9000 	/usr/lib/libmarisa.dylib
0x00000000031f9000 	/usr/lib/libChineseTokenizer.dylib
0x00000000031f9000 	/usr/lib/libcmph.dylib
0x00000000031f9000 	/usr/lib/libcompression.dylib
0x00000000031f9000 	/System/Library/Frameworks/ServiceManagement.framework/Versions/A/ServiceManagement
0x00000000031f9000 	/usr/lib/libxslt.1.dylib
0x00000000031f9000 	/System/Library/Frameworks/Carbon.framework/Versions/A/Frameworks/Ink.framework/Versions/A/Ink
0x00000000031f9000 	/usr/lib/libFosl_dynamic.dylib
0x00000000031f9000 	/System/Library/PrivateFrameworks/FaceCore.framework/Versions/A/FaceCore
0x00000000031f9000 	/System/Library/Frameworks/OpenCL.framework/Versions/A/OpenCL
0x00000000031f9000 	/System/Library/PrivateFrameworks/CrashReporterSupport.framework/Versions/A/CrashReporterSupport
0x00000000031f9000 	/System/Library/PrivateFrameworks/IconServices.framework/Versions/A/IconServices
0x00000000031f9000 	/System/Library/PrivateFrameworks/Apple80211.framework/Versions/A/Apple80211
0x00000000031f9000 	/System/Library/Frameworks/CoreWLAN.framework/Versions/A/CoreWLAN
0x00000000031f9000 	/System/Library/Frameworks/IOBluetooth.framework/Versions/A/IOBluetooth
0x00000000031f9000 	/System/Library/PrivateFrameworks/CoreWiFi.framework/Versions/A/CoreWiFi
0x00000000031f9000 	/System/Library/Frameworks/CoreBluetooth.framework/Versions/A/CoreBluetooth
0x00000000031f9000 	/System/Library/PrivateFrameworks/ChunkingLibrary.framework/Versions/A/ChunkingLibrary
0x00000000031f9000 	/System/Library/PrivateFrameworks/DebugSymbols.framework/Versions/A/DebugSymbols
0x00000000031f9000 	/System/Library/PrivateFrameworks/CoreSymbolication.framework/Versions/A/CoreSymbolication
0x00000000031f9000 	/System/Library/PrivateFrameworks/Symbolication.framework/Versions/A/Symbolication
0x00000000031f9000 	/System/Library/PrivateFrameworks/SpeechRecognitionCore.framework/Versions/A/SpeechRecognitionCore
0x0000000108d74000 	/Library/Java/JavaVirtualMachines/jdk1.8.0_73.jdk/Contents/Home/jre/lib/server/libjvm.dylib
0x00000000031f9000 	/usr/lib/libstdc++.6.dylib
0x0000000109d05000 	/Library/Java/JavaVirtualMachines/jdk1.8.0_73.jdk/Contents/Home/jre/lib/libverify.dylib
0x0000000109d13000 	/Library/Java/JavaVirtualMachines/jdk1.8.0_73.jdk/Contents/Home/jre/lib/libjava.dylib
0x0000000109d52000 	/Library/Java/JavaVirtualMachines/jdk1.8.0_73.jdk/Contents/Home/jre/lib/libzip.dylib
0x000000011fec1000 	/System/Library/Frameworks/JavaVM.framework/Frameworks/JavaRuntimeSupport.framework/JavaRuntimeSupport
0x000000011fedc000 	/System/Library/Frameworks/JavaVM.framework/Versions/A/Frameworks/JavaNativeFoundation.framework/Versions/A/JavaNativeFoundation
0x000000011fef1000 	/System/Library/Frameworks/JavaVM.framework/Versions/A/JavaVM
0x00000000031f9000 	/System/Library/Frameworks/Carbon.framework/Versions/A/Carbon
0x000000011fefe000 	/System/Library/PrivateFrameworks/JavaLaunching.framework/Versions/A/JavaLaunching
0x00000000031f9000 	/System/Library/Frameworks/Carbon.framework/Versions/A/Frameworks/CommonPanels.framework/Versions/A/CommonPanels
0x00000000031f9000 	/System/Library/Frameworks/Carbon.framework/Versions/A/Frameworks/Help.framework/Versions/A/Help
0x00000000031f9000 	/System/Library/Frameworks/Carbon.framework/Versions/A/Frameworks/ImageCapture.framework/Versions/A/ImageCapture
0x00000000031f9000 	/System/Library/Frameworks/Carbon.framework/Versions/A/Frameworks/OpenScripting.framework/Versions/A/OpenScripting
0x00000000031f9000 	/System/Library/Frameworks/Carbon.framework/Versions/A/Frameworks/Print.framework/Versions/A/Print
0x00000000031f9000 	/System/Library/Frameworks/Carbon.framework/Versions/A/Frameworks/SecurityHI.framework/Versions/A/SecurityHI
0x0000000121858000 	/Library/Java/JavaVirtualMachines/jdk1.8.0_73.jdk/Contents/Home/jre/lib/libawt.dylib
0x0000000121900000 	/Library/Java/JavaVirtualMachines/jdk1.8.0_73.jdk/Contents/Home/jre/lib/./libmlib_image.dylib
0x00000001219cc000 	/Library/Java/JavaVirtualMachines/jdk1.8.0_73.jdk/Contents/Home/jre/lib/libawt_lwawt.dylib
0x0000000121a81000 	/Library/Java/JavaVirtualMachines/jdk1.8.0_73.jdk/Contents/Home/jre/lib/./libosxapp.dylib
0x00000000031f9000 	/System/Library/Frameworks/ExceptionHandling.framework/Versions/A/ExceptionHandling
0x00000000031f9000 	/System/Library/PrivateFrameworks/CoreServicesInternal.framework/Versions/A/CoreServicesInternal
0x00000000031f9000 	/System/Library/Frameworks/CoreGraphics.framework/Versions/A/Resources/libRIP.A.dylib
0x00000000031f9000 	/System/Library/Frameworks/Accelerate.framework/Versions/A/Frameworks/vImage.framework/Versions/A/Libraries/libCGInterfaces.dylib
0x00000000031f9000 	/System/Library/Frameworks/CoreGraphics.framework/Versions/A/Resources/libCGXType.A.dylib
0x00000000031f9000 	/System/Library/Frameworks/OpenCL.framework/Versions/A/Libraries/libcldcpuengine.dylib
0x00000000031f9000 	/System/Library/PrivateFrameworks/DiskImages.framework/Versions/A/DiskImages
0x00000000031f9000 	/System/Library/Frameworks/DiscRecording.framework/Versions/A/DiscRecording
0x00000000031f9000 	/usr/lib/libcsfde.dylib
0x00000000031f9000 	/usr/lib/libcurl.4.dylib
0x00000000031f9000 	/System/Library/PrivateFrameworks/MediaKit.framework/Versions/A/MediaKit
0x00000000031f9000 	/System/Library/PrivateFrameworks/ProtectedCloudStorage.framework/Versions/A/ProtectedCloudStorage
0x00000000031f9000 	/usr/lib/libCoreStorage.dylib
0x00000000031f9000 	/System/Library/PrivateFrameworks/EFILogin.framework/Versions/A/EFILogin
0x00000000031f9000 	/usr/lib/libutil.dylib
0x00000000031f9000 	/System/Library/PrivateFrameworks/FindMyDevice.framework/Versions/A/FindMyDevice
0x00000000031f9000 	/System/Library/Frameworks/LDAP.framework/Versions/A/LDAP
0x00000000031f9000 	/usr/lib/libsasl2.2.dylib
0x00000000031f9000 	/System/Library/PrivateFrameworks/CoreDaemon.framework/Versions/B/CoreDaemon
0x00000000031f9000 	/usr/lib/libcrypto.0.9.8.dylib
0x00000000031f9000 	/System/Library/PrivateFrameworks/AppleSRP.framework/Versions/A/AppleSRP
0x00000000031f9000 	/System/Library/PrivateFrameworks/TrustEvaluationAgent.framework/Versions/A/TrustEvaluationAgent
0x0000000123a1f000 	cl_kernels
0x00000000031f9000 	/System/Library/Frameworks/OpenCL.framework/Versions/A/Libraries/ImageFormats/unorm8_bgra.dylib
0x00000000031f9000 	/System/Library/Frameworks/OpenCL.framework/Versions/A/Libraries/ImageFormats/unorm8_rgba.dylib
0x00000000031f9000 	/System/Library/PrivateFrameworks/FamilyControls.framework/Versions/A/FamilyControls
0x00000000031f9000 	/System/Library/PrivateFrameworks/CommerceKit.framework/Versions/A/Frameworks/CommerceCore.framework/Versions/A/CommerceCore
0x00000000031f9000 	/System/Library/PrivateFrameworks/SystemAdministration.framework/Versions/A/SystemAdministration
0x00000000031f9000 	/System/Library/PrivateFrameworks/AppContainer.framework/Versions/A/AppContainer
0x00000000031f9000 	/System/Library/PrivateFrameworks/SecCodeWrapper.framework/Versions/A/SecCodeWrapper
0x00000000031f9000 	/System/Library/Frameworks/DirectoryService.framework/Versions/A/DirectoryService
0x00000000031f9000 	/System/Library/PrivateFrameworks/LoginUIKit.framework/Versions/A/Frameworks/LoginUICore.framework/Versions/A/LoginUICore
0x00000000031f9000 	/usr/lib/libodfde.dylib
0x00000000031f9000 	/System/Library/Frameworks/OpenGL.framework/Versions/A/Resources/GLEngine.bundle/GLEngine
0x00000000031f9000 	/System/Library/Frameworks/OpenGL.framework/Versions/A/Libraries/libGLProgrammability.dylib
0x0000000124b96000 	/System/Library/Extensions/AppleIntelHD5000GraphicsGLDriver.bundle/Contents/MacOS/AppleIntelHD5000GraphicsGLDriver
0x00000000031f9000 	/System/Library/PrivateFrameworks/GPUSupport.framework/Versions/A/Libraries/libGPUSupportMercury.dylib
0x00000000031f9000 	/System/Library/Frameworks/OpenGL.framework/Versions/A/Resources/GLRendererFloat.bundle/GLRendererFloat
0x0000000125ba4000 	/Library/Java/JavaVirtualMachines/jdk1.8.0_73.jdk/Contents/Home/jre/lib/libfontmanager.dylib
0x00000001270ec000 	/Library/Java/JavaVirtualMachines/jdk1.8.0_73.jdk/Contents/Home/jre/lib/libosxui.dylib
0x0000000127c2b000 	/Library/Java/JavaVirtualMachines/jdk1.8.0_73.jdk/Contents/Home/jre/lib/libnet.dylib
0x0000000127b5a000 	/Library/Java/JavaVirtualMachines/jdk1.8.0_73.jdk/Contents/Home/jre/lib/libnio.dylib
0x00000000031f9000 	/System/Library/Frameworks/ApplicationServices.framework/Versions/A/Frameworks/ATS.framework/Versions/A/Resources/libTrueTypeScaler.dylib
0x0000000185a61000 	/System/Library/Extensions/AppleIntelHD5000GraphicsMTLDriver.bundle/Contents/MacOS/AppleIntelHD5000GraphicsMTLDriver
0x00000001859de000 	/private/var/folders/zg/1l8q7jb960scm7wpq1kf74lm0000gn/T/jogamp_0000/file_cache/jln789084169385721447/jln3819041656689862309/libgluegen-rt.jnilib
0x00000001859e2000 	/private/var/folders/zg/1l8q7jb960scm7wpq1kf74lm0000gn/T/jogamp_0000/file_cache/jln789084169385721447/jln3819041656689862309/libnativewindow_awt.jnilib
0x00000001859e5000 	/Library/Java/JavaVirtualMachines/jdk1.8.0_73.jdk/Contents/Home/jre/lib/libjawt.dylib
0x00000001859e8000 	/private/var/folders/zg/1l8q7jb960scm7wpq1kf74lm0000gn/T/jogamp_0000/file_cache/jln789084169385721447/jln3819041656689862309/libnativewindow_macosx.jnilib
0x000000018a938000 	/private/var/folders/zg/1l8q7jb960scm7wpq1kf74lm0000gn/T/jogamp_0000/file_cache/jln789084169385721447/jln3819041656689862309/libjogl_desktop.jnilib

VM Arguments:
jvm_args: -Djava.security.policy=java.policy.applet -Dfile.encoding=UTF-8 
java_command: sun.applet.AppletViewer module3.EarthquakeCityMap1456400261160.html
java_class_path (initial): /Users/intruder04/dev_projects/java/UCSDUnfoldingMaps/build:/Users/intruder04/dev_projects/java/UCSDUnfoldingMaps/lib/core.jar:/Users/intruder04/dev_projects/java/UCSDUnfoldingMaps/lib/gluegen-rt.jar:/Users/intruder04/dev_projects/java/UCSDUnfoldingMaps/lib/jogl-all.jar:/Users/intruder04/dev_projects/java/UCSDUnfoldingMaps/lib/log4j-1.2.15.jar:/Users/intruder04/dev_projects/java/UCSDUnfoldingMaps/lib/sqlite-jdbc-3.7.2.jar:/Users/intruder04/dev_projects/java/UCSDUnfoldingMaps/lib/json4processing.jar:/Users/intruder04/dev_projects/java/UCSDUnfoldingMaps/lib/libTUIO.jar:/Users/intruder04/dev_projects/java/UCSDUnfoldingMaps/lib/unfolding.0.9.7-uscd.jar
Launcher Type: SUN_STANDARD

Environment Variables:
PATH=/usr/bin:/bin:/usr/sbin:/sbin
SHELL=/bin/bash

Signal Handlers:
SIGSEGV: [libjvm.dylib+0x5a71a5], sa_mask[0]=11111111011111110111111111111111, sa_flags=SA_ONSTACK|SA_RESTART|SA_SIGINFO
SIGBUS: [libjvm.dylib+0x5a71a5], sa_mask[0]=11111111011111110111111111111111, sa_flags=SA_RESTART|SA_SIGINFO
SIGFPE: [libjvm.dylib+0x480eb4], sa_mask[0]=11111111011111110111111111111111, sa_flags=SA_RESTART|SA_SIGINFO
SIGPIPE: [libjvm.dylib+0x480eb4], sa_mask[0]=11111111011111110111111111111111, sa_flags=SA_RESTART|SA_SIGINFO
SIGXFSZ: [libjvm.dylib+0x480eb4], sa_mask[0]=11111111011111110111111111111111, sa_flags=SA_RESTART|SA_SIGINFO
SIGILL: [libjvm.dylib+0x480eb4], sa_mask[0]=11111111011111110111111111111111, sa_flags=SA_RESTART|SA_SIGINFO
SIGUSR1: SIG_DFL, sa_mask[0]=00000000000000000000000000000000, sa_flags=none
SIGUSR2: [libjvm.dylib+0x4809d2], sa_mask[0]=00100000000000000000000000000000, sa_flags=SA_RESTART|SA_SIGINFO
SIGHUP: [libjvm.dylib+0x47efa9], sa_mask[0]=11111111011111110111111111111111, sa_flags=SA_RESTART|SA_SIGINFO
SIGINT: [libjvm.dylib+0x47efa9], sa_mask[0]=11111111011111110111111111111111, sa_flags=SA_RESTART|SA_SIGINFO
SIGTERM: [libjvm.dylib+0x47efa9], sa_mask[0]=11111111011111110111111111111111, sa_flags=SA_RESTART|SA_SIGINFO
SIGQUIT: [libjvm.dylib+0x47efa9], sa_mask[0]=11111111011111110111111111111111, sa_flags=SA_RESTART|SA_SIGINFO


---------------  S Y S T E M  ---------------

OS:Bsduname:Darwin 15.3.0 Darwin Kernel Version 15.3.0: Thu Dec 10 18:40:58 PST 2015; root:xnu-3248.30.4~1/RELEASE_X86_64 x86_64
rlimit: STACK 8192k, CORE 0k, NPROC 709, NOFILE 10240, AS infinity
load average:1.97 1.66 1.71

CPU:total 4 (2 cores per cpu, 2 threads per core) family 6 model 69 stepping 1, cmov, cx8, fxsr, mmx, sse, sse2, sse3, ssse3, sse4.1, sse4.2, popcnt, avx, avx2, aes, clmul, erms, lzcnt, ht, tsc, tscinvbit, bmi1, bmi2

Memory: 4k page, physical 8388608k(91648k free)

/proc/meminfo:


vm_info: Java HotSpot(TM) 64-Bit Server VM (25.73-b02) for bsd-amd64 JRE (1.8.0_73-b02), built on Jan 29 2016 15:02:00 by "java_re" with gcc 4.2.1 (Based on Apple Inc. build 5658) (LLVM build 2336.11.00)

time: Thu Feb 25 14:37:48 2016
elapsed time: 6 seconds (0d 0h 0m 6s)

