#
# A fatal error has been detected by the Java Runtime Environment:
#
#  SIGSEGV (0xb) at pc=0x00007fff890044dd, pid=1789, tid=2571
#
# JRE version: Java(TM) SE Runtime Environment (8.0_73-b02) (build 1.8.0_73-b02)
# Java VM: Java HotSpot(TM) 64-Bit Server VM (25.73-b02 mixed mode bsd-amd64 compressed oops)
# Problematic frame:
# C  [libobjc.A.dylib+0x14dd]  objc_msgSend+0x1d
#
# Failed to write core dump. Core dumps have been disabled. To enable core dumping, try "ulimit -c unlimited" before starting Java again
#
# If you would like to submit a bug report, please visit:
#   http://bugreport.java.com/bugreport/crash.jsp
# The crash happened outside the Java Virtual Machine in native code.
# See problematic frame for where to report the bug.
#

---------------  T H R E A D  ---------------

Current thread (0x00007fc9f30f3000):  JavaThread "AWT-AppKit" daemon [_thread_in_native, id=2571, stack(0x00007fff57474000,0x00007fff57c74000)]

siginfo: si_signo: 11 (SIGSEGV), si_code: 1 (SEGV_MAPERR), si_addr: 0x0000000000000018

Registers:
RAX=0x00007fc9f74974e0, RBX=0x0000000184ddc450, RCX=0x0000000122196360, RDX=0x0000000122196e40
RSP=0x00007fff57c6f328, RBP=0x00007fff57c6f3e0, RSI=0x00007fff92d74d0e, RDI=0x00007fc9f7498660
R8 =0x0000000000000000, R9 =0x00000000000008c0, R10=0x00007fff92d74d0e, R11=0x0000000000000000
R12=0x0000000000000000, R13=0x0000000189c69c20, R14=0x0000000184ddc440, R15=0x00007fc9f30f3000
RIP=0x00007fff890044dd, EFLAGS=0x0000000000010246, ERR=0x0000000000000004
  TRAPNO=0x000000000000000e

Top of Stack: (sp=0x00007fff57c6f328)
0x00007fff57c6f328:   0000000184dda157 00007fff57c6f380
0x00007fff57c6f338:   0000000000000003 00007fff57c6f360
0x00007fff57c6f348:   00000001083f9646 0000000189c69c20
0x00007fff57c6f358:   0000000189c69c20 00007fc9f74974e0
0x00007fff57c6f368:   0000000184ddc6a0 0000000184ddc710
0x00007fff57c6f378:   00007fff762af770 00007fff774b0500
0x00007fff57c6f388:   0000000184ddc450 0000000184ddc690
0x00007fff57c6f398:   00007fc9f74974e0 00007fc9f7498660
0x00007fff57c6f3a8:   00007fc9f71b4f30 00007fc9f74974e0
0x00007fff57c6f3b8:   00007fc9f7498660 00007fff57c6f468
0x00007fff57c6f3c8:   00007fc9f30f31f8 0000000189c69c20
0x00007fff57c6f3d8:   00007fff57c6f490 00007fff57c6f458
0x00007fff57c6f3e8:   0000000109a15954 0000000189c69c20
0x00007fff57c6f3f8:   00007fff57c6f490 00007fff57c6f458
0x00007fff57c6f408:   0000000109a156e7 0000000109a156a2
0x00007fff57c6f418:   00007fff57c6f418 0000000189c69c20
0x00007fff57c6f428:   00007fff57c6f490 0000000189c8d028
0x00007fff57c6f438:   0000000000000000 0000000189c69c20
0x00007fff57c6f448:   0000000000000000 00007fff57c6f478
0x00007fff57c6f458:   00007fff57c6f4d8 0000000109a07c4d
0x00007fff57c6f468:   0000000740c26cf8 0000000109a0f578
0x00007fff57c6f478:   00007fc9f74974e0 00007fff57c6f4d8
0x00007fff57c6f488:   00007fc9f7498660 0000000109a10d82
0x00007fff57c6f498:   00007fff57c6f498 0000000189c69dea
0x00007fff57c6f4a8:   00007fff57c6f500 0000000189c8d028
0x00007fff57c6f4b8:   0000000000000000 0000000189c69df8
0x00007fff57c6f4c8:   00007fff57c6f478 00007fff57c6f4e8
0x00007fff57c6f4d8:   00007fff57c6f548 0000000109a07c4d
0x00007fff57c6f4e8:   00007fc9f74974e0 0000000741bf8800
0x00007fff57c6f4f8:   00007fc9f7498660 0000000741bf8800
0x00007fff57c6f508:   00007fff57c6f508 000000018ff3d6ae
0x00007fff57c6f518:   00007fff57c6f558 000000018ff3d768 

Instructions: (pc=0x00007fff890044dd)
0x00007fff890044bd:   44 00 00 48 85 ff 2e 74 62 40 f6 c7 01 2e 75 66
0x00007fff890044cd:   49 bb f8 ff ff ff ff 7f 00 00 4c 23 1f 49 89 f2
0x00007fff890044dd:   45 23 53 18 49 c1 e2 04 4d 03 53 10 49 3b 32 75
0x00007fff890044ed:   04 41 ff 62 08 49 83 3a 01 76 0d 49 83 c2 10 49 

Register to memory mapping:

RAX=0x00007fc9f74974e0 is an unknown value
RBX=0x0000000184ddc450: Java_jogamp_nativewindow_macosx_OSXUtil_GetScreenRefreshRate0+0x1cf0 in /private/var/folders/zg/1l8q7jb960scm7wpq1kf74lm0000gn/T/jogamp_0000/file_cache/jln6307432351312699719/jln3029863710152427595/libnativewindow_macosx.jnilib at 0x0000000184dd5000
RCX=0x0000000122196360 is an unknown value
RDX=0x0000000122196e40 is an unknown value
RSP=0x00007fff57c6f328 is pointing into the stack for thread: 0x00007fc9f30f3000
RBP=0x00007fff57c6f3e0 is pointing into the stack for thread: 0x00007fc9f30f3000
RSI=0x00007fff92d74d0e is an unknown value
RDI=0x00007fc9f7498660 is an unknown value
R8 =0x0000000000000000 is an unknown value
R9 =0x00000000000008c0 is an unknown value
R10=0x00007fff92d74d0e is an unknown value
R11=0x0000000000000000 is an unknown value
R12=0x0000000000000000 is an unknown value
R13={method} {0x0000000189c69c20} 'UnsetJAWTRootSurfaceLayer0' '(JJ)V' in 'jogamp/nativewindow/jawt/macosx/MacOSXJAWTWindow'
R14=0x0000000184ddc440: Java_jogamp_nativewindow_macosx_OSXUtil_GetScreenRefreshRate0+0x1ce0 in /private/var/folders/zg/1l8q7jb960scm7wpq1kf74lm0000gn/T/jogamp_0000/file_cache/jln6307432351312699719/jln3029863710152427595/libnativewindow_macosx.jnilib at 0x0000000184dd5000
R15=0x00007fc9f30f3000 is a thread


Stack: [0x00007fff57474000,0x00007fff57c74000],  sp=0x00007fff57c6f328,  free space=8172k
Native frames: (J=compiled Java code, j=interpreted, Vv=VM code, C=native code)
C  [libobjc.A.dylib+0x14dd]  objc_msgSend+0x1d
j  jogamp.nativewindow.jawt.macosx.MacOSXJAWTWindow.UnsetJAWTRootSurfaceLayer0(JJ)V+0
j  jogamp.nativewindow.jawt.macosx.MacOSXJAWTWindow.access$200(JJ)V+2
j  jogamp.nativewindow.jawt.macosx.MacOSXJAWTWindow$1.run()V+38
J 2059 C1 com.jogamp.common.util.RunnableTask.run()V (345 bytes) @ 0x000000010a143354 [0x000000010a1431c0+0x194]
v  ~StubRoutines::call_stub
V  [libjvm.dylib+0x2eae7a]  JavaCalls::call_helper(JavaValue*, methodHandle*, JavaCallArguments*, Thread*)+0x6ae
V  [libjvm.dylib+0x321f83]  jni_invoke_nonstatic(JNIEnv_*, JavaValue*, _jobject*, JNICallType, _jmethodID*, JNI_ArgumentPusher*, Thread*)+0x2ec
V  [libjvm.dylib+0x314757]  jni_CallVoidMethod+0x16b
C  [libnativewindow_macosx.jnilib+0x5326]  Java_jogamp_nativewindow_jawt_macosx_MacOSXJAWTWindow_UnsetJAWTRootSurfaceLayer0+0x2b6
C  [Foundation+0x8dd4b]  __NSThreadPerformPerform+0x117
C  [CoreFoundation+0x7e5c1]  __CFRUNLOOP_IS_CALLING_OUT_TO_A_SOURCE0_PERFORM_FUNCTION__+0x11
C  [CoreFoundation+0x70397]  __CFRunLoopDoSources0+0x1a7
C  [CoreFoundation+0x6f93f]  __CFRunLoopRun+0x39f
C  [CoreFoundation+0x6f338]  CFRunLoopRunSpecific+0x128
C  [HIToolbox+0x30935]  RunCurrentEventLoopInMode+0xeb
C  [HIToolbox+0x30677]  ReceiveNextEventCommon+0xb8
C  [HIToolbox+0x305af]  _BlockUntilNextEventMatchingListInModeWithFilter+0x47
C  [AppKit+0x8a0ee]  _DPSNextEvent+0x42b
C  [AppKit+0x456943]  -[NSApplication _nextEventMatchingEventMask:untilDate:inMode:dequeue:]+0x1c6
C  [libosxapp.dylib+0x23aa]  -[NSApplicationAWT nextEventMatchingMask:untilDate:inMode:dequeue:]+0x7c
C  [AppKit+0x7ffc8]  -[NSApplication run]+0x2aa
C  [libosxapp.dylib+0x214d]  +[NSApplicationAWT runAWTLoopWithApp:]+0x9c
C  [libawt_lwawt.dylib+0x4455b]  -[AWTStarter starter:]+0x389
C  [Foundation+0x8dd4b]  __NSThreadPerformPerform+0x117
C  [CoreFoundation+0x7e5c1]  __CFRUNLOOP_IS_CALLING_OUT_TO_A_SOURCE0_PERFORM_FUNCTION__+0x11
C  [CoreFoundation+0x7041c]  __CFRunLoopDoSources0+0x22c
C  [CoreFoundation+0x6f93f]  __CFRunLoopRun+0x39f
C  [CoreFoundation+0x6f338]  CFRunLoopRunSpecific+0x128
C  [java+0x6463]  CreateExecutionEnvironment+0x367
C  [java+0x21ac]  JLI_Launch+0x7a0
C  [java+0x84c0]  main+0x65
C  [java+0x1a04]  start+0x34
C  0x0000000000000007

Java frames: (J=compiled Java code, j=interpreted, Vv=VM code)
j  jogamp.nativewindow.jawt.macosx.MacOSXJAWTWindow.UnsetJAWTRootSurfaceLayer0(JJ)V+0
j  jogamp.nativewindow.jawt.macosx.MacOSXJAWTWindow.access$200(JJ)V+2
j  jogamp.nativewindow.jawt.macosx.MacOSXJAWTWindow$1.run()V+38
J 2059 C1 com.jogamp.common.util.RunnableTask.run()V (345 bytes) @ 0x000000010a143354 [0x000000010a1431c0+0x194]
v  ~StubRoutines::call_stub

---------------  P R O C E S S  ---------------

Java Threads: ( => current thread )
  0x00007fc9f3f1e000 JavaThread "Thread-244" [_thread_blocked, id=15115, stack(0x0000700000932000,0x0000700000a32000)]
  0x00007fc9f4450000 JavaThread "Image Fetcher 2" daemon [_thread_blocked, id=67363, stack(0x0000700001d7a000,0x0000700001e7a000)]
  0x00007fc9f4016800 JavaThread "Image Fetcher 1" daemon [_thread_blocked, id=66831, stack(0x0000700001a71000,0x0000700001b71000)]
  0x00007fc9f3e07800 JavaThread "Image Fetcher 0" daemon [_thread_blocked, id=12895, stack(0x0000700001f80000,0x0000700002080000)]
  0x00007fc9f3efb800 JavaThread "Keep-Alive-Timer" daemon [_thread_blocked, id=65879, stack(0x0000700001e7d000,0x0000700001f7d000)]
  0x00007fc9f297f000 JavaThread "AWT-EventQueue-1" [_thread_in_native, id=59435, stack(0x0000700001868000,0x0000700001968000)]
  0x00007fc9f3c11800 JavaThread "DestroyJavaVM" [_thread_blocked, id=5891, stack(0x000070000011a000,0x000070000021a000)]
  0x00007fc9f419f000 JavaThread "AWT-EventQueue-0" [_thread_blocked, id=56067, stack(0x0000700001662000,0x0000700001762000)]
  0x00007fc9f29be000 JavaThread "Java2D Disposer" daemon [_thread_blocked, id=52739, stack(0x00007000013d9000,0x00007000014d9000)]
  0x00007fc9f3141800 JavaThread "Java2D Queue Flusher" daemon [_thread_blocked, id=41247, stack(0x00007000012d6000,0x00007000013d6000)]
  0x00007fc9f3108000 JavaThread "AWT-Shutdown" [_thread_blocked, id=29459, stack(0x0000700001150000,0x0000700001250000)]
=>0x00007fc9f30f3000 JavaThread "AWT-AppKit" daemon [_thread_in_native, id=2571, stack(0x00007fff57474000,0x00007fff57c74000)]
  0x00007fc9f284b000 JavaThread "Service Thread" daemon [_thread_blocked, id=18691, stack(0x0000700000e44000,0x0000700000f44000)]
  0x00007fc9f283a800 JavaThread "C1 CompilerThread2" daemon [_thread_blocked, id=18179, stack(0x0000700000d41000,0x0000700000e41000)]
  0x00007fc9f2839800 JavaThread "C2 CompilerThread1" daemon [_thread_blocked, id=17667, stack(0x0000700000c3e000,0x0000700000d3e000)]
  0x00007fc9f400d800 JavaThread "C2 CompilerThread0" daemon [_thread_blocked, id=17155, stack(0x0000700000b3b000,0x0000700000c3b000)]
  0x00007fc9f302f800 JavaThread "Signal Dispatcher" daemon [_thread_blocked, id=13839, stack(0x0000700000a38000,0x0000700000b38000)]
  0x00007fc9f4000000 JavaThread "Finalizer" daemon [_thread_blocked, id=12291, stack(0x000070000082f000,0x000070000092f000)]
  0x00007fc9f2811800 JavaThread "Reference Handler" daemon [_thread_blocked, id=11779, stack(0x000070000072c000,0x000070000082c000)]

Other Threads:
  0x00007fc9f3857800 VMThread [stack: 0x0000700000629000,0x0000700000729000] [id=11267]
  0x00007fc9f3030800 WatcherThread [stack: 0x0000700000f47000,0x0000700001047000] [id=19203]

VM state:not at safepoint (normal execution)

VM Mutex/Monitor currently owned by a thread: None

Heap:
 PSYoungGen      total 125440K, used 30319K [0x0000000795580000, 0x000000079f080000, 0x00000007c0000000)
  eden space 98304K, 6% used [0x0000000795580000,0x0000000795be3668,0x000000079b580000)
  from space 27136K, 87% used [0x000000079d200000,0x000000079e9385c0,0x000000079ec80000)
  to   space 29184K, 0% used [0x000000079b580000,0x000000079b580000,0x000000079d200000)
 ParOldGen       total 87552K, used 52258K [0x0000000740000000, 0x0000000745580000, 0x0000000795580000)
  object space 87552K, 59% used [0x0000000740000000,0x0000000743308a98,0x0000000745580000)
 Metaspace       used 20932K, capacity 21109K, committed 21296K, reserved 1069056K
  class space    used 2012K, capacity 2080K, committed 2176K, reserved 1048576K

Card table byte_map: [0x0000000118dc0000,0x00000001191c1000] byte_map_base: 0x00000001153c0000

Marking Bits: (ParMarkBitMap*) 0x0000000108aebea0
 Begin Bits: [0x000000011946c000, 0x000000011b46c000)
 End Bits:   [0x000000011b46c000, 0x000000011d46c000)

Polling page: 0x00000001091dc000

CodeCache: size=245760Kb used=9017Kb max_used=9019Kb free=236742Kb
 bounds [0x0000000109a00000, 0x000000010a2e0000, 0x0000000118a00000]
 total_blobs=3424 nmethods=2544 adapters=793
 compilation: enabled

Compilation events (10 events):
Event: 17.537 Thread 0x00007fc9f283a800 2897       3       sun.awt.SunToolkit::awtUnlock (7 bytes)
Event: 17.537 Thread 0x00007fc9f283a800 nmethod 2897 0x000000010a2caf10 code [0x000000010a2cb080, 0x000000010a2cb368]
Event: 17.538 Thread 0x00007fc9f283a800 2898       3       sun.java2d.pipe.RenderQueue::unlock (4 bytes)
Event: 17.539 Thread 0x00007fc9f283a800 nmethod 2898 0x000000010a2ca890 code [0x000000010a2caa20, 0x000000010a2cad88]
Event: 17.580 Thread 0x00007fc9f283a800 2899       3       java.util.HashMap::putVal (300 bytes)
Event: 17.582 Thread 0x00007fc9f283a800 nmethod 2899 0x000000010a2d1690 code [0x000000010a2d1900, 0x000000010a2d2bb8]
Event: 17.582 Thread 0x00007fc9f283a800 2900       3       java.util.HashMap::remove (26 bytes)
Event: 17.582 Thread 0x00007fc9f283a800 nmethod 2900 0x000000010a2d0f90 code [0x000000010a2d1120, 0x000000010a2d1538]
Event: 17.590 Thread 0x00007fc9f283a800 2901       3       java.net.URLStreamHandler::sameFile (136 bytes)
Event: 17.591 Thread 0x00007fc9f283a800 nmethod 2901 0x000000010a2cfb50 code [0x000000010a2cfd40, 0x000000010a2d0d48]

GC Heap History (10 events):
Event: 11.397 GC heap before
{Heap before GC invocations=6 (full 0):
 PSYoungGen      total 37888K, used 37708K [0x0000000795580000, 0x0000000799580000, 0x00000007c0000000)
  eden space 32768K, 99% used [0x0000000795580000,0x000000079755a5d0,0x0000000797580000)
  from space 5120K, 99% used [0x0000000797600000,0x0000000797af8b50,0x0000000797b00000)
  to   space 16384K, 0% used [0x0000000798580000,0x0000000798580000,0x0000000799580000)
 ParOldGen       total 87552K, used 25744K [0x0000000740000000, 0x0000000745580000, 0x0000000795580000)
  object space 87552K, 29% used [0x0000000740000000,0x00000007419242e8,0x0000000745580000)
 Metaspace       used 20583K, capacity 20789K, committed 21120K, reserved 1069056K
  class space    used 2004K, capacity 2080K, committed 2176K, reserved 1048576K
Event: 11.415 GC heap after
Heap after GC invocations=6 (full 0):
 PSYoungGen      total 48128K, used 12195K [0x0000000795580000, 0x0000000799500000, 0x00000007c0000000)
  eden space 32256K, 0% used [0x0000000795580000,0x0000000795580000,0x0000000797500000)
  from space 15872K, 76% used [0x0000000798580000,0x0000000799168d00,0x0000000799500000)
  to   space 16384K, 0% used [0x0000000797500000,0x0000000797500000,0x0000000798500000)
 ParOldGen       total 87552K, used 25752K [0x0000000740000000, 0x0000000745580000, 0x0000000795580000)
  object space 87552K, 29% used [0x0000000740000000,0x00000007419262e8,0x0000000745580000)
 Metaspace       used 20583K, capacity 20789K, committed 21120K, reserved 1069056K
  class space    used 2004K, capacity 2080K, committed 2176K, reserved 1048576K
}
Event: 12.246 GC heap before
{Heap before GC invocations=7 (full 0):
 PSYoungGen      total 48128K, used 44272K [0x0000000795580000, 0x0000000799500000, 0x00000007c0000000)
  eden space 32256K, 99% used [0x0000000795580000,0x00000007974d3548,0x0000000797500000)
  from space 15872K, 76% used [0x0000000798580000,0x0000000799168d00,0x0000000799500000)
  to   space 16384K, 0% used [0x0000000797500000,0x0000000797500000,0x0000000798500000)
 ParOldGen       total 87552K, used 25752K [0x0000000740000000, 0x0000000745580000, 0x0000000795580000)
  object space 87552K, 29% used [0x0000000740000000,0x00000007419262e8,0x0000000745580000)
 Metaspace       used 20618K, capacity 20789K, committed 21120K, reserved 1069056K
  class space    used 2004K, capacity 2080K, committed 2176K, reserved 1048576K
Event: 12.259 GC heap after
Heap after GC invocations=7 (full 0):
 PSYoungGen      total 48640K, used 15456K [0x0000000795580000, 0x000000079b880000, 0x00000007c0000000)
  eden space 32256K, 0% used [0x0000000795580000,0x0000000795580000,0x0000000797500000)
  from space 16384K, 94% used [0x0000000797500000,0x00000007984183c0,0x0000000798500000)
  to   space 18432K, 0% used [0x000000079a680000,0x000000079a680000,0x000000079b880000)
 ParOldGen       total 87552K, used 29289K [0x0000000740000000, 0x0000000745580000, 0x0000000795580000)
  object space 87552K, 33% used [0x0000000740000000,0x0000000741c9a508,0x0000000745580000)
 Metaspace       used 20618K, capacity 20789K, committed 21120K, reserved 1069056K
  class space    used 2004K, capacity 2080K, committed 2176K, reserved 1048576K
}
Event: 13.055 GC heap before
{Heap before GC invocations=8 (full 0):
 PSYoungGen      total 48640K, used 47514K [0x0000000795580000, 0x000000079b880000, 0x00000007c0000000)
  eden space 32256K, 99% used [0x0000000795580000,0x00000007974ce708,0x0000000797500000)
  from space 16384K, 94% used [0x0000000797500000,0x00000007984183c0,0x0000000798500000)
  to   space 18432K, 0% used [0x000000079a680000,0x000000079a680000,0x000000079b880000)
 ParOldGen       total 87552K, used 29289K [0x0000000740000000, 0x0000000745580000, 0x0000000795580000)
  object space 87552K, 33% used [0x0000000740000000,0x0000000741c9a508,0x0000000745580000)
 Metaspace       used 20743K, capacity 20917K, committed 21120K, reserved 1069056K
  class space    used 2004K, capacity 2080K, committed 2176K, reserved 1048576K
Event: 13.068 GC heap after
Heap after GC invocations=8 (full 0):
 PSYoungGen      total 80896K, used 18326K [0x0000000795580000, 0x000000079bc80000, 0x00000007c0000000)
  eden space 62464K, 0% used [0x0000000795580000,0x0000000795580000,0x0000000799280000)
  from space 18432K, 99% used [0x000000079a680000,0x000000079b865bc8,0x000000079b880000)
  to   space 20480K, 0% used [0x0000000799280000,0x0000000799280000,0x000000079a680000)
 ParOldGen       total 87552K, used 33425K [0x0000000740000000, 0x0000000745580000, 0x0000000795580000)
  object space 87552K, 38% used [0x0000000740000000,0x00000007420a4608,0x0000000745580000)
 Metaspace       used 20743K, capacity 20917K, committed 21120K, reserved 1069056K
  class space    used 2004K, capacity 2080K, committed 2176K, reserved 1048576K
}
Event: 15.064 GC heap before
{Heap before GC invocations=9 (full 0):
 PSYoungGen      total 80896K, used 80618K [0x0000000795580000, 0x000000079bc80000, 0x00000007c0000000)
  eden space 62464K, 99% used [0x0000000795580000,0x0000000799254eb0,0x0000000799280000)
  from space 18432K, 99% used [0x000000079a680000,0x000000079b865bc8,0x000000079b880000)
  to   space 20480K, 0% used [0x0000000799280000,0x0000000799280000,0x000000079a680000)
 ParOldGen       total 87552K, used 33425K [0x0000000740000000, 0x0000000745580000, 0x0000000795580000)
  object space 87552K, 38% used [0x0000000740000000,0x00000007420a4608,0x0000000745580000)
 Metaspace       used 20778K, capacity 20981K, committed 21120K, reserved 1069056K
  class space    used 2004K, capacity 2080K, committed 2176K, reserved 1048576K
Event: 15.085 GC heap after
Heap after GC invocations=9 (full 0):
 PSYoungGen      total 82944K, used 20449K [0x0000000795580000, 0x000000079ec80000, 0x00000007c0000000)
  eden space 62464K, 0% used [0x0000000795580000,0x0000000795580000,0x0000000799280000)
  from space 20480K, 99% used [0x0000000799280000,0x000000079a6784f0,0x000000079a680000)
  to   space 27136K, 0% used [0x000000079d200000,0x000000079d200000,0x000000079ec80000)
 ParOldGen       total 87552K, used 43498K [0x0000000740000000, 0x0000000745580000, 0x0000000795580000)
  object space 87552K, 49% used [0x0000000740000000,0x0000000742a7a878,0x0000000745580000)
 Metaspace       used 20778K, capacity 20981K, committed 21120K, reserved 1069056K
  class space    used 2004K, capacity 2080K, committed 2176K, reserved 1048576K
}
Event: 16.748 GC heap before
{Heap before GC invocations=10 (full 0):
 PSYoungGen      total 82944K, used 82913K [0x0000000795580000, 0x000000079ec80000, 0x00000007c0000000)
  eden space 62464K, 100% used [0x0000000795580000,0x0000000799280000,0x0000000799280000)
  from space 20480K, 99% used [0x0000000799280000,0x000000079a6784f0,0x000000079a680000)
  to   space 27136K, 0% used [0x000000079d200000,0x000000079d200000,0x000000079ec80000)
 ParOldGen       total 87552K, used 43498K [0x0000000740000000, 0x0000000745580000, 0x0000000795580000)
  object space 87552K, 49% used [0x0000000740000000,0x0000000742a7a878,0x0000000745580000)
 Metaspace       used 20894K, capacity 21109K, committed 21296K, reserved 1069056K
  class space    used 2004K, capacity 2080K, committed 2176K, reserved 1048576K
Event: 16.776 GC heap after
Heap after GC invocations=10 (full 0):
 PSYoungGen      total 125440K, used 23777K [0x0000000795580000, 0x000000079f080000, 0x00000007c0000000)
  eden space 98304K, 0% used [0x0000000795580000,0x0000000795580000,0x000000079b580000)
  from space 27136K, 87% used [0x000000079d200000,0x000000079e9385c0,0x000000079ec80000)
  to   space 29184K, 0% used [0x000000079b580000,0x000000079b580000,0x000000079d200000)
 ParOldGen       total 87552K, used 52258K [0x0000000740000000, 0x0000000745580000, 0x0000000795580000)
  object space 87552K, 59% used [0x0000000740000000,0x0000000743308a98,0x0000000745580000)
 Metaspace       used 20894K, capacity 21109K, committed 21296K, reserved 1069056K
  class space    used 2004K, capacity 2080K, committed 2176K, reserved 1048576K
}

Deoptimization events (10 events):
Event: 10.211 Thread 0x00007fc9f297f000 Uncommon trap: reason=unstable_if action=reinterpret pc=0x000000010a016bec method=sun.misc.FloatingDecimal$BinaryToASCIIBuffer.developLongDigits(IJI)V @ 104
Event: 10.211 Thread 0x00007fc9f297f000 Uncommon trap: reason=unstable_if action=reinterpret pc=0x0000000109fcce6c method=sun.misc.FloatingDecimal$BinaryToASCIIBuffer.getChars([C)I @ 94
Event: 10.211 Thread 0x00007fc9f297f000 Uncommon trap: reason=unstable_if action=reinterpret pc=0x000000010a016078 method=java.text.DigitList.getDataChars(I)[C @ 13
Event: 10.211 Thread 0x00007fc9f297f000 Uncommon trap: reason=unstable_if action=reinterpret pc=0x000000010a007404 method=java.text.DecimalFormat.subformat(Ljava/lang/StringBuffer;Ljava/text/Format$FieldDelegate;ZZIIII)Ljava/lang/StringBuffer; @ 753
Event: 11.095 Thread 0x00007fc9f297f000 Uncommon trap: reason=unstable_if action=reinterpret pc=0x000000010a001088 method=sun.misc.FloatingDecimal$BinaryToASCIIBuffer.developLongDigits(IJI)V @ 129
Event: 11.095 Thread 0x00007fc9f297f000 Uncommon trap: reason=unstable_if action=reinterpret pc=0x0000000109f29914 method=java.text.DigitList.set(ZLjava/lang/String;ZZIZ)V @ 305
Event: 17.532 Thread 0x00007fc9f297f000 Uncommon trap: reason=unstable_if action=reinterpret pc=0x0000000109ffd268 method=com.jogamp.common.util.VersionNumber.compareTo(Lcom/jogamp/common/util/VersionNumber;)I @ 21
Event: 17.580 Thread 0x00007fc9f4164800 Uncommon trap: reason=unstable_if action=reinterpret pc=0x0000000109f09e60 method=java.util.HashMap.putVal(ILjava/lang/Object;Ljava/lang/Object;ZZ)Ljava/lang/Object; @ 81
Event: 17.580 Thread 0x00007fc9f4164800 Uncommon trap: reason=unstable_if action=reinterpret pc=0x0000000109ef9db0 method=java.util.HashMap.putVal(ILjava/lang/Object;Ljava/lang/Object;ZZ)Ljava/lang/Object; @ 81
Event: 17.592 Thread 0x00007fc9f297f000 Uncommon trap: reason=unstable_if action=reinterpret pc=0x0000000109e83afc method=java.security.AccessControlContext.optimize()Ljava/security/AccessControlContext; @ 233

Internal exceptions (10 events):
Event: 0.167 Thread 0x00007fc9f2807000 Exception <a 'java/lang/NoSuchFieldError': method resolution failed> (0x0000000795879e28) thrown at [/HUDSON3/workspace/8-2-build-macosx-x86_64/jdk8u73/6086/hotspot/src/share/vm/prims/methodHandles.cpp, line 1146]
Event: 0.169 Thread 0x00007fc9f2807000 Exception <a 'java/lang/NoSuchFieldError': method resolution failed> (0x00000007958875f8) thrown at [/HUDSON3/workspace/8-2-build-macosx-x86_64/jdk8u73/6086/hotspot/src/share/vm/prims/methodHandles.cpp, line 1146]
Event: 0.354 Thread 0x00007fc9f2807000 Exception <a 'java/io/FileNotFoundException'> (0x0000000795903658) thrown at [/HUDSON3/workspace/8-2-build-macosx-x86_64/jdk8u73/6086/hotspot/src/share/vm/prims/jni.cpp, line 709]
Event: 0.354 Thread 0x00007fc9f2807000 Exception <a 'java/io/FileNotFoundException'> (0x00000007959041c0) thrown at [/HUDSON3/workspace/8-2-build-macosx-x86_64/jdk8u73/6086/hotspot/src/share/vm/prims/jni.cpp, line 709]
Event: 0.479 Thread 0x00007fc9f2807000 Exception <a 'java/io/FileNotFoundException'> (0x0000000795ae98b0) thrown at [/HUDSON3/workspace/8-2-build-macosx-x86_64/jdk8u73/6086/hotspot/src/share/vm/prims/jni.cpp, line 709]
Event: 1.978 Thread 0x00007fc9f3c54800 Exception <a 'java/lang/UnsatisfiedLinkError': com.jogamp.common.util.JarUtil.fixNativeLibAttribs(Ljava/lang/String;)Z> (0x0000000796d169b8) thrown at [/HUDSON3/workspace/8-2-build-macosx-x86_64/jdk8u73/6086/hotspot/src/share/vm/prims/nativeLookup.cpp, li
Event: 2.182 Thread 0x00007fc9f4000000 Exception <a 'java/lang/NullPointerException'> (0x00000007956a3a28) thrown at [/HUDSON3/workspace/8-2-build-macosx-x86_64/jdk8u73/6086/hotspot/src/share/vm/interpreter/linkResolver.cpp, line 1178]
Event: 2.727 Thread 0x00007fc9f297f000 Exception <a 'java/io/FileNotFoundException'> (0x0000000796153c88) thrown at [/HUDSON3/workspace/8-2-build-macosx-x86_64/jdk8u73/6086/hotspot/src/share/vm/prims/jni.cpp, line 709]
Event: 2.727 Thread 0x00007fc9f297f000 Exception <a 'java/io/FileNotFoundException'> (0x000000079615b248) thrown at [/HUDSON3/workspace/8-2-build-macosx-x86_64/jdk8u73/6086/hotspot/src/share/vm/prims/jni.cpp, line 709]
Event: 2.727 Thread 0x00007fc9f297f000 Implicit null exception at 0x0000000109ba42b5 to 0x0000000109ba4619

Events (10 events):
Event: 17.592 Thread 0x00007fc9f297f000 DEOPT UNPACKING pc=0x0000000109a05229 sp=0x0000700001965880 mode 2
Event: 17.592 loading class java/awt/LightweightDispatcher$2
Event: 17.592 loading class java/awt/LightweightDispatcher$2 done
Event: 17.592 loading class java/awt/event/AWTEventListenerProxy
Event: 17.592 loading class java/awt/event/AWTEventListenerProxy done
Event: 17.592 loading class java/awt/Toolkit$ToolkitEventMulticaster
Event: 17.592 loading class java/awt/Toolkit$ToolkitEventMulticaster done
Event: 17.593 Thread 0x00007fc9f4164800 Thread exited: 0x00007fc9f4164800
Event: 17.593 loading class java/awt/Window$1DisposeAction
Event: 17.593 loading class java/awt/Window$1DisposeAction done


Dynamic libraries:
0x00000000031f9000 	/System/Library/Frameworks/Cocoa.framework/Versions/A/Cocoa
0x00000000031f9000 	/System/Library/Frameworks/Security.framework/Versions/A/Security
0x00000000031f9000 	/System/Library/Frameworks/ApplicationServices.framework/Versions/A/ApplicationServices
0x00000000031f9000 	/usr/lib/libz.1.dylib
0x00000000031f9000 	/usr/lib/libSystem.B.dylib
0x00000000031f9000 	/usr/lib/libobjc.A.dylib
0x00000000031f9000 	/System/Library/Frameworks/CoreFoundation.framework/Versions/A/CoreFoundation
0x00000000031f9000 	/System/Library/Frameworks/Foundation.framework/Versions/C/Foundation
0x00000000031f9000 	/System/Library/Frameworks/AppKit.framework/Versions/C/AppKit
0x00000000031f9000 	/System/Library/Frameworks/CoreData.framework/Versions/A/CoreData
0x00000000031f9000 	/System/Library/PrivateFrameworks/RemoteViewServices.framework/Versions/A/RemoteViewServices
0x00000000031f9000 	/System/Library/PrivateFrameworks/UIFoundation.framework/Versions/A/UIFoundation
0x00000000031f9000 	/usr/lib/libScreenReader.dylib
0x00000000031f9000 	/System/Library/Frameworks/Accelerate.framework/Versions/A/Accelerate
0x00000000031f9000 	/System/Library/Frameworks/IOSurface.framework/Versions/A/IOSurface
0x00000000031f9000 	/System/Library/Frameworks/AudioToolbox.framework/Versions/A/AudioToolbox
0x00000000031f9000 	/System/Library/Frameworks/AudioUnit.framework/Versions/A/AudioUnit
0x00000000031f9000 	/System/Library/PrivateFrameworks/DataDetectorsCore.framework/Versions/A/DataDetectorsCore
0x00000000031f9000 	/System/Library/PrivateFrameworks/DesktopServicesPriv.framework/Versions/A/DesktopServicesPriv
0x00000000031f9000 	/System/Library/Frameworks/Carbon.framework/Versions/A/Frameworks/HIToolbox.framework/Versions/A/HIToolbox
0x00000000031f9000 	/System/Library/Frameworks/QuartzCore.framework/Versions/A/QuartzCore
0x00000000031f9000 	/System/Library/Frameworks/Carbon.framework/Versions/A/Frameworks/SpeechRecognition.framework/Versions/A/SpeechRecognition
0x00000000031f9000 	/usr/lib/libauto.dylib
0x00000000031f9000 	/usr/lib/libicucore.A.dylib
0x00000000031f9000 	/usr/lib/libxml2.2.dylib
0x00000000031f9000 	/System/Library/PrivateFrameworks/CoreUI.framework/Versions/A/CoreUI
0x00000000031f9000 	/System/Library/Frameworks/CoreAudio.framework/Versions/A/CoreAudio
0x00000000031f9000 	/System/Library/Frameworks/DiskArbitration.framework/Versions/A/DiskArbitration
0x00000000031f9000 	/usr/lib/liblangid.dylib
0x00000000031f9000 	/System/Library/PrivateFrameworks/MultitouchSupport.framework/Versions/A/MultitouchSupport
0x00000000031f9000 	/System/Library/Frameworks/IOKit.framework/Versions/A/IOKit
0x00000000031f9000 	/usr/lib/libDiagnosticMessagesClient.dylib
0x00000000031f9000 	/System/Library/Frameworks/CoreServices.framework/Versions/A/CoreServices
0x00000000031f9000 	/System/Library/PrivateFrameworks/PerformanceAnalysis.framework/Versions/A/PerformanceAnalysis
0x00000000031f9000 	/System/Library/PrivateFrameworks/GenerationalStorage.framework/Versions/A/GenerationalStorage
0x00000000031f9000 	/System/Library/Frameworks/OpenGL.framework/Versions/A/OpenGL
0x00000000031f9000 	/System/Library/PrivateFrameworks/Sharing.framework/Versions/A/Sharing
0x00000000031f9000 	/System/Library/Frameworks/CoreGraphics.framework/Versions/A/CoreGraphics
0x00000000031f9000 	/System/Library/Frameworks/CoreImage.framework/Versions/A/CoreImage
0x00000000031f9000 	/System/Library/Frameworks/CoreText.framework/Versions/A/CoreText
0x00000000031f9000 	/System/Library/Frameworks/ImageIO.framework/Versions/A/ImageIO
0x00000000031f9000 	/System/Library/PrivateFrameworks/Backup.framework/Versions/A/Backup
0x00000000031f9000 	/usr/lib/libextension.dylib
0x00000000031f9000 	/usr/lib/libarchive.2.dylib
0x00000000031f9000 	/System/Library/Frameworks/CFNetwork.framework/Versions/A/CFNetwork
0x00000000031f9000 	/System/Library/Frameworks/SystemConfiguration.framework/Versions/A/SystemConfiguration
0x00000000031f9000 	/usr/lib/libCRFSuite.dylib
0x00000000031f9000 	/usr/lib/libc++.1.dylib
0x00000000031f9000 	/usr/lib/libc++abi.dylib
0x00000000031f9000 	/usr/lib/system/libcache.dylib
0x00000000031f9000 	/usr/lib/system/libcommonCrypto.dylib
0x00000000031f9000 	/usr/lib/system/libcompiler_rt.dylib
0x00000000031f9000 	/usr/lib/system/libcopyfile.dylib
0x00000000031f9000 	/usr/lib/system/libcorecrypto.dylib
0x00000000031f9000 	/usr/lib/system/libdispatch.dylib
0x00000000031f9000 	/usr/lib/system/libdyld.dylib
0x00000000031f9000 	/usr/lib/system/libkeymgr.dylib
0x00000000031f9000 	/usr/lib/system/liblaunch.dylib
0x00000000031f9000 	/usr/lib/system/libmacho.dylib
0x00000000031f9000 	/usr/lib/system/libquarantine.dylib
0x00000000031f9000 	/usr/lib/system/libremovefile.dylib
0x00000000031f9000 	/usr/lib/system/libsystem_asl.dylib
0x00000000031f9000 	/usr/lib/system/libsystem_blocks.dylib
0x00000000031f9000 	/usr/lib/system/libsystem_c.dylib
0x00000000031f9000 	/usr/lib/system/libsystem_configuration.dylib
0x00000000031f9000 	/usr/lib/system/libsystem_coreservices.dylib
0x00000000031f9000 	/usr/lib/system/libsystem_coretls.dylib
0x00000000031f9000 	/usr/lib/system/libsystem_dnssd.dylib
0x00000000031f9000 	/usr/lib/system/libsystem_info.dylib
0x00000000031f9000 	/usr/lib/system/libsystem_kernel.dylib
0x00000000031f9000 	/usr/lib/system/libsystem_m.dylib
0x00000000031f9000 	/usr/lib/system/libsystem_malloc.dylib
0x00000000031f9000 	/usr/lib/system/libsystem_network.dylib
0x00000000031f9000 	/usr/lib/system/libsystem_networkextension.dylib
0x00000000031f9000 	/usr/lib/system/libsystem_notify.dylib
0x00000000031f9000 	/usr/lib/system/libsystem_platform.dylib
0x00000000031f9000 	/usr/lib/system/libsystem_pthread.dylib
0x00000000031f9000 	/usr/lib/system/libsystem_sandbox.dylib
0x00000000031f9000 	/usr/lib/system/libsystem_secinit.dylib
0x00000000031f9000 	/usr/lib/system/libsystem_trace.dylib
0x00000000031f9000 	/usr/lib/system/libunc.dylib
0x00000000031f9000 	/usr/lib/system/libunwind.dylib
0x00000000031f9000 	/usr/lib/system/libxpc.dylib
0x00000000031f9000 	/usr/lib/libenergytrace.dylib
0x00000000031f9000 	/usr/lib/libbsm.0.dylib
0x00000000031f9000 	/usr/lib/system/libkxld.dylib
0x00000000031f9000 	/usr/lib/libxar.1.dylib
0x00000000031f9000 	/usr/lib/libsqlite3.dylib
0x00000000031f9000 	/usr/lib/libpam.2.dylib
0x00000000031f9000 	/usr/lib/libOpenScriptingUtil.dylib
0x00000000031f9000 	/usr/lib/libbz2.1.0.dylib
0x00000000031f9000 	/usr/lib/liblzma.5.dylib
0x00000000031f9000 	/System/Library/Frameworks/CoreServices.framework/Versions/A/Frameworks/FSEvents.framework/Versions/A/FSEvents
0x00000000031f9000 	/System/Library/Frameworks/CoreServices.framework/Versions/A/Frameworks/CarbonCore.framework/Versions/A/CarbonCore
0x00000000031f9000 	/System/Library/Frameworks/CoreServices.framework/Versions/A/Frameworks/Metadata.framework/Versions/A/Metadata
0x00000000031f9000 	/System/Library/Frameworks/CoreServices.framework/Versions/A/Frameworks/OSServices.framework/Versions/A/OSServices
0x00000000031f9000 	/System/Library/Frameworks/CoreServices.framework/Versions/A/Frameworks/SearchKit.framework/Versions/A/SearchKit
0x00000000031f9000 	/System/Library/Frameworks/CoreServices.framework/Versions/A/Frameworks/AE.framework/Versions/A/AE
0x00000000031f9000 	/System/Library/Frameworks/CoreServices.framework/Versions/A/Frameworks/LaunchServices.framework/Versions/A/LaunchServices
0x00000000031f9000 	/System/Library/Frameworks/CoreServices.framework/Versions/A/Frameworks/DictionaryServices.framework/Versions/A/DictionaryServices
0x00000000031f9000 	/System/Library/Frameworks/CoreServices.framework/Versions/A/Frameworks/SharedFileList.framework/Versions/A/SharedFileList
0x00000000031f9000 	/System/Library/Frameworks/NetFS.framework/Versions/A/NetFS
0x00000000031f9000 	/System/Library/PrivateFrameworks/NetAuth.framework/Versions/A/NetAuth
0x00000000031f9000 	/System/Library/PrivateFrameworks/login.framework/Versions/A/Frameworks/loginsupport.framework/Versions/A/loginsupport
0x00000000031f9000 	/System/Library/PrivateFrameworks/TCC.framework/Versions/A/TCC
0x00000000031f9000 	/usr/lib/libmecabra.dylib
0x00000000031f9000 	/System/Library/Frameworks/ApplicationServices.framework/Versions/A/Frameworks/ATS.framework/Versions/A/ATS
0x00000000031f9000 	/System/Library/Frameworks/ApplicationServices.framework/Versions/A/Frameworks/ColorSync.framework/Versions/A/ColorSync
0x00000000031f9000 	/System/Library/Frameworks/ApplicationServices.framework/Versions/A/Frameworks/HIServices.framework/Versions/A/HIServices
0x00000000031f9000 	/System/Library/Frameworks/ApplicationServices.framework/Versions/A/Frameworks/LangAnalysis.framework/Versions/A/LangAnalysis
0x00000000031f9000 	/System/Library/Frameworks/ApplicationServices.framework/Versions/A/Frameworks/PrintCore.framework/Versions/A/PrintCore
0x00000000031f9000 	/System/Library/Frameworks/ApplicationServices.framework/Versions/A/Frameworks/QD.framework/Versions/A/QD
0x00000000031f9000 	/System/Library/Frameworks/ApplicationServices.framework/Versions/A/Frameworks/SpeechSynthesis.framework/Versions/A/SpeechSynthesis
0x00000000031f9000 	/System/Library/Frameworks/Metal.framework/Versions/A/Metal
0x00000000031f9000 	/System/Library/Frameworks/Accelerate.framework/Versions/A/Frameworks/vImage.framework/Versions/A/vImage
0x00000000031f9000 	/System/Library/Frameworks/Accelerate.framework/Versions/A/Frameworks/vecLib.framework/Versions/A/vecLib
0x00000000031f9000 	/System/Library/Frameworks/Accelerate.framework/Versions/A/Frameworks/vecLib.framework/Versions/A/libvDSP.dylib
0x00000000031f9000 	/System/Library/Frameworks/Accelerate.framework/Versions/A/Frameworks/vecLib.framework/Versions/A/libvMisc.dylib
0x00000000031f9000 	/System/Library/Frameworks/Accelerate.framework/Versions/A/Frameworks/vecLib.framework/Versions/A/libLAPACK.dylib
0x00000000031f9000 	/System/Library/Frameworks/Accelerate.framework/Versions/A/Frameworks/vecLib.framework/Versions/A/libBLAS.dylib
0x00000000031f9000 	/System/Library/Frameworks/Accelerate.framework/Versions/A/Frameworks/vecLib.framework/Versions/A/libLinearAlgebra.dylib
0x00000000031f9000 	/System/Library/Frameworks/Accelerate.framework/Versions/A/Frameworks/vecLib.framework/Versions/A/libSparseBLAS.dylib
0x00000000031f9000 	/System/Library/PrivateFrameworks/GPUCompiler.framework/libmetal_timestamp.dylib
0x00000000031f9000 	/System/Library/Frameworks/OpenGL.framework/Versions/A/Libraries/libCoreFSCache.dylib
0x00000000031f9000 	/System/Library/PrivateFrameworks/IOAccelerator.framework/Versions/A/IOAccelerator
0x00000000031f9000 	/System/Library/Frameworks/ApplicationServices.framework/Versions/A/Frameworks/ATS.framework/Versions/A/Resources/libFontParser.dylib
0x00000000031f9000 	/System/Library/Frameworks/ApplicationServices.framework/Versions/A/Frameworks/ATS.framework/Versions/A/Resources/libFontRegistry.dylib
0x00000000031f9000 	/System/Library/PrivateFrameworks/AppleVPA.framework/Versions/A/AppleVPA
0x00000000031f9000 	/System/Library/PrivateFrameworks/AppleJPEG.framework/Versions/A/AppleJPEG
0x00000000031f9000 	/System/Library/Frameworks/ImageIO.framework/Versions/A/Resources/libJPEG.dylib
0x00000000031f9000 	/System/Library/Frameworks/ImageIO.framework/Versions/A/Resources/libTIFF.dylib
0x00000000031f9000 	/System/Library/Frameworks/ImageIO.framework/Versions/A/Resources/libPng.dylib
0x00000000031f9000 	/System/Library/Frameworks/ImageIO.framework/Versions/A/Resources/libGIF.dylib
0x00000000031f9000 	/System/Library/Frameworks/ImageIO.framework/Versions/A/Resources/libJP2.dylib
0x00000000031f9000 	/System/Library/Frameworks/ImageIO.framework/Versions/A/Resources/libRadiance.dylib
0x00000000031f9000 	/System/Library/Frameworks/CoreVideo.framework/Versions/A/CoreVideo
0x00000000031f9000 	/System/Library/Frameworks/OpenGL.framework/Versions/A/Libraries/libGLU.dylib
0x00000000031f9000 	/System/Library/Frameworks/OpenGL.framework/Versions/A/Libraries/libGFXShared.dylib
0x00000000031f9000 	/System/Library/Frameworks/OpenGL.framework/Versions/A/Libraries/libGL.dylib
0x00000000031f9000 	/System/Library/Frameworks/OpenGL.framework/Versions/A/Libraries/libGLImage.dylib
0x00000000031f9000 	/System/Library/Frameworks/OpenGL.framework/Versions/A/Libraries/libCVMSPluginSupport.dylib
0x00000000031f9000 	/System/Library/Frameworks/OpenGL.framework/Versions/A/Libraries/libCoreVMClient.dylib
0x00000000031f9000 	/usr/lib/libcups.2.dylib
0x00000000031f9000 	/System/Library/Frameworks/Kerberos.framework/Versions/A/Kerberos
0x00000000031f9000 	/System/Library/Frameworks/GSS.framework/Versions/A/GSS
0x00000000031f9000 	/usr/lib/libresolv.9.dylib
0x00000000031f9000 	/usr/lib/libiconv.2.dylib
0x00000000031f9000 	/System/Library/PrivateFrameworks/Heimdal.framework/Versions/A/Heimdal
0x00000000031f9000 	/usr/lib/libheimdal-asn1.dylib
0x00000000031f9000 	/System/Library/Frameworks/OpenDirectory.framework/Versions/A/OpenDirectory
0x00000000031f9000 	/System/Library/PrivateFrameworks/CommonAuth.framework/Versions/A/CommonAuth
0x00000000031f9000 	/System/Library/Frameworks/OpenDirectory.framework/Versions/A/Frameworks/CFOpenDirectory.framework/Versions/A/CFOpenDirectory
0x00000000031f9000 	/System/Library/Frameworks/SecurityFoundation.framework/Versions/A/SecurityFoundation
0x00000000031f9000 	/System/Library/PrivateFrameworks/LanguageModeling.framework/Versions/A/LanguageModeling
0x00000000031f9000 	/usr/lib/libmarisa.dylib
0x00000000031f9000 	/usr/lib/libChineseTokenizer.dylib
0x00000000031f9000 	/usr/lib/libcmph.dylib
0x00000000031f9000 	/usr/lib/libcompression.dylib
0x00000000031f9000 	/System/Library/Frameworks/ServiceManagement.framework/Versions/A/ServiceManagement
0x00000000031f9000 	/usr/lib/libxslt.1.dylib
0x00000000031f9000 	/System/Library/Frameworks/Carbon.framework/Versions/A/Frameworks/Ink.framework/Versions/A/Ink
0x00000000031f9000 	/usr/lib/libFosl_dynamic.dylib
0x00000000031f9000 	/System/Library/PrivateFrameworks/FaceCore.framework/Versions/A/FaceCore
0x00000000031f9000 	/System/Library/Frameworks/OpenCL.framework/Versions/A/OpenCL
0x00000000031f9000 	/System/Library/PrivateFrameworks/CrashReporterSupport.framework/Versions/A/CrashReporterSupport
0x00000000031f9000 	/System/Library/PrivateFrameworks/IconServices.framework/Versions/A/IconServices
0x00000000031f9000 	/System/Library/PrivateFrameworks/Apple80211.framework/Versions/A/Apple80211
0x00000000031f9000 	/System/Library/Frameworks/CoreWLAN.framework/Versions/A/CoreWLAN
0x00000000031f9000 	/System/Library/Frameworks/IOBluetooth.framework/Versions/A/IOBluetooth
0x00000000031f9000 	/System/Library/PrivateFrameworks/CoreWiFi.framework/Versions/A/CoreWiFi
0x00000000031f9000 	/System/Library/Frameworks/CoreBluetooth.framework/Versions/A/CoreBluetooth
0x00000000031f9000 	/System/Library/PrivateFrameworks/ChunkingLibrary.framework/Versions/A/ChunkingLibrary
0x00000000031f9000 	/System/Library/PrivateFrameworks/DebugSymbols.framework/Versions/A/DebugSymbols
0x00000000031f9000 	/System/Library/PrivateFrameworks/CoreSymbolication.framework/Versions/A/CoreSymbolication
0x00000000031f9000 	/System/Library/PrivateFrameworks/Symbolication.framework/Versions/A/Symbolication
0x00000000031f9000 	/System/Library/PrivateFrameworks/SpeechRecognitionCore.framework/Versions/A/SpeechRecognitionCore
0x0000000108208000 	/Library/Java/JavaVirtualMachines/jdk1.8.0_73.jdk/Contents/Home/jre/lib/server/libjvm.dylib
0x00000000031f9000 	/usr/lib/libstdc++.6.dylib
0x0000000109199000 	/Library/Java/JavaVirtualMachines/jdk1.8.0_73.jdk/Contents/Home/jre/lib/libverify.dylib
0x00000001091a7000 	/Library/Java/JavaVirtualMachines/jdk1.8.0_73.jdk/Contents/Home/jre/lib/libjava.dylib
0x00000001091e6000 	/Library/Java/JavaVirtualMachines/jdk1.8.0_73.jdk/Contents/Home/jre/lib/libzip.dylib
0x000000011f362000 	/System/Library/Frameworks/JavaVM.framework/Frameworks/JavaRuntimeSupport.framework/JavaRuntimeSupport
0x000000011f37d000 	/System/Library/Frameworks/JavaVM.framework/Versions/A/Frameworks/JavaNativeFoundation.framework/Versions/A/JavaNativeFoundation
0x00000001091f0000 	/System/Library/Frameworks/JavaVM.framework/Versions/A/JavaVM
0x00000000031f9000 	/System/Library/Frameworks/Carbon.framework/Versions/A/Carbon
0x000000011f392000 	/System/Library/PrivateFrameworks/JavaLaunching.framework/Versions/A/JavaLaunching
0x00000000031f9000 	/System/Library/Frameworks/Carbon.framework/Versions/A/Frameworks/CommonPanels.framework/Versions/A/CommonPanels
0x00000000031f9000 	/System/Library/Frameworks/Carbon.framework/Versions/A/Frameworks/Help.framework/Versions/A/Help
0x00000000031f9000 	/System/Library/Frameworks/Carbon.framework/Versions/A/Frameworks/ImageCapture.framework/Versions/A/ImageCapture
0x00000000031f9000 	/System/Library/Frameworks/Carbon.framework/Versions/A/Frameworks/OpenScripting.framework/Versions/A/OpenScripting
0x00000000031f9000 	/System/Library/Frameworks/Carbon.framework/Versions/A/Frameworks/Print.framework/Versions/A/Print
0x00000000031f9000 	/System/Library/Frameworks/Carbon.framework/Versions/A/Frameworks/SecurityHI.framework/Versions/A/SecurityHI
0x0000000120cec000 	/Library/Java/JavaVirtualMachines/jdk1.8.0_73.jdk/Contents/Home/jre/lib/libawt.dylib
0x0000000120d94000 	/Library/Java/JavaVirtualMachines/jdk1.8.0_73.jdk/Contents/Home/jre/lib/./libmlib_image.dylib
0x0000000120e60000 	/Library/Java/JavaVirtualMachines/jdk1.8.0_73.jdk/Contents/Home/jre/lib/libawt_lwawt.dylib
0x0000000120f15000 	/Library/Java/JavaVirtualMachines/jdk1.8.0_73.jdk/Contents/Home/jre/lib/./libosxapp.dylib
0x00000000031f9000 	/System/Library/Frameworks/ExceptionHandling.framework/Versions/A/ExceptionHandling
0x00000000031f9000 	/System/Library/PrivateFrameworks/CoreServicesInternal.framework/Versions/A/CoreServicesInternal
0x00000000031f9000 	/System/Library/Frameworks/CoreGraphics.framework/Versions/A/Resources/libRIP.A.dylib
0x00000000031f9000 	/System/Library/Frameworks/Accelerate.framework/Versions/A/Frameworks/vImage.framework/Versions/A/Libraries/libCGInterfaces.dylib
0x00000000031f9000 	/System/Library/Frameworks/CoreGraphics.framework/Versions/A/Resources/libCGXType.A.dylib
0x00000000031f9000 	/System/Library/Frameworks/OpenCL.framework/Versions/A/Libraries/libcldcpuengine.dylib
0x00000000031f9000 	/System/Library/PrivateFrameworks/DiskImages.framework/Versions/A/DiskImages
0x00000000031f9000 	/System/Library/Frameworks/DiscRecording.framework/Versions/A/DiscRecording
0x00000000031f9000 	/usr/lib/libcsfde.dylib
0x00000000031f9000 	/usr/lib/libcurl.4.dylib
0x00000000031f9000 	/System/Library/PrivateFrameworks/MediaKit.framework/Versions/A/MediaKit
0x00000000031f9000 	/System/Library/PrivateFrameworks/ProtectedCloudStorage.framework/Versions/A/ProtectedCloudStorage
0x00000000031f9000 	/usr/lib/libCoreStorage.dylib
0x00000000031f9000 	/System/Library/PrivateFrameworks/EFILogin.framework/Versions/A/EFILogin
0x00000000031f9000 	/usr/lib/libutil.dylib
0x00000000031f9000 	/System/Library/PrivateFrameworks/FindMyDevice.framework/Versions/A/FindMyDevice
0x00000000031f9000 	/System/Library/Frameworks/LDAP.framework/Versions/A/LDAP
0x00000000031f9000 	/usr/lib/libsasl2.2.dylib
0x00000000031f9000 	/System/Library/PrivateFrameworks/CoreDaemon.framework/Versions/B/CoreDaemon
0x00000000031f9000 	/usr/lib/libcrypto.0.9.8.dylib
0x00000000031f9000 	/System/Library/PrivateFrameworks/AppleSRP.framework/Versions/A/AppleSRP
0x00000000031f9000 	/System/Library/PrivateFrameworks/TrustEvaluationAgent.framework/Versions/A/TrustEvaluationAgent
0x0000000122eb3000 	cl_kernels
0x00000000031f9000 	/System/Library/Frameworks/OpenCL.framework/Versions/A/Libraries/ImageFormats/unorm8_bgra.dylib
0x00000000031f9000 	/System/Library/Frameworks/OpenCL.framework/Versions/A/Libraries/ImageFormats/unorm8_rgba.dylib
0x00000000031f9000 	/System/Library/PrivateFrameworks/FamilyControls.framework/Versions/A/FamilyControls
0x00000000031f9000 	/System/Library/PrivateFrameworks/CommerceKit.framework/Versions/A/Frameworks/CommerceCore.framework/Versions/A/CommerceCore
0x00000000031f9000 	/System/Library/PrivateFrameworks/SystemAdministration.framework/Versions/A/SystemAdministration
0x00000000031f9000 	/System/Library/PrivateFrameworks/AppContainer.framework/Versions/A/AppContainer
0x00000000031f9000 	/System/Library/PrivateFrameworks/SecCodeWrapper.framework/Versions/A/SecCodeWrapper
0x00000000031f9000 	/System/Library/Frameworks/DirectoryService.framework/Versions/A/DirectoryService
0x00000000031f9000 	/System/Library/PrivateFrameworks/LoginUIKit.framework/Versions/A/Frameworks/LoginUICore.framework/Versions/A/LoginUICore
0x00000000031f9000 	/usr/lib/libodfde.dylib
0x00000000031f9000 	/System/Library/Frameworks/OpenGL.framework/Versions/A/Resources/GLEngine.bundle/GLEngine
0x00000000031f9000 	/System/Library/Frameworks/OpenGL.framework/Versions/A/Libraries/libGLProgrammability.dylib
0x000000012402a000 	/System/Library/Extensions/AppleIntelHD5000GraphicsGLDriver.bundle/Contents/MacOS/AppleIntelHD5000GraphicsGLDriver
0x00000000031f9000 	/System/Library/PrivateFrameworks/GPUSupport.framework/Versions/A/Libraries/libGPUSupportMercury.dylib
0x00000000031f9000 	/System/Library/Frameworks/OpenGL.framework/Versions/A/Resources/GLRendererFloat.bundle/GLRendererFloat
0x0000000125038000 	/Library/Java/JavaVirtualMachines/jdk1.8.0_73.jdk/Contents/Home/jre/lib/libfontmanager.dylib
0x0000000126580000 	/Library/Java/JavaVirtualMachines/jdk1.8.0_73.jdk/Contents/Home/jre/lib/libosxui.dylib
0x000000012729d000 	/Library/Java/JavaVirtualMachines/jdk1.8.0_73.jdk/Contents/Home/jre/lib/libnet.dylib
0x00000001270e6000 	/Library/Java/JavaVirtualMachines/jdk1.8.0_73.jdk/Contents/Home/jre/lib/libnio.dylib
0x00000000031f9000 	/System/Library/Frameworks/ApplicationServices.framework/Versions/A/Frameworks/ATS.framework/Versions/A/Resources/libTrueTypeScaler.dylib
0x0000000184ef2000 	/System/Library/Extensions/AppleIntelHD5000GraphicsMTLDriver.bundle/Contents/MacOS/AppleIntelHD5000GraphicsMTLDriver
0x00000001221b7000 	/private/var/folders/zg/1l8q7jb960scm7wpq1kf74lm0000gn/T/jogamp_0000/file_cache/jln6307432351312699719/jln3029863710152427595/libgluegen-rt.jnilib
0x0000000126307000 	/private/var/folders/zg/1l8q7jb960scm7wpq1kf74lm0000gn/T/jogamp_0000/file_cache/jln6307432351312699719/jln3029863710152427595/libnativewindow_awt.jnilib
0x000000012630a000 	/Library/Java/JavaVirtualMachines/jdk1.8.0_73.jdk/Contents/Home/jre/lib/libjawt.dylib
0x0000000184dd5000 	/private/var/folders/zg/1l8q7jb960scm7wpq1kf74lm0000gn/T/jogamp_0000/file_cache/jln6307432351312699719/jln3029863710152427595/libnativewindow_macosx.jnilib
0x0000000189dbd000 	/private/var/folders/zg/1l8q7jb960scm7wpq1kf74lm0000gn/T/jogamp_0000/file_cache/jln6307432351312699719/jln3029863710152427595/libjogl_desktop.jnilib

VM Arguments:
jvm_args: -Djava.security.policy=java.policy.applet -Dfile.encoding=UTF-8 
java_command: sun.applet.AppletViewer module3.EarthquakeCityMap1456400669156.html
java_class_path (initial): /Users/intruder04/dev_projects/java/UCSDUnfoldingMaps/build:/Users/intruder04/dev_projects/java/UCSDUnfoldingMaps/lib/core.jar:/Users/intruder04/dev_projects/java/UCSDUnfoldingMaps/lib/gluegen-rt.jar:/Users/intruder04/dev_projects/java/UCSDUnfoldingMaps/lib/jogl-all.jar:/Users/intruder04/dev_projects/java/UCSDUnfoldingMaps/lib/log4j-1.2.15.jar:/Users/intruder04/dev_projects/java/UCSDUnfoldingMaps/lib/sqlite-jdbc-3.7.2.jar:/Users/intruder04/dev_projects/java/UCSDUnfoldingMaps/lib/json4processing.jar:/Users/intruder04/dev_projects/java/UCSDUnfoldingMaps/lib/libTUIO.jar:/Users/intruder04/dev_projects/java/UCSDUnfoldingMaps/lib/unfolding.0.9.7-uscd.jar
Launcher Type: SUN_STANDARD

Environment Variables:
PATH=/usr/bin:/bin:/usr/sbin:/sbin
SHELL=/bin/bash

Signal Handlers:
SIGSEGV: [libjvm.dylib+0x5a71a5], sa_mask[0]=11111111011111110111111111111111, sa_flags=SA_ONSTACK|SA_RESTART|SA_SIGINFO
SIGBUS: [libjvm.dylib+0x5a71a5], sa_mask[0]=11111111011111110111111111111111, sa_flags=SA_RESTART|SA_SIGINFO
SIGFPE: [libjvm.dylib+0x480eb4], sa_mask[0]=11111111011111110111111111111111, sa_flags=SA_RESTART|SA_SIGINFO
SIGPIPE: [libjvm.dylib+0x480eb4], sa_mask[0]=11111111011111110111111111111111, sa_flags=SA_RESTART|SA_SIGINFO
SIGXFSZ: [libjvm.dylib+0x480eb4], sa_mask[0]=11111111011111110111111111111111, sa_flags=SA_RESTART|SA_SIGINFO
SIGILL: [libjvm.dylib+0x480eb4], sa_mask[0]=11111111011111110111111111111111, sa_flags=SA_RESTART|SA_SIGINFO
SIGUSR1: SIG_DFL, sa_mask[0]=00000000000000000000000000000000, sa_flags=none
SIGUSR2: [libjvm.dylib+0x4809d2], sa_mask[0]=00100000000000000000000000000000, sa_flags=SA_RESTART|SA_SIGINFO
SIGHUP: [libjvm.dylib+0x47efa9], sa_mask[0]=11111111011111110111111111111111, sa_flags=SA_RESTART|SA_SIGINFO
SIGINT: [libjvm.dylib+0x47efa9], sa_mask[0]=11111111011111110111111111111111, sa_flags=SA_RESTART|SA_SIGINFO
SIGTERM: [libjvm.dylib+0x47efa9], sa_mask[0]=11111111011111110111111111111111, sa_flags=SA_RESTART|SA_SIGINFO
SIGQUIT: [libjvm.dylib+0x47efa9], sa_mask[0]=11111111011111110111111111111111, sa_flags=SA_RESTART|SA_SIGINFO


---------------  S Y S T E M  ---------------

OS:Bsduname:Darwin 15.3.0 Darwin Kernel Version 15.3.0: Thu Dec 10 18:40:58 PST 2015; root:xnu-3248.30.4~1/RELEASE_X86_64 x86_64
rlimit: STACK 8192k, CORE 0k, NPROC 709, NOFILE 10240, AS infinity
load average:1.46 1.47 1.58

CPU:total 4 (2 cores per cpu, 2 threads per core) family 6 model 69 stepping 1, cmov, cx8, fxsr, mmx, sse, sse2, sse3, ssse3, sse4.1, sse4.2, popcnt, avx, avx2, aes, clmul, erms, lzcnt, ht, tsc, tscinvbit, bmi1, bmi2

Memory: 4k page, physical 8388608k(249456k free)

/proc/meminfo:


vm_info: Java HotSpot(TM) 64-Bit Server VM (25.73-b02) for bsd-amd64 JRE (1.8.0_73-b02), built on Jan 29 2016 15:02:00 by "java_re" with gcc 4.2.1 (Based on Apple Inc. build 5658) (LLVM build 2336.11.00)

time: Thu Feb 25 14:44:46 2016
elapsed time: 17 seconds (0d 0h 0m 17s)

