#
# A fatal error has been detected by the Java Runtime Environment:
#
#  SIGSEGV (0xb) at pc=0x00007fff900414dd, pid=1295, tid=2571
#
# JRE version: Java(TM) SE Runtime Environment (8.0_73-b02) (build 1.8.0_73-b02)
# Java VM: Java HotSpot(TM) 64-Bit Server VM (25.73-b02 mixed mode bsd-amd64 compressed oops)
# Problematic frame:
# C  [libobjc.A.dylib+0x14dd]  objc_msgSend+0x1d
#
# Failed to write core dump. Core dumps have been disabled. To enable core dumping, try "ulimit -c unlimited" before starting Java again
#
# If you would like to submit a bug report, please visit:
#   http://bugreport.java.com/bugreport/crash.jsp
# The crash happened outside the Java Virtual Machine in native code.
# See problematic frame for where to report the bug.
#

---------------  T H R E A D  ---------------

Current thread (0x00007fa56288a000):  JavaThread "AWT-AppKit" daemon [_thread_in_native, id=2571, stack(0x00007fff5a54a000,0x00007fff5ad4a000)]

siginfo: si_signo: 11 (SIGSEGV), si_code: 1 (SEGV_MAPERR), si_addr: 0x0000000000000018

Registers:
RAX=0x00007fa566bc78a0, RBX=0x0000000181d89450, RCX=0x000000011f0be480, RDX=0x000000011f0be080
RSP=0x00007fff5ad45378, RBP=0x00007fff5ad45430, RSI=0x00007fff99db1d0e, RDI=0x00007fa566bc15e0
R8 =0x0000000000000000, R9 =0x00000000000008c0, R10=0x00007fff99db1d0e, R11=0x0000000000000000
R12=0x0000000000000000, R13=0x00000001872cf918, R14=0x0000000181d89440, R15=0x00007fa56288a000
RIP=0x00007fff900414dd, EFLAGS=0x0000000000010246, ERR=0x0000000000000004
  TRAPNO=0x000000000000000e

Top of Stack: (sp=0x00007fff5ad45378)
0x00007fff5ad45378:   0000000181d87157 00007fff5ad453d0
0x00007fff5ad45388:   0000000000000003 00007fff5ad453b0
0x00007fff5ad45398:   0000000105bf1646 00000001872cf918
0x00007fff5ad453a8:   00000001872cf918 00007fa566bc78a0
0x00007fff5ad453b8:   0000000181d896a0 0000000181d89710
0x00007fff5ad453c8:   00007fff7d2ec770 00007fff7e4ed500
0x00007fff5ad453d8:   0000000181d89450 0000000181d89690
0x00007fff5ad453e8:   00007fa566bc78a0 00007fa566bc15e0
0x00007fff5ad453f8:   00007fa561e2ee50 00007fa566bc78a0
0x00007fff5ad45408:   00007fa566bc15e0 00007fff5ad454b8
0x00007fff5ad45418:   00007fa56288a1f8 00000001872cf918
0x00007fff5ad45428:   00007fff5ad454e0 00007fff5ad454a8
0x00007fff5ad45438:   00000001069a2954 00000001872cf918
0x00007fff5ad45448:   00007fff5ad454e0 00007fff5ad454a8
0x00007fff5ad45458:   00000001069a26e7 00000001069a26a2
0x00007fff5ad45468:   00007fff5ad45468 00000001872cf918
0x00007fff5ad45478:   00007fff5ad454e0 00000001872d2550
0x00007fff5ad45488:   0000000000000000 00000001872cf918
0x00007fff5ad45498:   0000000000000000 00007fff5ad454c8
0x00007fff5ad454a8:   00007fff5ad45528 0000000106994c4d
0x00007fff5ad454b8:   0000000740a769a8 000000010699c578
0x00007fff5ad454c8:   00007fa566bc78a0 00007fff5ad45528
0x00007fff5ad454d8:   00007fa566bc15e0 000000010699dd82
0x00007fff5ad454e8:   00007fff5ad454e8 00000001872cfae2
0x00007fff5ad454f8:   00007fff5ad45550 00000001872d2550
0x00007fff5ad45508:   0000000000000000 00000001872cfaf0
0x00007fff5ad45518:   00007fff5ad454c8 00007fff5ad45538
0x00007fff5ad45528:   00007fff5ad45598 0000000106994c4d
0x00007fff5ad45538:   00007fa566bc78a0 000000074138d100
0x00007fff5ad45548:   00007fa566bc15e0 000000074138d100
0x00007fff5ad45558:   00007fff5ad45558 000000018cb7c406
0x00007fff5ad45568:   00007fff5ad455a8 000000018cb7c4c0 

Instructions: (pc=0x00007fff900414dd)
0x00007fff900414bd:   44 00 00 48 85 ff 2e 74 62 40 f6 c7 01 2e 75 66
0x00007fff900414cd:   49 bb f8 ff ff ff ff 7f 00 00 4c 23 1f 49 89 f2
0x00007fff900414dd:   45 23 53 18 49 c1 e2 04 4d 03 53 10 49 3b 32 75
0x00007fff900414ed:   04 41 ff 62 08 49 83 3a 01 76 0d 49 83 c2 10 49 

Register to memory mapping:

RAX=0x00007fa566bc78a0 is an unknown value
RBX=0x0000000181d89450: Java_jogamp_nativewindow_macosx_OSXUtil_GetScreenRefreshRate0+0x1cf0 in /private/var/folders/zg/1l8q7jb960scm7wpq1kf74lm0000gn/T/jogamp_0000/file_cache/jln53670711080187600/jln7089989940153325670/libnativewindow_macosx.jnilib at 0x0000000181d82000
RCX=0x000000011f0be480 is an unknown value
RDX=0x000000011f0be080 is an unknown value
RSP=0x00007fff5ad45378 is pointing into the stack for thread: 0x00007fa56288a000
RBP=0x00007fff5ad45430 is pointing into the stack for thread: 0x00007fa56288a000
RSI=0x00007fff99db1d0e is an unknown value
RDI=0x00007fa566bc15e0 is an unknown value
R8 =0x0000000000000000 is an unknown value
R9 =0x00000000000008c0 is an unknown value
R10=0x00007fff99db1d0e is an unknown value
R11=0x0000000000000000 is an unknown value
R12=0x0000000000000000 is an unknown value
R13={method} {0x00000001872cf918} 'UnsetJAWTRootSurfaceLayer0' '(JJ)V' in 'jogamp/nativewindow/jawt/macosx/MacOSXJAWTWindow'
R14=0x0000000181d89440: Java_jogamp_nativewindow_macosx_OSXUtil_GetScreenRefreshRate0+0x1ce0 in /private/var/folders/zg/1l8q7jb960scm7wpq1kf74lm0000gn/T/jogamp_0000/file_cache/jln53670711080187600/jln7089989940153325670/libnativewindow_macosx.jnilib at 0x0000000181d82000
R15=0x00007fa56288a000 is a thread


Stack: [0x00007fff5a54a000,0x00007fff5ad4a000],  sp=0x00007fff5ad45378,  free space=8172k
Native frames: (J=compiled Java code, j=interpreted, Vv=VM code, C=native code)
C  [libobjc.A.dylib+0x14dd]  objc_msgSend+0x1d
j  jogamp.nativewindow.jawt.macosx.MacOSXJAWTWindow.UnsetJAWTRootSurfaceLayer0(JJ)V+0
j  jogamp.nativewindow.jawt.macosx.MacOSXJAWTWindow.access$200(JJ)V+2
j  jogamp.nativewindow.jawt.macosx.MacOSXJAWTWindow$1.run()V+38
J 1111 C1 com.jogamp.common.util.RunnableTask.run()V (345 bytes) @ 0x0000000106e2f914 [0x0000000106e2f780+0x194]
v  ~StubRoutines::call_stub
V  [libjvm.dylib+0x2eae7a]
V  [libjvm.dylib+0x321f83]
V  [libjvm.dylib+0x314757]
C  [libnativewindow_macosx.jnilib+0x5326]  Java_jogamp_nativewindow_jawt_macosx_MacOSXJAWTWindow_UnsetJAWTRootSurfaceLayer0+0x2b6
C  [Foundation+0x8dd4b]  __NSThreadPerformPerform+0x117
C  [CoreFoundation+0x7e5c1]  __CFRUNLOOP_IS_CALLING_OUT_TO_A_SOURCE0_PERFORM_FUNCTION__+0x11
C  [CoreFoundation+0x70397]  __CFRunLoopDoSources0+0x1a7
C  [CoreFoundation+0x6f93f]  __CFRunLoopRun+0x39f
C  [CoreFoundation+0x6f338]  CFRunLoopRunSpecific+0x128
C  [HIToolbox+0x30935]  RunCurrentEventLoopInMode+0xeb
C  [HIToolbox+0x30677]  ReceiveNextEventCommon+0xb8
C  [HIToolbox+0x305af]  _BlockUntilNextEventMatchingListInModeWithFilter+0x47
C  [AppKit+0x8a0ee]  _DPSNextEvent+0x42b
C  [AppKit+0x456943]  -[NSApplication _nextEventMatchingEventMask:untilDate:inMode:dequeue:]+0x1c6
C  [libosxapp.dylib+0x23aa]  -[NSApplicationAWT nextEventMatchingMask:untilDate:inMode:dequeue:]+0x7c
C  [AppKit+0x7ffc8]  -[NSApplication run]+0x2aa
C  [libosxapp.dylib+0x214d]  +[NSApplicationAWT runAWTLoopWithApp:]+0x9c
C  [libawt_lwawt.dylib+0x4455b]  -[AWTStarter starter:]+0x389
C  [Foundation+0x8dd4b]  __NSThreadPerformPerform+0x117
C  [CoreFoundation+0x7e5c1]  __CFRUNLOOP_IS_CALLING_OUT_TO_A_SOURCE0_PERFORM_FUNCTION__+0x11
C  [CoreFoundation+0x7041c]  __CFRunLoopDoSources0+0x22c
C  [CoreFoundation+0x6f93f]  __CFRunLoopRun+0x39f
C  [CoreFoundation+0x6f338]  CFRunLoopRunSpecific+0x128
C  [java+0x6463]  CreateExecutionEnvironment+0x367
C  [java+0x21ac]  JLI_Launch+0x7a0
C  [java+0x84c0]  main+0x65
C  [java+0x1a04]  start+0x34
C  0x0000000000000007

Java frames: (J=compiled Java code, j=interpreted, Vv=VM code)
j  jogamp.nativewindow.jawt.macosx.MacOSXJAWTWindow.UnsetJAWTRootSurfaceLayer0(JJ)V+0
j  jogamp.nativewindow.jawt.macosx.MacOSXJAWTWindow.access$200(JJ)V+2
j  jogamp.nativewindow.jawt.macosx.MacOSXJAWTWindow$1.run()V+38
J 1111 C1 com.jogamp.common.util.RunnableTask.run()V (345 bytes) @ 0x0000000106e2f914 [0x0000000106e2f780+0x194]
v  ~StubRoutines::call_stub

---------------  P R O C E S S  ---------------

Java Threads: ( => current thread )
  0x00007fa562170800 JavaThread "Thread-19" [_thread_blocked, id=4891, stack(0x0000700001a71000,0x0000700001b71000)]
  0x00007fa563578000 JavaThread "Image Fetcher 1" daemon [_thread_blocked, id=65343, stack(0x0000700001d7a000,0x0000700001e7a000)]
  0x00007fa563c58000 JavaThread "Image Fetcher 0" daemon [_thread_blocked, id=66307, stack(0x0000700001f80000,0x0000700002080000)]
  0x00007fa563c55000 JavaThread "Keep-Alive-Timer" daemon [_thread_blocked, id=65795, stack(0x0000700001e7d000,0x0000700001f7d000)]
  0x00007fa562b20800 JavaThread "AWT-EventQueue-1" [_thread_in_native, id=59419, stack(0x0000700001868000,0x0000700001968000)]
  0x00007fa56341e800 JavaThread "DestroyJavaVM" [_thread_blocked, id=5891, stack(0x000070000011a000,0x000070000021a000)]
  0x00007fa562140000 JavaThread "AWT-EventQueue-0" [_thread_blocked, id=56839, stack(0x0000700001662000,0x0000700001762000)]
  0x00007fa562a04000 JavaThread "Java2D Disposer" daemon [_thread_blocked, id=53007, stack(0x00007000013d9000,0x00007000014d9000)]
  0x00007fa56214a800 JavaThread "Java2D Queue Flusher" daemon [_thread_blocked, id=41759, stack(0x00007000012d6000,0x00007000013d6000)]
  0x00007fa5629ad000 JavaThread "AWT-Shutdown" [_thread_blocked, id=28947, stack(0x00007000010cd000,0x00007000011cd000)]
=>0x00007fa56288a000 JavaThread "AWT-AppKit" daemon [_thread_in_native, id=2571, stack(0x00007fff5a54a000,0x00007fff5ad4a000)]
  0x00007fa562014000 JavaThread "Service Thread" daemon [_thread_blocked, id=18691, stack(0x0000700000e44000,0x0000700000f44000)]
  0x00007fa562863000 JavaThread "C1 CompilerThread2" daemon [_thread_blocked, id=18179, stack(0x0000700000d41000,0x0000700000e41000)]
  0x00007fa562015800 JavaThread "C2 CompilerThread1" daemon [_thread_blocked, id=17667, stack(0x0000700000c3e000,0x0000700000d3e000)]
  0x00007fa562015000 JavaThread "C2 CompilerThread0" daemon [_thread_blocked, id=17155, stack(0x0000700000b3b000,0x0000700000c3b000)]
  0x00007fa562013000 JavaThread "Signal Dispatcher" daemon [_thread_blocked, id=13839, stack(0x0000700000a38000,0x0000700000b38000)]
  0x00007fa563004800 JavaThread "Finalizer" daemon [_thread_blocked, id=12291, stack(0x000070000082f000,0x000070000092f000)]
  0x00007fa563003800 JavaThread "Reference Handler" daemon [_thread_blocked, id=11779, stack(0x000070000072c000,0x000070000082c000)]

Other Threads:
  0x00007fa56285d000 VMThread [stack: 0x0000700000629000,0x0000700000729000] [id=11267]
  0x00007fa56285d800 WatcherThread [stack: 0x0000700000f47000,0x0000700001047000] [id=19203]

VM state:not at safepoint (normal execution)

VM Mutex/Monitor currently owned by a thread: None

Heap:
 PSYoungGen      total 258048K, used 82985K [0x0000000795580000, 0x00000007b0400000, 0x00000007c0000000)
  eden space 243200K, 34% used [0x0000000795580000,0x000000079a672730,0x00000007a4300000)
  from space 14848K, 0% used [0x00000007ae700000,0x00000007ae718000,0x00000007af580000)
  to   space 14848K, 0% used [0x00000007af580000,0x00000007af580000,0x00000007b0400000)
 ParOldGen       total 87552K, used 21878K [0x0000000740000000, 0x0000000745580000, 0x0000000795580000)
  object space 87552K, 24% used [0x0000000740000000,0x000000074155da70,0x0000000745580000)
 Metaspace       used 20985K, capacity 21185K, committed 21296K, reserved 1069056K
  class space    used 2068K, capacity 2146K, committed 2176K, reserved 1048576K

Card table byte_map: [0x0000000115d4d000,0x000000011614e000] byte_map_base: 0x000000011234d000

Marking Bits: (ParMarkBitMap*) 0x00000001062e3ea0
 Begin Bits: [0x00000001163f9000, 0x00000001183f9000)
 End Bits:   [0x00000001183f9000, 0x000000011a3f9000)

Polling page: 0x0000000105179000

CodeCache: size=245760Kb used=8509Kb max_used=8513Kb free=237250Kb
 bounds [0x000000010698d000, 0x00000001071ed000, 0x000000011598d000]
 total_blobs=3250 nmethods=2361 adapters=802
 compilation: enabled

Compilation events (10 events):
Event: 9.687 Thread 0x00007fa562863000 2607       1       javax.media.opengl.GLCapabilities::getDoubleBuffered (5 bytes)
Event: 9.687 Thread 0x00007fa562863000 nmethod 2607 0x00000001071e5c90 code [0x00000001071e5de0, 0x00000001071e5ef0]
Event: 9.703 Thread 0x00007fa562863000 2608       3       java.util.HashMap::put (13 bytes)
Event: 9.704 Thread 0x00007fa562863000 nmethod 2608 0x00000001071e5610 code [0x00000001071e57a0, 0x00000001071e5b58]
Event: 9.708 Thread 0x00007fa562863000 2609       3       sun.misc.JarIndex::get (49 bytes)
Event: 9.708 Thread 0x00007fa562863000 nmethod 2609 0x00000001071e4890 code [0x00000001071e4a60, 0x00000001071e52d8]
Event: 9.716 Thread 0x00007fa562863000 2610       3       java.util.IdentityHashMap::hash (18 bytes)
Event: 9.716 Thread 0x00007fa562863000 nmethod 2610 0x00000001071e4510 code [0x00000001071e4680, 0x00000001071e4808]
Event: 9.717 Thread 0x00007fa562863000 2611       1       sun.java2d.SurfaceData::isValid (5 bytes)
Event: 9.717 Thread 0x00007fa562863000 nmethod 2611 0x00000001071e4250 code [0x00000001071e43a0, 0x00000001071e44b0]

GC Heap History (10 events):
Event: 6.655 GC heap before
{Heap before GC invocations=7 (full 0):
 PSYoungGen      total 146944K, used 138349K [0x0000000795580000, 0x000000079f280000, 0x00000007c0000000)
  eden space 133120K, 100% used [0x0000000795580000,0x000000079d780000,0x000000079d780000)
  from space 13824K, 37% used [0x000000079e500000,0x000000079ea1b450,0x000000079f280000)
  to   space 13824K, 0% used [0x000000079d780000,0x000000079d780000,0x000000079e500000)
 ParOldGen       total 87552K, used 16665K [0x0000000740000000, 0x0000000745580000, 0x0000000795580000)
  object space 87552K, 19% used [0x0000000740000000,0x0000000741046638,0x0000000745580000)
 Metaspace       used 20766K, capacity 20987K, committed 21120K, reserved 1069056K
  class space    used 2060K, capacity 2145K, committed 2176K, reserved 1048576K
Event: 6.661 GC heap after
Heap after GC invocations=7 (full 0):
 PSYoungGen      total 146944K, used 1792K [0x0000000795580000, 0x00000007a7580000, 0x00000007c0000000)
  eden space 133120K, 0% used [0x0000000795580000,0x0000000795580000,0x000000079d780000)
  from space 13824K, 12% used [0x000000079d780000,0x000000079d940070,0x000000079e500000)
  to   space 14336K, 0% used [0x00000007a6780000,0x00000007a6780000,0x00000007a7580000)
 ParOldGen       total 87552K, used 20122K [0x0000000740000000, 0x0000000745580000, 0x0000000795580000)
  object space 87552K, 22% used [0x0000000740000000,0x00000007413a69d0,0x0000000745580000)
 Metaspace       used 20766K, capacity 20987K, committed 21120K, reserved 1069056K
  class space    used 2060K, capacity 2145K, committed 2176K, reserved 1048576K
}
Event: 7.057 GC heap before
{Heap before GC invocations=8 (full 0):
 PSYoungGen      total 146944K, used 134912K [0x0000000795580000, 0x00000007a7580000, 0x00000007c0000000)
  eden space 133120K, 100% used [0x0000000795580000,0x000000079d780000,0x000000079d780000)
  from space 13824K, 12% used [0x000000079d780000,0x000000079d940070,0x000000079e500000)
  to   space 14336K, 0% used [0x00000007a6780000,0x00000007a6780000,0x00000007a7580000)
 ParOldGen       total 87552K, used 20122K [0x0000000740000000, 0x0000000745580000, 0x0000000795580000)
  object space 87552K, 22% used [0x0000000740000000,0x00000007413a69d0,0x0000000745580000)
 Metaspace       used 20804K, capacity 21057K, committed 21120K, reserved 1069056K
  class space    used 2061K, capacity 2146K, committed 2176K, reserved 1048576K
Event: 7.059 GC heap after
Heap after GC invocations=8 (full 0):
 PSYoungGen      total 280064K, used 416K [0x0000000795580000, 0x00000007a7680000, 0x00000007c0000000)
  eden space 265728K, 0% used [0x0000000795580000,0x0000000795580000,0x00000007a5900000)
  from space 14336K, 2% used [0x00000007a6780000,0x00000007a67e8010,0x00000007a7580000)
  to   space 14848K, 0% used [0x00000007a5900000,0x00000007a5900000,0x00000007a6780000)
 ParOldGen       total 87552K, used 21494K [0x0000000740000000, 0x0000000745580000, 0x0000000795580000)
  object space 87552K, 24% used [0x0000000740000000,0x00000007414fda60,0x0000000745580000)
 Metaspace       used 20804K, capacity 21057K, committed 21120K, reserved 1069056K
  class space    used 2061K, capacity 2146K, committed 2176K, reserved 1048576K
}
Event: 7.864 GC heap before
{Heap before GC invocations=9 (full 0):
 PSYoungGen      total 280064K, used 266144K [0x0000000795580000, 0x00000007a7680000, 0x00000007c0000000)
  eden space 265728K, 100% used [0x0000000795580000,0x00000007a5900000,0x00000007a5900000)
  from space 14336K, 2% used [0x00000007a6780000,0x00000007a67e8010,0x00000007a7580000)
  to   space 14848K, 0% used [0x00000007a5900000,0x00000007a5900000,0x00000007a6780000)
 ParOldGen       total 87552K, used 21494K [0x0000000740000000, 0x0000000745580000, 0x0000000795580000)
  object space 87552K, 24% used [0x0000000740000000,0x00000007414fda60,0x0000000745580000)
 Metaspace       used 20846K, capacity 21057K, committed 21120K, reserved 1069056K
  class space    used 2061K, capacity 2146K, committed 2176K, reserved 1048576K
Event: 7.865 GC heap after
Heap after GC invocations=9 (full 0):
 PSYoungGen      total 280576K, used 192K [0x0000000795580000, 0x00000007b1200000, 0x00000007c0000000)
  eden space 265728K, 0% used [0x0000000795580000,0x0000000795580000,0x00000007a5900000)
  from space 14848K, 1% used [0x00000007a5900000,0x00000007a5930000,0x00000007a6780000)
  to   space 14848K, 0% used [0x00000007b0380000,0x00000007b0380000,0x00000007b1200000)
 ParOldGen       total 87552K, used 21814K [0x0000000740000000, 0x0000000745580000, 0x0000000795580000)
  object space 87552K, 24% used [0x0000000740000000,0x000000074154da70,0x0000000745580000)
 Metaspace       used 20846K, capacity 21057K, committed 21120K, reserved 1069056K
  class space    used 2061K, capacity 2146K, committed 2176K, reserved 1048576K
}
Event: 8.665 GC heap before
{Heap before GC invocations=10 (full 0):
 PSYoungGen      total 280576K, used 265920K [0x0000000795580000, 0x00000007b1200000, 0x00000007c0000000)
  eden space 265728K, 100% used [0x0000000795580000,0x00000007a5900000,0x00000007a5900000)
  from space 14848K, 1% used [0x00000007a5900000,0x00000007a5930000,0x00000007a6780000)
  to   space 14848K, 0% used [0x00000007b0380000,0x00000007b0380000,0x00000007b1200000)
 ParOldGen       total 87552K, used 21814K [0x0000000740000000, 0x0000000745580000, 0x0000000795580000)
  object space 87552K, 24% used [0x0000000740000000,0x000000074154da70,0x0000000745580000)
 Metaspace       used 20912K, capacity 21121K, committed 21296K, reserved 1069056K
  class space    used 2061K, capacity 2146K, committed 2176K, reserved 1048576K
Event: 8.666 GC heap after
Heap after GC invocations=10 (full 0):
 PSYoungGen      total 254464K, used 128K [0x0000000795580000, 0x00000007b0400000, 0x00000007c0000000)
  eden space 253952K, 0% used [0x0000000795580000,0x0000000795580000,0x00000007a4d80000)
  from space 512K, 25% used [0x00000007b0380000,0x00000007b03a0000,0x00000007b0400000)
  to   space 14848K, 0% used [0x00000007ae700000,0x00000007ae700000,0x00000007af580000)
 ParOldGen       total 87552K, used 21854K [0x0000000740000000, 0x0000000745580000, 0x0000000795580000)
  object space 87552K, 24% used [0x0000000740000000,0x0000000741557a70,0x0000000745580000)
 Metaspace       used 20912K, capacity 21121K, committed 21296K, reserved 1069056K
  class space    used 2061K, capacity 2146K, committed 2176K, reserved 1048576K
}
Event: 9.457 GC heap before
{Heap before GC invocations=11 (full 0):
 PSYoungGen      total 254464K, used 254080K [0x0000000795580000, 0x00000007b0400000, 0x00000007c0000000)
  eden space 253952K, 100% used [0x0000000795580000,0x00000007a4d80000,0x00000007a4d80000)
  from space 512K, 25% used [0x00000007b0380000,0x00000007b03a0000,0x00000007b0400000)
  to   space 14848K, 0% used [0x00000007ae700000,0x00000007ae700000,0x00000007af580000)
 ParOldGen       total 87552K, used 21854K [0x0000000740000000, 0x0000000745580000, 0x0000000795580000)
  object space 87552K, 24% used [0x0000000740000000,0x0000000741557a70,0x0000000745580000)
 Metaspace       used 20946K, capacity 21185K, committed 21296K, reserved 1069056K
  class space    used 2061K, capacity 2146K, committed 2176K, reserved 1048576K
Event: 9.458 GC heap after
Heap after GC invocations=11 (full 0):
 PSYoungGen      total 258048K, used 96K [0x0000000795580000, 0x00000007b0400000, 0x00000007c0000000)
  eden space 243200K, 0% used [0x0000000795580000,0x0000000795580000,0x00000007a4300000)
  from space 14848K, 0% used [0x00000007ae700000,0x00000007ae718000,0x00000007af580000)
  to   space 14848K, 0% used [0x00000007af580000,0x00000007af580000,0x00000007b0400000)
 ParOldGen       total 87552K, used 21878K [0x0000000740000000, 0x0000000745580000, 0x0000000795580000)
  object space 87552K, 24% used [0x0000000740000000,0x000000074155da70,0x0000000745580000)
 Metaspace       used 20946K, capacity 21185K, committed 21296K, reserved 1069056K
  class space    used 2061K, capacity 2146K, committed 2176K, reserved 1048576K
}

Deoptimization events (10 events):
Event: 5.032 Thread 0x00007fa562b20800 Uncommon trap: reason=unstable_if action=reinterpret pc=0x0000000106eda07c method=com.jogamp.common.util.IntIntHashMap.get(I)I @ 28
Event: 5.142 Thread 0x00007fa56208b800 Uncommon trap: reason=unstable_if action=reinterpret pc=0x0000000106d95894 method=java.lang.String.regionMatches(ZILjava/lang/String;II)Z @ 123
Event: 5.167 Thread 0x00007fa562b20800 Uncommon trap: reason=unstable_if action=reinterpret pc=0x0000000106f610d8 method=processing.opengl.PGraphicsOpenGL$Tessellator.addLineSegment3D(III[SZ)I @ 67
Event: 5.172 Thread 0x00007fa562b20800 Uncommon trap: reason=unstable_if action=reinterpret pc=0x0000000106d96a90 method=java.lang.String.trim()Ljava/lang/String; @ 23
Event: 5.411 Thread 0x00007fa562b20800 Uncommon trap: reason=class_check action=maybe_recompile pc=0x0000000106d975d0 method=java.util.Arrays.copyOf([Ljava/lang/Object;ILjava/lang/Class;)[Ljava/lang/Object; @ 24
Event: 9.654 Thread 0x00007fa562b20800 Uncommon trap: reason=class_check action=maybe_recompile pc=0x0000000106d975d0 method=java.util.Arrays.copyOf([Ljava/lang/Object;ILjava/lang/Class;)[Ljava/lang/Object; @ 24
Event: 9.654 Thread 0x00007fa562b20800 Uncommon trap: reason=class_check action=maybe_recompile pc=0x0000000106d975d0 method=java.util.Arrays.copyOf([Ljava/lang/Object;ILjava/lang/Class;)[Ljava/lang/Object; @ 24
Event: 9.703 Thread 0x00007fa563930800 Uncommon trap: reason=unstable_if action=reinterpret pc=0x0000000106da4568 method=java.util.HashMap.putVal(ILjava/lang/Object;Ljava/lang/Object;ZZ)Ljava/lang/Object; @ 81
Event: 9.703 Thread 0x00007fa563930800 Uncommon trap: reason=unstable_if action=reinterpret pc=0x0000000106da8300 method=java.util.HashMap.putVal(ILjava/lang/Object;Ljava/lang/Object;ZZ)Ljava/lang/Object; @ 81
Event: 9.716 Thread 0x00007fa562170800 Uncommon trap: reason=predicate action=maybe_recompile pc=0x00000001071d0c6c method=java.util.Vector.indexOf(Ljava/lang/Object;I)I @ 44

Internal exceptions (10 events):
Event: 0.163 Thread 0x00007fa563801800 Exception <a 'java/lang/NoSuchFieldError': method resolution failed> (0x0000000795879e28) thrown at [/HUDSON3/workspace/8-2-build-macosx-x86_64/jdk8u73/6086/hotspot/src/share/vm/prims/methodHandles.cpp, line 1146]
Event: 0.165 Thread 0x00007fa563801800 Exception <a 'java/lang/NoSuchFieldError': method resolution failed> (0x00000007958875f8) thrown at [/HUDSON3/workspace/8-2-build-macosx-x86_64/jdk8u73/6086/hotspot/src/share/vm/prims/methodHandles.cpp, line 1146]
Event: 0.321 Thread 0x00007fa563801800 Exception <a 'java/io/FileNotFoundException'> (0x0000000795903400) thrown at [/HUDSON3/workspace/8-2-build-macosx-x86_64/jdk8u73/6086/hotspot/src/share/vm/prims/jni.cpp, line 709]
Event: 0.321 Thread 0x00007fa563801800 Exception <a 'java/io/FileNotFoundException'> (0x0000000795903f68) thrown at [/HUDSON3/workspace/8-2-build-macosx-x86_64/jdk8u73/6086/hotspot/src/share/vm/prims/jni.cpp, line 709]
Event: 0.439 Thread 0x00007fa563801800 Exception <a 'java/io/FileNotFoundException'> (0x0000000795ae9658) thrown at [/HUDSON3/workspace/8-2-build-macosx-x86_64/jdk8u73/6086/hotspot/src/share/vm/prims/jni.cpp, line 709]
Event: 1.741 Thread 0x00007fa562b23800 Exception <a 'java/lang/UnsatisfiedLinkError': com.jogamp.common.util.JarUtil.fixNativeLibAttribs(Ljava/lang/String;)Z> (0x0000000796d12008) thrown at [/HUDSON3/workspace/8-2-build-macosx-x86_64/jdk8u73/6086/hotspot/src/share/vm/prims/nativeLookup.cpp, li
Event: 1.960 Thread 0x00007fa563004800 Exception <a 'java/lang/NullPointerException'> (0x00000007956a7370) thrown at [/HUDSON3/workspace/8-2-build-macosx-x86_64/jdk8u73/6086/hotspot/src/share/vm/interpreter/linkResolver.cpp, line 1178]
Event: 2.480 Thread 0x00007fa562b20800 Exception <a 'java/io/FileNotFoundException'> (0x00000007960f4bd0) thrown at [/HUDSON3/workspace/8-2-build-macosx-x86_64/jdk8u73/6086/hotspot/src/share/vm/prims/jni.cpp, line 709]
Event: 2.480 Thread 0x00007fa562b20800 Exception <a 'java/io/FileNotFoundException'> (0x00000007960fc190) thrown at [/HUDSON3/workspace/8-2-build-macosx-x86_64/jdk8u73/6086/hotspot/src/share/vm/prims/jni.cpp, line 709]
Event: 2.480 Thread 0x00007fa562b20800 Implicit null exception at 0x0000000106b40075 to 0x0000000106b403d9

Events (10 events):
Event: 9.716 loading class java/awt/event/AWTEventListenerProxy
Event: 9.716 loading class java/awt/event/AWTEventListenerProxy done
Event: 9.716 loading class java/awt/Toolkit$ToolkitEventMulticaster
Event: 9.716 loading class java/awt/Toolkit$ToolkitEventMulticaster done
Event: 9.716 Thread 0x00007fa563930800 Thread exited: 0x00007fa563930800
Event: 9.716 Thread 0x00007fa562170800 Uncommon trap: trap_request=0xffffff86 fr.pc=0x00000001071d0c6c
Event: 9.716 Thread 0x00007fa562170800 DEOPT PACKING pc=0x00000001071d0c6c sp=0x0000700001b70780
Event: 9.716 Thread 0x00007fa562170800 DEOPT UNPACKING pc=0x0000000106992229 sp=0x0000700001b70748 mode 2
Event: 9.716 loading class java/awt/Window$1DisposeAction
Event: 9.717 loading class java/awt/Window$1DisposeAction done


Dynamic libraries:
0x000000000a236000 	/System/Library/Frameworks/Cocoa.framework/Versions/A/Cocoa
0x000000000a236000 	/System/Library/Frameworks/Security.framework/Versions/A/Security
0x000000000a236000 	/System/Library/Frameworks/ApplicationServices.framework/Versions/A/ApplicationServices
0x000000000a236000 	/usr/lib/libz.1.dylib
0x000000000a236000 	/usr/lib/libSystem.B.dylib
0x000000000a236000 	/usr/lib/libobjc.A.dylib
0x000000000a236000 	/System/Library/Frameworks/CoreFoundation.framework/Versions/A/CoreFoundation
0x000000000a236000 	/System/Library/Frameworks/Foundation.framework/Versions/C/Foundation
0x000000000a236000 	/System/Library/Frameworks/AppKit.framework/Versions/C/AppKit
0x000000000a236000 	/System/Library/Frameworks/CoreData.framework/Versions/A/CoreData
0x000000000a236000 	/System/Library/PrivateFrameworks/RemoteViewServices.framework/Versions/A/RemoteViewServices
0x000000000a236000 	/System/Library/PrivateFrameworks/UIFoundation.framework/Versions/A/UIFoundation
0x000000000a236000 	/usr/lib/libScreenReader.dylib
0x000000000a236000 	/System/Library/Frameworks/Accelerate.framework/Versions/A/Accelerate
0x000000000a236000 	/System/Library/Frameworks/IOSurface.framework/Versions/A/IOSurface
0x000000000a236000 	/System/Library/Frameworks/AudioToolbox.framework/Versions/A/AudioToolbox
0x000000000a236000 	/System/Library/Frameworks/AudioUnit.framework/Versions/A/AudioUnit
0x000000000a236000 	/System/Library/PrivateFrameworks/DataDetectorsCore.framework/Versions/A/DataDetectorsCore
0x000000000a236000 	/System/Library/PrivateFrameworks/DesktopServicesPriv.framework/Versions/A/DesktopServicesPriv
0x000000000a236000 	/System/Library/Frameworks/Carbon.framework/Versions/A/Frameworks/HIToolbox.framework/Versions/A/HIToolbox
0x000000000a236000 	/System/Library/Frameworks/QuartzCore.framework/Versions/A/QuartzCore
0x000000000a236000 	/System/Library/Frameworks/Carbon.framework/Versions/A/Frameworks/SpeechRecognition.framework/Versions/A/SpeechRecognition
0x000000000a236000 	/usr/lib/libauto.dylib
0x000000000a236000 	/usr/lib/libicucore.A.dylib
0x000000000a236000 	/usr/lib/libxml2.2.dylib
0x000000000a236000 	/System/Library/PrivateFrameworks/CoreUI.framework/Versions/A/CoreUI
0x000000000a236000 	/System/Library/Frameworks/CoreAudio.framework/Versions/A/CoreAudio
0x000000000a236000 	/System/Library/Frameworks/DiskArbitration.framework/Versions/A/DiskArbitration
0x000000000a236000 	/usr/lib/liblangid.dylib
0x000000000a236000 	/System/Library/PrivateFrameworks/MultitouchSupport.framework/Versions/A/MultitouchSupport
0x000000000a236000 	/System/Library/Frameworks/IOKit.framework/Versions/A/IOKit
0x000000000a236000 	/usr/lib/libDiagnosticMessagesClient.dylib
0x000000000a236000 	/System/Library/Frameworks/CoreServices.framework/Versions/A/CoreServices
0x000000000a236000 	/System/Library/PrivateFrameworks/PerformanceAnalysis.framework/Versions/A/PerformanceAnalysis
0x000000000a236000 	/System/Library/PrivateFrameworks/GenerationalStorage.framework/Versions/A/GenerationalStorage
0x000000000a236000 	/System/Library/Frameworks/OpenGL.framework/Versions/A/OpenGL
0x000000000a236000 	/System/Library/PrivateFrameworks/Sharing.framework/Versions/A/Sharing
0x000000000a236000 	/System/Library/Frameworks/CoreGraphics.framework/Versions/A/CoreGraphics
0x000000000a236000 	/System/Library/Frameworks/CoreImage.framework/Versions/A/CoreImage
0x000000000a236000 	/System/Library/Frameworks/CoreText.framework/Versions/A/CoreText
0x000000000a236000 	/System/Library/Frameworks/ImageIO.framework/Versions/A/ImageIO
0x000000000a236000 	/System/Library/PrivateFrameworks/Backup.framework/Versions/A/Backup
0x000000000a236000 	/usr/lib/libextension.dylib
0x000000000a236000 	/usr/lib/libarchive.2.dylib
0x000000000a236000 	/System/Library/Frameworks/CFNetwork.framework/Versions/A/CFNetwork
0x000000000a236000 	/System/Library/Frameworks/SystemConfiguration.framework/Versions/A/SystemConfiguration
0x000000000a236000 	/usr/lib/libCRFSuite.dylib
0x000000000a236000 	/usr/lib/libc++.1.dylib
0x000000000a236000 	/usr/lib/libc++abi.dylib
0x000000000a236000 	/usr/lib/system/libcache.dylib
0x000000000a236000 	/usr/lib/system/libcommonCrypto.dylib
0x000000000a236000 	/usr/lib/system/libcompiler_rt.dylib
0x000000000a236000 	/usr/lib/system/libcopyfile.dylib
0x000000000a236000 	/usr/lib/system/libcorecrypto.dylib
0x000000000a236000 	/usr/lib/system/libdispatch.dylib
0x000000000a236000 	/usr/lib/system/libdyld.dylib
0x000000000a236000 	/usr/lib/system/libkeymgr.dylib
0x000000000a236000 	/usr/lib/system/liblaunch.dylib
0x000000000a236000 	/usr/lib/system/libmacho.dylib
0x000000000a236000 	/usr/lib/system/libquarantine.dylib
0x000000000a236000 	/usr/lib/system/libremovefile.dylib
0x000000000a236000 	/usr/lib/system/libsystem_asl.dylib
0x000000000a236000 	/usr/lib/system/libsystem_blocks.dylib
0x000000000a236000 	/usr/lib/system/libsystem_c.dylib
0x000000000a236000 	/usr/lib/system/libsystem_configuration.dylib
0x000000000a236000 	/usr/lib/system/libsystem_coreservices.dylib
0x000000000a236000 	/usr/lib/system/libsystem_coretls.dylib
0x000000000a236000 	/usr/lib/system/libsystem_dnssd.dylib
0x000000000a236000 	/usr/lib/system/libsystem_info.dylib
0x000000000a236000 	/usr/lib/system/libsystem_kernel.dylib
0x000000000a236000 	/usr/lib/system/libsystem_m.dylib
0x000000000a236000 	/usr/lib/system/libsystem_malloc.dylib
0x000000000a236000 	/usr/lib/system/libsystem_network.dylib
0x000000000a236000 	/usr/lib/system/libsystem_networkextension.dylib
0x000000000a236000 	/usr/lib/system/libsystem_notify.dylib
0x000000000a236000 	/usr/lib/system/libsystem_platform.dylib
0x000000000a236000 	/usr/lib/system/libsystem_pthread.dylib
0x000000000a236000 	/usr/lib/system/libsystem_sandbox.dylib
0x000000000a236000 	/usr/lib/system/libsystem_secinit.dylib
0x000000000a236000 	/usr/lib/system/libsystem_trace.dylib
0x000000000a236000 	/usr/lib/system/libunc.dylib
0x000000000a236000 	/usr/lib/system/libunwind.dylib
0x000000000a236000 	/usr/lib/system/libxpc.dylib
0x000000000a236000 	/usr/lib/libenergytrace.dylib
0x000000000a236000 	/usr/lib/libbsm.0.dylib
0x000000000a236000 	/usr/lib/system/libkxld.dylib
0x000000000a236000 	/usr/lib/libxar.1.dylib
0x000000000a236000 	/usr/lib/libsqlite3.dylib
0x000000000a236000 	/usr/lib/libpam.2.dylib
0x000000000a236000 	/usr/lib/libOpenScriptingUtil.dylib
0x000000000a236000 	/usr/lib/libbz2.1.0.dylib
0x000000000a236000 	/usr/lib/liblzma.5.dylib
0x000000000a236000 	/System/Library/Frameworks/CoreServices.framework/Versions/A/Frameworks/FSEvents.framework/Versions/A/FSEvents
0x000000000a236000 	/System/Library/Frameworks/CoreServices.framework/Versions/A/Frameworks/CarbonCore.framework/Versions/A/CarbonCore
0x000000000a236000 	/System/Library/Frameworks/CoreServices.framework/Versions/A/Frameworks/Metadata.framework/Versions/A/Metadata
0x000000000a236000 	/System/Library/Frameworks/CoreServices.framework/Versions/A/Frameworks/OSServices.framework/Versions/A/OSServices
0x000000000a236000 	/System/Library/Frameworks/CoreServices.framework/Versions/A/Frameworks/SearchKit.framework/Versions/A/SearchKit
0x000000000a236000 	/System/Library/Frameworks/CoreServices.framework/Versions/A/Frameworks/AE.framework/Versions/A/AE
0x000000000a236000 	/System/Library/Frameworks/CoreServices.framework/Versions/A/Frameworks/LaunchServices.framework/Versions/A/LaunchServices
0x000000000a236000 	/System/Library/Frameworks/CoreServices.framework/Versions/A/Frameworks/DictionaryServices.framework/Versions/A/DictionaryServices
0x000000000a236000 	/System/Library/Frameworks/CoreServices.framework/Versions/A/Frameworks/SharedFileList.framework/Versions/A/SharedFileList
0x000000000a236000 	/System/Library/Frameworks/NetFS.framework/Versions/A/NetFS
0x000000000a236000 	/System/Library/PrivateFrameworks/NetAuth.framework/Versions/A/NetAuth
0x000000000a236000 	/System/Library/PrivateFrameworks/login.framework/Versions/A/Frameworks/loginsupport.framework/Versions/A/loginsupport
0x000000000a236000 	/System/Library/PrivateFrameworks/TCC.framework/Versions/A/TCC
0x000000000a236000 	/usr/lib/libmecabra.dylib
0x000000000a236000 	/System/Library/Frameworks/ApplicationServices.framework/Versions/A/Frameworks/ATS.framework/Versions/A/ATS
0x000000000a236000 	/System/Library/Frameworks/ApplicationServices.framework/Versions/A/Frameworks/ColorSync.framework/Versions/A/ColorSync
0x000000000a236000 	/System/Library/Frameworks/ApplicationServices.framework/Versions/A/Frameworks/HIServices.framework/Versions/A/HIServices
0x000000000a236000 	/System/Library/Frameworks/ApplicationServices.framework/Versions/A/Frameworks/LangAnalysis.framework/Versions/A/LangAnalysis
0x000000000a236000 	/System/Library/Frameworks/ApplicationServices.framework/Versions/A/Frameworks/PrintCore.framework/Versions/A/PrintCore
0x000000000a236000 	/System/Library/Frameworks/ApplicationServices.framework/Versions/A/Frameworks/QD.framework/Versions/A/QD
0x000000000a236000 	/System/Library/Frameworks/ApplicationServices.framework/Versions/A/Frameworks/SpeechSynthesis.framework/Versions/A/SpeechSynthesis
0x000000000a236000 	/System/Library/Frameworks/Metal.framework/Versions/A/Metal
0x000000000a236000 	/System/Library/Frameworks/Accelerate.framework/Versions/A/Frameworks/vImage.framework/Versions/A/vImage
0x000000000a236000 	/System/Library/Frameworks/Accelerate.framework/Versions/A/Frameworks/vecLib.framework/Versions/A/vecLib
0x000000000a236000 	/System/Library/Frameworks/Accelerate.framework/Versions/A/Frameworks/vecLib.framework/Versions/A/libvDSP.dylib
0x000000000a236000 	/System/Library/Frameworks/Accelerate.framework/Versions/A/Frameworks/vecLib.framework/Versions/A/libvMisc.dylib
0x000000000a236000 	/System/Library/Frameworks/Accelerate.framework/Versions/A/Frameworks/vecLib.framework/Versions/A/libLAPACK.dylib
0x000000000a236000 	/System/Library/Frameworks/Accelerate.framework/Versions/A/Frameworks/vecLib.framework/Versions/A/libBLAS.dylib
0x000000000a236000 	/System/Library/Frameworks/Accelerate.framework/Versions/A/Frameworks/vecLib.framework/Versions/A/libLinearAlgebra.dylib
0x000000000a236000 	/System/Library/Frameworks/Accelerate.framework/Versions/A/Frameworks/vecLib.framework/Versions/A/libSparseBLAS.dylib
0x000000000a236000 	/System/Library/PrivateFrameworks/GPUCompiler.framework/libmetal_timestamp.dylib
0x000000000a236000 	/System/Library/Frameworks/OpenGL.framework/Versions/A/Libraries/libCoreFSCache.dylib
0x000000000a236000 	/System/Library/PrivateFrameworks/IOAccelerator.framework/Versions/A/IOAccelerator
0x000000000a236000 	/System/Library/Frameworks/ApplicationServices.framework/Versions/A/Frameworks/ATS.framework/Versions/A/Resources/libFontParser.dylib
0x000000000a236000 	/System/Library/Frameworks/ApplicationServices.framework/Versions/A/Frameworks/ATS.framework/Versions/A/Resources/libFontRegistry.dylib
0x000000000a236000 	/System/Library/PrivateFrameworks/AppleVPA.framework/Versions/A/AppleVPA
0x000000000a236000 	/System/Library/PrivateFrameworks/AppleJPEG.framework/Versions/A/AppleJPEG
0x000000000a236000 	/System/Library/Frameworks/ImageIO.framework/Versions/A/Resources/libJPEG.dylib
0x000000000a236000 	/System/Library/Frameworks/ImageIO.framework/Versions/A/Resources/libTIFF.dylib
0x000000000a236000 	/System/Library/Frameworks/ImageIO.framework/Versions/A/Resources/libPng.dylib
0x000000000a236000 	/System/Library/Frameworks/ImageIO.framework/Versions/A/Resources/libGIF.dylib
0x000000000a236000 	/System/Library/Frameworks/ImageIO.framework/Versions/A/Resources/libJP2.dylib
0x000000000a236000 	/System/Library/Frameworks/ImageIO.framework/Versions/A/Resources/libRadiance.dylib
0x000000000a236000 	/System/Library/Frameworks/CoreVideo.framework/Versions/A/CoreVideo
0x000000000a236000 	/System/Library/Frameworks/OpenGL.framework/Versions/A/Libraries/libGLU.dylib
0x000000000a236000 	/System/Library/Frameworks/OpenGL.framework/Versions/A/Libraries/libGFXShared.dylib
0x000000000a236000 	/System/Library/Frameworks/OpenGL.framework/Versions/A/Libraries/libGL.dylib
0x000000000a236000 	/System/Library/Frameworks/OpenGL.framework/Versions/A/Libraries/libGLImage.dylib
0x000000000a236000 	/System/Library/Frameworks/OpenGL.framework/Versions/A/Libraries/libCVMSPluginSupport.dylib
0x000000000a236000 	/System/Library/Frameworks/OpenGL.framework/Versions/A/Libraries/libCoreVMClient.dylib
0x000000000a236000 	/usr/lib/libcups.2.dylib
0x000000000a236000 	/System/Library/Frameworks/Kerberos.framework/Versions/A/Kerberos
0x000000000a236000 	/System/Library/Frameworks/GSS.framework/Versions/A/GSS
0x000000000a236000 	/usr/lib/libresolv.9.dylib
0x000000000a236000 	/usr/lib/libiconv.2.dylib
0x000000000a236000 	/System/Library/PrivateFrameworks/Heimdal.framework/Versions/A/Heimdal
0x000000000a236000 	/usr/lib/libheimdal-asn1.dylib
0x000000000a236000 	/System/Library/Frameworks/OpenDirectory.framework/Versions/A/OpenDirectory
0x000000000a236000 	/System/Library/PrivateFrameworks/CommonAuth.framework/Versions/A/CommonAuth
0x000000000a236000 	/System/Library/Frameworks/OpenDirectory.framework/Versions/A/Frameworks/CFOpenDirectory.framework/Versions/A/CFOpenDirectory
0x000000000a236000 	/System/Library/Frameworks/SecurityFoundation.framework/Versions/A/SecurityFoundation
0x000000000a236000 	/System/Library/PrivateFrameworks/LanguageModeling.framework/Versions/A/LanguageModeling
0x000000000a236000 	/usr/lib/libmarisa.dylib
0x000000000a236000 	/usr/lib/libChineseTokenizer.dylib
0x000000000a236000 	/usr/lib/libcmph.dylib
0x000000000a236000 	/usr/lib/libcompression.dylib
0x000000000a236000 	/System/Library/Frameworks/ServiceManagement.framework/Versions/A/ServiceManagement
0x000000000a236000 	/usr/lib/libxslt.1.dylib
0x000000000a236000 	/System/Library/Frameworks/Carbon.framework/Versions/A/Frameworks/Ink.framework/Versions/A/Ink
0x000000000a236000 	/usr/lib/libFosl_dynamic.dylib
0x000000000a236000 	/System/Library/PrivateFrameworks/FaceCore.framework/Versions/A/FaceCore
0x000000000a236000 	/System/Library/Frameworks/OpenCL.framework/Versions/A/OpenCL
0x000000000a236000 	/System/Library/PrivateFrameworks/CrashReporterSupport.framework/Versions/A/CrashReporterSupport
0x000000000a236000 	/System/Library/PrivateFrameworks/IconServices.framework/Versions/A/IconServices
0x000000000a236000 	/System/Library/PrivateFrameworks/Apple80211.framework/Versions/A/Apple80211
0x000000000a236000 	/System/Library/Frameworks/CoreWLAN.framework/Versions/A/CoreWLAN
0x000000000a236000 	/System/Library/Frameworks/IOBluetooth.framework/Versions/A/IOBluetooth
0x000000000a236000 	/System/Library/PrivateFrameworks/CoreWiFi.framework/Versions/A/CoreWiFi
0x000000000a236000 	/System/Library/Frameworks/CoreBluetooth.framework/Versions/A/CoreBluetooth
0x000000000a236000 	/System/Library/PrivateFrameworks/ChunkingLibrary.framework/Versions/A/ChunkingLibrary
0x000000000a236000 	/System/Library/PrivateFrameworks/DebugSymbols.framework/Versions/A/DebugSymbols
0x000000000a236000 	/System/Library/PrivateFrameworks/CoreSymbolication.framework/Versions/A/CoreSymbolication
0x000000000a236000 	/System/Library/PrivateFrameworks/Symbolication.framework/Versions/A/Symbolication
0x000000000a236000 	/System/Library/PrivateFrameworks/SpeechRecognitionCore.framework/Versions/A/SpeechRecognitionCore
0x0000000105a00000 	/Library/Java/JavaVirtualMachines/jdk1.8.0_73.jdk/Contents/Home/jre/lib/server/libjvm.dylib
0x000000000a236000 	/usr/lib/libstdc++.6.dylib
0x0000000105136000 	/Library/Java/JavaVirtualMachines/jdk1.8.0_73.jdk/Contents/Home/jre/lib/libverify.dylib
0x0000000105144000 	/Library/Java/JavaVirtualMachines/jdk1.8.0_73.jdk/Contents/Home/jre/lib/libjava.dylib
0x0000000105183000 	/Library/Java/JavaVirtualMachines/jdk1.8.0_73.jdk/Contents/Home/jre/lib/libzip.dylib
0x000000011c27f000 	/System/Library/Frameworks/JavaVM.framework/Frameworks/JavaRuntimeSupport.framework/JavaRuntimeSupport
0x000000011c29a000 	/System/Library/Frameworks/JavaVM.framework/Versions/A/Frameworks/JavaNativeFoundation.framework/Versions/A/JavaNativeFoundation
0x000000011c2af000 	/System/Library/Frameworks/JavaVM.framework/Versions/A/JavaVM
0x000000000a236000 	/System/Library/Frameworks/Carbon.framework/Versions/A/Carbon
0x000000011c2bc000 	/System/Library/PrivateFrameworks/JavaLaunching.framework/Versions/A/JavaLaunching
0x000000000a236000 	/System/Library/Frameworks/Carbon.framework/Versions/A/Frameworks/CommonPanels.framework/Versions/A/CommonPanels
0x000000000a236000 	/System/Library/Frameworks/Carbon.framework/Versions/A/Frameworks/Help.framework/Versions/A/Help
0x000000000a236000 	/System/Library/Frameworks/Carbon.framework/Versions/A/Frameworks/ImageCapture.framework/Versions/A/ImageCapture
0x000000000a236000 	/System/Library/Frameworks/Carbon.framework/Versions/A/Frameworks/OpenScripting.framework/Versions/A/OpenScripting
0x000000000a236000 	/System/Library/Frameworks/Carbon.framework/Versions/A/Frameworks/Print.framework/Versions/A/Print
0x000000000a236000 	/System/Library/Frameworks/Carbon.framework/Versions/A/Frameworks/SecurityHI.framework/Versions/A/SecurityHI
0x000000011dc16000 	/Library/Java/JavaVirtualMachines/jdk1.8.0_73.jdk/Contents/Home/jre/lib/libawt.dylib
0x000000011dcbe000 	/Library/Java/JavaVirtualMachines/jdk1.8.0_73.jdk/Contents/Home/jre/lib/./libmlib_image.dylib
0x000000011dd8a000 	/Library/Java/JavaVirtualMachines/jdk1.8.0_73.jdk/Contents/Home/jre/lib/libawt_lwawt.dylib
0x000000011de3f000 	/Library/Java/JavaVirtualMachines/jdk1.8.0_73.jdk/Contents/Home/jre/lib/./libosxapp.dylib
0x000000000a236000 	/System/Library/Frameworks/ExceptionHandling.framework/Versions/A/ExceptionHandling
0x000000000a236000 	/System/Library/PrivateFrameworks/CoreServicesInternal.framework/Versions/A/CoreServicesInternal
0x000000000a236000 	/System/Library/Frameworks/CoreGraphics.framework/Versions/A/Resources/libRIP.A.dylib
0x000000000a236000 	/System/Library/Frameworks/Accelerate.framework/Versions/A/Frameworks/vImage.framework/Versions/A/Libraries/libCGInterfaces.dylib
0x000000000a236000 	/System/Library/Frameworks/CoreGraphics.framework/Versions/A/Resources/libCGXType.A.dylib
0x000000000a236000 	/System/Library/Frameworks/OpenCL.framework/Versions/A/Libraries/libcldcpuengine.dylib
0x000000000a236000 	/System/Library/PrivateFrameworks/DiskImages.framework/Versions/A/DiskImages
0x000000000a236000 	/System/Library/Frameworks/DiscRecording.framework/Versions/A/DiscRecording
0x000000000a236000 	/usr/lib/libcsfde.dylib
0x000000000a236000 	/usr/lib/libcurl.4.dylib
0x000000000a236000 	/System/Library/PrivateFrameworks/MediaKit.framework/Versions/A/MediaKit
0x000000000a236000 	/System/Library/PrivateFrameworks/ProtectedCloudStorage.framework/Versions/A/ProtectedCloudStorage
0x000000000a236000 	/usr/lib/libCoreStorage.dylib
0x000000000a236000 	/System/Library/PrivateFrameworks/EFILogin.framework/Versions/A/EFILogin
0x000000000a236000 	/usr/lib/libutil.dylib
0x000000000a236000 	/System/Library/PrivateFrameworks/FindMyDevice.framework/Versions/A/FindMyDevice
0x000000000a236000 	/System/Library/Frameworks/LDAP.framework/Versions/A/LDAP
0x000000000a236000 	/usr/lib/libsasl2.2.dylib
0x000000000a236000 	/System/Library/PrivateFrameworks/CoreDaemon.framework/Versions/B/CoreDaemon
0x000000000a236000 	/usr/lib/libcrypto.0.9.8.dylib
0x000000000a236000 	/System/Library/PrivateFrameworks/AppleSRP.framework/Versions/A/AppleSRP
0x000000000a236000 	/System/Library/PrivateFrameworks/TrustEvaluationAgent.framework/Versions/A/TrustEvaluationAgent
0x000000011fddd000 	cl_kernels
0x000000000a236000 	/System/Library/Frameworks/OpenCL.framework/Versions/A/Libraries/ImageFormats/unorm8_bgra.dylib
0x000000000a236000 	/System/Library/Frameworks/OpenCL.framework/Versions/A/Libraries/ImageFormats/unorm8_rgba.dylib
0x000000000a236000 	/System/Library/PrivateFrameworks/FamilyControls.framework/Versions/A/FamilyControls
0x000000000a236000 	/System/Library/PrivateFrameworks/CommerceKit.framework/Versions/A/Frameworks/CommerceCore.framework/Versions/A/CommerceCore
0x000000000a236000 	/System/Library/PrivateFrameworks/SystemAdministration.framework/Versions/A/SystemAdministration
0x000000000a236000 	/System/Library/PrivateFrameworks/AppContainer.framework/Versions/A/AppContainer
0x000000000a236000 	/System/Library/PrivateFrameworks/SecCodeWrapper.framework/Versions/A/SecCodeWrapper
0x000000000a236000 	/System/Library/Frameworks/DirectoryService.framework/Versions/A/DirectoryService
0x000000000a236000 	/System/Library/PrivateFrameworks/LoginUIKit.framework/Versions/A/Frameworks/LoginUICore.framework/Versions/A/LoginUICore
0x000000000a236000 	/usr/lib/libodfde.dylib
0x000000000a236000 	/System/Library/Frameworks/OpenGL.framework/Versions/A/Resources/GLEngine.bundle/GLEngine
0x000000000a236000 	/System/Library/Frameworks/OpenGL.framework/Versions/A/Libraries/libGLProgrammability.dylib
0x0000000120f54000 	/System/Library/Extensions/AppleIntelHD5000GraphicsGLDriver.bundle/Contents/MacOS/AppleIntelHD5000GraphicsGLDriver
0x000000000a236000 	/System/Library/PrivateFrameworks/GPUSupport.framework/Versions/A/Libraries/libGPUSupportMercury.dylib
0x000000000a236000 	/System/Library/Frameworks/OpenGL.framework/Versions/A/Resources/GLRendererFloat.bundle/GLRendererFloat
0x0000000121f62000 	/Library/Java/JavaVirtualMachines/jdk1.8.0_73.jdk/Contents/Home/jre/lib/libfontmanager.dylib
0x00000001234af000 	/Library/Java/JavaVirtualMachines/jdk1.8.0_73.jdk/Contents/Home/jre/lib/libosxui.dylib
0x0000000123fc1000 	/Library/Java/JavaVirtualMachines/jdk1.8.0_73.jdk/Contents/Home/jre/lib/libnet.dylib
0x0000000123fd8000 	/Library/Java/JavaVirtualMachines/jdk1.8.0_73.jdk/Contents/Home/jre/lib/libnio.dylib
0x000000000a236000 	/System/Library/Frameworks/ApplicationServices.framework/Versions/A/Frameworks/ATS.framework/Versions/A/Resources/libTrueTypeScaler.dylib
0x0000000181e02000 	/System/Library/Extensions/AppleIntelHD5000GraphicsMTLDriver.bundle/Contents/MacOS/AppleIntelHD5000GraphicsMTLDriver
0x00000001234a8000 	/private/var/folders/zg/1l8q7jb960scm7wpq1kf74lm0000gn/T/jogamp_0000/file_cache/jln53670711080187600/jln7089989940153325670/libgluegen-rt.jnilib
0x00000001234ac000 	/private/var/folders/zg/1l8q7jb960scm7wpq1kf74lm0000gn/T/jogamp_0000/file_cache/jln53670711080187600/jln7089989940153325670/libnativewindow_awt.jnilib
0x0000000181d7f000 	/Library/Java/JavaVirtualMachines/jdk1.8.0_73.jdk/Contents/Home/jre/lib/libjawt.dylib
0x0000000181d82000 	/private/var/folders/zg/1l8q7jb960scm7wpq1kf74lm0000gn/T/jogamp_0000/file_cache/jln53670711080187600/jln7089989940153325670/libnativewindow_macosx.jnilib
0x0000000187425000 	/private/var/folders/zg/1l8q7jb960scm7wpq1kf74lm0000gn/T/jogamp_0000/file_cache/jln53670711080187600/jln7089989940153325670/libjogl_desktop.jnilib
0x000000018ccf1000 	/Library/Java/JavaVirtualMachines/jdk1.8.0_73.jdk/Contents/Home/jre/lib/libt2k.dylib

VM Arguments:
jvm_args: -Djava.security.policy=java.policy.applet -Dfile.encoding=UTF-8 
java_command: sun.applet.AppletViewer module4.EarthquakeCityMap1457284055538.html
java_class_path (initial): /Users/intruder04/dev_projects/java/UCSDUnfoldingMaps/build:/Users/intruder04/dev_projects/java/UCSDUnfoldingMaps/lib/core.jar:/Users/intruder04/dev_projects/java/UCSDUnfoldingMaps/lib/gluegen-rt.jar:/Users/intruder04/dev_projects/java/UCSDUnfoldingMaps/lib/jogl-all.jar:/Users/intruder04/dev_projects/java/UCSDUnfoldingMaps/lib/log4j-1.2.15.jar:/Users/intruder04/dev_projects/java/UCSDUnfoldingMaps/lib/sqlite-jdbc-3.7.2.jar:/Users/intruder04/dev_projects/java/UCSDUnfoldingMaps/lib/json4processing.jar:/Users/intruder04/dev_projects/java/UCSDUnfoldingMaps/lib/libTUIO.jar:/Users/intruder04/dev_projects/java/UCSDUnfoldingMaps/lib/unfolding.0.9.7-uscd.jar
Launcher Type: SUN_STANDARD

Environment Variables:
PATH=/usr/bin:/bin:/usr/sbin:/sbin
SHELL=/bin/bash

Signal Handlers:
SIGSEGV: [libjvm.dylib+0x5a71a5], sa_mask[0]=11111111011111110111111111111111, sa_flags=SA_ONSTACK|SA_RESTART|SA_SIGINFO
SIGBUS: [libjvm.dylib+0x5a71a5], sa_mask[0]=11111111011111110111111111111111, sa_flags=SA_RESTART|SA_SIGINFO
SIGFPE: [libjvm.dylib+0x480eb4], sa_mask[0]=11111111011111110111111111111111, sa_flags=SA_RESTART|SA_SIGINFO
SIGPIPE: [libjvm.dylib+0x480eb4], sa_mask[0]=11111111011111110111111111111111, sa_flags=SA_RESTART|SA_SIGINFO
SIGXFSZ: [libjvm.dylib+0x480eb4], sa_mask[0]=11111111011111110111111111111111, sa_flags=SA_RESTART|SA_SIGINFO
SIGILL: [libjvm.dylib+0x480eb4], sa_mask[0]=11111111011111110111111111111111, sa_flags=SA_RESTART|SA_SIGINFO
SIGUSR1: SIG_DFL, sa_mask[0]=00000000000000000000000000000000, sa_flags=none
SIGUSR2: [libjvm.dylib+0x4809d2], sa_mask[0]=00100000000000000000000000000000, sa_flags=SA_RESTART|SA_SIGINFO
SIGHUP: [libjvm.dylib+0x47efa9], sa_mask[0]=11111111011111110111111111111111, sa_flags=SA_RESTART|SA_SIGINFO
SIGINT: [libjvm.dylib+0x47efa9], sa_mask[0]=11111111011111110111111111111111, sa_flags=SA_RESTART|SA_SIGINFO
SIGTERM: [libjvm.dylib+0x47efa9], sa_mask[0]=11111111011111110111111111111111, sa_flags=SA_RESTART|SA_SIGINFO
SIGQUIT: [libjvm.dylib+0x47efa9], sa_mask[0]=11111111011111110111111111111111, sa_flags=SA_RESTART|SA_SIGINFO


---------------  S Y S T E M  ---------------

OS:Bsduname:Darwin 15.3.0 Darwin Kernel Version 15.3.0: Thu Dec 10 18:40:58 PST 2015; root:xnu-3248.30.4~1/RELEASE_X86_64 x86_64
rlimit: STACK 8192k, CORE 0k, NPROC 709, NOFILE 10240, AS infinity
load average:1.96 1.82 1.80

CPU:total 4 (2 cores per cpu, 2 threads per core) family 6 model 69 stepping 1, cmov, cx8, fxsr, mmx, sse, sse2, sse3, ssse3, sse4.1, sse4.2, popcnt, avx, avx2, aes, clmul, erms, lzcnt, ht, tsc, tscinvbit, bmi1, bmi2

Memory: 4k page, physical 8388608k(834268k free)

/proc/meminfo:


vm_info: Java HotSpot(TM) 64-Bit Server VM (25.73-b02) for bsd-amd64 JRE (1.8.0_73-b02), built on Jan 29 2016 15:02:00 by "java_re" with gcc 4.2.1 (Based on Apple Inc. build 5658) (LLVM build 2336.11.00)

time: Sun Mar  6 20:07:45 2016
elapsed time: 9 seconds (0d 0h 0m 9s)

