#
# A fatal error has been detected by the Java Runtime Environment:
#
#  SIGSEGV (0xb) at pc=0x00007fff900414dd, pid=12373, tid=2571
#
# JRE version: Java(TM) SE Runtime Environment (8.0_73-b02) (build 1.8.0_73-b02)
# Java VM: Java HotSpot(TM) 64-Bit Server VM (25.73-b02 mixed mode bsd-amd64 compressed oops)
# Problematic frame:
# C  [libobjc.A.dylib+0x14dd]  objc_msgSend+0x1d
#
# Failed to write core dump. Core dumps have been disabled. To enable core dumping, try "ulimit -c unlimited" before starting Java again
#
# If you would like to submit a bug report, please visit:
#   http://bugreport.java.com/bugreport/crash.jsp
# The crash happened outside the Java Virtual Machine in native code.
# See problematic frame for where to report the bug.
#

---------------  T H R E A D  ---------------

Current thread (0x00007fe83a929000):  JavaThread "AWT-AppKit" daemon [_thread_in_native, id=2571, stack(0x00007fff595b7000,0x00007fff59db7000)]

siginfo: si_signo: 11 (SIGSEGV), si_code: 1 (SEGV_MAPERR), si_addr: 0x0000000000000018

Registers:
RAX=0x00007fe83da87b90, RBX=0x0000000124136450, RCX=0x000000011fe9a800, RDX=0x000000011fe9a200
RSP=0x00007fff59db2468, RBP=0x00007fff59db2520, RSI=0x00007fff99db1d0e, RDI=0x00007fe83da7f6f0
R8 =0x0000000000000000, R9 =0x00000000000008c0, R10=0x00007fff99db1d0e, R11=0x0000000000000000
R12=0x0000000000000000, R13=0x0000000188a41fc0, R14=0x0000000124136440, R15=0x00007fe83a929000
RIP=0x00007fff900414dd, EFLAGS=0x0000000000010246, ERR=0x0000000000000004
  TRAPNO=0x000000000000000e

Top of Stack: (sp=0x00007fff59db2468)
0x00007fff59db2468:   0000000124134157 00007fff59db24c0
0x00007fff59db2478:   0000000000000003 00007fff59db24a0
0x00007fff59db2488:   00000001062b6646 0000000188a41fc0
0x00007fff59db2498:   0000000188a41fc0 00007fe83da87b90
0x00007fff59db24a8:   00000001241366a0 0000000124136710
0x00007fff59db24b8:   00007fff7d2ec770 00007fff7e4ed500
0x00007fff59db24c8:   0000000124136450 0000000124136690
0x00007fff59db24d8:   00007fe83da87b90 00007fe83da7f6f0
0x00007fff59db24e8:   00007fe838c411b0 00007fe83da87b90
0x00007fff59db24f8:   00007fe83da7f6f0 00007fff59db25a8
0x00007fff59db2508:   00007fe83a9291f8 0000000188a41fc0
0x00007fff59db2518:   00007fff59db25d0 00007fff59db2598
0x00007fff59db2528:   0000000107a15954 0000000188a41fc0
0x00007fff59db2538:   00007fff59db25d0 00007fff59db2598
0x00007fff59db2548:   0000000107a156e7 0000000107a156a2
0x00007fff59db2558:   00007fff59db2558 0000000188a41fc0
0x00007fff59db2568:   00007fff59db25d0 0000000182ffeee8
0x00007fff59db2578:   0000000000000000 0000000188a41fc0
0x00007fff59db2588:   0000000000000000 00007fff59db25b8
0x00007fff59db2598:   00007fff59db2618 0000000107a07c4d
0x00007fff59db25a8:   0000000740e6d7f0 0000000107a0f578
0x00007fff59db25b8:   00007fe83da87b90 00007fff59db2618
0x00007fff59db25c8:   00007fe83da7f6f0 0000000107a10d82
0x00007fff59db25d8:   00007fff59db25d8 0000000188a4218a
0x00007fff59db25e8:   00007fff59db2640 0000000182ffeee8
0x00007fff59db25f8:   0000000000000000 0000000188a42198
0x00007fff59db2608:   00007fff59db25b8 00007fff59db2628
0x00007fff59db2618:   00007fff59db2688 0000000107a07c4d
0x00007fff59db2628:   00007fe83da87b90 0000000740bbb378
0x00007fff59db2638:   00007fe83da7f6f0 0000000740bbb378
0x00007fff59db2648:   00007fff59db2648 000000018f08b086
0x00007fff59db2658:   00007fff59db2698 000000018f08b140 

Instructions: (pc=0x00007fff900414dd)
0x00007fff900414bd:   44 00 00 48 85 ff 2e 74 62 40 f6 c7 01 2e 75 66
0x00007fff900414cd:   49 bb f8 ff ff ff ff 7f 00 00 4c 23 1f 49 89 f2
0x00007fff900414dd:   45 23 53 18 49 c1 e2 04 4d 03 53 10 49 3b 32 75
0x00007fff900414ed:   04 41 ff 62 08 49 83 3a 01 76 0d 49 83 c2 10 49 

Register to memory mapping:

RAX=0x00007fe83da87b90 is an unknown value
RBX=0x0000000124136450: Java_jogamp_nativewindow_macosx_OSXUtil_GetScreenRefreshRate0+0x1cf0 in /private/var/folders/zg/1l8q7jb960scm7wpq1kf74lm0000gn/T/jogamp_0000/file_cache/jln625886929293262205/jln7865156312974624486/libnativewindow_macosx.jnilib at 0x000000012412f000
RCX=0x000000011fe9a800 is an unknown value
RDX=0x000000011fe9a200 is an unknown value
RSP=0x00007fff59db2468 is pointing into the stack for thread: 0x00007fe83a929000
RBP=0x00007fff59db2520 is pointing into the stack for thread: 0x00007fe83a929000
RSI=0x00007fff99db1d0e is an unknown value
RDI=0x00007fe83da7f6f0 is an unknown value
R8 =0x0000000000000000 is an unknown value
R9 =0x00000000000008c0 is an unknown value
R10=0x00007fff99db1d0e is an unknown value
R11=0x0000000000000000 is an unknown value
R12=0x0000000000000000 is an unknown value
R13={method} {0x0000000188a41fc0} 'UnsetJAWTRootSurfaceLayer0' '(JJ)V' in 'jogamp/nativewindow/jawt/macosx/MacOSXJAWTWindow'
R14=0x0000000124136440: Java_jogamp_nativewindow_macosx_OSXUtil_GetScreenRefreshRate0+0x1ce0 in /private/var/folders/zg/1l8q7jb960scm7wpq1kf74lm0000gn/T/jogamp_0000/file_cache/jln625886929293262205/jln7865156312974624486/libnativewindow_macosx.jnilib at 0x000000012412f000
R15=0x00007fe83a929000 is a thread


Stack: [0x00007fff595b7000,0x00007fff59db7000],  sp=0x00007fff59db2468,  free space=8173k
Native frames: (J=compiled Java code, j=interpreted, Vv=VM code, C=native code)
C  [libobjc.A.dylib+0x14dd]  objc_msgSend+0x1d
j  jogamp.nativewindow.jawt.macosx.MacOSXJAWTWindow.UnsetJAWTRootSurfaceLayer0(JJ)V+0
j  jogamp.nativewindow.jawt.macosx.MacOSXJAWTWindow.access$200(JJ)V+2
j  jogamp.nativewindow.jawt.macosx.MacOSXJAWTWindow$1.run()V+38
j  com.jogamp.common.util.RunnableTask.run()V+24
v  ~StubRoutines::call_stub
V  [libjvm.dylib+0x2eae7a]  JavaCalls::call_helper(JavaValue*, methodHandle*, JavaCallArguments*, Thread*)+0x6ae
V  [libjvm.dylib+0x321f83]  jni_invoke_nonstatic(JNIEnv_*, JavaValue*, _jobject*, JNICallType, _jmethodID*, JNI_ArgumentPusher*, Thread*)+0x2ec
V  [libjvm.dylib+0x314757]  jni_CallVoidMethod+0x16b
C  [libnativewindow_macosx.jnilib+0x5326]  Java_jogamp_nativewindow_jawt_macosx_MacOSXJAWTWindow_UnsetJAWTRootSurfaceLayer0+0x2b6
C  [Foundation+0x8dd4b]  __NSThreadPerformPerform+0x117
C  [CoreFoundation+0x7e5c1]  __CFRUNLOOP_IS_CALLING_OUT_TO_A_SOURCE0_PERFORM_FUNCTION__+0x11
C  [CoreFoundation+0x70397]  __CFRunLoopDoSources0+0x1a7
C  [CoreFoundation+0x6f93f]  __CFRunLoopRun+0x39f
C  [CoreFoundation+0x6f338]  CFRunLoopRunSpecific+0x128
C  [HIToolbox+0x30935]  RunCurrentEventLoopInMode+0xeb
C  [HIToolbox+0x30677]  ReceiveNextEventCommon+0xb8
C  [HIToolbox+0x305af]  _BlockUntilNextEventMatchingListInModeWithFilter+0x47
C  [AppKit+0x8a0ee]  _DPSNextEvent+0x42b
C  [AppKit+0x456943]  -[NSApplication _nextEventMatchingEventMask:untilDate:inMode:dequeue:]+0x1c6
C  [libosxapp.dylib+0x23aa]  -[NSApplicationAWT nextEventMatchingMask:untilDate:inMode:dequeue:]+0x7c
C  [AppKit+0x7ffc8]  -[NSApplication run]+0x2aa
C  [libosxapp.dylib+0x214d]  +[NSApplicationAWT runAWTLoopWithApp:]+0x9c
C  [libawt_lwawt.dylib+0x4455b]  -[AWTStarter starter:]+0x389
C  [Foundation+0x8dd4b]  __NSThreadPerformPerform+0x117
C  [CoreFoundation+0x7e5c1]  __CFRUNLOOP_IS_CALLING_OUT_TO_A_SOURCE0_PERFORM_FUNCTION__+0x11
C  [CoreFoundation+0x7041c]  __CFRunLoopDoSources0+0x22c
C  [CoreFoundation+0x6f93f]  __CFRunLoopRun+0x39f
C  [CoreFoundation+0x6f338]  CFRunLoopRunSpecific+0x128
C  [java+0x6463]  CreateExecutionEnvironment+0x367
C  [java+0x21ac]  JLI_Launch+0x7a0
C  [java+0x84c0]  main+0x65
C  [java+0x1a04]  start+0x34
C  0x0000000000000007

Java frames: (J=compiled Java code, j=interpreted, Vv=VM code)
j  jogamp.nativewindow.jawt.macosx.MacOSXJAWTWindow.UnsetJAWTRootSurfaceLayer0(JJ)V+0
j  jogamp.nativewindow.jawt.macosx.MacOSXJAWTWindow.access$200(JJ)V+2
j  jogamp.nativewindow.jawt.macosx.MacOSXJAWTWindow$1.run()V+38
j  com.jogamp.common.util.RunnableTask.run()V+24
v  ~StubRoutines::call_stub

---------------  P R O C E S S  ---------------

Java Threads: ( => current thread )
  0x00007fe839df6000 JavaThread "Thread-557" [_thread_blocked, id=64251, stack(0x00007000019ee000,0x0000700001aee000)]
  0x00007fe83a27c000 JavaThread "Image Fetcher 1" daemon [_thread_blocked, id=24675, stack(0x0000700002000000,0x0000700002100000)]
  0x00007fe83e805000 JavaThread "Image Fetcher 0" daemon [_thread_blocked, id=33151, stack(0x0000700001efd000,0x0000700001ffd000)]
  0x00007fe83e993000 JavaThread "Keep-Alive-Timer" daemon [_thread_blocked, id=65643, stack(0x0000700001dfa000,0x0000700001efa000)]
  0x00007fe83a40e000 JavaThread "AWT-EventQueue-1" [_thread_in_native, id=59431, stack(0x0000700001868000,0x0000700001968000)]
  0x00007fe839a8b800 JavaThread "DestroyJavaVM" [_thread_blocked, id=4099, stack(0x0000700000084000,0x0000700000184000)]
  0x00007fe83a1d5800 JavaThread "AWT-EventQueue-0" [_thread_blocked, id=56323, stack(0x0000700001662000,0x0000700001762000)]
  0x00007fe83a1a8800 JavaThread "Java2D Disposer" daemon [_thread_blocked, id=52995, stack(0x00007000013d9000,0x00007000014d9000)]
  0x00007fe83a96c800 JavaThread "Java2D Queue Flusher" daemon [_thread_blocked, id=50183, stack(0x00007000012d6000,0x00007000013d6000)]
  0x00007fe83a12e800 JavaThread "AWT-Shutdown" [_thread_blocked, id=29463, stack(0x00007000010cd000,0x00007000011cd000)]
=>0x00007fe83a929000 JavaThread "AWT-AppKit" daemon [_thread_in_native, id=2571, stack(0x00007fff595b7000,0x00007fff59db7000)]
  0x00007fe83a801000 JavaThread "Service Thread" daemon [_thread_blocked, id=18691, stack(0x0000700000e44000,0x0000700000f44000)]
  0x00007fe83900e800 JavaThread "C1 CompilerThread2" daemon [_thread_blocked, id=18179, stack(0x0000700000d41000,0x0000700000e41000)]
  0x00007fe839005800 JavaThread "C2 CompilerThread1" daemon [_thread_blocked, id=17667, stack(0x0000700000c3e000,0x0000700000d3e000)]
  0x00007fe83982f800 JavaThread "C2 CompilerThread0" daemon [_thread_blocked, id=17155, stack(0x0000700000b3b000,0x0000700000c3b000)]
  0x00007fe839806800 JavaThread "Signal Dispatcher" daemon [_thread_blocked, id=13839, stack(0x0000700000a38000,0x0000700000b38000)]
  0x00007fe83a01d800 JavaThread "Finalizer" daemon [_thread_blocked, id=12291, stack(0x000070000082f000,0x000070000092f000)]
  0x00007fe83a01d000 JavaThread "Reference Handler" daemon [_thread_blocked, id=11779, stack(0x000070000072c000,0x000070000082c000)]

Other Threads:
  0x00007fe83a01a000 VMThread [stack: 0x0000700000629000,0x0000700000729000] [id=11267]
  0x00007fe83a802000 WatcherThread [stack: 0x0000700000f47000,0x0000700001047000] [id=19203]

VM state:not at safepoint (normal execution)

VM Mutex/Monitor currently owned by a thread: None

Heap:
 PSYoungGen      total 209408K, used 182515K [0x0000000795580000, 0x00000007ab680000, 0x00000007c0000000)
  eden space 99328K, 86% used [0x0000000795580000,0x000000079a9375b0,0x000000079b680000)
  from space 110080K, 87% used [0x000000079b680000,0x00000007a15057a0,0x00000007a2200000)
  to   space 122880K, 0% used [0x00000007a3e80000,0x00000007a3e80000,0x00000007ab680000)
 ParOldGen       total 77312K, used 50808K [0x0000000740000000, 0x0000000744b80000, 0x0000000795580000)
  object space 77312K, 65% used [0x0000000740000000,0x000000074319e380,0x0000000744b80000)
 Metaspace       used 22023K, capacity 22277K, committed 22576K, reserved 1069056K
  class space    used 2075K, capacity 2146K, committed 2176K, reserved 1048576K

Card table byte_map: [0x0000000116dc0000,0x00000001171c1000] byte_map_base: 0x00000001133c0000

Marking Bits: (ParMarkBitMap*) 0x00000001069a8ea0
 Begin Bits: [0x000000011746c000, 0x000000011946c000)
 End Bits:   [0x000000011946c000, 0x000000011b46c000)

Polling page: 0x0000000107099000

CodeCache: size=245760Kb used=12747Kb max_used=12868Kb free=233012Kb
 bounds [0x0000000107a00000, 0x00000001086c0000, 0x0000000116a00000]
 total_blobs=4348 nmethods=3454 adapters=807
 compilation: enabled

Compilation events (10 events):
Event: 100.201 Thread 0x00007fe839005800 4129       4       jogamp.opengl.glu.tessellator.Mesh::__gl_meshMakeEdge (76 bytes)
Event: 100.216 Thread 0x00007fe839005800 nmethod 4129 0x0000000108206910 code [0x0000000108206ac0, 0x00000001082072b8]
Event: 101.115 Thread 0x00007fe83982f800 4130       4       java.lang.Thread::sleep (61 bytes)
Event: 101.117 Thread 0x00007fe83982f800 nmethod 4130 0x0000000107b43690 code [0x0000000107b437e0, 0x0000000107b438e8]
Event: 102.819 Thread 0x00007fe839005800 4131       4       sun.java2d.SurfaceData::pixelFor (13 bytes)
Event: 102.820 Thread 0x00007fe839005800 nmethod 4131 0x000000010819a790 code [0x000000010819a8e0, 0x000000010819a9d8]
Event: 102.822 Thread 0x00007fe83982f800 4132       4       sun.java2d.SunGraphics2D::translate (68 bytes)
Event: 102.831 Thread 0x00007fe83982f800 nmethod 4132 0x00000001082dab50 code [0x00000001082dace0, 0x00000001082daf88]
Event: 102.867 Thread 0x00007fe83900e800 4133       3       java.util.HashMap::put (13 bytes)
Event: 102.867 Thread 0x00007fe83900e800 nmethod 4133 0x00000001081c7e10 code [0x00000001081c7fa0, 0x00000001081c8358]

GC Heap History (10 events):
Event: 80.874 GC heap before
{Heap before GC invocations=20 (full 1):
 PSYoungGen      total 151040K, used 151011K [0x0000000795580000, 0x00000007a3900000, 0x00000007c0000000)
  eden space 97792K, 100% used [0x0000000795580000,0x000000079b500000,0x000000079b500000)
  from space 53248K, 99% used [0x000000079f180000,0x00000007a2578cf0,0x00000007a2580000)
  to   space 61952K, 0% used [0x000000079b500000,0x000000079b500000,0x000000079f180000)
 ParOldGen       total 77312K, used 31931K [0x0000000740000000, 0x0000000744b80000, 0x0000000795580000)
  object space 77312K, 41% used [0x0000000740000000,0x0000000741f2eee0,0x0000000744b80000)
 Metaspace       used 21852K, capacity 22085K, committed 22320K, reserved 1069056K
  class space    used 2067K, capacity 2146K, committed 2176K, reserved 1048576K
Event: 80.892 GC heap after
Heap after GC invocations=20 (full 1):
 PSYoungGen      total 159744K, used 60931K [0x0000000795580000, 0x00000007a4b00000, 0x00000007c0000000)
  eden space 97792K, 0% used [0x0000000795580000,0x0000000795580000,0x000000079b500000)
  from space 61952K, 98% used [0x000000079b500000,0x000000079f080ed0,0x000000079f180000)
  to   space 71168K, 0% used [0x00000007a0580000,0x00000007a0580000,0x00000007a4b00000)
 ParOldGen       total 77312K, used 34779K [0x0000000740000000, 0x0000000744b80000, 0x0000000795580000)
  object space 77312K, 44% used [0x0000000740000000,0x00000007421f6f90,0x0000000744b80000)
 Metaspace       used 21852K, capacity 22085K, committed 22320K, reserved 1069056K
  class space    used 2067K, capacity 2146K, committed 2176K, reserved 1048576K
}
Event: 83.493 GC heap before
{Heap before GC invocations=21 (full 1):
 PSYoungGen      total 159744K, used 158723K [0x0000000795580000, 0x00000007a4b00000, 0x00000007c0000000)
  eden space 97792K, 100% used [0x0000000795580000,0x000000079b500000,0x000000079b500000)
  from space 61952K, 98% used [0x000000079b500000,0x000000079f080ed0,0x000000079f180000)
  to   space 71168K, 0% used [0x00000007a0580000,0x00000007a0580000,0x00000007a4b00000)
 ParOldGen       total 77312K, used 34779K [0x0000000740000000, 0x0000000744b80000, 0x0000000795580000)
  object space 77312K, 44% used [0x0000000740000000,0x00000007421f6f90,0x0000000744b80000)
 Metaspace       used 21944K, capacity 22149K, committed 22320K, reserved 1069056K
  class space    used 2067K, capacity 2146K, committed 2176K, reserved 1048576K
Event: 83.526 GC heap after
Heap after GC invocations=21 (full 1):
 PSYoungGen      total 168960K, used 71131K [0x0000000795580000, 0x00000007a6580000, 0x00000007c0000000)
  eden space 97792K, 0% used [0x0000000795580000,0x0000000795580000,0x000000079b500000)
  from space 71168K, 99% used [0x00000007a0580000,0x00000007a4af6d88,0x00000007a4b00000)
  to   space 82432K, 0% used [0x000000079b500000,0x000000079b500000,0x00000007a0580000)
 ParOldGen       total 77312K, used 43228K [0x0000000740000000, 0x0000000744b80000, 0x0000000795580000)
  object space 77312K, 55% used [0x0000000740000000,0x0000000742a371a0,0x0000000744b80000)
 Metaspace       used 21944K, capacity 22149K, committed 22320K, reserved 1069056K
  class space    used 2067K, capacity 2146K, committed 2176K, reserved 1048576K
}
Event: 87.248 GC heap before
{Heap before GC invocations=22 (full 1):
 PSYoungGen      total 168960K, used 168730K [0x0000000795580000, 0x00000007a6580000, 0x00000007c0000000)
  eden space 97792K, 99% used [0x0000000795580000,0x000000079b4cfe48,0x000000079b500000)
  from space 71168K, 99% used [0x00000007a0580000,0x00000007a4af6d88,0x00000007a4b00000)
  to   space 82432K, 0% used [0x000000079b500000,0x000000079b500000,0x00000007a0580000)
 ParOldGen       total 77312K, used 43228K [0x0000000740000000, 0x0000000744b80000, 0x0000000795580000)
  object space 77312K, 55% used [0x0000000740000000,0x0000000742a371a0,0x0000000744b80000)
 Metaspace       used 21955K, capacity 22149K, committed 22320K, reserved 1069056K
  class space    used 2067K, capacity 2146K, committed 2176K, reserved 1048576K
Event: 87.274 GC heap after
Heap after GC invocations=22 (full 1):
 PSYoungGen      total 180224K, used 82309K [0x0000000795580000, 0x00000007a7f00000, 0x00000007c0000000)
  eden space 97792K, 0% used [0x0000000795580000,0x0000000795580000,0x000000079b500000)
  from space 82432K, 99% used [0x000000079b500000,0x00000007a0561420,0x00000007a0580000)
  to   space 95232K, 0% used [0x00000007a2200000,0x00000007a2200000,0x00000007a7f00000)
 ParOldGen       total 77312K, used 48168K [0x0000000740000000, 0x0000000744b80000, 0x0000000795580000)
  object space 77312K, 62% used [0x0000000740000000,0x0000000742f0a2e0,0x0000000744b80000)
 Metaspace       used 21955K, capacity 22149K, committed 22320K, reserved 1069056K
  class space    used 2067K, capacity 2146K, committed 2176K, reserved 1048576K
}
Event: 91.682 GC heap before
{Heap before GC invocations=23 (full 1):
 PSYoungGen      total 180224K, used 180101K [0x0000000795580000, 0x00000007a7f00000, 0x00000007c0000000)
  eden space 97792K, 100% used [0x0000000795580000,0x000000079b500000,0x000000079b500000)
  from space 82432K, 99% used [0x000000079b500000,0x00000007a0561420,0x00000007a0580000)
  to   space 95232K, 0% used [0x00000007a2200000,0x00000007a2200000,0x00000007a7f00000)
 ParOldGen       total 77312K, used 48168K [0x0000000740000000, 0x0000000744b80000, 0x0000000795580000)
  object space 77312K, 62% used [0x0000000740000000,0x0000000742f0a2e0,0x0000000744b80000)
 Metaspace       used 21955K, capacity 22149K, committed 22320K, reserved 1069056K
  class space    used 2067K, capacity 2146K, committed 2176K, reserved 1048576K
Event: 91.719 GC heap after
Heap after GC invocations=23 (full 1):
 PSYoungGen      total 194560K, used 93061K [0x0000000795580000, 0x00000007a9d00000, 0x00000007c0000000)
  eden space 99328K, 0% used [0x0000000795580000,0x0000000795580000,0x000000079b680000)
  from space 95232K, 97% used [0x00000007a2200000,0x00000007a7ce16a0,0x00000007a7f00000)
  to   space 110080K, 0% used [0x000000079b680000,0x000000079b680000,0x00000007a2200000)
 ParOldGen       total 77312K, used 50768K [0x0000000740000000, 0x0000000744b80000, 0x0000000795580000)
  object space 77312K, 65% used [0x0000000740000000,0x0000000743194380,0x0000000744b80000)
 Metaspace       used 21955K, capacity 22149K, committed 22320K, reserved 1069056K
  class space    used 2067K, capacity 2146K, committed 2176K, reserved 1048576K
}
Event: 98.315 GC heap before
{Heap before GC invocations=24 (full 1):
 PSYoungGen      total 194560K, used 192389K [0x0000000795580000, 0x00000007a9d00000, 0x00000007c0000000)
  eden space 99328K, 100% used [0x0000000795580000,0x000000079b680000,0x000000079b680000)
  from space 95232K, 97% used [0x00000007a2200000,0x00000007a7ce16a0,0x00000007a7f00000)
  to   space 110080K, 0% used [0x000000079b680000,0x000000079b680000,0x00000007a2200000)
 ParOldGen       total 77312K, used 50768K [0x0000000740000000, 0x0000000744b80000, 0x0000000795580000)
  object space 77312K, 65% used [0x0000000740000000,0x0000000743194380,0x0000000744b80000)
 Metaspace       used 21988K, capacity 22149K, committed 22320K, reserved 1069056K
  class space    used 2067K, capacity 2146K, committed 2176K, reserved 1048576K
Event: 98.337 GC heap after
Heap after GC invocations=24 (full 1):
 PSYoungGen      total 209408K, used 96789K [0x0000000795580000, 0x00000007ab680000, 0x00000007c0000000)
  eden space 99328K, 0% used [0x0000000795580000,0x0000000795580000,0x000000079b680000)
  from space 110080K, 87% used [0x000000079b680000,0x00000007a15057a0,0x00000007a2200000)
  to   space 122880K, 0% used [0x00000007a3e80000,0x00000007a3e80000,0x00000007ab680000)
 ParOldGen       total 77312K, used 50808K [0x0000000740000000, 0x0000000744b80000, 0x0000000795580000)
  object space 77312K, 65% used [0x0000000740000000,0x000000074319e380,0x0000000744b80000)
 Metaspace       used 21988K, capacity 22149K, committed 22320K, reserved 1069056K
  class space    used 2067K, capacity 2146K, committed 2176K, reserved 1048576K
}

Deoptimization events (10 events):
Event: 102.867 Thread 0x00007fe83a40e000 Uncommon trap: reason=class_check action=maybe_recompile pc=0x0000000108539d50 method=java.awt.event.InvocationEvent.dispatch()V @ 11
Event: 102.868 Thread 0x00007fe83a929000 Uncommon trap: reason=class_check action=maybe_recompile pc=0x000000010864d2c0 method=com.jogamp.common.util.RunnableTask.run()V @ 24
Event: 102.869 Thread 0x00007fe83a929000 Uncommon trap: reason=unstable_if action=reinterpret pc=0x000000010864fe3c method=jogamp.nativewindow.macosx.OSXUtil.RunOnMainThread(ZZLjava/lang/Runnable;)V @ 3
Event: 102.877 Thread 0x00007fe83a40e000 Uncommon trap: reason=unstable_if action=reinterpret pc=0x00000001080fded8 method=java.util.LinkedList$ListItr.<init>(Ljava/util/LinkedList;I)V @ 26
Event: 102.878 Thread 0x00007fe83a40e000 Uncommon trap: reason=unstable_if action=reinterpret pc=0x0000000107b99e40 method=java.security.AccessControlContext.optimize()Ljava/security/AccessControlContext; @ 233
Event: 102.879 Thread 0x00007fe83a40e000 Uncommon trap: reason=unstable_if action=reinterpret pc=0x000000010846e684 method=java.util.LinkedList$ListItr.<init>(Ljava/util/LinkedList;I)V @ 26
Event: 102.880 Thread 0x00007fe83a40e000 Uncommon trap: reason=class_check action=maybe_recompile pc=0x0000000108539d50 method=java.awt.event.InvocationEvent.dispatch()V @ 11
Event: 102.880 Thread 0x00007fe83a1d5800 Uncommon trap: reason=class_check action=maybe_recompile pc=0x000000010853b1b8 method=java.awt.EventQueue.dispatchEventImpl(Ljava/awt/AWTEvent;Ljava/lang/Object;)V @ 30
Event: 102.880 Thread 0x00007fe83a1d5800 Uncommon trap: reason=class_check action=maybe_recompile pc=0x000000010866554c method=java.awt.Component.getGraphics()Ljava/awt/Graphics; @ 114
Event: 102.921 Thread 0x00007fe83a929000 Uncommon trap: reason=class_check action=maybe_recompile pc=0x000000010864d2c0 method=com.jogamp.common.util.RunnableTask.run()V @ 24

Internal exceptions (10 events):
Event: 0.225 Thread 0x00007fe83a802800 Exception <a 'java/lang/NoSuchFieldError': method resolution failed> (0x0000000795879e28) thrown at [/HUDSON3/workspace/8-2-build-macosx-x86_64/jdk8u73/6086/hotspot/src/share/vm/prims/methodHandles.cpp, line 1146]
Event: 0.228 Thread 0x00007fe83a802800 Exception <a 'java/lang/NoSuchFieldError': method resolution failed> (0x00000007958875f8) thrown at [/HUDSON3/workspace/8-2-build-macosx-x86_64/jdk8u73/6086/hotspot/src/share/vm/prims/methodHandles.cpp, line 1146]
Event: 0.444 Thread 0x00007fe83a802800 Exception <a 'java/io/FileNotFoundException'> (0x0000000795903420) thrown at [/HUDSON3/workspace/8-2-build-macosx-x86_64/jdk8u73/6086/hotspot/src/share/vm/prims/jni.cpp, line 709]
Event: 0.444 Thread 0x00007fe83a802800 Exception <a 'java/io/FileNotFoundException'> (0x0000000795903f88) thrown at [/HUDSON3/workspace/8-2-build-macosx-x86_64/jdk8u73/6086/hotspot/src/share/vm/prims/jni.cpp, line 709]
Event: 0.575 Thread 0x00007fe83a802800 Exception <a 'java/io/FileNotFoundException'> (0x0000000795ae9690) thrown at [/HUDSON3/workspace/8-2-build-macosx-x86_64/jdk8u73/6086/hotspot/src/share/vm/prims/jni.cpp, line 709]
Event: 2.016 Thread 0x00007fe83a3ee800 Exception <a 'java/lang/UnsatisfiedLinkError': com.jogamp.common.util.JarUtil.fixNativeLibAttribs(Ljava/lang/String;)Z> (0x0000000796d16478) thrown at [/HUDSON3/workspace/8-2-build-macosx-x86_64/jdk8u73/6086/hotspot/src/share/vm/prims/nativeLookup.cpp, li
Event: 2.227 Thread 0x00007fe83a01d800 Exception <a 'java/lang/NullPointerException'> (0x00000007956aa1f8) thrown at [/HUDSON3/workspace/8-2-build-macosx-x86_64/jdk8u73/6086/hotspot/src/share/vm/interpreter/linkResolver.cpp, line 1178]
Event: 2.794 Thread 0x00007fe83a40e000 Exception <a 'java/io/FileNotFoundException'> (0x00000007960fda80) thrown at [/HUDSON3/workspace/8-2-build-macosx-x86_64/jdk8u73/6086/hotspot/src/share/vm/prims/jni.cpp, line 709]
Event: 2.794 Thread 0x00007fe83a40e000 Exception <a 'java/io/FileNotFoundException'> (0x0000000796105028) thrown at [/HUDSON3/workspace/8-2-build-macosx-x86_64/jdk8u73/6086/hotspot/src/share/vm/prims/jni.cpp, line 709]
Event: 2.794 Thread 0x00007fe83a40e000 Implicit null exception at 0x0000000107baf535 to 0x0000000107baf899

Events (10 events):
Event: 102.880 Thread 0x00007fe83a40e000 DEOPT PACKING pc=0x0000000108539d50 sp=0x0000700001965e60
Event: 102.880 Thread 0x00007fe83a1d5800 DEOPT PACKING pc=0x000000010853b1b8 sp=0x000070000175fe60
Event: 102.880 Thread 0x00007fe83a40e000 DEOPT UNPACKING pc=0x0000000107a05229 sp=0x0000700001965e08 mode 2
Event: 102.880 Thread 0x00007fe83a1d5800 DEOPT UNPACKING pc=0x0000000107a05229 sp=0x000070000175fe70 mode 2
Event: 102.880 Thread 0x00007fe83a1d5800 Uncommon trap: trap_request=0xffffffde fr.pc=0x000000010866554c
Event: 102.880 Thread 0x00007fe83a1d5800 DEOPT PACKING pc=0x000000010866554c sp=0x000070000175fb10
Event: 102.880 Thread 0x00007fe83a1d5800 DEOPT UNPACKING pc=0x0000000107a05229 sp=0x000070000175fb20 mode 2
Event: 102.921 Thread 0x00007fe83a929000 Uncommon trap: trap_request=0xffffffde fr.pc=0x000000010864d2c0
Event: 102.921 Thread 0x00007fe83a929000 DEOPT PACKING pc=0x000000010864d2c0 sp=0x00007fff59db26e0
Event: 102.921 Thread 0x00007fe83a929000 DEOPT UNPACKING pc=0x0000000107a05229 sp=0x00007fff59db2688 mode 2


Dynamic libraries:
0x000000000a236000 	/System/Library/Frameworks/Cocoa.framework/Versions/A/Cocoa
0x000000000a236000 	/System/Library/Frameworks/Security.framework/Versions/A/Security
0x000000000a236000 	/System/Library/Frameworks/ApplicationServices.framework/Versions/A/ApplicationServices
0x000000000a236000 	/usr/lib/libz.1.dylib
0x000000000a236000 	/usr/lib/libSystem.B.dylib
0x000000000a236000 	/usr/lib/libobjc.A.dylib
0x000000000a236000 	/System/Library/Frameworks/CoreFoundation.framework/Versions/A/CoreFoundation
0x000000000a236000 	/System/Library/Frameworks/Foundation.framework/Versions/C/Foundation
0x000000000a236000 	/System/Library/Frameworks/AppKit.framework/Versions/C/AppKit
0x000000000a236000 	/System/Library/Frameworks/CoreData.framework/Versions/A/CoreData
0x000000000a236000 	/System/Library/PrivateFrameworks/RemoteViewServices.framework/Versions/A/RemoteViewServices
0x000000000a236000 	/System/Library/PrivateFrameworks/UIFoundation.framework/Versions/A/UIFoundation
0x000000000a236000 	/usr/lib/libScreenReader.dylib
0x000000000a236000 	/System/Library/Frameworks/Accelerate.framework/Versions/A/Accelerate
0x000000000a236000 	/System/Library/Frameworks/IOSurface.framework/Versions/A/IOSurface
0x000000000a236000 	/System/Library/Frameworks/AudioToolbox.framework/Versions/A/AudioToolbox
0x000000000a236000 	/System/Library/Frameworks/AudioUnit.framework/Versions/A/AudioUnit
0x000000000a236000 	/System/Library/PrivateFrameworks/DataDetectorsCore.framework/Versions/A/DataDetectorsCore
0x000000000a236000 	/System/Library/PrivateFrameworks/DesktopServicesPriv.framework/Versions/A/DesktopServicesPriv
0x000000000a236000 	/System/Library/Frameworks/Carbon.framework/Versions/A/Frameworks/HIToolbox.framework/Versions/A/HIToolbox
0x000000000a236000 	/System/Library/Frameworks/QuartzCore.framework/Versions/A/QuartzCore
0x000000000a236000 	/System/Library/Frameworks/Carbon.framework/Versions/A/Frameworks/SpeechRecognition.framework/Versions/A/SpeechRecognition
0x000000000a236000 	/usr/lib/libauto.dylib
0x000000000a236000 	/usr/lib/libicucore.A.dylib
0x000000000a236000 	/usr/lib/libxml2.2.dylib
0x000000000a236000 	/System/Library/PrivateFrameworks/CoreUI.framework/Versions/A/CoreUI
0x000000000a236000 	/System/Library/Frameworks/CoreAudio.framework/Versions/A/CoreAudio
0x000000000a236000 	/System/Library/Frameworks/DiskArbitration.framework/Versions/A/DiskArbitration
0x000000000a236000 	/usr/lib/liblangid.dylib
0x000000000a236000 	/System/Library/PrivateFrameworks/MultitouchSupport.framework/Versions/A/MultitouchSupport
0x000000000a236000 	/System/Library/Frameworks/IOKit.framework/Versions/A/IOKit
0x000000000a236000 	/usr/lib/libDiagnosticMessagesClient.dylib
0x000000000a236000 	/System/Library/Frameworks/CoreServices.framework/Versions/A/CoreServices
0x000000000a236000 	/System/Library/PrivateFrameworks/PerformanceAnalysis.framework/Versions/A/PerformanceAnalysis
0x000000000a236000 	/System/Library/PrivateFrameworks/GenerationalStorage.framework/Versions/A/GenerationalStorage
0x000000000a236000 	/System/Library/Frameworks/OpenGL.framework/Versions/A/OpenGL
0x000000000a236000 	/System/Library/PrivateFrameworks/Sharing.framework/Versions/A/Sharing
0x000000000a236000 	/System/Library/Frameworks/CoreGraphics.framework/Versions/A/CoreGraphics
0x000000000a236000 	/System/Library/Frameworks/CoreImage.framework/Versions/A/CoreImage
0x000000000a236000 	/System/Library/Frameworks/CoreText.framework/Versions/A/CoreText
0x000000000a236000 	/System/Library/Frameworks/ImageIO.framework/Versions/A/ImageIO
0x000000000a236000 	/System/Library/PrivateFrameworks/Backup.framework/Versions/A/Backup
0x000000000a236000 	/usr/lib/libextension.dylib
0x000000000a236000 	/usr/lib/libarchive.2.dylib
0x000000000a236000 	/System/Library/Frameworks/CFNetwork.framework/Versions/A/CFNetwork
0x000000000a236000 	/System/Library/Frameworks/SystemConfiguration.framework/Versions/A/SystemConfiguration
0x000000000a236000 	/usr/lib/libCRFSuite.dylib
0x000000000a236000 	/usr/lib/libc++.1.dylib
0x000000000a236000 	/usr/lib/libc++abi.dylib
0x000000000a236000 	/usr/lib/system/libcache.dylib
0x000000000a236000 	/usr/lib/system/libcommonCrypto.dylib
0x000000000a236000 	/usr/lib/system/libcompiler_rt.dylib
0x000000000a236000 	/usr/lib/system/libcopyfile.dylib
0x000000000a236000 	/usr/lib/system/libcorecrypto.dylib
0x000000000a236000 	/usr/lib/system/libdispatch.dylib
0x000000000a236000 	/usr/lib/system/libdyld.dylib
0x000000000a236000 	/usr/lib/system/libkeymgr.dylib
0x000000000a236000 	/usr/lib/system/liblaunch.dylib
0x000000000a236000 	/usr/lib/system/libmacho.dylib
0x000000000a236000 	/usr/lib/system/libquarantine.dylib
0x000000000a236000 	/usr/lib/system/libremovefile.dylib
0x000000000a236000 	/usr/lib/system/libsystem_asl.dylib
0x000000000a236000 	/usr/lib/system/libsystem_blocks.dylib
0x000000000a236000 	/usr/lib/system/libsystem_c.dylib
0x000000000a236000 	/usr/lib/system/libsystem_configuration.dylib
0x000000000a236000 	/usr/lib/system/libsystem_coreservices.dylib
0x000000000a236000 	/usr/lib/system/libsystem_coretls.dylib
0x000000000a236000 	/usr/lib/system/libsystem_dnssd.dylib
0x000000000a236000 	/usr/lib/system/libsystem_info.dylib
0x000000000a236000 	/usr/lib/system/libsystem_kernel.dylib
0x000000000a236000 	/usr/lib/system/libsystem_m.dylib
0x000000000a236000 	/usr/lib/system/libsystem_malloc.dylib
0x000000000a236000 	/usr/lib/system/libsystem_network.dylib
0x000000000a236000 	/usr/lib/system/libsystem_networkextension.dylib
0x000000000a236000 	/usr/lib/system/libsystem_notify.dylib
0x000000000a236000 	/usr/lib/system/libsystem_platform.dylib
0x000000000a236000 	/usr/lib/system/libsystem_pthread.dylib
0x000000000a236000 	/usr/lib/system/libsystem_sandbox.dylib
0x000000000a236000 	/usr/lib/system/libsystem_secinit.dylib
0x000000000a236000 	/usr/lib/system/libsystem_trace.dylib
0x000000000a236000 	/usr/lib/system/libunc.dylib
0x000000000a236000 	/usr/lib/system/libunwind.dylib
0x000000000a236000 	/usr/lib/system/libxpc.dylib
0x000000000a236000 	/usr/lib/libenergytrace.dylib
0x000000000a236000 	/usr/lib/libbsm.0.dylib
0x000000000a236000 	/usr/lib/system/libkxld.dylib
0x000000000a236000 	/usr/lib/libxar.1.dylib
0x000000000a236000 	/usr/lib/libsqlite3.dylib
0x000000000a236000 	/usr/lib/libpam.2.dylib
0x000000000a236000 	/usr/lib/libOpenScriptingUtil.dylib
0x000000000a236000 	/usr/lib/libbz2.1.0.dylib
0x000000000a236000 	/usr/lib/liblzma.5.dylib
0x000000000a236000 	/System/Library/Frameworks/CoreServices.framework/Versions/A/Frameworks/FSEvents.framework/Versions/A/FSEvents
0x000000000a236000 	/System/Library/Frameworks/CoreServices.framework/Versions/A/Frameworks/CarbonCore.framework/Versions/A/CarbonCore
0x000000000a236000 	/System/Library/Frameworks/CoreServices.framework/Versions/A/Frameworks/Metadata.framework/Versions/A/Metadata
0x000000000a236000 	/System/Library/Frameworks/CoreServices.framework/Versions/A/Frameworks/OSServices.framework/Versions/A/OSServices
0x000000000a236000 	/System/Library/Frameworks/CoreServices.framework/Versions/A/Frameworks/SearchKit.framework/Versions/A/SearchKit
0x000000000a236000 	/System/Library/Frameworks/CoreServices.framework/Versions/A/Frameworks/AE.framework/Versions/A/AE
0x000000000a236000 	/System/Library/Frameworks/CoreServices.framework/Versions/A/Frameworks/LaunchServices.framework/Versions/A/LaunchServices
0x000000000a236000 	/System/Library/Frameworks/CoreServices.framework/Versions/A/Frameworks/DictionaryServices.framework/Versions/A/DictionaryServices
0x000000000a236000 	/System/Library/Frameworks/CoreServices.framework/Versions/A/Frameworks/SharedFileList.framework/Versions/A/SharedFileList
0x000000000a236000 	/System/Library/Frameworks/NetFS.framework/Versions/A/NetFS
0x000000000a236000 	/System/Library/PrivateFrameworks/NetAuth.framework/Versions/A/NetAuth
0x000000000a236000 	/System/Library/PrivateFrameworks/login.framework/Versions/A/Frameworks/loginsupport.framework/Versions/A/loginsupport
0x000000000a236000 	/System/Library/PrivateFrameworks/TCC.framework/Versions/A/TCC
0x000000000a236000 	/usr/lib/libmecabra.dylib
0x000000000a236000 	/System/Library/Frameworks/ApplicationServices.framework/Versions/A/Frameworks/ATS.framework/Versions/A/ATS
0x000000000a236000 	/System/Library/Frameworks/ApplicationServices.framework/Versions/A/Frameworks/ColorSync.framework/Versions/A/ColorSync
0x000000000a236000 	/System/Library/Frameworks/ApplicationServices.framework/Versions/A/Frameworks/HIServices.framework/Versions/A/HIServices
0x000000000a236000 	/System/Library/Frameworks/ApplicationServices.framework/Versions/A/Frameworks/LangAnalysis.framework/Versions/A/LangAnalysis
0x000000000a236000 	/System/Library/Frameworks/ApplicationServices.framework/Versions/A/Frameworks/PrintCore.framework/Versions/A/PrintCore
0x000000000a236000 	/System/Library/Frameworks/ApplicationServices.framework/Versions/A/Frameworks/QD.framework/Versions/A/QD
0x000000000a236000 	/System/Library/Frameworks/ApplicationServices.framework/Versions/A/Frameworks/SpeechSynthesis.framework/Versions/A/SpeechSynthesis
0x000000000a236000 	/System/Library/Frameworks/Metal.framework/Versions/A/Metal
0x000000000a236000 	/System/Library/Frameworks/Accelerate.framework/Versions/A/Frameworks/vImage.framework/Versions/A/vImage
0x000000000a236000 	/System/Library/Frameworks/Accelerate.framework/Versions/A/Frameworks/vecLib.framework/Versions/A/vecLib
0x000000000a236000 	/System/Library/Frameworks/Accelerate.framework/Versions/A/Frameworks/vecLib.framework/Versions/A/libvDSP.dylib
0x000000000a236000 	/System/Library/Frameworks/Accelerate.framework/Versions/A/Frameworks/vecLib.framework/Versions/A/libvMisc.dylib
0x000000000a236000 	/System/Library/Frameworks/Accelerate.framework/Versions/A/Frameworks/vecLib.framework/Versions/A/libLAPACK.dylib
0x000000000a236000 	/System/Library/Frameworks/Accelerate.framework/Versions/A/Frameworks/vecLib.framework/Versions/A/libBLAS.dylib
0x000000000a236000 	/System/Library/Frameworks/Accelerate.framework/Versions/A/Frameworks/vecLib.framework/Versions/A/libLinearAlgebra.dylib
0x000000000a236000 	/System/Library/Frameworks/Accelerate.framework/Versions/A/Frameworks/vecLib.framework/Versions/A/libSparseBLAS.dylib
0x000000000a236000 	/System/Library/PrivateFrameworks/GPUCompiler.framework/libmetal_timestamp.dylib
0x000000000a236000 	/System/Library/Frameworks/OpenGL.framework/Versions/A/Libraries/libCoreFSCache.dylib
0x000000000a236000 	/System/Library/PrivateFrameworks/IOAccelerator.framework/Versions/A/IOAccelerator
0x000000000a236000 	/System/Library/Frameworks/ApplicationServices.framework/Versions/A/Frameworks/ATS.framework/Versions/A/Resources/libFontParser.dylib
0x000000000a236000 	/System/Library/Frameworks/ApplicationServices.framework/Versions/A/Frameworks/ATS.framework/Versions/A/Resources/libFontRegistry.dylib
0x000000000a236000 	/System/Library/PrivateFrameworks/AppleVPA.framework/Versions/A/AppleVPA
0x000000000a236000 	/System/Library/PrivateFrameworks/AppleJPEG.framework/Versions/A/AppleJPEG
0x000000000a236000 	/System/Library/Frameworks/ImageIO.framework/Versions/A/Resources/libJPEG.dylib
0x000000000a236000 	/System/Library/Frameworks/ImageIO.framework/Versions/A/Resources/libTIFF.dylib
0x000000000a236000 	/System/Library/Frameworks/ImageIO.framework/Versions/A/Resources/libPng.dylib
0x000000000a236000 	/System/Library/Frameworks/ImageIO.framework/Versions/A/Resources/libGIF.dylib
0x000000000a236000 	/System/Library/Frameworks/ImageIO.framework/Versions/A/Resources/libJP2.dylib
0x000000000a236000 	/System/Library/Frameworks/ImageIO.framework/Versions/A/Resources/libRadiance.dylib
0x000000000a236000 	/System/Library/Frameworks/CoreVideo.framework/Versions/A/CoreVideo
0x000000000a236000 	/System/Library/Frameworks/OpenGL.framework/Versions/A/Libraries/libGLU.dylib
0x000000000a236000 	/System/Library/Frameworks/OpenGL.framework/Versions/A/Libraries/libGFXShared.dylib
0x000000000a236000 	/System/Library/Frameworks/OpenGL.framework/Versions/A/Libraries/libGL.dylib
0x000000000a236000 	/System/Library/Frameworks/OpenGL.framework/Versions/A/Libraries/libGLImage.dylib
0x000000000a236000 	/System/Library/Frameworks/OpenGL.framework/Versions/A/Libraries/libCVMSPluginSupport.dylib
0x000000000a236000 	/System/Library/Frameworks/OpenGL.framework/Versions/A/Libraries/libCoreVMClient.dylib
0x000000000a236000 	/usr/lib/libcups.2.dylib
0x000000000a236000 	/System/Library/Frameworks/Kerberos.framework/Versions/A/Kerberos
0x000000000a236000 	/System/Library/Frameworks/GSS.framework/Versions/A/GSS
0x000000000a236000 	/usr/lib/libresolv.9.dylib
0x000000000a236000 	/usr/lib/libiconv.2.dylib
0x000000000a236000 	/System/Library/PrivateFrameworks/Heimdal.framework/Versions/A/Heimdal
0x000000000a236000 	/usr/lib/libheimdal-asn1.dylib
0x000000000a236000 	/System/Library/Frameworks/OpenDirectory.framework/Versions/A/OpenDirectory
0x000000000a236000 	/System/Library/PrivateFrameworks/CommonAuth.framework/Versions/A/CommonAuth
0x000000000a236000 	/System/Library/Frameworks/OpenDirectory.framework/Versions/A/Frameworks/CFOpenDirectory.framework/Versions/A/CFOpenDirectory
0x000000000a236000 	/System/Library/Frameworks/SecurityFoundation.framework/Versions/A/SecurityFoundation
0x000000000a236000 	/System/Library/PrivateFrameworks/LanguageModeling.framework/Versions/A/LanguageModeling
0x000000000a236000 	/usr/lib/libmarisa.dylib
0x000000000a236000 	/usr/lib/libChineseTokenizer.dylib
0x000000000a236000 	/usr/lib/libcmph.dylib
0x000000000a236000 	/usr/lib/libcompression.dylib
0x000000000a236000 	/System/Library/Frameworks/ServiceManagement.framework/Versions/A/ServiceManagement
0x000000000a236000 	/usr/lib/libxslt.1.dylib
0x000000000a236000 	/System/Library/Frameworks/Carbon.framework/Versions/A/Frameworks/Ink.framework/Versions/A/Ink
0x000000000a236000 	/usr/lib/libFosl_dynamic.dylib
0x000000000a236000 	/System/Library/PrivateFrameworks/FaceCore.framework/Versions/A/FaceCore
0x000000000a236000 	/System/Library/Frameworks/OpenCL.framework/Versions/A/OpenCL
0x000000000a236000 	/System/Library/PrivateFrameworks/CrashReporterSupport.framework/Versions/A/CrashReporterSupport
0x000000000a236000 	/System/Library/PrivateFrameworks/IconServices.framework/Versions/A/IconServices
0x000000000a236000 	/System/Library/PrivateFrameworks/Apple80211.framework/Versions/A/Apple80211
0x000000000a236000 	/System/Library/Frameworks/CoreWLAN.framework/Versions/A/CoreWLAN
0x000000000a236000 	/System/Library/Frameworks/IOBluetooth.framework/Versions/A/IOBluetooth
0x000000000a236000 	/System/Library/PrivateFrameworks/CoreWiFi.framework/Versions/A/CoreWiFi
0x000000000a236000 	/System/Library/Frameworks/CoreBluetooth.framework/Versions/A/CoreBluetooth
0x000000000a236000 	/System/Library/PrivateFrameworks/ChunkingLibrary.framework/Versions/A/ChunkingLibrary
0x000000000a236000 	/System/Library/PrivateFrameworks/DebugSymbols.framework/Versions/A/DebugSymbols
0x000000000a236000 	/System/Library/PrivateFrameworks/CoreSymbolication.framework/Versions/A/CoreSymbolication
0x000000000a236000 	/System/Library/PrivateFrameworks/Symbolication.framework/Versions/A/Symbolication
0x000000000a236000 	/System/Library/PrivateFrameworks/SpeechRecognitionCore.framework/Versions/A/SpeechRecognitionCore
0x00000001060c5000 	/Library/Java/JavaVirtualMachines/jdk1.8.0_73.jdk/Contents/Home/jre/lib/server/libjvm.dylib
0x000000000a236000 	/usr/lib/libstdc++.6.dylib
0x0000000107056000 	/Library/Java/JavaVirtualMachines/jdk1.8.0_73.jdk/Contents/Home/jre/lib/libverify.dylib
0x0000000107064000 	/Library/Java/JavaVirtualMachines/jdk1.8.0_73.jdk/Contents/Home/jre/lib/libjava.dylib
0x00000001070a3000 	/Library/Java/JavaVirtualMachines/jdk1.8.0_73.jdk/Contents/Home/jre/lib/libzip.dylib
0x000000011d221000 	/System/Library/Frameworks/JavaVM.framework/Frameworks/JavaRuntimeSupport.framework/JavaRuntimeSupport
0x000000011d23c000 	/System/Library/Frameworks/JavaVM.framework/Versions/A/Frameworks/JavaNativeFoundation.framework/Versions/A/JavaNativeFoundation
0x00000001071ee000 	/System/Library/Frameworks/JavaVM.framework/Versions/A/JavaVM
0x000000000a236000 	/System/Library/Frameworks/Carbon.framework/Versions/A/Carbon
0x000000011d251000 	/System/Library/PrivateFrameworks/JavaLaunching.framework/Versions/A/JavaLaunching
0x000000000a236000 	/System/Library/Frameworks/Carbon.framework/Versions/A/Frameworks/CommonPanels.framework/Versions/A/CommonPanels
0x000000000a236000 	/System/Library/Frameworks/Carbon.framework/Versions/A/Frameworks/Help.framework/Versions/A/Help
0x000000000a236000 	/System/Library/Frameworks/Carbon.framework/Versions/A/Frameworks/ImageCapture.framework/Versions/A/ImageCapture
0x000000000a236000 	/System/Library/Frameworks/Carbon.framework/Versions/A/Frameworks/OpenScripting.framework/Versions/A/OpenScripting
0x000000000a236000 	/System/Library/Frameworks/Carbon.framework/Versions/A/Frameworks/Print.framework/Versions/A/Print
0x000000000a236000 	/System/Library/Frameworks/Carbon.framework/Versions/A/Frameworks/SecurityHI.framework/Versions/A/SecurityHI
0x000000011eba9000 	/Library/Java/JavaVirtualMachines/jdk1.8.0_73.jdk/Contents/Home/jre/lib/libawt.dylib
0x000000011ec51000 	/Library/Java/JavaVirtualMachines/jdk1.8.0_73.jdk/Contents/Home/jre/lib/./libmlib_image.dylib
0x000000011ed1d000 	/Library/Java/JavaVirtualMachines/jdk1.8.0_73.jdk/Contents/Home/jre/lib/libawt_lwawt.dylib
0x000000011edd2000 	/Library/Java/JavaVirtualMachines/jdk1.8.0_73.jdk/Contents/Home/jre/lib/./libosxapp.dylib
0x000000000a236000 	/System/Library/Frameworks/ExceptionHandling.framework/Versions/A/ExceptionHandling
0x000000000a236000 	/System/Library/PrivateFrameworks/CoreServicesInternal.framework/Versions/A/CoreServicesInternal
0x000000000a236000 	/System/Library/Frameworks/CoreGraphics.framework/Versions/A/Resources/libRIP.A.dylib
0x000000000a236000 	/System/Library/Frameworks/Accelerate.framework/Versions/A/Frameworks/vImage.framework/Versions/A/Libraries/libCGInterfaces.dylib
0x000000000a236000 	/System/Library/Frameworks/CoreGraphics.framework/Versions/A/Resources/libCGXType.A.dylib
0x000000000a236000 	/System/Library/Frameworks/OpenCL.framework/Versions/A/Libraries/libcldcpuengine.dylib
0x000000000a236000 	/System/Library/PrivateFrameworks/DiskImages.framework/Versions/A/DiskImages
0x000000000a236000 	/System/Library/Frameworks/DiscRecording.framework/Versions/A/DiscRecording
0x000000000a236000 	/usr/lib/libcsfde.dylib
0x000000000a236000 	/usr/lib/libcurl.4.dylib
0x000000000a236000 	/System/Library/PrivateFrameworks/MediaKit.framework/Versions/A/MediaKit
0x000000000a236000 	/System/Library/PrivateFrameworks/ProtectedCloudStorage.framework/Versions/A/ProtectedCloudStorage
0x000000000a236000 	/usr/lib/libCoreStorage.dylib
0x000000000a236000 	/System/Library/PrivateFrameworks/EFILogin.framework/Versions/A/EFILogin
0x000000000a236000 	/usr/lib/libutil.dylib
0x000000000a236000 	/System/Library/PrivateFrameworks/FindMyDevice.framework/Versions/A/FindMyDevice
0x000000000a236000 	/System/Library/Frameworks/LDAP.framework/Versions/A/LDAP
0x000000000a236000 	/usr/lib/libsasl2.2.dylib
0x000000000a236000 	/System/Library/PrivateFrameworks/CoreDaemon.framework/Versions/B/CoreDaemon
0x000000000a236000 	/usr/lib/libcrypto.0.9.8.dylib
0x000000000a236000 	/System/Library/PrivateFrameworks/AppleSRP.framework/Versions/A/AppleSRP
0x000000000a236000 	/System/Library/PrivateFrameworks/TrustEvaluationAgent.framework/Versions/A/TrustEvaluationAgent
0x0000000120d7c000 	cl_kernels
0x000000000a236000 	/System/Library/Frameworks/OpenCL.framework/Versions/A/Libraries/ImageFormats/unorm8_bgra.dylib
0x000000000a236000 	/System/Library/Frameworks/OpenCL.framework/Versions/A/Libraries/ImageFormats/unorm8_rgba.dylib
0x000000000a236000 	/System/Library/PrivateFrameworks/FamilyControls.framework/Versions/A/FamilyControls
0x000000000a236000 	/System/Library/PrivateFrameworks/CommerceKit.framework/Versions/A/Frameworks/CommerceCore.framework/Versions/A/CommerceCore
0x000000000a236000 	/System/Library/PrivateFrameworks/SystemAdministration.framework/Versions/A/SystemAdministration
0x000000000a236000 	/System/Library/PrivateFrameworks/AppContainer.framework/Versions/A/AppContainer
0x000000000a236000 	/System/Library/PrivateFrameworks/SecCodeWrapper.framework/Versions/A/SecCodeWrapper
0x000000000a236000 	/System/Library/Frameworks/DirectoryService.framework/Versions/A/DirectoryService
0x000000000a236000 	/System/Library/PrivateFrameworks/LoginUIKit.framework/Versions/A/Frameworks/LoginUICore.framework/Versions/A/LoginUICore
0x000000000a236000 	/usr/lib/libodfde.dylib
0x000000000a236000 	/System/Library/Frameworks/OpenGL.framework/Versions/A/Resources/GLEngine.bundle/GLEngine
0x000000000a236000 	/System/Library/Frameworks/OpenGL.framework/Versions/A/Libraries/libGLProgrammability.dylib
0x0000000121ef3000 	/System/Library/Extensions/AppleIntelHD5000GraphicsGLDriver.bundle/Contents/MacOS/AppleIntelHD5000GraphicsGLDriver
0x000000000a236000 	/System/Library/PrivateFrameworks/GPUSupport.framework/Versions/A/Libraries/libGPUSupportMercury.dylib
0x000000000a236000 	/System/Library/Frameworks/OpenGL.framework/Versions/A/Resources/GLRendererFloat.bundle/GLRendererFloat
0x0000000122f01000 	/Library/Java/JavaVirtualMachines/jdk1.8.0_73.jdk/Contents/Home/jre/lib/libfontmanager.dylib
0x0000000124449000 	/Library/Java/JavaVirtualMachines/jdk1.8.0_73.jdk/Contents/Home/jre/lib/libosxui.dylib
0x0000000124f6f000 	/Library/Java/JavaVirtualMachines/jdk1.8.0_73.jdk/Contents/Home/jre/lib/libnet.dylib
0x0000000124f86000 	/Library/Java/JavaVirtualMachines/jdk1.8.0_73.jdk/Contents/Home/jre/lib/libnio.dylib
0x000000000a236000 	/System/Library/Frameworks/ApplicationServices.framework/Versions/A/Frameworks/ATS.framework/Versions/A/Resources/libTrueTypeScaler.dylib
0x0000000182a52000 	/System/Library/Extensions/AppleIntelHD5000GraphicsMTLDriver.bundle/Contents/MacOS/AppleIntelHD5000GraphicsMTLDriver
0x0000000120065000 	/private/var/folders/zg/1l8q7jb960scm7wpq1kf74lm0000gn/T/jogamp_0000/file_cache/jln625886929293262205/jln7865156312974624486/libgluegen-rt.jnilib
0x000000012007c000 	/private/var/folders/zg/1l8q7jb960scm7wpq1kf74lm0000gn/T/jogamp_0000/file_cache/jln625886929293262205/jln7865156312974624486/libnativewindow_awt.jnilib
0x000000012007f000 	/Library/Java/JavaVirtualMachines/jdk1.8.0_73.jdk/Contents/Home/jre/lib/libjawt.dylib
0x000000012412f000 	/private/var/folders/zg/1l8q7jb960scm7wpq1kf74lm0000gn/T/jogamp_0000/file_cache/jln625886929293262205/jln7865156312974624486/libnativewindow_macosx.jnilib
0x0000000188b84000 	/private/var/folders/zg/1l8q7jb960scm7wpq1kf74lm0000gn/T/jogamp_0000/file_cache/jln625886929293262205/jln7865156312974624486/libjogl_desktop.jnilib
0x000000018af65000 	/Library/Java/JavaVirtualMachines/jdk1.8.0_73.jdk/Contents/Home/jre/lib/libt2k.dylib

VM Arguments:
jvm_args: -Djava.security.policy=java.policy.applet -Dfile.encoding=UTF-8 
java_command: sun.applet.AppletViewer module5.EarthquakeCityMap1457937473633.html
java_class_path (initial): /Users/intruder04/dev_projects/java/UCSDUnfoldingMaps/build:/Users/intruder04/dev_projects/java/UCSDUnfoldingMaps/lib/core.jar:/Users/intruder04/dev_projects/java/UCSDUnfoldingMaps/lib/gluegen-rt.jar:/Users/intruder04/dev_projects/java/UCSDUnfoldingMaps/lib/jogl-all.jar:/Users/intruder04/dev_projects/java/UCSDUnfoldingMaps/lib/log4j-1.2.15.jar:/Users/intruder04/dev_projects/java/UCSDUnfoldingMaps/lib/sqlite-jdbc-3.7.2.jar:/Users/intruder04/dev_projects/java/UCSDUnfoldingMaps/lib/json4processing.jar:/Users/intruder04/dev_projects/java/UCSDUnfoldingMaps/lib/libTUIO.jar:/Users/intruder04/dev_projects/java/UCSDUnfoldingMaps/lib/unfolding.0.9.7-uscd.jar
Launcher Type: SUN_STANDARD

Environment Variables:
PATH=/usr/bin:/bin:/usr/sbin:/sbin
SHELL=/bin/bash

Signal Handlers:
SIGSEGV: [libjvm.dylib+0x5a71a5], sa_mask[0]=11111111011111110111111111111111, sa_flags=SA_ONSTACK|SA_RESTART|SA_SIGINFO
SIGBUS: [libjvm.dylib+0x5a71a5], sa_mask[0]=11111111011111110111111111111111, sa_flags=SA_RESTART|SA_SIGINFO
SIGFPE: [libjvm.dylib+0x480eb4], sa_mask[0]=11111111011111110111111111111111, sa_flags=SA_RESTART|SA_SIGINFO
SIGPIPE: [libjvm.dylib+0x480eb4], sa_mask[0]=11111111011111110111111111111111, sa_flags=SA_RESTART|SA_SIGINFO
SIGXFSZ: [libjvm.dylib+0x480eb4], sa_mask[0]=11111111011111110111111111111111, sa_flags=SA_RESTART|SA_SIGINFO
SIGILL: [libjvm.dylib+0x480eb4], sa_mask[0]=11111111011111110111111111111111, sa_flags=SA_RESTART|SA_SIGINFO
SIGUSR1: SIG_DFL, sa_mask[0]=00000000000000000000000000000000, sa_flags=none
SIGUSR2: [libjvm.dylib+0x4809d2], sa_mask[0]=00100000000000000000000000000000, sa_flags=SA_RESTART|SA_SIGINFO
SIGHUP: [libjvm.dylib+0x47efa9], sa_mask[0]=11111111011111110111111111111111, sa_flags=SA_RESTART|SA_SIGINFO
SIGINT: [libjvm.dylib+0x47efa9], sa_mask[0]=11111111011111110111111111111111, sa_flags=SA_RESTART|SA_SIGINFO
SIGTERM: [libjvm.dylib+0x47efa9], sa_mask[0]=11111111011111110111111111111111, sa_flags=SA_RESTART|SA_SIGINFO
SIGQUIT: [libjvm.dylib+0x47efa9], sa_mask[0]=11111111011111110111111111111111, sa_flags=SA_RESTART|SA_SIGINFO


---------------  S Y S T E M  ---------------

OS:Bsduname:Darwin 15.3.0 Darwin Kernel Version 15.3.0: Thu Dec 10 18:40:58 PST 2015; root:xnu-3248.30.4~1/RELEASE_X86_64 x86_64
rlimit: STACK 8192k, CORE 0k, NPROC 709, NOFILE 10240, AS infinity
load average:3.03 4.99 6.20

CPU:total 4 (2 cores per cpu, 2 threads per core) family 6 model 69 stepping 1, cmov, cx8, fxsr, mmx, sse, sse2, sse3, ssse3, sse4.1, sse4.2, popcnt, avx, avx2, aes, clmul, erms, lzcnt, ht, tsc, tscinvbit, bmi1, bmi2

Memory: 4k page, physical 8388608k(482408k free)

/proc/meminfo:


vm_info: Java HotSpot(TM) 64-Bit Server VM (25.73-b02) for bsd-amd64 JRE (1.8.0_73-b02), built on Jan 29 2016 15:02:00 by "java_re" with gcc 4.2.1 (Based on Apple Inc. build 5658) (LLVM build 2336.11.00)

time: Mon Mar 14 09:39:36 2016
elapsed time: 102 seconds (0d 0h 1m 42s)

