#
# A fatal error has been detected by the Java Runtime Environment:
#
#  SIGSEGV (0xb) at pc=0x00007fff900414dd, pid=1307, tid=2571
#
# JRE version: Java(TM) SE Runtime Environment (8.0_73-b02) (build 1.8.0_73-b02)
# Java VM: Java HotSpot(TM) 64-Bit Server VM (25.73-b02 mixed mode bsd-amd64 compressed oops)
# Problematic frame:
# C  [libobjc.A.dylib+0x14dd]  objc_msgSend+0x1d
#
# Failed to write core dump. Core dumps have been disabled. To enable core dumping, try "ulimit -c unlimited" before starting Java again
#
# If you would like to submit a bug report, please visit:
#   http://bugreport.java.com/bugreport/crash.jsp
# The crash happened outside the Java Virtual Machine in native code.
# See problematic frame for where to report the bug.
#

---------------  T H R E A D  ---------------

Current thread (0x00007fb6240d3800):  JavaThread "AWT-AppKit" daemon [_thread_in_native, id=2571, stack(0x00007fff54b0e000,0x00007fff5530e000)]

siginfo: si_signo: 11 (SIGSEGV), si_code: 1 (SEGV_MAPERR), si_addr: 0x0000000000000018

Registers:
RAX=0x00007fb625fef850, RBX=0x000000018777e450, RCX=0x0000000124938f20, RDX=0x0000000124ad5e60
RSP=0x00007fff55309378, RBP=0x00007fff55309430, RSI=0x00007fff99db1d0e, RDI=0x00007fb6235b57d0
R8 =0x0000000000000000, R9 =0x00000000000008c0, R10=0x00007fff99db1d0e, R11=0x0000000000000000
R12=0x0000000000000000, R13=0x000000018cd158b8, R14=0x000000018777e440, R15=0x00007fb6240d3800
RIP=0x00007fff900414dd, EFLAGS=0x0000000000010246, ERR=0x0000000000000004
  TRAPNO=0x000000000000000e

Top of Stack: (sp=0x00007fff55309378)
0x00007fff55309378:   000000018777c157 00007fff553093d0
0x00007fff55309388:   0000000000000003 00007fff553093b0
0x00007fff55309398:   000000010b5f1646 000000018cd158b8
0x00007fff553093a8:   000000018cd158b8 00007fb625fef850
0x00007fff553093b8:   000000018777e6a0 000000018777e710
0x00007fff553093c8:   00007fff7d2ec770 00007fff7e4ed500
0x00007fff553093d8:   000000018777e450 000000018777e690
0x00007fff553093e8:   00007fb625fef850 00007fb6235b57d0
0x00007fff553093f8:   00007fb623725120 00007fb625fef850
0x00007fff55309408:   00007fb6235b57d0 00007fff553094b8
0x00007fff55309418:   00007fb6240d39f8 000000018cd158b8
0x00007fff55309428:   00007fff553094e0 00007fff553094a8
0x00007fff55309438:   000000010c3a2954 000000018cd158b8
0x00007fff55309448:   00007fff553094e0 00007fff553094a8
0x00007fff55309458:   000000010c3a26e7 000000010c3a26a2
0x00007fff55309468:   00007fff55309468 000000018cd158b8
0x00007fff55309478:   00007fff553094e0 000000018cd184f0
0x00007fff55309488:   0000000000000000 000000018cd158b8
0x00007fff55309498:   0000000000000000 00007fff553094c8
0x00007fff553094a8:   00007fff55309528 000000010c394c4d
0x00007fff553094b8:   000000074103e100 000000010c39c578
0x00007fff553094c8:   00007fb625fef850 00007fff55309528
0x00007fff553094d8:   00007fb6235b57d0 000000010c39dd82
0x00007fff553094e8:   00007fff553094e8 000000018cd15a82
0x00007fff553094f8:   00007fff55309550 000000018cd184f0
0x00007fff55309508:   0000000000000000 000000018cd15a90
0x00007fff55309518:   00007fff553094c8 00007fff55309538
0x00007fff55309528:   00007fff55309598 000000010c394c4d
0x00007fff55309538:   00007fb625fef850 000000074105bac8
0x00007fff55309548:   00007fb6235b57d0 000000074105bac8
0x00007fff55309558:   00007fff55309558 00000001925c5efe
0x00007fff55309568:   00007fff553095a8 00000001925c5fb8 

Instructions: (pc=0x00007fff900414dd)
0x00007fff900414bd:   44 00 00 48 85 ff 2e 74 62 40 f6 c7 01 2e 75 66
0x00007fff900414cd:   49 bb f8 ff ff ff ff 7f 00 00 4c 23 1f 49 89 f2
0x00007fff900414dd:   45 23 53 18 49 c1 e2 04 4d 03 53 10 49 3b 32 75
0x00007fff900414ed:   04 41 ff 62 08 49 83 3a 01 76 0d 49 83 c2 10 49 

Register to memory mapping:

RAX=0x00007fb625fef850 is an unknown value
RBX=0x000000018777e450: Java_jogamp_nativewindow_macosx_OSXUtil_GetScreenRefreshRate0+0x1cf0 in /private/var/folders/zg/1l8q7jb960scm7wpq1kf74lm0000gn/T/jogamp_0000/file_cache/jln4760758090193487079/jln242728596248535870/libnativewindow_macosx.jnilib at 0x0000000187777000
RCX=0x0000000124938f20 is an unknown value
RDX=0x0000000124ad5e60 is an unknown value
RSP=0x00007fff55309378 is pointing into the stack for thread: 0x00007fb6240d3800
RBP=0x00007fff55309430 is pointing into the stack for thread: 0x00007fb6240d3800
RSI=0x00007fff99db1d0e is an unknown value
RDI=0x00007fb6235b57d0 is an unknown value
R8 =0x0000000000000000 is an unknown value
R9 =0x00000000000008c0 is an unknown value
R10=0x00007fff99db1d0e is an unknown value
R11=0x0000000000000000 is an unknown value
R12=0x0000000000000000 is an unknown value
R13={method} {0x000000018cd158b8} 'UnsetJAWTRootSurfaceLayer0' '(JJ)V' in 'jogamp/nativewindow/jawt/macosx/MacOSXJAWTWindow'
R14=0x000000018777e440: Java_jogamp_nativewindow_macosx_OSXUtil_GetScreenRefreshRate0+0x1ce0 in /private/var/folders/zg/1l8q7jb960scm7wpq1kf74lm0000gn/T/jogamp_0000/file_cache/jln4760758090193487079/jln242728596248535870/libnativewindow_macosx.jnilib at 0x0000000187777000
R15=0x00007fb6240d3800 is a thread


Stack: [0x00007fff54b0e000,0x00007fff5530e000],  sp=0x00007fff55309378,  free space=8172k
Native frames: (J=compiled Java code, j=interpreted, Vv=VM code, C=native code)
C  [libobjc.A.dylib+0x14dd]  objc_msgSend+0x1d
j  jogamp.nativewindow.jawt.macosx.MacOSXJAWTWindow.UnsetJAWTRootSurfaceLayer0(JJ)V+0
j  jogamp.nativewindow.jawt.macosx.MacOSXJAWTWindow.access$200(JJ)V+2
j  jogamp.nativewindow.jawt.macosx.MacOSXJAWTWindow$1.run()V+38
J 2678 C1 com.jogamp.common.util.RunnableTask.run()V (345 bytes) @ 0x000000010cbfd494 [0x000000010cbfd300+0x194]
v  ~StubRoutines::call_stub
V  [libjvm.dylib+0x2eae7a]  JavaCalls::call_helper(JavaValue*, methodHandle*, JavaCallArguments*, Thread*)+0x6ae
V  [libjvm.dylib+0x321f83]  jni_invoke_nonstatic(JNIEnv_*, JavaValue*, _jobject*, JNICallType, _jmethodID*, JNI_ArgumentPusher*, Thread*)+0x2ec
V  [libjvm.dylib+0x314757]  jni_CallVoidMethod+0x16b
C  [libnativewindow_macosx.jnilib+0x5326]  Java_jogamp_nativewindow_jawt_macosx_MacOSXJAWTWindow_UnsetJAWTRootSurfaceLayer0+0x2b6
C  [Foundation+0x8dd4b]  __NSThreadPerformPerform+0x117
C  [CoreFoundation+0x7e5c1]  __CFRUNLOOP_IS_CALLING_OUT_TO_A_SOURCE0_PERFORM_FUNCTION__+0x11
C  [CoreFoundation+0x70397]  __CFRunLoopDoSources0+0x1a7
C  [CoreFoundation+0x6f93f]  __CFRunLoopRun+0x39f
C  [CoreFoundation+0x6f338]  CFRunLoopRunSpecific+0x128
C  [HIToolbox+0x30935]  RunCurrentEventLoopInMode+0xeb
C  [HIToolbox+0x30677]  ReceiveNextEventCommon+0xb8
C  [HIToolbox+0x305af]  _BlockUntilNextEventMatchingListInModeWithFilter+0x47
C  [AppKit+0x8a0ee]  _DPSNextEvent+0x42b
C  [AppKit+0x456943]  -[NSApplication _nextEventMatchingEventMask:untilDate:inMode:dequeue:]+0x1c6
C  [libosxapp.dylib+0x23aa]  -[NSApplicationAWT nextEventMatchingMask:untilDate:inMode:dequeue:]+0x7c
C  [AppKit+0x7ffc8]  -[NSApplication run]+0x2aa
C  [libosxapp.dylib+0x214d]  +[NSApplicationAWT runAWTLoopWithApp:]+0x9c
C  [libawt_lwawt.dylib+0x4455b]  -[AWTStarter starter:]+0x389
C  [Foundation+0x8dd4b]  __NSThreadPerformPerform+0x117
C  [CoreFoundation+0x7e5c1]  __CFRUNLOOP_IS_CALLING_OUT_TO_A_SOURCE0_PERFORM_FUNCTION__+0x11
C  [CoreFoundation+0x7041c]  __CFRunLoopDoSources0+0x22c
C  [CoreFoundation+0x6f93f]  __CFRunLoopRun+0x39f
C  [CoreFoundation+0x6f338]  CFRunLoopRunSpecific+0x128
C  [java+0x6463]  CreateExecutionEnvironment+0x367
C  [java+0x21ac]  JLI_Launch+0x7a0
C  [java+0x84c0]  main+0x65
C  [java+0x1a04]  start+0x34
C  0x0000000000000007

Java frames: (J=compiled Java code, j=interpreted, Vv=VM code)
j  jogamp.nativewindow.jawt.macosx.MacOSXJAWTWindow.UnsetJAWTRootSurfaceLayer0(JJ)V+0
j  jogamp.nativewindow.jawt.macosx.MacOSXJAWTWindow.access$200(JJ)V+2
j  jogamp.nativewindow.jawt.macosx.MacOSXJAWTWindow$1.run()V+38
J 2678 C1 com.jogamp.common.util.RunnableTask.run()V (345 bytes) @ 0x000000010cbfd494 [0x000000010cbfd300+0x194]
v  ~StubRoutines::call_stub

---------------  P R O C E S S  ---------------

Java Threads: ( => current thread )
  0x00007fb6250c9800 JavaThread "Thread-79" [_thread_blocked, id=64551, stack(0x0000700000fc7000,0x00007000010c7000)]
  0x00007fb623809000 JavaThread "Image Fetcher 1" daemon [_thread_blocked, id=65815, stack(0x0000700001efd000,0x0000700001ffd000)]
  0x00007fb624e86800 JavaThread "Image Fetcher 0" daemon [_thread_blocked, id=63247, stack(0x0000700001dfa000,0x0000700001efa000)]
  0x00007fb624e85800 JavaThread "Keep-Alive-Timer" daemon [_thread_blocked, id=34311, stack(0x0000700001cf7000,0x0000700001df7000)]
  0x00007fb6251f3800 JavaThread "AWT-EventQueue-1" [_thread_in_native, id=59163, stack(0x0000700001868000,0x0000700001968000)]
  0x00007fb6248ea000 JavaThread "DestroyJavaVM" [_thread_blocked, id=5891, stack(0x000070000011a000,0x000070000021a000)]
  0x00007fb62492a800 JavaThread "AWT-EventQueue-0" [_thread_blocked, id=56067, stack(0x0000700001662000,0x0000700001762000)]
  0x00007fb625186800 JavaThread "Java2D Disposer" daemon [_thread_blocked, id=50951, stack(0x00007000013d9000,0x00007000014d9000)]
  0x00007fb62513d800 JavaThread "Java2D Queue Flusher" daemon [_thread_blocked, id=48911, stack(0x00007000012d6000,0x00007000013d6000)]
  0x00007fb6250e8000 JavaThread "AWT-Shutdown" [_thread_blocked, id=29459, stack(0x0000700001150000,0x0000700001250000)]
=>0x00007fb6240d3800 JavaThread "AWT-AppKit" daemon [_thread_in_native, id=2571, stack(0x00007fff54b0e000,0x00007fff5530e000)]
  0x00007fb625010800 JavaThread "Service Thread" daemon [_thread_blocked, id=18435, stack(0x0000700000dc1000,0x0000700000ec1000)]
  0x00007fb624047800 JavaThread "C1 CompilerThread2" daemon [_thread_blocked, id=17923, stack(0x0000700000cbe000,0x0000700000dbe000)]
  0x00007fb624047000 JavaThread "C2 CompilerThread1" daemon [_thread_blocked, id=17411, stack(0x0000700000bbb000,0x0000700000cbb000)]
  0x00007fb624045800 JavaThread "C2 CompilerThread0" daemon [_thread_blocked, id=16899, stack(0x0000700000ab8000,0x0000700000bb8000)]
  0x00007fb624042800 JavaThread "Signal Dispatcher" daemon [_thread_blocked, id=12815, stack(0x00007000009b5000,0x0000700000ab5000)]
  0x00007fb624038000 JavaThread "Finalizer" daemon [_thread_blocked, id=12291, stack(0x000070000082f000,0x000070000092f000)]
  0x00007fb624037800 JavaThread "Reference Handler" daemon [_thread_blocked, id=11779, stack(0x000070000072c000,0x000070000082c000)]

Other Threads:
  0x00007fb624035000 VMThread [stack: 0x0000700000629000,0x0000700000729000] [id=11267]
  0x00007fb623806800 WatcherThread [stack: 0x0000700000ec4000,0x0000700000fc4000] [id=18947]

VM state:not at safepoint (normal execution)

VM Mutex/Monitor currently owned by a thread: None

Heap:
 PSYoungGen      total 245760K, used 144970K [0x0000000795580000, 0x00000007a7980000, 0x00000007c0000000)
  eden space 233984K, 61% used [0x0000000795580000,0x000000079e2f2920,0x00000007a3a00000)
  from space 11776K, 1% used [0x00000007a6280000,0x00000007a62a0000,0x00000007a6e00000)
  to   space 11776K, 0% used [0x00000007a6e00000,0x00000007a6e00000,0x00000007a7980000)
 ParOldGen       total 73216K, used 34718K [0x0000000740000000, 0x0000000744780000, 0x0000000795580000)
  object space 73216K, 47% used [0x0000000740000000,0x00000007421e7a70,0x0000000744780000)
 Metaspace       used 21383K, capacity 21573K, committed 21808K, reserved 1069056K
  class space    used 2067K, capacity 2146K, committed 2176K, reserved 1048576K

Card table byte_map: [0x000000011b74d000,0x000000011bb4e000] byte_map_base: 0x0000000117d4d000

Marking Bits: (ParMarkBitMap*) 0x000000010bce3ea0
 Begin Bits: [0x000000011bdf9000, 0x000000011ddf9000)
 End Bits:   [0x000000011ddf9000, 0x000000011fdf9000)

Polling page: 0x000000010abb5000

CodeCache: size=245760Kb used=9211Kb max_used=10019Kb free=236548Kb
 bounds [0x000000010c38d000, 0x000000010cd6d000, 0x000000011b38d000]
 total_blobs=3639 nmethods=2750 adapters=802
 compilation: enabled

Compilation events (10 events):
Event: 27.651 Thread 0x00007fb624047800 3409       3       java.awt.Component::getInputContext (16 bytes)
Event: 27.652 Thread 0x00007fb624047800 nmethod 3409 0x000000010cba5dd0 code [0x000000010cba5f40, 0x000000010cba61a8]
Event: 27.717 Thread 0x00007fb624047800 3410       3       sun.lwawt.LWComponentPeer::localToWindow (14 bytes)
Event: 27.717 Thread 0x00007fb624047800 nmethod 3410 0x000000010c8ad3d0 code [0x000000010c8ad560, 0x000000010c8ad8e8]
Event: 27.720 Thread 0x00007fb624047800 3411       3       sun.misc.JarIndex::get (49 bytes)
Event: 27.721 Thread 0x00007fb624047800 nmethod 3411 0x000000010c9c8bd0 code [0x000000010c9c8da0, 0x000000010c9c9618]
Event: 27.732 Thread 0x00007fb624047800 3412       3       sun.lwawt.LWWindowPeer::getLocationOnScreen (10 bytes)
Event: 27.733 Thread 0x00007fb624047800 nmethod 3412 0x000000010c567a50 code [0x000000010c567be0, 0x000000010c567f70]
Event: 27.733 Thread 0x00007fb624047800 3413       3       sun.lwawt.macosx.CPlatformWindow::getLocationOnScreen (22 bytes)
Event: 27.734 Thread 0x00007fb624047800 nmethod 3413 0x000000010c8c2550 code [0x000000010c8c26c0, 0x000000010c8c2990]

GC Heap History (10 events):
Event: 24.249 GC heap before
{Heap before GC invocations=44 (full 1):
 PSYoungGen      total 235008K, used 229792K [0x0000000795580000, 0x00000007a4780000, 0x00000007c0000000)
  eden space 223232K, 100% used [0x0000000795580000,0x00000007a2f80000,0x00000007a2f80000)
  from space 11776K, 55% used [0x00000007a3c00000,0x00000007a4268190,0x00000007a4780000)
  to   space 12288K, 0% used [0x00000007a2f80000,0x00000007a2f80000,0x00000007a3b80000)
 ParOldGen       total 73216K, used 28222K [0x0000000740000000, 0x0000000744780000, 0x0000000795580000)
  object space 73216K, 38% used [0x0000000740000000,0x0000000741b8f8e0,0x0000000744780000)
 Metaspace       used 21342K, capacity 21573K, committed 21808K, reserved 1069056K
  class space    used 2059K, capacity 2146K, committed 2176K, reserved 1048576K
Event: 24.253 GC heap after
Heap after GC invocations=44 (full 1):
 PSYoungGen      total 235520K, used 6592K [0x0000000795580000, 0x00000007a6700000, 0x00000007c0000000)
  eden space 223232K, 0% used [0x0000000795580000,0x0000000795580000,0x00000007a2f80000)
  from space 12288K, 53% used [0x00000007a2f80000,0x00000007a35f0190,0x00000007a3b80000)
  to   space 12288K, 0% used [0x00000007a5b00000,0x00000007a5b00000,0x00000007a6700000)
 ParOldGen       total 73216K, used 28246K [0x0000000740000000, 0x0000000744780000, 0x0000000795580000)
  object space 73216K, 38% used [0x0000000740000000,0x0000000741b958e0,0x0000000744780000)
 Metaspace       used 21342K, capacity 21573K, committed 21808K, reserved 1069056K
  class space    used 2059K, capacity 2146K, committed 2176K, reserved 1048576K
}
Event: 24.951 GC heap before
{Heap before GC invocations=45 (full 1):
 PSYoungGen      total 235520K, used 229824K [0x0000000795580000, 0x00000007a6700000, 0x00000007c0000000)
  eden space 223232K, 100% used [0x0000000795580000,0x00000007a2f80000,0x00000007a2f80000)
  from space 12288K, 53% used [0x00000007a2f80000,0x00000007a35f0190,0x00000007a3b80000)
  to   space 12288K, 0% used [0x00000007a5b00000,0x00000007a5b00000,0x00000007a6700000)
 ParOldGen       total 73216K, used 28246K [0x0000000740000000, 0x0000000744780000, 0x0000000795580000)
  object space 73216K, 38% used [0x0000000740000000,0x0000000741b958e0,0x0000000744780000)
 Metaspace       used 21342K, capacity 21573K, committed 21808K, reserved 1069056K
  class space    used 2059K, capacity 2146K, committed 2176K, reserved 1048576K
Event: 24.955 GC heap after
Heap after GC invocations=45 (full 1):
 PSYoungGen      total 264704K, used 1152K [0x0000000795580000, 0x00000007a6580000, 0x00000007c0000000)
  eden space 253952K, 0% used [0x0000000795580000,0x0000000795580000,0x00000007a4d80000)
  from space 10752K, 10% used [0x00000007a5b00000,0x00000007a5c20040,0x00000007a6580000)
  to   space 12288K, 0% used [0x00000007a4d80000,0x00000007a4d80000,0x00000007a5980000)
 ParOldGen       total 73216K, used 33654K [0x0000000740000000, 0x0000000744780000, 0x0000000795580000)
  object space 73216K, 45% used [0x0000000740000000,0x00000007420dda30,0x0000000744780000)
 Metaspace       used 21342K, capacity 21573K, committed 21808K, reserved 1069056K
  class space    used 2059K, capacity 2146K, committed 2176K, reserved 1048576K
}
Event: 25.729 GC heap before
{Heap before GC invocations=46 (full 1):
 PSYoungGen      total 264704K, used 255104K [0x0000000795580000, 0x00000007a6580000, 0x00000007c0000000)
  eden space 253952K, 100% used [0x0000000795580000,0x00000007a4d80000,0x00000007a4d80000)
  from space 10752K, 10% used [0x00000007a5b00000,0x00000007a5c20040,0x00000007a6580000)
  to   space 12288K, 0% used [0x00000007a4d80000,0x00000007a4d80000,0x00000007a5980000)
 ParOldGen       total 73216K, used 33654K [0x0000000740000000, 0x0000000744780000, 0x0000000795580000)
  object space 73216K, 45% used [0x0000000740000000,0x00000007420dda30,0x0000000744780000)
 Metaspace       used 21342K, capacity 21573K, committed 21808K, reserved 1069056K
  class space    used 2059K, capacity 2146K, committed 2176K, reserved 1048576K
Event: 25.730 GC heap after
Heap after GC invocations=46 (full 1):
 PSYoungGen      total 266240K, used 128K [0x0000000795580000, 0x00000007a8500000, 0x00000007c0000000)
  eden space 253952K, 0% used [0x0000000795580000,0x0000000795580000,0x00000007a4d80000)
  from space 12288K, 1% used [0x00000007a4d80000,0x00000007a4da0000,0x00000007a5980000)
  to   space 12288K, 0% used [0x00000007a7900000,0x00000007a7900000,0x00000007a8500000)
 ParOldGen       total 73216K, used 34710K [0x0000000740000000, 0x0000000744780000, 0x0000000795580000)
  object space 73216K, 47% used [0x0000000740000000,0x00000007421e5a70,0x0000000744780000)
 Metaspace       used 21342K, capacity 21573K, committed 21808K, reserved 1069056K
  class space    used 2059K, capacity 2146K, committed 2176K, reserved 1048576K
}
Event: 26.498 GC heap before
{Heap before GC invocations=47 (full 1):
 PSYoungGen      total 266240K, used 254080K [0x0000000795580000, 0x00000007a8500000, 0x00000007c0000000)
  eden space 253952K, 100% used [0x0000000795580000,0x00000007a4d80000,0x00000007a4d80000)
  from space 12288K, 1% used [0x00000007a4d80000,0x00000007a4da0000,0x00000007a5980000)
  to   space 12288K, 0% used [0x00000007a7900000,0x00000007a7900000,0x00000007a8500000)
 ParOldGen       total 73216K, used 34710K [0x0000000740000000, 0x0000000744780000, 0x0000000795580000)
  object space 73216K, 47% used [0x0000000740000000,0x00000007421e5a70,0x0000000744780000)
 Metaspace       used 21342K, capacity 21573K, committed 21808K, reserved 1069056K
  class space    used 2059K, capacity 2146K, committed 2176K, reserved 1048576K
Event: 26.500 GC heap after
Heap after GC invocations=47 (full 1):
 PSYoungGen      total 244224K, used 128K [0x0000000795580000, 0x00000007a7980000, 0x00000007c0000000)
  eden space 243712K, 0% used [0x0000000795580000,0x0000000795580000,0x00000007a4380000)
  from space 512K, 25% used [0x00000007a7900000,0x00000007a7920000,0x00000007a7980000)
  to   space 11776K, 0% used [0x00000007a6280000,0x00000007a6280000,0x00000007a6e00000)
 ParOldGen       total 73216K, used 34718K [0x0000000740000000, 0x0000000744780000, 0x0000000795580000)
  object space 73216K, 47% used [0x0000000740000000,0x00000007421e7a70,0x0000000744780000)
 Metaspace       used 21342K, capacity 21573K, committed 21808K, reserved 1069056K
  class space    used 2059K, capacity 2146K, committed 2176K, reserved 1048576K
}
Event: 27.253 GC heap before
{Heap before GC invocations=48 (full 1):
 PSYoungGen      total 244224K, used 243840K [0x0000000795580000, 0x00000007a7980000, 0x00000007c0000000)
  eden space 243712K, 100% used [0x0000000795580000,0x00000007a4380000,0x00000007a4380000)
  from space 512K, 25% used [0x00000007a7900000,0x00000007a7920000,0x00000007a7980000)
  to   space 11776K, 0% used [0x00000007a6280000,0x00000007a6280000,0x00000007a6e00000)
 ParOldGen       total 73216K, used 34718K [0x0000000740000000, 0x0000000744780000, 0x0000000795580000)
  object space 73216K, 47% used [0x0000000740000000,0x00000007421e7a70,0x0000000744780000)
 Metaspace       used 21347K, capacity 21573K, committed 21808K, reserved 1069056K
  class space    used 2059K, capacity 2146K, committed 2176K, reserved 1048576K
Event: 27.254 GC heap after
Heap after GC invocations=48 (full 1):
 PSYoungGen      total 245760K, used 128K [0x0000000795580000, 0x00000007a7980000, 0x00000007c0000000)
  eden space 233984K, 0% used [0x0000000795580000,0x0000000795580000,0x00000007a3a00000)
  from space 11776K, 1% used [0x00000007a6280000,0x00000007a62a0000,0x00000007a6e00000)
  to   space 11776K, 0% used [0x00000007a6e00000,0x00000007a6e00000,0x00000007a7980000)
 ParOldGen       total 73216K, used 34718K [0x0000000740000000, 0x0000000744780000, 0x0000000795580000)
  object space 73216K, 47% used [0x0000000740000000,0x00000007421e7a70,0x0000000744780000)
 Metaspace       used 21347K, capacity 21573K, committed 21808K, reserved 1069056K
  class space    used 2059K, capacity 2146K, committed 2176K, reserved 1048576K
}

Deoptimization events (10 events):
Event: 21.613 Thread 0x00007fb6251f3800 Uncommon trap: reason=unstable_if action=reinterpret pc=0x000000010c90e2f8 method=java.text.DigitList.getDataChars(I)[C @ 13
Event: 21.613 Thread 0x00007fb6251f3800 Uncommon trap: reason=unstable_if action=reinterpret pc=0x000000010cacccdc method=java.text.DecimalFormat.subformat(Ljava/lang/StringBuffer;Ljava/text/Format$FieldDelegate;ZZIIII)Ljava/lang/StringBuffer; @ 753
Event: 27.650 Thread 0x00007fb6251f3800 Uncommon trap: reason=class_check action=maybe_recompile pc=0x000000010c78ffd0 method=java.util.Arrays.copyOf([Ljava/lang/Object;ILjava/lang/Class;)[Ljava/lang/Object; @ 24
Event: 27.650 Thread 0x00007fb6251f3800 Uncommon trap: reason=class_check action=maybe_recompile pc=0x000000010c78ffd0 method=java.util.Arrays.copyOf([Ljava/lang/Object;ILjava/lang/Class;)[Ljava/lang/Object; @ 24
Event: 27.650 Thread 0x00007fb6251f3800 Uncommon trap: reason=unstable_if action=reinterpret pc=0x000000010cd47ba8 method=com.jogamp.common.util.VersionNumber.compareTo(Lcom/jogamp/common/util/VersionNumber;)I @ 21
Event: 27.654 Thread 0x00007fb62492a800 Uncommon trap: reason=unstable_if action=reinterpret pc=0x000000010cc250c8 method=java.awt.font.FontRenderContext.equals(Ljava/awt/font/FontRenderContext;)Z @ 2
Event: 27.654 Thread 0x00007fb62492a800 Uncommon trap: reason=unstable_if action=reinterpret pc=0x000000010cc17154 method=java.awt.Font.equals(Ljava/lang/Object;)Z @ 2
Event: 27.716 Thread 0x00007fb62518b000 Uncommon trap: reason=unstable_if action=reinterpret pc=0x000000010c79cb20 method=java.util.HashMap.putVal(ILjava/lang/Object;Ljava/lang/Object;ZZ)Ljava/lang/Object; @ 81
Event: 27.716 Thread 0x00007fb62518b000 Uncommon trap: reason=unstable_if action=reinterpret pc=0x000000010c79696c method=java.util.HashMap.putVal(ILjava/lang/Object;Ljava/lang/Object;ZZ)Ljava/lang/Object; @ 81
Event: 27.731 Thread 0x00007fb6251f3800 Uncommon trap: reason=unstable_if action=reinterpret pc=0x000000010c583ea0 method=java.security.AccessControlContext.optimize()Ljava/security/AccessControlContext; @ 233

Internal exceptions (10 events):
Event: 0.164 Thread 0x00007fb625001000 Exception <a 'java/lang/NoSuchFieldError': method resolution failed> (0x0000000795879e28) thrown at [/HUDSON3/workspace/8-2-build-macosx-x86_64/jdk8u73/6086/hotspot/src/share/vm/prims/methodHandles.cpp, line 1146]
Event: 0.165 Thread 0x00007fb625001000 Exception <a 'java/lang/NoSuchFieldError': method resolution failed> (0x00000007958875f8) thrown at [/HUDSON3/workspace/8-2-build-macosx-x86_64/jdk8u73/6086/hotspot/src/share/vm/prims/methodHandles.cpp, line 1146]
Event: 0.334 Thread 0x00007fb625001000 Exception <a 'java/io/FileNotFoundException'> (0x0000000795903400) thrown at [/HUDSON3/workspace/8-2-build-macosx-x86_64/jdk8u73/6086/hotspot/src/share/vm/prims/jni.cpp, line 709]
Event: 0.334 Thread 0x00007fb625001000 Exception <a 'java/io/FileNotFoundException'> (0x0000000795903f68) thrown at [/HUDSON3/workspace/8-2-build-macosx-x86_64/jdk8u73/6086/hotspot/src/share/vm/prims/jni.cpp, line 709]
Event: 0.443 Thread 0x00007fb625001000 Exception <a 'java/io/FileNotFoundException'> (0x0000000795ae9658) thrown at [/HUDSON3/workspace/8-2-build-macosx-x86_64/jdk8u73/6086/hotspot/src/share/vm/prims/jni.cpp, line 709]
Event: 1.761 Thread 0x00007fb6240de800 Exception <a 'java/lang/UnsatisfiedLinkError': com.jogamp.common.util.JarUtil.fixNativeLibAttribs(Ljava/lang/String;)Z> (0x0000000796d29f28) thrown at [/HUDSON3/workspace/8-2-build-macosx-x86_64/jdk8u73/6086/hotspot/src/share/vm/prims/nativeLookup.cpp, li
Event: 1.962 Thread 0x00007fb624038000 Exception <a 'java/lang/NullPointerException'> (0x00000007956a3830) thrown at [/HUDSON3/workspace/8-2-build-macosx-x86_64/jdk8u73/6086/hotspot/src/share/vm/interpreter/linkResolver.cpp, line 1178]
Event: 2.506 Thread 0x00007fb6251f3800 Exception <a 'java/io/FileNotFoundException'> (0x000000079615ed30) thrown at [/HUDSON3/workspace/8-2-build-macosx-x86_64/jdk8u73/6086/hotspot/src/share/vm/prims/jni.cpp, line 709]
Event: 2.506 Thread 0x00007fb6251f3800 Exception <a 'java/io/FileNotFoundException'> (0x00000007961662f0) thrown at [/HUDSON3/workspace/8-2-build-macosx-x86_64/jdk8u73/6086/hotspot/src/share/vm/prims/jni.cpp, line 709]
Event: 2.507 Thread 0x00007fb6251f3800 Implicit null exception at 0x000000010c542035 to 0x000000010c542399

Events (10 events):
Event: 27.731 loading class java/awt/LightweightDispatcher$2 done
Event: 27.731 loading class java/awt/event/AWTEventListenerProxy
Event: 27.731 loading class java/awt/event/AWTEventListenerProxy done
Event: 27.731 loading class java/awt/Toolkit$ToolkitEventMulticaster
Event: 27.731 loading class java/awt/Toolkit$ToolkitEventMulticaster done
Event: 27.732 Thread 0x00007fb62518b000 Thread exited: 0x00007fb62518b000
Event: 27.732 loading class java/awt/Window$1DisposeAction
Event: 27.732 loading class java/awt/Window$1DisposeAction done
Event: 27.733 Thread 0x00007fb624047800 flushing nmethod 0x000000010c5fb090
Event: 27.733 Thread 0x00007fb624047800 flushing nmethod 0x000000010c64ec50


Dynamic libraries:
0x000000000a236000 	/System/Library/Frameworks/Cocoa.framework/Versions/A/Cocoa
0x000000000a236000 	/System/Library/Frameworks/Security.framework/Versions/A/Security
0x000000000a236000 	/System/Library/Frameworks/ApplicationServices.framework/Versions/A/ApplicationServices
0x000000000a236000 	/usr/lib/libz.1.dylib
0x000000000a236000 	/usr/lib/libSystem.B.dylib
0x000000000a236000 	/usr/lib/libobjc.A.dylib
0x000000000a236000 	/System/Library/Frameworks/CoreFoundation.framework/Versions/A/CoreFoundation
0x000000000a236000 	/System/Library/Frameworks/Foundation.framework/Versions/C/Foundation
0x000000000a236000 	/System/Library/Frameworks/AppKit.framework/Versions/C/AppKit
0x000000000a236000 	/System/Library/Frameworks/CoreData.framework/Versions/A/CoreData
0x000000000a236000 	/System/Library/PrivateFrameworks/RemoteViewServices.framework/Versions/A/RemoteViewServices
0x000000000a236000 	/System/Library/PrivateFrameworks/UIFoundation.framework/Versions/A/UIFoundation
0x000000000a236000 	/usr/lib/libScreenReader.dylib
0x000000000a236000 	/System/Library/Frameworks/Accelerate.framework/Versions/A/Accelerate
0x000000000a236000 	/System/Library/Frameworks/IOSurface.framework/Versions/A/IOSurface
0x000000000a236000 	/System/Library/Frameworks/AudioToolbox.framework/Versions/A/AudioToolbox
0x000000000a236000 	/System/Library/Frameworks/AudioUnit.framework/Versions/A/AudioUnit
0x000000000a236000 	/System/Library/PrivateFrameworks/DataDetectorsCore.framework/Versions/A/DataDetectorsCore
0x000000000a236000 	/System/Library/PrivateFrameworks/DesktopServicesPriv.framework/Versions/A/DesktopServicesPriv
0x000000000a236000 	/System/Library/Frameworks/Carbon.framework/Versions/A/Frameworks/HIToolbox.framework/Versions/A/HIToolbox
0x000000000a236000 	/System/Library/Frameworks/QuartzCore.framework/Versions/A/QuartzCore
0x000000000a236000 	/System/Library/Frameworks/Carbon.framework/Versions/A/Frameworks/SpeechRecognition.framework/Versions/A/SpeechRecognition
0x000000000a236000 	/usr/lib/libauto.dylib
0x000000000a236000 	/usr/lib/libicucore.A.dylib
0x000000000a236000 	/usr/lib/libxml2.2.dylib
0x000000000a236000 	/System/Library/PrivateFrameworks/CoreUI.framework/Versions/A/CoreUI
0x000000000a236000 	/System/Library/Frameworks/CoreAudio.framework/Versions/A/CoreAudio
0x000000000a236000 	/System/Library/Frameworks/DiskArbitration.framework/Versions/A/DiskArbitration
0x000000000a236000 	/usr/lib/liblangid.dylib
0x000000000a236000 	/System/Library/PrivateFrameworks/MultitouchSupport.framework/Versions/A/MultitouchSupport
0x000000000a236000 	/System/Library/Frameworks/IOKit.framework/Versions/A/IOKit
0x000000000a236000 	/usr/lib/libDiagnosticMessagesClient.dylib
0x000000000a236000 	/System/Library/Frameworks/CoreServices.framework/Versions/A/CoreServices
0x000000000a236000 	/System/Library/PrivateFrameworks/PerformanceAnalysis.framework/Versions/A/PerformanceAnalysis
0x000000000a236000 	/System/Library/PrivateFrameworks/GenerationalStorage.framework/Versions/A/GenerationalStorage
0x000000000a236000 	/System/Library/Frameworks/OpenGL.framework/Versions/A/OpenGL
0x000000000a236000 	/System/Library/PrivateFrameworks/Sharing.framework/Versions/A/Sharing
0x000000000a236000 	/System/Library/Frameworks/CoreGraphics.framework/Versions/A/CoreGraphics
0x000000000a236000 	/System/Library/Frameworks/CoreImage.framework/Versions/A/CoreImage
0x000000000a236000 	/System/Library/Frameworks/CoreText.framework/Versions/A/CoreText
0x000000000a236000 	/System/Library/Frameworks/ImageIO.framework/Versions/A/ImageIO
0x000000000a236000 	/System/Library/PrivateFrameworks/Backup.framework/Versions/A/Backup
0x000000000a236000 	/usr/lib/libextension.dylib
0x000000000a236000 	/usr/lib/libarchive.2.dylib
0x000000000a236000 	/System/Library/Frameworks/CFNetwork.framework/Versions/A/CFNetwork
0x000000000a236000 	/System/Library/Frameworks/SystemConfiguration.framework/Versions/A/SystemConfiguration
0x000000000a236000 	/usr/lib/libCRFSuite.dylib
0x000000000a236000 	/usr/lib/libc++.1.dylib
0x000000000a236000 	/usr/lib/libc++abi.dylib
0x000000000a236000 	/usr/lib/system/libcache.dylib
0x000000000a236000 	/usr/lib/system/libcommonCrypto.dylib
0x000000000a236000 	/usr/lib/system/libcompiler_rt.dylib
0x000000000a236000 	/usr/lib/system/libcopyfile.dylib
0x000000000a236000 	/usr/lib/system/libcorecrypto.dylib
0x000000000a236000 	/usr/lib/system/libdispatch.dylib
0x000000000a236000 	/usr/lib/system/libdyld.dylib
0x000000000a236000 	/usr/lib/system/libkeymgr.dylib
0x000000000a236000 	/usr/lib/system/liblaunch.dylib
0x000000000a236000 	/usr/lib/system/libmacho.dylib
0x000000000a236000 	/usr/lib/system/libquarantine.dylib
0x000000000a236000 	/usr/lib/system/libremovefile.dylib
0x000000000a236000 	/usr/lib/system/libsystem_asl.dylib
0x000000000a236000 	/usr/lib/system/libsystem_blocks.dylib
0x000000000a236000 	/usr/lib/system/libsystem_c.dylib
0x000000000a236000 	/usr/lib/system/libsystem_configuration.dylib
0x000000000a236000 	/usr/lib/system/libsystem_coreservices.dylib
0x000000000a236000 	/usr/lib/system/libsystem_coretls.dylib
0x000000000a236000 	/usr/lib/system/libsystem_dnssd.dylib
0x000000000a236000 	/usr/lib/system/libsystem_info.dylib
0x000000000a236000 	/usr/lib/system/libsystem_kernel.dylib
0x000000000a236000 	/usr/lib/system/libsystem_m.dylib
0x000000000a236000 	/usr/lib/system/libsystem_malloc.dylib
0x000000000a236000 	/usr/lib/system/libsystem_network.dylib
0x000000000a236000 	/usr/lib/system/libsystem_networkextension.dylib
0x000000000a236000 	/usr/lib/system/libsystem_notify.dylib
0x000000000a236000 	/usr/lib/system/libsystem_platform.dylib
0x000000000a236000 	/usr/lib/system/libsystem_pthread.dylib
0x000000000a236000 	/usr/lib/system/libsystem_sandbox.dylib
0x000000000a236000 	/usr/lib/system/libsystem_secinit.dylib
0x000000000a236000 	/usr/lib/system/libsystem_trace.dylib
0x000000000a236000 	/usr/lib/system/libunc.dylib
0x000000000a236000 	/usr/lib/system/libunwind.dylib
0x000000000a236000 	/usr/lib/system/libxpc.dylib
0x000000000a236000 	/usr/lib/libenergytrace.dylib
0x000000000a236000 	/usr/lib/libbsm.0.dylib
0x000000000a236000 	/usr/lib/system/libkxld.dylib
0x000000000a236000 	/usr/lib/libxar.1.dylib
0x000000000a236000 	/usr/lib/libsqlite3.dylib
0x000000000a236000 	/usr/lib/libpam.2.dylib
0x000000000a236000 	/usr/lib/libOpenScriptingUtil.dylib
0x000000000a236000 	/usr/lib/libbz2.1.0.dylib
0x000000000a236000 	/usr/lib/liblzma.5.dylib
0x000000000a236000 	/System/Library/Frameworks/CoreServices.framework/Versions/A/Frameworks/FSEvents.framework/Versions/A/FSEvents
0x000000000a236000 	/System/Library/Frameworks/CoreServices.framework/Versions/A/Frameworks/CarbonCore.framework/Versions/A/CarbonCore
0x000000000a236000 	/System/Library/Frameworks/CoreServices.framework/Versions/A/Frameworks/Metadata.framework/Versions/A/Metadata
0x000000000a236000 	/System/Library/Frameworks/CoreServices.framework/Versions/A/Frameworks/OSServices.framework/Versions/A/OSServices
0x000000000a236000 	/System/Library/Frameworks/CoreServices.framework/Versions/A/Frameworks/SearchKit.framework/Versions/A/SearchKit
0x000000000a236000 	/System/Library/Frameworks/CoreServices.framework/Versions/A/Frameworks/AE.framework/Versions/A/AE
0x000000000a236000 	/System/Library/Frameworks/CoreServices.framework/Versions/A/Frameworks/LaunchServices.framework/Versions/A/LaunchServices
0x000000000a236000 	/System/Library/Frameworks/CoreServices.framework/Versions/A/Frameworks/DictionaryServices.framework/Versions/A/DictionaryServices
0x000000000a236000 	/System/Library/Frameworks/CoreServices.framework/Versions/A/Frameworks/SharedFileList.framework/Versions/A/SharedFileList
0x000000000a236000 	/System/Library/Frameworks/NetFS.framework/Versions/A/NetFS
0x000000000a236000 	/System/Library/PrivateFrameworks/NetAuth.framework/Versions/A/NetAuth
0x000000000a236000 	/System/Library/PrivateFrameworks/login.framework/Versions/A/Frameworks/loginsupport.framework/Versions/A/loginsupport
0x000000000a236000 	/System/Library/PrivateFrameworks/TCC.framework/Versions/A/TCC
0x000000000a236000 	/usr/lib/libmecabra.dylib
0x000000000a236000 	/System/Library/Frameworks/ApplicationServices.framework/Versions/A/Frameworks/ATS.framework/Versions/A/ATS
0x000000000a236000 	/System/Library/Frameworks/ApplicationServices.framework/Versions/A/Frameworks/ColorSync.framework/Versions/A/ColorSync
0x000000000a236000 	/System/Library/Frameworks/ApplicationServices.framework/Versions/A/Frameworks/HIServices.framework/Versions/A/HIServices
0x000000000a236000 	/System/Library/Frameworks/ApplicationServices.framework/Versions/A/Frameworks/LangAnalysis.framework/Versions/A/LangAnalysis
0x000000000a236000 	/System/Library/Frameworks/ApplicationServices.framework/Versions/A/Frameworks/PrintCore.framework/Versions/A/PrintCore
0x000000000a236000 	/System/Library/Frameworks/ApplicationServices.framework/Versions/A/Frameworks/QD.framework/Versions/A/QD
0x000000000a236000 	/System/Library/Frameworks/ApplicationServices.framework/Versions/A/Frameworks/SpeechSynthesis.framework/Versions/A/SpeechSynthesis
0x000000000a236000 	/System/Library/Frameworks/Metal.framework/Versions/A/Metal
0x000000000a236000 	/System/Library/Frameworks/Accelerate.framework/Versions/A/Frameworks/vImage.framework/Versions/A/vImage
0x000000000a236000 	/System/Library/Frameworks/Accelerate.framework/Versions/A/Frameworks/vecLib.framework/Versions/A/vecLib
0x000000000a236000 	/System/Library/Frameworks/Accelerate.framework/Versions/A/Frameworks/vecLib.framework/Versions/A/libvDSP.dylib
0x000000000a236000 	/System/Library/Frameworks/Accelerate.framework/Versions/A/Frameworks/vecLib.framework/Versions/A/libvMisc.dylib
0x000000000a236000 	/System/Library/Frameworks/Accelerate.framework/Versions/A/Frameworks/vecLib.framework/Versions/A/libLAPACK.dylib
0x000000000a236000 	/System/Library/Frameworks/Accelerate.framework/Versions/A/Frameworks/vecLib.framework/Versions/A/libBLAS.dylib
0x000000000a236000 	/System/Library/Frameworks/Accelerate.framework/Versions/A/Frameworks/vecLib.framework/Versions/A/libLinearAlgebra.dylib
0x000000000a236000 	/System/Library/Frameworks/Accelerate.framework/Versions/A/Frameworks/vecLib.framework/Versions/A/libSparseBLAS.dylib
0x000000000a236000 	/System/Library/PrivateFrameworks/GPUCompiler.framework/libmetal_timestamp.dylib
0x000000000a236000 	/System/Library/Frameworks/OpenGL.framework/Versions/A/Libraries/libCoreFSCache.dylib
0x000000000a236000 	/System/Library/PrivateFrameworks/IOAccelerator.framework/Versions/A/IOAccelerator
0x000000000a236000 	/System/Library/Frameworks/ApplicationServices.framework/Versions/A/Frameworks/ATS.framework/Versions/A/Resources/libFontParser.dylib
0x000000000a236000 	/System/Library/Frameworks/ApplicationServices.framework/Versions/A/Frameworks/ATS.framework/Versions/A/Resources/libFontRegistry.dylib
0x000000000a236000 	/System/Library/PrivateFrameworks/AppleVPA.framework/Versions/A/AppleVPA
0x000000000a236000 	/System/Library/PrivateFrameworks/AppleJPEG.framework/Versions/A/AppleJPEG
0x000000000a236000 	/System/Library/Frameworks/ImageIO.framework/Versions/A/Resources/libJPEG.dylib
0x000000000a236000 	/System/Library/Frameworks/ImageIO.framework/Versions/A/Resources/libTIFF.dylib
0x000000000a236000 	/System/Library/Frameworks/ImageIO.framework/Versions/A/Resources/libPng.dylib
0x000000000a236000 	/System/Library/Frameworks/ImageIO.framework/Versions/A/Resources/libGIF.dylib
0x000000000a236000 	/System/Library/Frameworks/ImageIO.framework/Versions/A/Resources/libJP2.dylib
0x000000000a236000 	/System/Library/Frameworks/ImageIO.framework/Versions/A/Resources/libRadiance.dylib
0x000000000a236000 	/System/Library/Frameworks/CoreVideo.framework/Versions/A/CoreVideo
0x000000000a236000 	/System/Library/Frameworks/OpenGL.framework/Versions/A/Libraries/libGLU.dylib
0x000000000a236000 	/System/Library/Frameworks/OpenGL.framework/Versions/A/Libraries/libGFXShared.dylib
0x000000000a236000 	/System/Library/Frameworks/OpenGL.framework/Versions/A/Libraries/libGL.dylib
0x000000000a236000 	/System/Library/Frameworks/OpenGL.framework/Versions/A/Libraries/libGLImage.dylib
0x000000000a236000 	/System/Library/Frameworks/OpenGL.framework/Versions/A/Libraries/libCVMSPluginSupport.dylib
0x000000000a236000 	/System/Library/Frameworks/OpenGL.framework/Versions/A/Libraries/libCoreVMClient.dylib
0x000000000a236000 	/usr/lib/libcups.2.dylib
0x000000000a236000 	/System/Library/Frameworks/Kerberos.framework/Versions/A/Kerberos
0x000000000a236000 	/System/Library/Frameworks/GSS.framework/Versions/A/GSS
0x000000000a236000 	/usr/lib/libresolv.9.dylib
0x000000000a236000 	/usr/lib/libiconv.2.dylib
0x000000000a236000 	/System/Library/PrivateFrameworks/Heimdal.framework/Versions/A/Heimdal
0x000000000a236000 	/usr/lib/libheimdal-asn1.dylib
0x000000000a236000 	/System/Library/Frameworks/OpenDirectory.framework/Versions/A/OpenDirectory
0x000000000a236000 	/System/Library/PrivateFrameworks/CommonAuth.framework/Versions/A/CommonAuth
0x000000000a236000 	/System/Library/Frameworks/OpenDirectory.framework/Versions/A/Frameworks/CFOpenDirectory.framework/Versions/A/CFOpenDirectory
0x000000000a236000 	/System/Library/Frameworks/SecurityFoundation.framework/Versions/A/SecurityFoundation
0x000000000a236000 	/System/Library/PrivateFrameworks/LanguageModeling.framework/Versions/A/LanguageModeling
0x000000000a236000 	/usr/lib/libmarisa.dylib
0x000000000a236000 	/usr/lib/libChineseTokenizer.dylib
0x000000000a236000 	/usr/lib/libcmph.dylib
0x000000000a236000 	/usr/lib/libcompression.dylib
0x000000000a236000 	/System/Library/Frameworks/ServiceManagement.framework/Versions/A/ServiceManagement
0x000000000a236000 	/usr/lib/libxslt.1.dylib
0x000000000a236000 	/System/Library/Frameworks/Carbon.framework/Versions/A/Frameworks/Ink.framework/Versions/A/Ink
0x000000000a236000 	/usr/lib/libFosl_dynamic.dylib
0x000000000a236000 	/System/Library/PrivateFrameworks/FaceCore.framework/Versions/A/FaceCore
0x000000000a236000 	/System/Library/Frameworks/OpenCL.framework/Versions/A/OpenCL
0x000000000a236000 	/System/Library/PrivateFrameworks/CrashReporterSupport.framework/Versions/A/CrashReporterSupport
0x000000000a236000 	/System/Library/PrivateFrameworks/IconServices.framework/Versions/A/IconServices
0x000000000a236000 	/System/Library/PrivateFrameworks/Apple80211.framework/Versions/A/Apple80211
0x000000000a236000 	/System/Library/Frameworks/CoreWLAN.framework/Versions/A/CoreWLAN
0x000000000a236000 	/System/Library/Frameworks/IOBluetooth.framework/Versions/A/IOBluetooth
0x000000000a236000 	/System/Library/PrivateFrameworks/CoreWiFi.framework/Versions/A/CoreWiFi
0x000000000a236000 	/System/Library/Frameworks/CoreBluetooth.framework/Versions/A/CoreBluetooth
0x000000000a236000 	/System/Library/PrivateFrameworks/ChunkingLibrary.framework/Versions/A/ChunkingLibrary
0x000000000a236000 	/System/Library/PrivateFrameworks/DebugSymbols.framework/Versions/A/DebugSymbols
0x000000000a236000 	/System/Library/PrivateFrameworks/CoreSymbolication.framework/Versions/A/CoreSymbolication
0x000000000a236000 	/System/Library/PrivateFrameworks/Symbolication.framework/Versions/A/Symbolication
0x000000000a236000 	/System/Library/PrivateFrameworks/SpeechRecognitionCore.framework/Versions/A/SpeechRecognitionCore
0x000000010b400000 	/Library/Java/JavaVirtualMachines/jdk1.8.0_73.jdk/Contents/Home/jre/lib/server/libjvm.dylib
0x000000000a236000 	/usr/lib/libstdc++.6.dylib
0x000000010ab72000 	/Library/Java/JavaVirtualMachines/jdk1.8.0_73.jdk/Contents/Home/jre/lib/libverify.dylib
0x000000010ab80000 	/Library/Java/JavaVirtualMachines/jdk1.8.0_73.jdk/Contents/Home/jre/lib/libjava.dylib
0x000000010abbf000 	/Library/Java/JavaVirtualMachines/jdk1.8.0_73.jdk/Contents/Home/jre/lib/libzip.dylib
0x0000000121cc7000 	/System/Library/Frameworks/JavaVM.framework/Frameworks/JavaRuntimeSupport.framework/JavaRuntimeSupport
0x0000000121ce2000 	/System/Library/Frameworks/JavaVM.framework/Versions/A/Frameworks/JavaNativeFoundation.framework/Versions/A/JavaNativeFoundation
0x000000010abf1000 	/System/Library/Frameworks/JavaVM.framework/Versions/A/JavaVM
0x000000000a236000 	/System/Library/Frameworks/Carbon.framework/Versions/A/Carbon
0x0000000121cf7000 	/System/Library/PrivateFrameworks/JavaLaunching.framework/Versions/A/JavaLaunching
0x000000000a236000 	/System/Library/Frameworks/Carbon.framework/Versions/A/Frameworks/CommonPanels.framework/Versions/A/CommonPanels
0x000000000a236000 	/System/Library/Frameworks/Carbon.framework/Versions/A/Frameworks/Help.framework/Versions/A/Help
0x000000000a236000 	/System/Library/Frameworks/Carbon.framework/Versions/A/Frameworks/ImageCapture.framework/Versions/A/ImageCapture
0x000000000a236000 	/System/Library/Frameworks/Carbon.framework/Versions/A/Frameworks/OpenScripting.framework/Versions/A/OpenScripting
0x000000000a236000 	/System/Library/Frameworks/Carbon.framework/Versions/A/Frameworks/Print.framework/Versions/A/Print
0x000000000a236000 	/System/Library/Frameworks/Carbon.framework/Versions/A/Frameworks/SecurityHI.framework/Versions/A/SecurityHI
0x0000000123652000 	/Library/Java/JavaVirtualMachines/jdk1.8.0_73.jdk/Contents/Home/jre/lib/libawt.dylib
0x00000001236fa000 	/Library/Java/JavaVirtualMachines/jdk1.8.0_73.jdk/Contents/Home/jre/lib/./libmlib_image.dylib
0x00000001237c6000 	/Library/Java/JavaVirtualMachines/jdk1.8.0_73.jdk/Contents/Home/jre/lib/libawt_lwawt.dylib
0x000000012387b000 	/Library/Java/JavaVirtualMachines/jdk1.8.0_73.jdk/Contents/Home/jre/lib/./libosxapp.dylib
0x000000000a236000 	/System/Library/Frameworks/ExceptionHandling.framework/Versions/A/ExceptionHandling
0x000000000a236000 	/System/Library/PrivateFrameworks/CoreServicesInternal.framework/Versions/A/CoreServicesInternal
0x000000000a236000 	/System/Library/Frameworks/CoreGraphics.framework/Versions/A/Resources/libRIP.A.dylib
0x000000000a236000 	/System/Library/Frameworks/Accelerate.framework/Versions/A/Frameworks/vImage.framework/Versions/A/Libraries/libCGInterfaces.dylib
0x000000000a236000 	/System/Library/Frameworks/CoreGraphics.framework/Versions/A/Resources/libCGXType.A.dylib
0x000000000a236000 	/System/Library/Frameworks/OpenCL.framework/Versions/A/Libraries/libcldcpuengine.dylib
0x000000000a236000 	/System/Library/PrivateFrameworks/DiskImages.framework/Versions/A/DiskImages
0x000000000a236000 	/System/Library/Frameworks/DiscRecording.framework/Versions/A/DiscRecording
0x000000000a236000 	/usr/lib/libcsfde.dylib
0x000000000a236000 	/usr/lib/libcurl.4.dylib
0x000000000a236000 	/System/Library/PrivateFrameworks/MediaKit.framework/Versions/A/MediaKit
0x000000000a236000 	/System/Library/PrivateFrameworks/ProtectedCloudStorage.framework/Versions/A/ProtectedCloudStorage
0x000000000a236000 	/usr/lib/libCoreStorage.dylib
0x000000000a236000 	/System/Library/PrivateFrameworks/EFILogin.framework/Versions/A/EFILogin
0x000000000a236000 	/usr/lib/libutil.dylib
0x000000000a236000 	/System/Library/PrivateFrameworks/FindMyDevice.framework/Versions/A/FindMyDevice
0x000000000a236000 	/System/Library/Frameworks/LDAP.framework/Versions/A/LDAP
0x000000000a236000 	/usr/lib/libsasl2.2.dylib
0x000000000a236000 	/System/Library/PrivateFrameworks/CoreDaemon.framework/Versions/B/CoreDaemon
0x000000000a236000 	/usr/lib/libcrypto.0.9.8.dylib
0x000000000a236000 	/System/Library/PrivateFrameworks/AppleSRP.framework/Versions/A/AppleSRP
0x000000000a236000 	/System/Library/PrivateFrameworks/TrustEvaluationAgent.framework/Versions/A/TrustEvaluationAgent
0x0000000125819000 	cl_kernels
0x000000000a236000 	/System/Library/Frameworks/OpenCL.framework/Versions/A/Libraries/ImageFormats/unorm8_bgra.dylib
0x000000000a236000 	/System/Library/Frameworks/OpenCL.framework/Versions/A/Libraries/ImageFormats/unorm8_rgba.dylib
0x000000000a236000 	/System/Library/PrivateFrameworks/FamilyControls.framework/Versions/A/FamilyControls
0x000000000a236000 	/System/Library/PrivateFrameworks/CommerceKit.framework/Versions/A/Frameworks/CommerceCore.framework/Versions/A/CommerceCore
0x000000000a236000 	/System/Library/PrivateFrameworks/SystemAdministration.framework/Versions/A/SystemAdministration
0x000000000a236000 	/System/Library/PrivateFrameworks/AppContainer.framework/Versions/A/AppContainer
0x000000000a236000 	/System/Library/PrivateFrameworks/SecCodeWrapper.framework/Versions/A/SecCodeWrapper
0x000000000a236000 	/System/Library/Frameworks/DirectoryService.framework/Versions/A/DirectoryService
0x000000000a236000 	/System/Library/PrivateFrameworks/LoginUIKit.framework/Versions/A/Frameworks/LoginUICore.framework/Versions/A/LoginUICore
0x000000000a236000 	/usr/lib/libodfde.dylib
0x000000000a236000 	/System/Library/Frameworks/OpenGL.framework/Versions/A/Resources/GLEngine.bundle/GLEngine
0x000000000a236000 	/System/Library/Frameworks/OpenGL.framework/Versions/A/Libraries/libGLProgrammability.dylib
0x0000000126990000 	/System/Library/Extensions/AppleIntelHD5000GraphicsGLDriver.bundle/Contents/MacOS/AppleIntelHD5000GraphicsGLDriver
0x000000000a236000 	/System/Library/PrivateFrameworks/GPUSupport.framework/Versions/A/Libraries/libGPUSupportMercury.dylib
0x000000000a236000 	/System/Library/Frameworks/OpenGL.framework/Versions/A/Resources/GLRendererFloat.bundle/GLRendererFloat
0x000000012799e000 	/Library/Java/JavaVirtualMachines/jdk1.8.0_73.jdk/Contents/Home/jre/lib/libfontmanager.dylib
0x0000000128ee6000 	/Library/Java/JavaVirtualMachines/jdk1.8.0_73.jdk/Contents/Home/jre/lib/libosxui.dylib
0x00000001299ff000 	/Library/Java/JavaVirtualMachines/jdk1.8.0_73.jdk/Contents/Home/jre/lib/libnet.dylib
0x0000000129a16000 	/Library/Java/JavaVirtualMachines/jdk1.8.0_73.jdk/Contents/Home/jre/lib/libnio.dylib
0x000000000a236000 	/System/Library/Frameworks/ApplicationServices.framework/Versions/A/Frameworks/ATS.framework/Versions/A/Resources/libTrueTypeScaler.dylib
0x0000000187840000 	/System/Library/Extensions/AppleIntelHD5000GraphicsMTLDriver.bundle/Contents/MacOS/AppleIntelHD5000GraphicsMTLDriver
0x000000018776d000 	/private/var/folders/zg/1l8q7jb960scm7wpq1kf74lm0000gn/T/jogamp_0000/file_cache/jln4760758090193487079/jln242728596248535870/libgluegen-rt.jnilib
0x0000000187771000 	/private/var/folders/zg/1l8q7jb960scm7wpq1kf74lm0000gn/T/jogamp_0000/file_cache/jln4760758090193487079/jln242728596248535870/libnativewindow_awt.jnilib
0x0000000187774000 	/Library/Java/JavaVirtualMachines/jdk1.8.0_73.jdk/Contents/Home/jre/lib/libjawt.dylib
0x0000000187777000 	/private/var/folders/zg/1l8q7jb960scm7wpq1kf74lm0000gn/T/jogamp_0000/file_cache/jln4760758090193487079/jln242728596248535870/libnativewindow_macosx.jnilib
0x0000000187f93000 	/private/var/folders/zg/1l8q7jb960scm7wpq1kf74lm0000gn/T/jogamp_0000/file_cache/jln4760758090193487079/jln242728596248535870/libjogl_desktop.jnilib
0x000000019272e000 	/Library/Java/JavaVirtualMachines/jdk1.8.0_73.jdk/Contents/Home/jre/lib/libt2k.dylib

VM Arguments:
jvm_args: -Djava.security.policy=java.policy.applet -Dfile.encoding=UTF-8 
java_command: sun.applet.AppletViewer module4.EarthquakeCityMap1457284429716.html
java_class_path (initial): /Users/intruder04/dev_projects/java/UCSDUnfoldingMaps/build:/Users/intruder04/dev_projects/java/UCSDUnfoldingMaps/lib/core.jar:/Users/intruder04/dev_projects/java/UCSDUnfoldingMaps/lib/gluegen-rt.jar:/Users/intruder04/dev_projects/java/UCSDUnfoldingMaps/lib/jogl-all.jar:/Users/intruder04/dev_projects/java/UCSDUnfoldingMaps/lib/log4j-1.2.15.jar:/Users/intruder04/dev_projects/java/UCSDUnfoldingMaps/lib/sqlite-jdbc-3.7.2.jar:/Users/intruder04/dev_projects/java/UCSDUnfoldingMaps/lib/json4processing.jar:/Users/intruder04/dev_projects/java/UCSDUnfoldingMaps/lib/libTUIO.jar:/Users/intruder04/dev_projects/java/UCSDUnfoldingMaps/lib/unfolding.0.9.7-uscd.jar
Launcher Type: SUN_STANDARD

Environment Variables:
PATH=/usr/bin:/bin:/usr/sbin:/sbin
SHELL=/bin/bash

Signal Handlers:
SIGSEGV: [libjvm.dylib+0x5a71a5], sa_mask[0]=11111111011111110111111111111111, sa_flags=SA_ONSTACK|SA_RESTART|SA_SIGINFO
SIGBUS: [libjvm.dylib+0x5a71a5], sa_mask[0]=11111111011111110111111111111111, sa_flags=SA_RESTART|SA_SIGINFO
SIGFPE: [libjvm.dylib+0x480eb4], sa_mask[0]=11111111011111110111111111111111, sa_flags=SA_RESTART|SA_SIGINFO
SIGPIPE: [libjvm.dylib+0x480eb4], sa_mask[0]=11111111011111110111111111111111, sa_flags=SA_RESTART|SA_SIGINFO
SIGXFSZ: [libjvm.dylib+0x480eb4], sa_mask[0]=11111111011111110111111111111111, sa_flags=SA_RESTART|SA_SIGINFO
SIGILL: [libjvm.dylib+0x480eb4], sa_mask[0]=11111111011111110111111111111111, sa_flags=SA_RESTART|SA_SIGINFO
SIGUSR1: SIG_DFL, sa_mask[0]=00000000000000000000000000000000, sa_flags=none
SIGUSR2: [libjvm.dylib+0x4809d2], sa_mask[0]=00100000000000000000000000000000, sa_flags=SA_RESTART|SA_SIGINFO
SIGHUP: [libjvm.dylib+0x47efa9], sa_mask[0]=11111111011111110111111111111111, sa_flags=SA_RESTART|SA_SIGINFO
SIGINT: [libjvm.dylib+0x47efa9], sa_mask[0]=11111111011111110111111111111111, sa_flags=SA_RESTART|SA_SIGINFO
SIGTERM: [libjvm.dylib+0x47efa9], sa_mask[0]=11111111011111110111111111111111, sa_flags=SA_RESTART|SA_SIGINFO
SIGQUIT: [libjvm.dylib+0x47efa9], sa_mask[0]=11111111011111110111111111111111, sa_flags=SA_RESTART|SA_SIGINFO


---------------  S Y S T E M  ---------------

OS:Bsduname:Darwin 15.3.0 Darwin Kernel Version 15.3.0: Thu Dec 10 18:40:58 PST 2015; root:xnu-3248.30.4~1/RELEASE_X86_64 x86_64
rlimit: STACK 8192k, CORE 0k, NPROC 709, NOFILE 10240, AS infinity
load average:2.26 1.90 1.82

CPU:total 4 (2 cores per cpu, 2 threads per core) family 6 model 69 stepping 1, cmov, cx8, fxsr, mmx, sse, sse2, sse3, ssse3, sse4.1, sse4.2, popcnt, avx, avx2, aes, clmul, erms, lzcnt, ht, tsc, tscinvbit, bmi1, bmi2

Memory: 4k page, physical 8388608k(872060k free)

/proc/meminfo:


vm_info: Java HotSpot(TM) 64-Bit Server VM (25.73-b02) for bsd-amd64 JRE (1.8.0_73-b02), built on Jan 29 2016 15:02:00 by "java_re" with gcc 4.2.1 (Based on Apple Inc. build 5658) (LLVM build 2336.11.00)

time: Sun Mar  6 20:14:17 2016
elapsed time: 27 seconds (0d 0h 0m 27s)

