#
# A fatal error has been detected by the Java Runtime Environment:
#
#  SIGSEGV (0xb) at pc=0x00007fff890044dd, pid=1872, tid=2571
#
# JRE version: Java(TM) SE Runtime Environment (8.0_73-b02) (build 1.8.0_73-b02)
# Java VM: Java HotSpot(TM) 64-Bit Server VM (25.73-b02 mixed mode bsd-amd64 compressed oops)
# Problematic frame:
# C  [libobjc.A.dylib+0x14dd]  objc_msgSend+0x1d
#
# Failed to write core dump. Core dumps have been disabled. To enable core dumping, try "ulimit -c unlimited" before starting Java again
#
# If you would like to submit a bug report, please visit:
#   http://bugreport.java.com/bugreport/crash.jsp
# The crash happened outside the Java Virtual Machine in native code.
# See problematic frame for where to report the bug.
#

---------------  T H R E A D  ---------------

Current thread (0x00007fea428e4000):  JavaThread "AWT-AppKit" daemon [_thread_in_native, id=2571, stack(0x00007fff598cb000,0x00007fff5a0cb000)]

siginfo: si_signo: 11 (SIGSEGV), si_code: 1 (SEGV_MAPERR), si_addr: 0x0000000000000018

Registers:
RAX=0x00007fea459a9c50, RBX=0x000000018298b450, RCX=0x000000011fb7a420, RDX=0x000000011fb7a400
RSP=0x00007fff5a0c6428, RBP=0x00007fff5a0c64e0, RSI=0x00007fff92d74d0e, RDI=0x00007fea45a821b0
R8 =0x0000000000000000, R9 =0x00000000000008c0, R10=0x00007fff92d74d0e, R11=0x0000000000000000
R12=0x0000000000000000, R13=0x0000000187818cb0, R14=0x000000018298b440, R15=0x00007fea428e4000
RIP=0x00007fff890044dd, EFLAGS=0x0000000000010246, ERR=0x0000000000000004
  TRAPNO=0x000000000000000e

Top of Stack: (sp=0x00007fff5a0c6428)
0x00007fff5a0c6428:   0000000182989157 00007fff5a0c6480
0x00007fff5a0c6438:   0000000000000003 00007fff5a0c6460
0x00007fff5a0c6448:   0000000105fa2646 0000000187818cb0
0x00007fff5a0c6458:   0000000187818cb0 00007fea459a9c50
0x00007fff5a0c6468:   000000018298b6a0 000000018298b710
0x00007fff5a0c6478:   00007fff762af770 00007fff774b0500
0x00007fff5a0c6488:   000000018298b450 000000018298b690
0x00007fff5a0c6498:   00007fea459a9c50 00007fea45a821b0
0x00007fff5a0c64a8:   00007fea4151c8b0 00007fea459a9c50
0x00007fff5a0c64b8:   00007fea45a821b0 00007fff5a0c6560
0x00007fff5a0c64c8:   00007fea428e41f8 0000000187818cb0
0x00007fff5a0c64d8:   00007fff5a0c6588 00007fff5a0c6550
0x00007fff5a0c64e8:   0000000107615954 00007fff5a0c6550
0x00007fff5a0c64f8:   00000001076156d9 0000000107621823
0x00007fff5a0c6508:   00000001076156a2 00007fff5a0c6510
0x00007fff5a0c6518:   0000000187818cb0 00007fff5a0c6588
0x00007fff5a0c6528:   000000018783c028 0000000000000000
0x00007fff5a0c6538:   0000000187818cb0 0000000000000000
0x00007fff5a0c6548:   00007fff5a0c6570 00007fff5a0c65d0
0x00007fff5a0c6558:   0000000107607c4d 0000000797961358
0x00007fff5a0c6568:   000000010760f578 00007fea459a9c50
0x00007fff5a0c6578:   0000000107610db9 00007fea45a821b0
0x00007fff5a0c6588:   0000000107610d82 00007fff5a0c6590
0x00007fff5a0c6598:   0000000187818e7a 00007fff5a0c65f8
0x00007fff5a0c65a8:   000000018783c028 0000000000000000
0x00007fff5a0c65b8:   0000000187818e88 00007fff5a0c6570
0x00007fff5a0c65c8:   00007fff5a0c65e0 00007fff5a0c6640
0x00007fff5a0c65d8:   0000000107607c4d 00007fea459a9c50
0x00007fff5a0c65e8:   000000079789f578 00007fea45a821b0
0x00007fff5a0c65f8:   000000079789f578 00007fff5a0c6600
0x00007fff5a0c6608:   000000018dc96da6 00007fff5a0c6650
0x00007fff5a0c6618:   000000018dc96e60 0000000000000000 

Instructions: (pc=0x00007fff890044dd)
0x00007fff890044bd:   44 00 00 48 85 ff 2e 74 62 40 f6 c7 01 2e 75 66
0x00007fff890044cd:   49 bb f8 ff ff ff ff 7f 00 00 4c 23 1f 49 89 f2
0x00007fff890044dd:   45 23 53 18 49 c1 e2 04 4d 03 53 10 49 3b 32 75
0x00007fff890044ed:   04 41 ff 62 08 49 83 3a 01 76 0d 49 83 c2 10 49 

Register to memory mapping:

RAX=0x00007fea459a9c50 is an unknown value
RBX=0x000000018298b450: Java_jogamp_nativewindow_macosx_OSXUtil_GetScreenRefreshRate0+0x1cf0 in /private/var/folders/zg/1l8q7jb960scm7wpq1kf74lm0000gn/T/jogamp_0000/file_cache/jln8466656762733176610/jln7610749866321788818/libnativewindow_macosx.jnilib at 0x0000000182984000
RCX=0x000000011fb7a420 is an unknown value
RDX=0x000000011fb7a400 is an unknown value
RSP=0x00007fff5a0c6428 is pointing into the stack for thread: 0x00007fea428e4000
RBP=0x00007fff5a0c64e0 is pointing into the stack for thread: 0x00007fea428e4000
RSI=0x00007fff92d74d0e is an unknown value
RDI=0x00007fea45a821b0 is an unknown value
R8 =0x0000000000000000 is an unknown value
R9 =0x00000000000008c0 is an unknown value
R10=0x00007fff92d74d0e is an unknown value
R11=0x0000000000000000 is an unknown value
R12=0x0000000000000000 is an unknown value
R13={method} {0x0000000187818cb0} 'UnsetJAWTRootSurfaceLayer0' '(JJ)V' in 'jogamp/nativewindow/jawt/macosx/MacOSXJAWTWindow'
R14=0x000000018298b440: Java_jogamp_nativewindow_macosx_OSXUtil_GetScreenRefreshRate0+0x1ce0 in /private/var/folders/zg/1l8q7jb960scm7wpq1kf74lm0000gn/T/jogamp_0000/file_cache/jln8466656762733176610/jln7610749866321788818/libnativewindow_macosx.jnilib at 0x0000000182984000
R15=0x00007fea428e4000 is a thread


Stack: [0x00007fff598cb000,0x00007fff5a0cb000],  sp=0x00007fff5a0c6428,  free space=8173k
Native frames: (J=compiled Java code, j=interpreted, Vv=VM code, C=native code)
C  [libobjc.A.dylib+0x14dd]  objc_msgSend+0x1d
j  jogamp.nativewindow.jawt.macosx.MacOSXJAWTWindow.UnsetJAWTRootSurfaceLayer0(JJ)V+0
j  jogamp.nativewindow.jawt.macosx.MacOSXJAWTWindow.access$200(JJ)V+2
j  jogamp.nativewindow.jawt.macosx.MacOSXJAWTWindow$1.run()V+38
j  com.jogamp.common.util.RunnableTask.run()V+24
v  ~StubRoutines::call_stub
V  [libjvm.dylib+0x2eae7a]  JavaCalls::call_helper(JavaValue*, methodHandle*, JavaCallArguments*, Thread*)+0x6ae
V  [libjvm.dylib+0x321f83]  jni_invoke_nonstatic(JNIEnv_*, JavaValue*, _jobject*, JNICallType, _jmethodID*, JNI_ArgumentPusher*, Thread*)+0x2ec
V  [libjvm.dylib+0x314757]  jni_CallVoidMethod+0x16b
C  [libnativewindow_macosx.jnilib+0x5326]  Java_jogamp_nativewindow_jawt_macosx_MacOSXJAWTWindow_UnsetJAWTRootSurfaceLayer0+0x2b6
C  [Foundation+0x8dd4b]  __NSThreadPerformPerform+0x117
C  [CoreFoundation+0x7e5c1]  __CFRUNLOOP_IS_CALLING_OUT_TO_A_SOURCE0_PERFORM_FUNCTION__+0x11
C  [CoreFoundation+0x70397]  __CFRunLoopDoSources0+0x1a7
C  [CoreFoundation+0x6f93f]  __CFRunLoopRun+0x39f
C  [CoreFoundation+0x6f338]  CFRunLoopRunSpecific+0x128
C  [HIToolbox+0x30935]  RunCurrentEventLoopInMode+0xeb
C  [HIToolbox+0x30677]  ReceiveNextEventCommon+0xb8
C  [HIToolbox+0x305af]  _BlockUntilNextEventMatchingListInModeWithFilter+0x47
C  [AppKit+0x8a0ee]  _DPSNextEvent+0x42b
C  [AppKit+0x456943]  -[NSApplication _nextEventMatchingEventMask:untilDate:inMode:dequeue:]+0x1c6
C  [libosxapp.dylib+0x23aa]  -[NSApplicationAWT nextEventMatchingMask:untilDate:inMode:dequeue:]+0x7c
C  [AppKit+0x7ffc8]  -[NSApplication run]+0x2aa
C  [libosxapp.dylib+0x214d]  +[NSApplicationAWT runAWTLoopWithApp:]+0x9c
C  [libawt_lwawt.dylib+0x4455b]  -[AWTStarter starter:]+0x389
C  [Foundation+0x8dd4b]  __NSThreadPerformPerform+0x117
C  [CoreFoundation+0x7e5c1]  __CFRUNLOOP_IS_CALLING_OUT_TO_A_SOURCE0_PERFORM_FUNCTION__+0x11
C  [CoreFoundation+0x7041c]  __CFRunLoopDoSources0+0x22c
C  [CoreFoundation+0x6f93f]  __CFRunLoopRun+0x39f
C  [CoreFoundation+0x6f338]  CFRunLoopRunSpecific+0x128
C  [java+0x6463]  CreateExecutionEnvironment+0x367
C  [java+0x21ac]  JLI_Launch+0x7a0
C  [java+0x84c0]  main+0x65
C  [java+0x1a04]  start+0x34
C  0x0000000000000007

Java frames: (J=compiled Java code, j=interpreted, Vv=VM code)
j  jogamp.nativewindow.jawt.macosx.MacOSXJAWTWindow.UnsetJAWTRootSurfaceLayer0(JJ)V+0
j  jogamp.nativewindow.jawt.macosx.MacOSXJAWTWindow.access$200(JJ)V+2
j  jogamp.nativewindow.jawt.macosx.MacOSXJAWTWindow$1.run()V+38
j  com.jogamp.common.util.RunnableTask.run()V+24
v  ~StubRoutines::call_stub

---------------  P R O C E S S  ---------------

Java Threads: ( => current thread )
  0x00007fea42dc5000 JavaThread "Thread-19" [_thread_blocked, id=67095, stack(0x0000700001a71000,0x0000700001b71000)]
  0x00007fea468fa800 JavaThread "Image Fetcher 1" daemon [_thread_blocked, id=64539, stack(0x0000700001b74000,0x0000700001c74000)]
  0x00007fea46864800 JavaThread "Image Fetcher 0" daemon [_thread_blocked, id=66563, stack(0x0000700001f80000,0x0000700002080000)]
  0x00007fea42d89000 JavaThread "Keep-Alive-Timer" daemon [_thread_blocked, id=66107, stack(0x0000700001e7d000,0x0000700001f7d000)]
  0x00007fea43007800 JavaThread "Animation Thread" [_thread_blocked, id=59663, stack(0x00007000017e8000,0x00007000018e8000)]
  0x00007fea41ae7000 JavaThread "AWT-EventQueue-1" [_thread_in_native, id=60191, stack(0x00007000018eb000,0x00007000019eb000)]
  0x00007fea42bbd800 JavaThread "DestroyJavaVM" [_thread_blocked, id=5891, stack(0x000070000011a000,0x000070000021a000)]
  0x00007fea4328c000 JavaThread "AWT-EventQueue-0" [_thread_blocked, id=56835, stack(0x00007000016e5000,0x00007000017e5000)]
  0x00007fea43235000 JavaThread "Java2D Disposer" daemon [_thread_blocked, id=53507, stack(0x000070000145c000,0x000070000155c000)]
  0x00007fea41963800 JavaThread "Java2D Queue Flusher" daemon [_thread_blocked, id=50439, stack(0x0000700001359000,0x0000700001459000)]
  0x00007fea42017000 JavaThread "AWT-Shutdown" [_thread_blocked, id=29971, stack(0x00007000011d3000,0x00007000012d3000)]
=>0x00007fea428e4000 JavaThread "AWT-AppKit" daemon [_thread_in_native, id=2571, stack(0x00007fff598cb000,0x00007fff5a0cb000)]
  0x00007fea43092800 JavaThread "Service Thread" daemon [_thread_blocked, id=18691, stack(0x0000700000e44000,0x0000700000f44000)]
  0x00007fea4307f000 JavaThread "C1 CompilerThread2" daemon [_thread_blocked, id=18179, stack(0x0000700000d41000,0x0000700000e41000)]
  0x00007fea4307e800 JavaThread "C2 CompilerThread1" daemon [_thread_blocked, id=17667, stack(0x0000700000c3e000,0x0000700000d3e000)]
  0x00007fea4307c000 JavaThread "C2 CompilerThread0" daemon [_thread_blocked, id=17155, stack(0x0000700000b3b000,0x0000700000c3b000)]
  0x00007fea4307b800 JavaThread "Signal Dispatcher" daemon [_thread_blocked, id=13839, stack(0x0000700000a38000,0x0000700000b38000)]
  0x00007fea4180a800 JavaThread "Finalizer" daemon [_thread_blocked, id=12291, stack(0x000070000082f000,0x000070000092f000)]
  0x00007fea43067800 JavaThread "Reference Handler" daemon [_thread_blocked, id=11779, stack(0x000070000072c000,0x000070000082c000)]

Other Threads:
  0x00007fea43064800 VMThread [stack: 0x0000700000629000,0x0000700000729000] [id=11267]
  0x00007fea42823800 WatcherThread [stack: 0x0000700000f47000,0x0000700001047000] [id=19203]

VM state:not at safepoint (normal execution)

VM Mutex/Monitor currently owned by a thread: None

Heap:
 PSYoungGen      total 38400K, used 13421K [0x0000000795580000, 0x0000000798000000, 0x00000007c0000000)
  eden space 33280K, 24% used [0x0000000795580000,0x0000000795d9eab0,0x0000000797600000)
  from space 5120K, 99% used [0x0000000797600000,0x0000000797afcb50,0x0000000797b00000)
  to   space 5120K, 0% used [0x0000000797b00000,0x0000000797b00000,0x0000000798000000)
 ParOldGen       total 87552K, used 12410K [0x0000000740000000, 0x0000000745580000, 0x0000000795580000)
  object space 87552K, 14% used [0x0000000740000000,0x0000000740c1eb50,0x0000000745580000)
 Metaspace       used 20759K, capacity 20981K, committed 21120K, reserved 1069056K
  class space    used 2050K, capacity 2144K, committed 2176K, reserved 1048576K

Card table byte_map: [0x00000001169c0000,0x0000000116dc1000] byte_map_base: 0x0000000112fc0000

Marking Bits: (ParMarkBitMap*) 0x0000000106694ea0
 Begin Bits: [0x000000011706c000, 0x000000011906c000)
 End Bits:   [0x000000011906c000, 0x000000011b06c000)

Polling page: 0x0000000106d85000

CodeCache: size=245760Kb used=8257Kb max_used=8257Kb free=237502Kb
 bounds [0x0000000107600000, 0x0000000107e20000, 0x0000000116600000]
 total_blobs=3157 nmethods=2270 adapters=801
 compilation: enabled

Compilation events (10 events):
Event: 6.774 Thread 0x00007fea4307f000 2266       3       java.util.jar.JarFile::access$200 (5 bytes)
Event: 6.774 Thread 0x00007fea4307f000 nmethod 2266 0x0000000107e0ee90 code [0x0000000107e0f000, 0x0000000107e0f168]
Event: 6.791 Thread 0x00007fea4307e800 2267  s    4       sun.misc.URLClassPath::getNextLoader (88 bytes)
Event: 6.797 Thread 0x00007fea4307f000 2268   !   3       sun.misc.URLClassPath$JarLoader::getResource (349 bytes)
Event: 6.801 Thread 0x00007fea4307e800 nmethod 2267 0x0000000107e0e090 code [0x0000000107e0e200, 0x0000000107e0e978]
Event: 6.802 Thread 0x00007fea4307f000 nmethod 2268 0x0000000107e168d0 code [0x0000000107e16d40, 0x0000000107e19298]
Event: 6.802 Thread 0x00007fea4307f000 2269       3       sun.misc.JarIndex::get (49 bytes)
Event: 6.803 Thread 0x00007fea4307f000 nmethod 2269 0x0000000107e15b50 code [0x0000000107e15d20, 0x0000000107e16598]
Event: 6.803 Thread 0x00007fea4307f000 2270       3       java.util.IdentityHashMap::hash (18 bytes)
Event: 6.803 Thread 0x00007fea4307f000 nmethod 2270 0x0000000107e157d0 code [0x0000000107e15940, 0x0000000107e15ac8]

GC Heap History (6 events):
Event: 2.356 GC heap before
{Heap before GC invocations=1 (full 0):
 PSYoungGen      total 38400K, used 33280K [0x0000000795580000, 0x0000000798000000, 0x00000007c0000000)
  eden space 33280K, 100% used [0x0000000795580000,0x0000000797600000,0x0000000797600000)
  from space 5120K, 0% used [0x0000000797b00000,0x0000000797b00000,0x0000000798000000)
  to   space 5120K, 0% used [0x0000000797600000,0x0000000797600000,0x0000000797b00000)
 ParOldGen       total 87552K, used 0K [0x0000000740000000, 0x0000000745580000, 0x0000000795580000)
  object space 87552K, 0% used [0x0000000740000000,0x0000000740000000,0x0000000745580000)
 Metaspace       used 15819K, capacity 16031K, committed 16384K, reserved 1064960K
  class space    used 1602K, capacity 1693K, committed 1792K, reserved 1048576K
Event: 2.363 GC heap after
Heap after GC invocations=1 (full 0):
 PSYoungGen      total 38400K, used 5030K [0x0000000795580000, 0x0000000798000000, 0x00000007c0000000)
  eden space 33280K, 0% used [0x0000000795580000,0x0000000795580000,0x0000000797600000)
  from space 5120K, 98% used [0x0000000797600000,0x0000000797ae98c8,0x0000000797b00000)
  to   space 5120K, 0% used [0x0000000797b00000,0x0000000797b00000,0x0000000798000000)
 ParOldGen       total 87552K, used 8K [0x0000000740000000, 0x0000000745580000, 0x0000000795580000)
  object space 87552K, 0% used [0x0000000740000000,0x0000000740002000,0x0000000745580000)
 Metaspace       used 15819K, capacity 16031K, committed 16384K, reserved 1064960K
  class space    used 1602K, capacity 1693K, committed 1792K, reserved 1048576K
}
Event: 3.708 GC heap before
{Heap before GC invocations=2 (full 0):
 PSYoungGen      total 38400K, used 38200K [0x0000000795580000, 0x0000000798000000, 0x00000007c0000000)
  eden space 33280K, 99% used [0x0000000795580000,0x00000007975e4830,0x0000000797600000)
  from space 5120K, 98% used [0x0000000797600000,0x0000000797ae98c8,0x0000000797b00000)
  to   space 5120K, 0% used [0x0000000797b00000,0x0000000797b00000,0x0000000798000000)
 ParOldGen       total 87552K, used 8K [0x0000000740000000, 0x0000000745580000, 0x0000000795580000)
  object space 87552K, 0% used [0x0000000740000000,0x0000000740002000,0x0000000745580000)
 Metaspace       used 20157K, capacity 20357K, committed 20608K, reserved 1067008K
  class space    used 2040K, capacity 2110K, committed 2176K, reserved 1048576K
Event: 3.722 GC heap after
Heap after GC invocations=2 (full 0):
 PSYoungGen      total 38400K, used 5090K [0x0000000795580000, 0x0000000798000000, 0x00000007c0000000)
  eden space 33280K, 0% used [0x0000000795580000,0x0000000795580000,0x0000000797600000)
  from space 5120K, 99% used [0x0000000797b00000,0x0000000797ff8b60,0x0000000798000000)
  to   space 5120K, 0% used [0x0000000797600000,0x0000000797600000,0x0000000797b00000)
 ParOldGen       total 87552K, used 9226K [0x0000000740000000, 0x0000000745580000, 0x0000000795580000)
  object space 87552K, 10% used [0x0000000740000000,0x0000000740902a90,0x0000000745580000)
 Metaspace       used 20157K, capacity 20357K, committed 20608K, reserved 1067008K
  class space    used 2040K, capacity 2110K, committed 2176K, reserved 1048576K
}
Event: 5.904 GC heap before
{Heap before GC invocations=3 (full 0):
 PSYoungGen      total 38400K, used 38370K [0x0000000795580000, 0x0000000798000000, 0x00000007c0000000)
  eden space 33280K, 100% used [0x0000000795580000,0x0000000797600000,0x0000000797600000)
  from space 5120K, 99% used [0x0000000797b00000,0x0000000797ff8b60,0x0000000798000000)
  to   space 5120K, 0% used [0x0000000797600000,0x0000000797600000,0x0000000797b00000)
 ParOldGen       total 87552K, used 9226K [0x0000000740000000, 0x0000000745580000, 0x0000000795580000)
  object space 87552K, 10% used [0x0000000740000000,0x0000000740902a90,0x0000000745580000)
 Metaspace       used 20667K, capacity 20885K, committed 21120K, reserved 1069056K
  class space    used 2042K, capacity 2112K, committed 2176K, reserved 1048576K
Event: 5.913 GC heap after
Heap after GC invocations=3 (full 0):
 PSYoungGen      total 38400K, used 5106K [0x0000000795580000, 0x0000000798000000, 0x00000007c0000000)
  eden space 33280K, 0% used [0x0000000795580000,0x0000000795580000,0x0000000797600000)
  from space 5120K, 99% used [0x0000000797600000,0x0000000797afcb50,0x0000000797b00000)
  to   space 5120K, 0% used [0x0000000797b00000,0x0000000797b00000,0x0000000798000000)
 ParOldGen       total 87552K, used 12410K [0x0000000740000000, 0x0000000745580000, 0x0000000795580000)
  object space 87552K, 14% used [0x0000000740000000,0x0000000740c1eb50,0x0000000745580000)
 Metaspace       used 20667K, capacity 20885K, committed 21120K, reserved 1069056K
  class space    used 2042K, capacity 2112K, committed 2176K, reserved 1048576K
}

Deoptimization events (10 events):
Event: 2.123 Thread 0x00007fea43007800 Uncommon trap: reason=unstable_if action=reinterpret pc=0x00000001077cf70c method=java.lang.String.indexOf([CII[CIII)I @ 3
Event: 2.125 Thread 0x00007fea43007800 Uncommon trap: reason=bimorphic action=maybe_recompile pc=0x0000000107876428 method=java.util.HashMap.getNode(ILjava/lang/Object;)Ljava/util/HashMap$Node; @ 126
Event: 2.125 Thread 0x00007fea43007800 Uncommon trap: reason=bimorphic action=maybe_recompile pc=0x0000000107876428 method=java.util.HashMap.getNode(ILjava/lang/Object;)Ljava/util/HashMap$Node; @ 126
Event: 2.126 Thread 0x00007fea43007800 Uncommon trap: reason=bimorphic action=maybe_recompile pc=0x0000000107876428 method=java.util.HashMap.getNode(ILjava/lang/Object;)Ljava/util/HashMap$Node; @ 126
Event: 2.920 Thread 0x00007fea41ae7000 Uncommon trap: reason=unstable_if action=reinterpret pc=0x00000001077b8a6c method=java.lang.AbstractStringBuilder.append(Ljava/lang/String;)Ljava/lang/AbstractStringBuilder; @ 1
Event: 3.345 Thread 0x00007fea41ae7000 Uncommon trap: reason=unstable_if action=reinterpret pc=0x0000000107a1af2c method=com.sun.org.apache.xerces.internal.dom.DeferredDocumentImpl.ensureCapacity(I)V @ 88
Event: 3.348 Thread 0x00007fea41ae7000 Uncommon trap: reason=class_check action=maybe_recompile pc=0x0000000107a23688 method=com.sun.org.apache.xerces.internal.impl.XMLDocumentScannerImpl.next()I @ 4
Event: 3.511 Thread 0x00007fea41ae7000 Uncommon trap: reason=unstable_if action=reinterpret pc=0x0000000107a901fc method=com.jogamp.common.util.IntIntHashMap.get(I)I @ 28
Event: 3.591 Thread 0x00007fea41ae7000 Uncommon trap: reason=unstable_if action=reinterpret pc=0x0000000107ae7e68 method=processing.opengl.PGraphicsOpenGL$InGeometry.addVertex(FFFIFFFFFIFIIIFIZ)I @ 218
Event: 6.768 Thread 0x00007fea419d5800 Uncommon trap: reason=unstable_if action=reinterpret pc=0x0000000107b24ee4 method=java.util.HashMap.putVal(ILjava/lang/Object;Ljava/lang/Object;ZZ)Ljava/lang/Object; @ 81

Internal exceptions (10 events):
Event: 0.224 Thread 0x00007fea43007800 Exception <a 'java/lang/NoSuchFieldError': method resolution failed> (0x0000000795879e28) thrown at [/HUDSON3/workspace/8-2-build-macosx-x86_64/jdk8u73/6086/hotspot/src/share/vm/prims/methodHandles.cpp, line 1146]
Event: 0.226 Thread 0x00007fea43007800 Exception <a 'java/lang/NoSuchFieldError': method resolution failed> (0x00000007958875f8) thrown at [/HUDSON3/workspace/8-2-build-macosx-x86_64/jdk8u73/6086/hotspot/src/share/vm/prims/methodHandles.cpp, line 1146]
Event: 0.460 Thread 0x00007fea43007800 Exception <a 'java/io/FileNotFoundException'> (0x0000000795903658) thrown at [/HUDSON3/workspace/8-2-build-macosx-x86_64/jdk8u73/6086/hotspot/src/share/vm/prims/jni.cpp, line 709]
Event: 0.460 Thread 0x00007fea43007800 Exception <a 'java/io/FileNotFoundException'> (0x00000007959041c0) thrown at [/HUDSON3/workspace/8-2-build-macosx-x86_64/jdk8u73/6086/hotspot/src/share/vm/prims/jni.cpp, line 709]
Event: 0.602 Thread 0x00007fea43007800 Exception <a 'java/io/FileNotFoundException'> (0x0000000795ae98b0) thrown at [/HUDSON3/workspace/8-2-build-macosx-x86_64/jdk8u73/6086/hotspot/src/share/vm/prims/jni.cpp, line 709]
Event: 2.140 Thread 0x00007fea43007800 Exception <a 'java/lang/UnsatisfiedLinkError': com.jogamp.common.util.JarUtil.fixNativeLibAttribs(Ljava/lang/String;)Z> (0x0000000796d2cb10) thrown at [/HUDSON3/workspace/8-2-build-macosx-x86_64/jdk8u73/6086/hotspot/src/share/vm/prims/nativeLookup.cpp, li
Event: 2.364 Thread 0x00007fea4180a800 Exception <a 'java/lang/NullPointerException'> (0x00000007956a3b98) thrown at [/HUDSON3/workspace/8-2-build-macosx-x86_64/jdk8u73/6086/hotspot/src/share/vm/interpreter/linkResolver.cpp, line 1178]
Event: 2.920 Thread 0x00007fea41ae7000 Exception <a 'java/io/FileNotFoundException'> (0x00000007960e7cd0) thrown at [/HUDSON3/workspace/8-2-build-macosx-x86_64/jdk8u73/6086/hotspot/src/share/vm/prims/jni.cpp, line 709]
Event: 2.920 Thread 0x00007fea41ae7000 Exception <a 'java/io/FileNotFoundException'> (0x00000007960ef290) thrown at [/HUDSON3/workspace/8-2-build-macosx-x86_64/jdk8u73/6086/hotspot/src/share/vm/prims/jni.cpp, line 709]
Event: 2.920 Thread 0x00007fea41ae7000 Implicit null exception at 0x00000001077b86f5 to 0x00000001077b8a59

Events (10 events):
Event: 6.797 loading class jogamp/nativewindow/jawt/macosx/MacOSXJAWTWindow$1 done
Event: 6.800 loading class java/awt/LightweightDispatcher$2
Event: 6.800 loading class java/awt/LightweightDispatcher$2 done
Event: 6.800 loading class java/awt/event/AWTEventListenerProxy
Event: 6.800 loading class java/awt/event/AWTEventListenerProxy done
Event: 6.800 loading class java/awt/Toolkit$ToolkitEventMulticaster
Event: 6.800 loading class java/awt/Toolkit$ToolkitEventMulticaster done
Event: 6.801 Thread 0x00007fea419d5800 Thread exited: 0x00007fea419d5800
Event: 6.801 loading class java/awt/Window$1DisposeAction
Event: 6.801 loading class java/awt/Window$1DisposeAction done


Dynamic libraries:
0x00000000031f9000 	/System/Library/Frameworks/Cocoa.framework/Versions/A/Cocoa
0x00000000031f9000 	/System/Library/Frameworks/Security.framework/Versions/A/Security
0x00000000031f9000 	/System/Library/Frameworks/ApplicationServices.framework/Versions/A/ApplicationServices
0x00000000031f9000 	/usr/lib/libz.1.dylib
0x00000000031f9000 	/usr/lib/libSystem.B.dylib
0x00000000031f9000 	/usr/lib/libobjc.A.dylib
0x00000000031f9000 	/System/Library/Frameworks/CoreFoundation.framework/Versions/A/CoreFoundation
0x00000000031f9000 	/System/Library/Frameworks/Foundation.framework/Versions/C/Foundation
0x00000000031f9000 	/System/Library/Frameworks/AppKit.framework/Versions/C/AppKit
0x00000000031f9000 	/System/Library/Frameworks/CoreData.framework/Versions/A/CoreData
0x00000000031f9000 	/System/Library/PrivateFrameworks/RemoteViewServices.framework/Versions/A/RemoteViewServices
0x00000000031f9000 	/System/Library/PrivateFrameworks/UIFoundation.framework/Versions/A/UIFoundation
0x00000000031f9000 	/usr/lib/libScreenReader.dylib
0x00000000031f9000 	/System/Library/Frameworks/Accelerate.framework/Versions/A/Accelerate
0x00000000031f9000 	/System/Library/Frameworks/IOSurface.framework/Versions/A/IOSurface
0x00000000031f9000 	/System/Library/Frameworks/AudioToolbox.framework/Versions/A/AudioToolbox
0x00000000031f9000 	/System/Library/Frameworks/AudioUnit.framework/Versions/A/AudioUnit
0x00000000031f9000 	/System/Library/PrivateFrameworks/DataDetectorsCore.framework/Versions/A/DataDetectorsCore
0x00000000031f9000 	/System/Library/PrivateFrameworks/DesktopServicesPriv.framework/Versions/A/DesktopServicesPriv
0x00000000031f9000 	/System/Library/Frameworks/Carbon.framework/Versions/A/Frameworks/HIToolbox.framework/Versions/A/HIToolbox
0x00000000031f9000 	/System/Library/Frameworks/QuartzCore.framework/Versions/A/QuartzCore
0x00000000031f9000 	/System/Library/Frameworks/Carbon.framework/Versions/A/Frameworks/SpeechRecognition.framework/Versions/A/SpeechRecognition
0x00000000031f9000 	/usr/lib/libauto.dylib
0x00000000031f9000 	/usr/lib/libicucore.A.dylib
0x00000000031f9000 	/usr/lib/libxml2.2.dylib
0x00000000031f9000 	/System/Library/PrivateFrameworks/CoreUI.framework/Versions/A/CoreUI
0x00000000031f9000 	/System/Library/Frameworks/CoreAudio.framework/Versions/A/CoreAudio
0x00000000031f9000 	/System/Library/Frameworks/DiskArbitration.framework/Versions/A/DiskArbitration
0x00000000031f9000 	/usr/lib/liblangid.dylib
0x00000000031f9000 	/System/Library/PrivateFrameworks/MultitouchSupport.framework/Versions/A/MultitouchSupport
0x00000000031f9000 	/System/Library/Frameworks/IOKit.framework/Versions/A/IOKit
0x00000000031f9000 	/usr/lib/libDiagnosticMessagesClient.dylib
0x00000000031f9000 	/System/Library/Frameworks/CoreServices.framework/Versions/A/CoreServices
0x00000000031f9000 	/System/Library/PrivateFrameworks/PerformanceAnalysis.framework/Versions/A/PerformanceAnalysis
0x00000000031f9000 	/System/Library/PrivateFrameworks/GenerationalStorage.framework/Versions/A/GenerationalStorage
0x00000000031f9000 	/System/Library/Frameworks/OpenGL.framework/Versions/A/OpenGL
0x00000000031f9000 	/System/Library/PrivateFrameworks/Sharing.framework/Versions/A/Sharing
0x00000000031f9000 	/System/Library/Frameworks/CoreGraphics.framework/Versions/A/CoreGraphics
0x00000000031f9000 	/System/Library/Frameworks/CoreImage.framework/Versions/A/CoreImage
0x00000000031f9000 	/System/Library/Frameworks/CoreText.framework/Versions/A/CoreText
0x00000000031f9000 	/System/Library/Frameworks/ImageIO.framework/Versions/A/ImageIO
0x00000000031f9000 	/System/Library/PrivateFrameworks/Backup.framework/Versions/A/Backup
0x00000000031f9000 	/usr/lib/libextension.dylib
0x00000000031f9000 	/usr/lib/libarchive.2.dylib
0x00000000031f9000 	/System/Library/Frameworks/CFNetwork.framework/Versions/A/CFNetwork
0x00000000031f9000 	/System/Library/Frameworks/SystemConfiguration.framework/Versions/A/SystemConfiguration
0x00000000031f9000 	/usr/lib/libCRFSuite.dylib
0x00000000031f9000 	/usr/lib/libc++.1.dylib
0x00000000031f9000 	/usr/lib/libc++abi.dylib
0x00000000031f9000 	/usr/lib/system/libcache.dylib
0x00000000031f9000 	/usr/lib/system/libcommonCrypto.dylib
0x00000000031f9000 	/usr/lib/system/libcompiler_rt.dylib
0x00000000031f9000 	/usr/lib/system/libcopyfile.dylib
0x00000000031f9000 	/usr/lib/system/libcorecrypto.dylib
0x00000000031f9000 	/usr/lib/system/libdispatch.dylib
0x00000000031f9000 	/usr/lib/system/libdyld.dylib
0x00000000031f9000 	/usr/lib/system/libkeymgr.dylib
0x00000000031f9000 	/usr/lib/system/liblaunch.dylib
0x00000000031f9000 	/usr/lib/system/libmacho.dylib
0x00000000031f9000 	/usr/lib/system/libquarantine.dylib
0x00000000031f9000 	/usr/lib/system/libremovefile.dylib
0x00000000031f9000 	/usr/lib/system/libsystem_asl.dylib
0x00000000031f9000 	/usr/lib/system/libsystem_blocks.dylib
0x00000000031f9000 	/usr/lib/system/libsystem_c.dylib
0x00000000031f9000 	/usr/lib/system/libsystem_configuration.dylib
0x00000000031f9000 	/usr/lib/system/libsystem_coreservices.dylib
0x00000000031f9000 	/usr/lib/system/libsystem_coretls.dylib
0x00000000031f9000 	/usr/lib/system/libsystem_dnssd.dylib
0x00000000031f9000 	/usr/lib/system/libsystem_info.dylib
0x00000000031f9000 	/usr/lib/system/libsystem_kernel.dylib
0x00000000031f9000 	/usr/lib/system/libsystem_m.dylib
0x00000000031f9000 	/usr/lib/system/libsystem_malloc.dylib
0x00000000031f9000 	/usr/lib/system/libsystem_network.dylib
0x00000000031f9000 	/usr/lib/system/libsystem_networkextension.dylib
0x00000000031f9000 	/usr/lib/system/libsystem_notify.dylib
0x00000000031f9000 	/usr/lib/system/libsystem_platform.dylib
0x00000000031f9000 	/usr/lib/system/libsystem_pthread.dylib
0x00000000031f9000 	/usr/lib/system/libsystem_sandbox.dylib
0x00000000031f9000 	/usr/lib/system/libsystem_secinit.dylib
0x00000000031f9000 	/usr/lib/system/libsystem_trace.dylib
0x00000000031f9000 	/usr/lib/system/libunc.dylib
0x00000000031f9000 	/usr/lib/system/libunwind.dylib
0x00000000031f9000 	/usr/lib/system/libxpc.dylib
0x00000000031f9000 	/usr/lib/libenergytrace.dylib
0x00000000031f9000 	/usr/lib/libbsm.0.dylib
0x00000000031f9000 	/usr/lib/system/libkxld.dylib
0x00000000031f9000 	/usr/lib/libxar.1.dylib
0x00000000031f9000 	/usr/lib/libsqlite3.dylib
0x00000000031f9000 	/usr/lib/libpam.2.dylib
0x00000000031f9000 	/usr/lib/libOpenScriptingUtil.dylib
0x00000000031f9000 	/usr/lib/libbz2.1.0.dylib
0x00000000031f9000 	/usr/lib/liblzma.5.dylib
0x00000000031f9000 	/System/Library/Frameworks/CoreServices.framework/Versions/A/Frameworks/FSEvents.framework/Versions/A/FSEvents
0x00000000031f9000 	/System/Library/Frameworks/CoreServices.framework/Versions/A/Frameworks/CarbonCore.framework/Versions/A/CarbonCore
0x00000000031f9000 	/System/Library/Frameworks/CoreServices.framework/Versions/A/Frameworks/Metadata.framework/Versions/A/Metadata
0x00000000031f9000 	/System/Library/Frameworks/CoreServices.framework/Versions/A/Frameworks/OSServices.framework/Versions/A/OSServices
0x00000000031f9000 	/System/Library/Frameworks/CoreServices.framework/Versions/A/Frameworks/SearchKit.framework/Versions/A/SearchKit
0x00000000031f9000 	/System/Library/Frameworks/CoreServices.framework/Versions/A/Frameworks/AE.framework/Versions/A/AE
0x00000000031f9000 	/System/Library/Frameworks/CoreServices.framework/Versions/A/Frameworks/LaunchServices.framework/Versions/A/LaunchServices
0x00000000031f9000 	/System/Library/Frameworks/CoreServices.framework/Versions/A/Frameworks/DictionaryServices.framework/Versions/A/DictionaryServices
0x00000000031f9000 	/System/Library/Frameworks/CoreServices.framework/Versions/A/Frameworks/SharedFileList.framework/Versions/A/SharedFileList
0x00000000031f9000 	/System/Library/Frameworks/NetFS.framework/Versions/A/NetFS
0x00000000031f9000 	/System/Library/PrivateFrameworks/NetAuth.framework/Versions/A/NetAuth
0x00000000031f9000 	/System/Library/PrivateFrameworks/login.framework/Versions/A/Frameworks/loginsupport.framework/Versions/A/loginsupport
0x00000000031f9000 	/System/Library/PrivateFrameworks/TCC.framework/Versions/A/TCC
0x00000000031f9000 	/usr/lib/libmecabra.dylib
0x00000000031f9000 	/System/Library/Frameworks/ApplicationServices.framework/Versions/A/Frameworks/ATS.framework/Versions/A/ATS
0x00000000031f9000 	/System/Library/Frameworks/ApplicationServices.framework/Versions/A/Frameworks/ColorSync.framework/Versions/A/ColorSync
0x00000000031f9000 	/System/Library/Frameworks/ApplicationServices.framework/Versions/A/Frameworks/HIServices.framework/Versions/A/HIServices
0x00000000031f9000 	/System/Library/Frameworks/ApplicationServices.framework/Versions/A/Frameworks/LangAnalysis.framework/Versions/A/LangAnalysis
0x00000000031f9000 	/System/Library/Frameworks/ApplicationServices.framework/Versions/A/Frameworks/PrintCore.framework/Versions/A/PrintCore
0x00000000031f9000 	/System/Library/Frameworks/ApplicationServices.framework/Versions/A/Frameworks/QD.framework/Versions/A/QD
0x00000000031f9000 	/System/Library/Frameworks/ApplicationServices.framework/Versions/A/Frameworks/SpeechSynthesis.framework/Versions/A/SpeechSynthesis
0x00000000031f9000 	/System/Library/Frameworks/Metal.framework/Versions/A/Metal
0x00000000031f9000 	/System/Library/Frameworks/Accelerate.framework/Versions/A/Frameworks/vImage.framework/Versions/A/vImage
0x00000000031f9000 	/System/Library/Frameworks/Accelerate.framework/Versions/A/Frameworks/vecLib.framework/Versions/A/vecLib
0x00000000031f9000 	/System/Library/Frameworks/Accelerate.framework/Versions/A/Frameworks/vecLib.framework/Versions/A/libvDSP.dylib
0x00000000031f9000 	/System/Library/Frameworks/Accelerate.framework/Versions/A/Frameworks/vecLib.framework/Versions/A/libvMisc.dylib
0x00000000031f9000 	/System/Library/Frameworks/Accelerate.framework/Versions/A/Frameworks/vecLib.framework/Versions/A/libLAPACK.dylib
0x00000000031f9000 	/System/Library/Frameworks/Accelerate.framework/Versions/A/Frameworks/vecLib.framework/Versions/A/libBLAS.dylib
0x00000000031f9000 	/System/Library/Frameworks/Accelerate.framework/Versions/A/Frameworks/vecLib.framework/Versions/A/libLinearAlgebra.dylib
0x00000000031f9000 	/System/Library/Frameworks/Accelerate.framework/Versions/A/Frameworks/vecLib.framework/Versions/A/libSparseBLAS.dylib
0x00000000031f9000 	/System/Library/PrivateFrameworks/GPUCompiler.framework/libmetal_timestamp.dylib
0x00000000031f9000 	/System/Library/Frameworks/OpenGL.framework/Versions/A/Libraries/libCoreFSCache.dylib
0x00000000031f9000 	/System/Library/PrivateFrameworks/IOAccelerator.framework/Versions/A/IOAccelerator
0x00000000031f9000 	/System/Library/Frameworks/ApplicationServices.framework/Versions/A/Frameworks/ATS.framework/Versions/A/Resources/libFontParser.dylib
0x00000000031f9000 	/System/Library/Frameworks/ApplicationServices.framework/Versions/A/Frameworks/ATS.framework/Versions/A/Resources/libFontRegistry.dylib
0x00000000031f9000 	/System/Library/PrivateFrameworks/AppleVPA.framework/Versions/A/AppleVPA
0x00000000031f9000 	/System/Library/PrivateFrameworks/AppleJPEG.framework/Versions/A/AppleJPEG
0x00000000031f9000 	/System/Library/Frameworks/ImageIO.framework/Versions/A/Resources/libJPEG.dylib
0x00000000031f9000 	/System/Library/Frameworks/ImageIO.framework/Versions/A/Resources/libTIFF.dylib
0x00000000031f9000 	/System/Library/Frameworks/ImageIO.framework/Versions/A/Resources/libPng.dylib
0x00000000031f9000 	/System/Library/Frameworks/ImageIO.framework/Versions/A/Resources/libGIF.dylib
0x00000000031f9000 	/System/Library/Frameworks/ImageIO.framework/Versions/A/Resources/libJP2.dylib
0x00000000031f9000 	/System/Library/Frameworks/ImageIO.framework/Versions/A/Resources/libRadiance.dylib
0x00000000031f9000 	/System/Library/Frameworks/CoreVideo.framework/Versions/A/CoreVideo
0x00000000031f9000 	/System/Library/Frameworks/OpenGL.framework/Versions/A/Libraries/libGLU.dylib
0x00000000031f9000 	/System/Library/Frameworks/OpenGL.framework/Versions/A/Libraries/libGFXShared.dylib
0x00000000031f9000 	/System/Library/Frameworks/OpenGL.framework/Versions/A/Libraries/libGL.dylib
0x00000000031f9000 	/System/Library/Frameworks/OpenGL.framework/Versions/A/Libraries/libGLImage.dylib
0x00000000031f9000 	/System/Library/Frameworks/OpenGL.framework/Versions/A/Libraries/libCVMSPluginSupport.dylib
0x00000000031f9000 	/System/Library/Frameworks/OpenGL.framework/Versions/A/Libraries/libCoreVMClient.dylib
0x00000000031f9000 	/usr/lib/libcups.2.dylib
0x00000000031f9000 	/System/Library/Frameworks/Kerberos.framework/Versions/A/Kerberos
0x00000000031f9000 	/System/Library/Frameworks/GSS.framework/Versions/A/GSS
0x00000000031f9000 	/usr/lib/libresolv.9.dylib
0x00000000031f9000 	/usr/lib/libiconv.2.dylib
0x00000000031f9000 	/System/Library/PrivateFrameworks/Heimdal.framework/Versions/A/Heimdal
0x00000000031f9000 	/usr/lib/libheimdal-asn1.dylib
0x00000000031f9000 	/System/Library/Frameworks/OpenDirectory.framework/Versions/A/OpenDirectory
0x00000000031f9000 	/System/Library/PrivateFrameworks/CommonAuth.framework/Versions/A/CommonAuth
0x00000000031f9000 	/System/Library/Frameworks/OpenDirectory.framework/Versions/A/Frameworks/CFOpenDirectory.framework/Versions/A/CFOpenDirectory
0x00000000031f9000 	/System/Library/Frameworks/SecurityFoundation.framework/Versions/A/SecurityFoundation
0x00000000031f9000 	/System/Library/PrivateFrameworks/LanguageModeling.framework/Versions/A/LanguageModeling
0x00000000031f9000 	/usr/lib/libmarisa.dylib
0x00000000031f9000 	/usr/lib/libChineseTokenizer.dylib
0x00000000031f9000 	/usr/lib/libcmph.dylib
0x00000000031f9000 	/usr/lib/libcompression.dylib
0x00000000031f9000 	/System/Library/Frameworks/ServiceManagement.framework/Versions/A/ServiceManagement
0x00000000031f9000 	/usr/lib/libxslt.1.dylib
0x00000000031f9000 	/System/Library/Frameworks/Carbon.framework/Versions/A/Frameworks/Ink.framework/Versions/A/Ink
0x00000000031f9000 	/usr/lib/libFosl_dynamic.dylib
0x00000000031f9000 	/System/Library/PrivateFrameworks/FaceCore.framework/Versions/A/FaceCore
0x00000000031f9000 	/System/Library/Frameworks/OpenCL.framework/Versions/A/OpenCL
0x00000000031f9000 	/System/Library/PrivateFrameworks/CrashReporterSupport.framework/Versions/A/CrashReporterSupport
0x00000000031f9000 	/System/Library/PrivateFrameworks/IconServices.framework/Versions/A/IconServices
0x00000000031f9000 	/System/Library/PrivateFrameworks/Apple80211.framework/Versions/A/Apple80211
0x00000000031f9000 	/System/Library/Frameworks/CoreWLAN.framework/Versions/A/CoreWLAN
0x00000000031f9000 	/System/Library/Frameworks/IOBluetooth.framework/Versions/A/IOBluetooth
0x00000000031f9000 	/System/Library/PrivateFrameworks/CoreWiFi.framework/Versions/A/CoreWiFi
0x00000000031f9000 	/System/Library/Frameworks/CoreBluetooth.framework/Versions/A/CoreBluetooth
0x00000000031f9000 	/System/Library/PrivateFrameworks/ChunkingLibrary.framework/Versions/A/ChunkingLibrary
0x00000000031f9000 	/System/Library/PrivateFrameworks/DebugSymbols.framework/Versions/A/DebugSymbols
0x00000000031f9000 	/System/Library/PrivateFrameworks/CoreSymbolication.framework/Versions/A/CoreSymbolication
0x00000000031f9000 	/System/Library/PrivateFrameworks/Symbolication.framework/Versions/A/Symbolication
0x00000000031f9000 	/System/Library/PrivateFrameworks/SpeechRecognitionCore.framework/Versions/A/SpeechRecognitionCore
0x0000000105db1000 	/Library/Java/JavaVirtualMachines/jdk1.8.0_73.jdk/Contents/Home/jre/lib/server/libjvm.dylib
0x00000000031f9000 	/usr/lib/libstdc++.6.dylib
0x0000000106d42000 	/Library/Java/JavaVirtualMachines/jdk1.8.0_73.jdk/Contents/Home/jre/lib/libverify.dylib
0x0000000106d50000 	/Library/Java/JavaVirtualMachines/jdk1.8.0_73.jdk/Contents/Home/jre/lib/libjava.dylib
0x0000000106d8f000 	/Library/Java/JavaVirtualMachines/jdk1.8.0_73.jdk/Contents/Home/jre/lib/libzip.dylib
0x000000011cf12000 	/System/Library/Frameworks/JavaVM.framework/Frameworks/JavaRuntimeSupport.framework/JavaRuntimeSupport
0x0000000106de9000 	/System/Library/Frameworks/JavaVM.framework/Versions/A/Frameworks/JavaNativeFoundation.framework/Versions/A/JavaNativeFoundation
0x000000011cf2d000 	/System/Library/Frameworks/JavaVM.framework/Versions/A/JavaVM
0x00000000031f9000 	/System/Library/Frameworks/Carbon.framework/Versions/A/Carbon
0x000000011cf3a000 	/System/Library/PrivateFrameworks/JavaLaunching.framework/Versions/A/JavaLaunching
0x00000000031f9000 	/System/Library/Frameworks/Carbon.framework/Versions/A/Frameworks/CommonPanels.framework/Versions/A/CommonPanels
0x00000000031f9000 	/System/Library/Frameworks/Carbon.framework/Versions/A/Frameworks/Help.framework/Versions/A/Help
0x00000000031f9000 	/System/Library/Frameworks/Carbon.framework/Versions/A/Frameworks/ImageCapture.framework/Versions/A/ImageCapture
0x00000000031f9000 	/System/Library/Frameworks/Carbon.framework/Versions/A/Frameworks/OpenScripting.framework/Versions/A/OpenScripting
0x00000000031f9000 	/System/Library/Frameworks/Carbon.framework/Versions/A/Frameworks/Print.framework/Versions/A/Print
0x00000000031f9000 	/System/Library/Frameworks/Carbon.framework/Versions/A/Frameworks/SecurityHI.framework/Versions/A/SecurityHI
0x000000011e895000 	/Library/Java/JavaVirtualMachines/jdk1.8.0_73.jdk/Contents/Home/jre/lib/libawt.dylib
0x000000011e93d000 	/Library/Java/JavaVirtualMachines/jdk1.8.0_73.jdk/Contents/Home/jre/lib/./libmlib_image.dylib
0x000000011ea09000 	/Library/Java/JavaVirtualMachines/jdk1.8.0_73.jdk/Contents/Home/jre/lib/libawt_lwawt.dylib
0x000000011eabe000 	/Library/Java/JavaVirtualMachines/jdk1.8.0_73.jdk/Contents/Home/jre/lib/./libosxapp.dylib
0x00000000031f9000 	/System/Library/Frameworks/ExceptionHandling.framework/Versions/A/ExceptionHandling
0x00000000031f9000 	/System/Library/PrivateFrameworks/CoreServicesInternal.framework/Versions/A/CoreServicesInternal
0x00000000031f9000 	/System/Library/Frameworks/CoreGraphics.framework/Versions/A/Resources/libRIP.A.dylib
0x00000000031f9000 	/System/Library/Frameworks/Accelerate.framework/Versions/A/Frameworks/vImage.framework/Versions/A/Libraries/libCGInterfaces.dylib
0x00000000031f9000 	/System/Library/Frameworks/CoreGraphics.framework/Versions/A/Resources/libCGXType.A.dylib
0x00000000031f9000 	/System/Library/Frameworks/OpenCL.framework/Versions/A/Libraries/libcldcpuengine.dylib
0x00000000031f9000 	/System/Library/PrivateFrameworks/DiskImages.framework/Versions/A/DiskImages
0x00000000031f9000 	/System/Library/Frameworks/DiscRecording.framework/Versions/A/DiscRecording
0x00000000031f9000 	/usr/lib/libcsfde.dylib
0x00000000031f9000 	/usr/lib/libcurl.4.dylib
0x00000000031f9000 	/System/Library/PrivateFrameworks/MediaKit.framework/Versions/A/MediaKit
0x00000000031f9000 	/System/Library/PrivateFrameworks/ProtectedCloudStorage.framework/Versions/A/ProtectedCloudStorage
0x00000000031f9000 	/usr/lib/libCoreStorage.dylib
0x00000000031f9000 	/System/Library/PrivateFrameworks/EFILogin.framework/Versions/A/EFILogin
0x00000000031f9000 	/usr/lib/libutil.dylib
0x00000000031f9000 	/System/Library/PrivateFrameworks/FindMyDevice.framework/Versions/A/FindMyDevice
0x00000000031f9000 	/System/Library/Frameworks/LDAP.framework/Versions/A/LDAP
0x00000000031f9000 	/usr/lib/libsasl2.2.dylib
0x00000000031f9000 	/System/Library/PrivateFrameworks/CoreDaemon.framework/Versions/B/CoreDaemon
0x00000000031f9000 	/usr/lib/libcrypto.0.9.8.dylib
0x00000000031f9000 	/System/Library/PrivateFrameworks/AppleSRP.framework/Versions/A/AppleSRP
0x00000000031f9000 	/System/Library/PrivateFrameworks/TrustEvaluationAgent.framework/Versions/A/TrustEvaluationAgent
0x0000000120a5c000 	cl_kernels
0x00000000031f9000 	/System/Library/Frameworks/OpenCL.framework/Versions/A/Libraries/ImageFormats/unorm8_bgra.dylib
0x00000000031f9000 	/System/Library/Frameworks/OpenCL.framework/Versions/A/Libraries/ImageFormats/unorm8_rgba.dylib
0x00000000031f9000 	/System/Library/PrivateFrameworks/FamilyControls.framework/Versions/A/FamilyControls
0x00000000031f9000 	/System/Library/PrivateFrameworks/CommerceKit.framework/Versions/A/Frameworks/CommerceCore.framework/Versions/A/CommerceCore
0x00000000031f9000 	/System/Library/PrivateFrameworks/SystemAdministration.framework/Versions/A/SystemAdministration
0x00000000031f9000 	/System/Library/PrivateFrameworks/AppContainer.framework/Versions/A/AppContainer
0x00000000031f9000 	/System/Library/PrivateFrameworks/SecCodeWrapper.framework/Versions/A/SecCodeWrapper
0x00000000031f9000 	/System/Library/Frameworks/DirectoryService.framework/Versions/A/DirectoryService
0x00000000031f9000 	/System/Library/PrivateFrameworks/LoginUIKit.framework/Versions/A/Frameworks/LoginUICore.framework/Versions/A/LoginUICore
0x00000000031f9000 	/usr/lib/libodfde.dylib
0x00000000031f9000 	/System/Library/Frameworks/OpenGL.framework/Versions/A/Resources/GLEngine.bundle/GLEngine
0x00000000031f9000 	/System/Library/Frameworks/OpenGL.framework/Versions/A/Libraries/libGLProgrammability.dylib
0x0000000121bd3000 	/System/Library/Extensions/AppleIntelHD5000GraphicsGLDriver.bundle/Contents/MacOS/AppleIntelHD5000GraphicsGLDriver
0x00000000031f9000 	/System/Library/PrivateFrameworks/GPUSupport.framework/Versions/A/Libraries/libGPUSupportMercury.dylib
0x00000000031f9000 	/System/Library/Frameworks/OpenGL.framework/Versions/A/Resources/GLRendererFloat.bundle/GLRendererFloat
0x0000000122be1000 	/Library/Java/JavaVirtualMachines/jdk1.8.0_73.jdk/Contents/Home/jre/lib/libfontmanager.dylib
0x0000000124129000 	/Library/Java/JavaVirtualMachines/jdk1.8.0_73.jdk/Contents/Home/jre/lib/libosxui.dylib
0x0000000124e4b000 	/Library/Java/JavaVirtualMachines/jdk1.8.0_73.jdk/Contents/Home/jre/lib/libnet.dylib
0x0000000124c94000 	/Library/Java/JavaVirtualMachines/jdk1.8.0_73.jdk/Contents/Home/jre/lib/libnio.dylib
0x00000000031f9000 	/System/Library/Frameworks/ApplicationServices.framework/Versions/A/Frameworks/ATS.framework/Versions/A/Resources/libTrueTypeScaler.dylib
0x0000000182aa1000 	/System/Library/Extensions/AppleIntelHD5000GraphicsMTLDriver.bundle/Contents/MacOS/AppleIntelHD5000GraphicsMTLDriver
0x000000011fd5f000 	/private/var/folders/zg/1l8q7jb960scm7wpq1kf74lm0000gn/T/jogamp_0000/file_cache/jln8466656762733176610/jln7610749866321788818/libgluegen-rt.jnilib
0x0000000123eb0000 	/private/var/folders/zg/1l8q7jb960scm7wpq1kf74lm0000gn/T/jogamp_0000/file_cache/jln8466656762733176610/jln7610749866321788818/libnativewindow_awt.jnilib
0x0000000123eb3000 	/Library/Java/JavaVirtualMachines/jdk1.8.0_73.jdk/Contents/Home/jre/lib/libjawt.dylib
0x0000000182984000 	/private/var/folders/zg/1l8q7jb960scm7wpq1kf74lm0000gn/T/jogamp_0000/file_cache/jln8466656762733176610/jln7610749866321788818/libnativewindow_macosx.jnilib
0x000000018796c000 	/private/var/folders/zg/1l8q7jb960scm7wpq1kf74lm0000gn/T/jogamp_0000/file_cache/jln8466656762733176610/jln7610749866321788818/libjogl_desktop.jnilib
0x000000018c9b2000 	/Library/Java/JavaVirtualMachines/jdk1.8.0_73.jdk/Contents/Home/jre/lib/libt2k.dylib

VM Arguments:
jvm_args: -Djava.security.policy=java.policy.applet -Dfile.encoding=UTF-8 
java_command: sun.applet.AppletViewer module3.EarthquakeCityMap1456402081757.html
java_class_path (initial): /Users/intruder04/dev_projects/java/UCSDUnfoldingMaps/build:/Users/intruder04/dev_projects/java/UCSDUnfoldingMaps/lib/core.jar:/Users/intruder04/dev_projects/java/UCSDUnfoldingMaps/lib/gluegen-rt.jar:/Users/intruder04/dev_projects/java/UCSDUnfoldingMaps/lib/jogl-all.jar:/Users/intruder04/dev_projects/java/UCSDUnfoldingMaps/lib/log4j-1.2.15.jar:/Users/intruder04/dev_projects/java/UCSDUnfoldingMaps/lib/sqlite-jdbc-3.7.2.jar:/Users/intruder04/dev_projects/java/UCSDUnfoldingMaps/lib/json4processing.jar:/Users/intruder04/dev_projects/java/UCSDUnfoldingMaps/lib/libTUIO.jar:/Users/intruder04/dev_projects/java/UCSDUnfoldingMaps/lib/unfolding.0.9.7-uscd.jar
Launcher Type: SUN_STANDARD

Environment Variables:
PATH=/usr/bin:/bin:/usr/sbin:/sbin
SHELL=/bin/bash

Signal Handlers:
SIGSEGV: [libjvm.dylib+0x5a71a5], sa_mask[0]=11111111011111110111111111111111, sa_flags=SA_ONSTACK|SA_RESTART|SA_SIGINFO
SIGBUS: [libjvm.dylib+0x5a71a5], sa_mask[0]=11111111011111110111111111111111, sa_flags=SA_RESTART|SA_SIGINFO
SIGFPE: [libjvm.dylib+0x480eb4], sa_mask[0]=11111111011111110111111111111111, sa_flags=SA_RESTART|SA_SIGINFO
SIGPIPE: [libjvm.dylib+0x480eb4], sa_mask[0]=11111111011111110111111111111111, sa_flags=SA_RESTART|SA_SIGINFO
SIGXFSZ: [libjvm.dylib+0x480eb4], sa_mask[0]=11111111011111110111111111111111, sa_flags=SA_RESTART|SA_SIGINFO
SIGILL: [libjvm.dylib+0x480eb4], sa_mask[0]=11111111011111110111111111111111, sa_flags=SA_RESTART|SA_SIGINFO
SIGUSR1: SIG_DFL, sa_mask[0]=00000000000000000000000000000000, sa_flags=none
SIGUSR2: [libjvm.dylib+0x4809d2], sa_mask[0]=00100000000000000000000000000000, sa_flags=SA_RESTART|SA_SIGINFO
SIGHUP: [libjvm.dylib+0x47efa9], sa_mask[0]=11111111011111110111111111111111, sa_flags=SA_RESTART|SA_SIGINFO
SIGINT: [libjvm.dylib+0x47efa9], sa_mask[0]=11111111011111110111111111111111, sa_flags=SA_RESTART|SA_SIGINFO
SIGTERM: [libjvm.dylib+0x47efa9], sa_mask[0]=11111111011111110111111111111111, sa_flags=SA_RESTART|SA_SIGINFO
SIGQUIT: [libjvm.dylib+0x47efa9], sa_mask[0]=11111111011111110111111111111111, sa_flags=SA_RESTART|SA_SIGINFO


---------------  S Y S T E M  ---------------

OS:Bsduname:Darwin 15.3.0 Darwin Kernel Version 15.3.0: Thu Dec 10 18:40:58 PST 2015; root:xnu-3248.30.4~1/RELEASE_X86_64 x86_64
rlimit: STACK 8192k, CORE 0k, NPROC 709, NOFILE 10240, AS infinity
load average:1.97 1.93 1.79

CPU:total 4 (2 cores per cpu, 2 threads per core) family 6 model 69 stepping 1, cmov, cx8, fxsr, mmx, sse, sse2, sse3, ssse3, sse4.1, sse4.2, popcnt, avx, avx2, aes, clmul, erms, lzcnt, ht, tsc, tscinvbit, bmi1, bmi2

Memory: 4k page, physical 8388608k(72808k free)

/proc/meminfo:


vm_info: Java HotSpot(TM) 64-Bit Server VM (25.73-b02) for bsd-amd64 JRE (1.8.0_73-b02), built on Jan 29 2016 15:02:00 by "java_re" with gcc 4.2.1 (Based on Apple Inc. build 5658) (LLVM build 2336.11.00)

time: Thu Feb 25 15:08:08 2016
elapsed time: 6 seconds (0d 0h 0m 6s)

