#
# A fatal error has been detected by the Java Runtime Environment:
#
#  SIGSEGV (0xb) at pc=0x00007fff8653c4dd, pid=11400, tid=2571
#
# JRE version: Java(TM) SE Runtime Environment (8.0_73-b02) (build 1.8.0_73-b02)
# Java VM: Java HotSpot(TM) 64-Bit Server VM (25.73-b02 mixed mode bsd-amd64 compressed oops)
# Problematic frame:
# C  [libobjc.A.dylib+0x14dd]  objc_msgSend+0x1d
#
# Failed to write core dump. Core dumps have been disabled. To enable core dumping, try "ulimit -c unlimited" before starting Java again
#
# If you would like to submit a bug report, please visit:
#   http://bugreport.java.com/bugreport/crash.jsp
# The crash happened outside the Java Virtual Machine in native code.
# See problematic frame for where to report the bug.
#

---------------  T H R E A D  ---------------

Current thread (0x00007f99b5110000):  JavaThread "AWT-AppKit" daemon [_thread_in_native, id=2571, stack(0x00007fff503a1000,0x00007fff50ba1000)]

siginfo: si_signo: 11 (SIGSEGV), si_code: 1 (SEGV_MAPERR), si_addr: 0x00007fff00000018

Registers:
RAX=0x00007f99b5ff23c0, RBX=0x000000018bffc450, RCX=0x0000000129269a40, RDX=0x0000000129269c40
RSP=0x00007fff50b9c478, RBP=0x00007fff50b9c530, RSI=0x00007fff902acd0e, RDI=0x00007f99b5ff1c80
R8 =0x0000000000000000, R9 =0x00000000000008c0, R10=0x00007fff902acd0e, R11=0x00007fff00000000
R12=0x0000000000000000, R13=0x00000001913d5c60, R14=0x000000018bffc440, R15=0x00007f99b5110000
RIP=0x00007fff8653c4dd, EFLAGS=0x0000000000010206, ERR=0x0000000000000004
  TRAPNO=0x000000000000000e

Top of Stack: (sp=0x00007fff50b9c478)
0x00007fff50b9c478:   000000018bffa157 00007fff50b9c4d0
0x00007fff50b9c488:   0000000000000003 00007fff50b9c4b0
0x00007fff50b9c498:   000000010fdf1646 00000001913d5c60
0x00007fff50b9c4a8:   00000001913d5c60 00007f99b5ff23c0
0x00007fff50b9c4b8:   000000018bffc6a0 000000018bffc710
0x00007fff50b9c4c8:   00007fff737e7770 00007fff749e8500
0x00007fff50b9c4d8:   000000018bffc450 000000018bffc690
0x00007fff50b9c4e8:   00007f99b5ff23c0 00007f99b5ff1c80
0x00007fff50b9c4f8:   00007f99b34801a0 00007f99b5ff23c0
0x00007fff50b9c508:   00007f99b5ff1c80 00007fff50b9c5b0
0x00007fff50b9c518:   00007f99b51101f8 00000001913d5c60
0x00007fff50b9c528:   00007fff50b9c5d8 00007fff50b9c5a0
0x00007fff50b9c538:   0000000110ba2954 00007fff50b9c5a0
0x00007fff50b9c548:   0000000110ba26d9 0000000110bae823
0x00007fff50b9c558:   0000000110ba26a2 00007fff50b9c560
0x00007fff50b9c568:   00000001913d5c60 00007fff50b9c5d8
0x00007fff50b9c578:   00000001913d8898 0000000000000000
0x00007fff50b9c588:   00000001913d5c60 0000000000000000
0x00007fff50b9c598:   00007fff50b9c5c0 00007fff50b9c620
0x00007fff50b9c5a8:   0000000110b94c4d 000000074039a1a0
0x00007fff50b9c5b8:   0000000110b9c578 00007f99b5ff23c0
0x00007fff50b9c5c8:   0000000110b9ddb9 00007f99b5ff1c80
0x00007fff50b9c5d8:   0000000110b9dd82 00007fff50b9c5e0
0x00007fff50b9c5e8:   00000001913d5e2a 00007fff50b9c648
0x00007fff50b9c5f8:   00000001913d8898 0000000000000000
0x00007fff50b9c608:   00000001913d5e38 00007fff50b9c5c0
0x00007fff50b9c618:   00007fff50b9c630 00007fff50b9c690
0x00007fff50b9c628:   0000000110b94c4d 00007f99b5ff23c0
0x00007fff50b9c638:   0000000797f042a8 00007f99b5ff1c80
0x00007fff50b9c648:   0000000797f042a8 00007fff50b9c650
0x00007fff50b9c658:   0000000194dbd63e 00007fff50b9c6a0
0x00007fff50b9c668:   0000000194dbd6f8 0000000000000000 

Instructions: (pc=0x00007fff8653c4dd)
0x00007fff8653c4bd:   44 00 00 48 85 ff 2e 74 62 40 f6 c7 01 2e 75 66
0x00007fff8653c4cd:   49 bb f8 ff ff ff ff 7f 00 00 4c 23 1f 49 89 f2
0x00007fff8653c4dd:   45 23 53 18 49 c1 e2 04 4d 03 53 10 49 3b 32 75
0x00007fff8653c4ed:   04 41 ff 62 08 49 83 3a 01 76 0d 49 83 c2 10 49 

Register to memory mapping:

RAX=0x00007f99b5ff23c0 is an unknown value
RBX=0x000000018bffc450: Java_jogamp_nativewindow_macosx_OSXUtil_GetScreenRefreshRate0+0x1cf0 in /private/var/folders/zg/1l8q7jb960scm7wpq1kf74lm0000gn/T/jogamp_0000/file_cache/jln8516022893004230398/jln7107505067969531221/libnativewindow_macosx.jnilib at 0x000000018bff5000
RCX=0x0000000129269a40 is an unknown value
RDX=0x0000000129269c40 is an unknown value
RSP=0x00007fff50b9c478 is pointing into the stack for thread: 0x00007f99b5110000
RBP=0x00007fff50b9c530 is pointing into the stack for thread: 0x00007f99b5110000
RSI=0x00007fff902acd0e is an unknown value
RDI=0x00007f99b5ff1c80 is an unknown value
R8 =0x0000000000000000 is an unknown value
R9 =0x00000000000008c0 is an unknown value
R10=0x00007fff902acd0e is an unknown value
R11=0x00007fff00000000 is an unknown value
R12=0x0000000000000000 is an unknown value
R13={method} {0x00000001913d5c60} 'UnsetJAWTRootSurfaceLayer0' '(JJ)V' in 'jogamp/nativewindow/jawt/macosx/MacOSXJAWTWindow'
R14=0x000000018bffc440: Java_jogamp_nativewindow_macosx_OSXUtil_GetScreenRefreshRate0+0x1ce0 in /private/var/folders/zg/1l8q7jb960scm7wpq1kf74lm0000gn/T/jogamp_0000/file_cache/jln8516022893004230398/jln7107505067969531221/libnativewindow_macosx.jnilib at 0x000000018bff5000
R15=0x00007f99b5110000 is a thread


Stack: [0x00007fff503a1000,0x00007fff50ba1000],  sp=0x00007fff50b9c478,  free space=8173k
Native frames: (J=compiled Java code, j=interpreted, Vv=VM code, C=native code)
C  [libobjc.A.dylib+0x14dd]  objc_msgSend+0x1d
j  jogamp.nativewindow.jawt.macosx.MacOSXJAWTWindow.UnsetJAWTRootSurfaceLayer0(JJ)V+0
j  jogamp.nativewindow.jawt.macosx.MacOSXJAWTWindow.access$200(JJ)V+2
j  jogamp.nativewindow.jawt.macosx.MacOSXJAWTWindow$1.run()V+38
j  com.jogamp.common.util.RunnableTask.run()V+24
v  ~StubRoutines::call_stub
V  [libjvm.dylib+0x2eae7a]  JavaCalls::call_helper(JavaValue*, methodHandle*, JavaCallArguments*, Thread*)+0x6ae
V  [libjvm.dylib+0x321f83]  jni_invoke_nonstatic(JNIEnv_*, JavaValue*, _jobject*, JNICallType, _jmethodID*, JNI_ArgumentPusher*, Thread*)+0x2ec
V  [libjvm.dylib+0x314757]  jni_CallVoidMethod+0x16b
C  [libnativewindow_macosx.jnilib+0x5326]  Java_jogamp_nativewindow_jawt_macosx_MacOSXJAWTWindow_UnsetJAWTRootSurfaceLayer0+0x2b6
C  [Foundation+0x8dd4b]  __NSThreadPerformPerform+0x117
C  [CoreFoundation+0x7e5c1]  __CFRUNLOOP_IS_CALLING_OUT_TO_A_SOURCE0_PERFORM_FUNCTION__+0x11
C  [CoreFoundation+0x7041c]  __CFRunLoopDoSources0+0x22c
C  [CoreFoundation+0x6f93f]  __CFRunLoopRun+0x39f
C  [CoreFoundation+0x6f338]  CFRunLoopRunSpecific+0x128
C  [HIToolbox+0x30935]  RunCurrentEventLoopInMode+0xeb
C  [HIToolbox+0x30677]  ReceiveNextEventCommon+0xb8
C  [HIToolbox+0x305af]  _BlockUntilNextEventMatchingListInModeWithFilter+0x47
C  [AppKit+0x8a0ee]  _DPSNextEvent+0x42b
C  [AppKit+0x456943]  -[NSApplication _nextEventMatchingEventMask:untilDate:inMode:dequeue:]+0x1c6
C  [libosxapp.dylib+0x23aa]  -[NSApplicationAWT nextEventMatchingMask:untilDate:inMode:dequeue:]+0x7c
C  [AppKit+0x7ffc8]  -[NSApplication run]+0x2aa
C  [libosxapp.dylib+0x214d]  +[NSApplicationAWT runAWTLoopWithApp:]+0x9c
C  [libawt_lwawt.dylib+0x4455b]  -[AWTStarter starter:]+0x389
C  [Foundation+0x8dd4b]  __NSThreadPerformPerform+0x117
C  [CoreFoundation+0x7e5c1]  __CFRUNLOOP_IS_CALLING_OUT_TO_A_SOURCE0_PERFORM_FUNCTION__+0x11
C  [CoreFoundation+0x7041c]  __CFRunLoopDoSources0+0x22c
C  [CoreFoundation+0x6f93f]  __CFRunLoopRun+0x39f
C  [CoreFoundation+0x6f338]  CFRunLoopRunSpecific+0x128
C  [java+0x6463]  CreateExecutionEnvironment+0x367
C  [java+0x21ac]  JLI_Launch+0x7a0
C  [java+0x84c0]  main+0x65
C  [java+0x1a04]  start+0x34
C  0x0000000000000007

Java frames: (J=compiled Java code, j=interpreted, Vv=VM code)
j  jogamp.nativewindow.jawt.macosx.MacOSXJAWTWindow.UnsetJAWTRootSurfaceLayer0(JJ)V+0
j  jogamp.nativewindow.jawt.macosx.MacOSXJAWTWindow.access$200(JJ)V+2
j  jogamp.nativewindow.jawt.macosx.MacOSXJAWTWindow$1.run()V+38
j  com.jogamp.common.util.RunnableTask.run()V+24
v  ~StubRoutines::call_stub

---------------  P R O C E S S  ---------------

Java Threads: ( => current thread )
  0x00007f99b3947000 JavaThread "Thread-48" [_thread_blocked, id=71727, stack(0x00007000019ee000,0x0000700001aee000)]
  0x00007f99b3d79000 JavaThread "Image Fetcher 3" daemon [_thread_blocked, id=70915, stack(0x0000700002612000,0x0000700002712000)]
  0x00007f99b44d9000 JavaThread "Image Fetcher 2" daemon [_thread_blocked, id=70659, stack(0x000070000250f000,0x000070000260f000)]
  0x00007f99b543e000 JavaThread "Image Fetcher 1" daemon [_thread_blocked, id=70175, stack(0x000070000240c000,0x000070000250c000)]
  0x00007f99b4536000 JavaThread "Image Fetcher 0" daemon [_thread_blocked, id=69379, stack(0x0000700002309000,0x0000700002409000)]
  0x00007f99b4564000 JavaThread "Keep-Alive-Timer" daemon [_thread_blocked, id=69051, stack(0x0000700002206000,0x0000700002306000)]
  0x00007f99b3b38000 JavaThread "Animation Thread" [_thread_blocked, id=60431, stack(0x0000700001765000,0x0000700001865000)]
  0x00007f99b3b36800 JavaThread "AWT-EventQueue-1" [_thread_in_native, id=60703, stack(0x0000700001868000,0x0000700001968000)]
  0x00007f99b4006000 JavaThread "DestroyJavaVM" [_thread_blocked, id=5891, stack(0x000070000011a000,0x000070000021a000)]
  0x00007f99b38f1000 JavaThread "AWT-EventQueue-0" [_thread_blocked, id=57603, stack(0x00007000015df000,0x00007000016df000)]
  0x00007f99b3a1f800 JavaThread "Java2D Disposer" daemon [_thread_blocked, id=53783, stack(0x0000700001356000,0x0000700001456000)]
  0x00007f99b48c7000 JavaThread "Java2D Queue Flusher" daemon [_thread_blocked, id=52743, stack(0x0000700001253000,0x0000700001353000)]
  0x00007f99b4870000 JavaThread "AWT-Shutdown" [_thread_blocked, id=27943, stack(0x0000700001150000,0x0000700001250000)]
=>0x00007f99b5110000 JavaThread "AWT-AppKit" daemon [_thread_in_native, id=2571, stack(0x00007fff503a1000,0x00007fff50ba1000)]
  0x00007f99b500d800 JavaThread "Service Thread" daemon [_thread_blocked, id=18691, stack(0x0000700000e44000,0x0000700000f44000)]
  0x00007f99b4819000 JavaThread "C1 CompilerThread2" daemon [_thread_blocked, id=18179, stack(0x0000700000d41000,0x0000700000e41000)]
  0x00007f99b4818000 JavaThread "C2 CompilerThread1" daemon [_thread_blocked, id=17667, stack(0x0000700000c3e000,0x0000700000d3e000)]
  0x00007f99b4806800 JavaThread "C2 CompilerThread0" daemon [_thread_blocked, id=17155, stack(0x0000700000b3b000,0x0000700000c3b000)]
  0x00007f99b4806000 JavaThread "Signal Dispatcher" daemon [_thread_blocked, id=13839, stack(0x0000700000a38000,0x0000700000b38000)]
  0x00007f99b402d000 JavaThread "Finalizer" daemon [_thread_blocked, id=12291, stack(0x000070000082f000,0x000070000092f000)]
  0x00007f99b402c800 JavaThread "Reference Handler" daemon [_thread_blocked, id=11779, stack(0x000070000072c000,0x000070000082c000)]

Other Threads:
  0x00007f99b4029800 VMThread [stack: 0x0000700000629000,0x0000700000729000] [id=11267]
  0x00007f99b5002800 WatcherThread [stack: 0x0000700000f47000,0x0000700001047000] [id=19203]

VM state:not at safepoint (normal execution)

VM Mutex/Monitor currently owned by a thread: None

Heap:
 PSYoungGen      total 38400K, used 35567K [0x0000000795580000, 0x000000079a080000, 0x00000007c0000000)
  eden space 33280K, 91% used [0x0000000795580000,0x000000079733c788,0x0000000797600000)
  from space 5120K, 99% used [0x0000000797b00000,0x0000000797fff640,0x0000000798000000)
  to   space 5120K, 0% used [0x0000000797600000,0x0000000797600000,0x0000000797b00000)
 ParOldGen       total 87552K, used 16764K [0x0000000740000000, 0x0000000745580000, 0x0000000795580000)
  object space 87552K, 19% used [0x0000000740000000,0x000000074105f2a0,0x0000000745580000)
 Metaspace       used 18817K, capacity 19025K, committed 19072K, reserved 1067008K
  class space    used 1867K, capacity 1920K, committed 1920K, reserved 1048576K

Card table byte_map: [0x000000011ff4d000,0x000000012034e000] byte_map_base: 0x000000011c54d000

Marking Bits: (ParMarkBitMap*) 0x00000001104e3ea0
 Begin Bits: [0x00000001205f9000, 0x00000001225f9000)
 End Bits:   [0x00000001225f9000, 0x00000001245f9000)

Polling page: 0x000000010f322000

CodeCache: size=245760Kb used=5817Kb max_used=5830Kb free=239942Kb
 bounds [0x0000000110b8d000, 0x000000011114d000, 0x000000011fb8d000]
 total_blobs=2498 nmethods=1625 adapters=787
 compilation: enabled

Compilation events (10 events):
Event: 11.570 Thread 0x00007f99b4819000 nmethod 1785 0x000000011113dd50 code [0x000000011113dec0, 0x000000011113e1c8]
Event: 11.570 Thread 0x00007f99b4819000 1786       3       sun.java2d.loops.SurfaceType::pixelFor (10 bytes)
Event: 11.570 Thread 0x00007f99b4819000 nmethod 1786 0x000000011113d8d0 code [0x000000011113da40, 0x000000011113dc68]
Event: 11.570 Thread 0x00007f99b4819000 1787       3       sun.awt.image.PixelConverter$ArgbPre::rgbToPixel (100 bytes)
Event: 11.570 Thread 0x00007f99b4819000 nmethod 1787 0x000000011113ef90 code [0x000000011113f100, 0x000000011113f2f0]
Event: 11.591 Thread 0x00007f99b4806800 1788  s    4       sun.misc.URLClassPath::getNextLoader (88 bytes)
Event: 11.591 Thread 0x00007f99b4819000 1789  s!   2       sun.misc.URLClassPath::getLoader (197 bytes)
Event: 11.594 Thread 0x00007f99b4819000 nmethod 1789 0x000000011113f390 code [0x000000011113f680, 0x0000000111140d88]
Event: 11.595 Thread 0x00007f99b4819000 1790       1       sun.java2d.SurfaceData::isValid (5 bytes)
Event: 11.595 Thread 0x00007f99b4819000 nmethod 1790 0x000000011113d610 code [0x000000011113d760, 0x000000011113d870]

GC Heap History (8 events):
Event: 8.380 GC heap before
{Heap before GC invocations=1 (full 0):
 PSYoungGen      total 38400K, used 33280K [0x0000000795580000, 0x0000000798000000, 0x00000007c0000000)
  eden space 33280K, 100% used [0x0000000795580000,0x0000000797600000,0x0000000797600000)
  from space 5120K, 0% used [0x0000000797b00000,0x0000000797b00000,0x0000000798000000)
  to   space 5120K, 0% used [0x0000000797600000,0x0000000797600000,0x0000000797b00000)
 ParOldGen       total 87552K, used 0K [0x0000000740000000, 0x0000000745580000, 0x0000000795580000)
  object space 87552K, 0% used [0x0000000740000000,0x0000000740000000,0x0000000745580000)
 Metaspace       used 15767K, capacity 15999K, committed 16256K, reserved 1064960K
  class space    used 1589K, capacity 1661K, committed 1664K, reserved 1048576K
Event: 8.386 GC heap after
Heap after GC invocations=1 (full 0):
 PSYoungGen      total 38400K, used 4947K [0x0000000795580000, 0x0000000798000000, 0x00000007c0000000)
  eden space 33280K, 0% used [0x0000000795580000,0x0000000795580000,0x0000000797600000)
  from space 5120K, 96% used [0x0000000797600000,0x0000000797ad4e18,0x0000000797b00000)
  to   space 5120K, 0% used [0x0000000797b00000,0x0000000797b00000,0x0000000798000000)
 ParOldGen       total 87552K, used 8K [0x0000000740000000, 0x0000000745580000, 0x0000000795580000)
  object space 87552K, 0% used [0x0000000740000000,0x0000000740002000,0x0000000745580000)
 Metaspace       used 15767K, capacity 15999K, committed 16256K, reserved 1064960K
  class space    used 1589K, capacity 1661K, committed 1664K, reserved 1048576K
}
Event: 9.379 GC heap before
{Heap before GC invocations=2 (full 0):
 PSYoungGen      total 38400K, used 38227K [0x0000000795580000, 0x0000000798000000, 0x00000007c0000000)
  eden space 33280K, 100% used [0x0000000795580000,0x0000000797600000,0x0000000797600000)
  from space 5120K, 96% used [0x0000000797600000,0x0000000797ad4e18,0x0000000797b00000)
  to   space 5120K, 0% used [0x0000000797b00000,0x0000000797b00000,0x0000000798000000)
 ParOldGen       total 87552K, used 8K [0x0000000740000000, 0x0000000745580000, 0x0000000795580000)
  object space 87552K, 0% used [0x0000000740000000,0x0000000740002000,0x0000000745580000)
 Metaspace       used 18210K, capacity 18385K, committed 18560K, reserved 1067008K
  class space    used 1842K, capacity 1920K, committed 1920K, reserved 1048576K
Event: 9.391 GC heap after
Heap after GC invocations=2 (full 0):
 PSYoungGen      total 38400K, used 5117K [0x0000000795580000, 0x0000000798000000, 0x00000007c0000000)
  eden space 33280K, 0% used [0x0000000795580000,0x0000000795580000,0x0000000797600000)
  from space 5120K, 99% used [0x0000000797b00000,0x0000000797fff680,0x0000000798000000)
  to   space 5120K, 0% used [0x0000000797600000,0x0000000797600000,0x0000000797b00000)
 ParOldGen       total 87552K, used 7865K [0x0000000740000000, 0x0000000745580000, 0x0000000795580000)
  object space 87552K, 8% used [0x0000000740000000,0x00000007407ae740,0x0000000745580000)
 Metaspace       used 18210K, capacity 18385K, committed 18560K, reserved 1067008K
  class space    used 1842K, capacity 1920K, committed 1920K, reserved 1048576K
}
Event: 9.923 GC heap before
{Heap before GC invocations=3 (full 0):
 PSYoungGen      total 38400K, used 38154K [0x0000000795580000, 0x0000000798000000, 0x00000007c0000000)
  eden space 33280K, 99% used [0x0000000795580000,0x00000007975c3488,0x0000000797600000)
  from space 5120K, 99% used [0x0000000797b00000,0x0000000797fff680,0x0000000798000000)
  to   space 5120K, 0% used [0x0000000797600000,0x0000000797600000,0x0000000797b00000)
 ParOldGen       total 87552K, used 7865K [0x0000000740000000, 0x0000000745580000, 0x0000000795580000)
  object space 87552K, 8% used [0x0000000740000000,0x00000007407ae740,0x0000000745580000)
 Metaspace       used 18464K, capacity 18705K, committed 18816K, reserved 1067008K
  class space    used 1859K, capacity 1920K, committed 1920K, reserved 1048576K
Event: 9.930 GC heap after
Heap after GC invocations=3 (full 0):
 PSYoungGen      total 38400K, used 5117K [0x0000000795580000, 0x0000000798000000, 0x00000007c0000000)
  eden space 33280K, 0% used [0x0000000795580000,0x0000000795580000,0x0000000797600000)
  from space 5120K, 99% used [0x0000000797600000,0x0000000797aff640,0x0000000797b00000)
  to   space 5120K, 0% used [0x0000000797b00000,0x0000000797b00000,0x0000000798000000)
 ParOldGen       total 87552K, used 11004K [0x0000000740000000, 0x0000000745580000, 0x0000000795580000)
  object space 87552K, 12% used [0x0000000740000000,0x0000000740abf0f0,0x0000000745580000)
 Metaspace       used 18464K, capacity 18705K, committed 18816K, reserved 1067008K
  class space    used 1859K, capacity 1920K, committed 1920K, reserved 1048576K
}
Event: 10.322 GC heap before
{Heap before GC invocations=4 (full 0):
 PSYoungGen      total 38400K, used 38397K [0x0000000795580000, 0x0000000798000000, 0x00000007c0000000)
  eden space 33280K, 100% used [0x0000000795580000,0x0000000797600000,0x0000000797600000)
  from space 5120K, 99% used [0x0000000797600000,0x0000000797aff640,0x0000000797b00000)
  to   space 5120K, 0% used [0x0000000797b00000,0x0000000797b00000,0x0000000798000000)
 ParOldGen       total 87552K, used 11004K [0x0000000740000000, 0x0000000745580000, 0x0000000795580000)
  object space 87552K, 12% used [0x0000000740000000,0x0000000740abf0f0,0x0000000745580000)
 Metaspace       used 18655K, capacity 18833K, committed 19072K, reserved 1067008K
  class space    used 1859K, capacity 1920K, committed 1920K, reserved 1048576K
Event: 10.331 GC heap after
Heap after GC invocations=4 (full 0):
 PSYoungGen      total 38400K, used 5117K [0x0000000795580000, 0x000000079a080000, 0x00000007c0000000)
  eden space 33280K, 0% used [0x0000000795580000,0x0000000795580000,0x0000000797600000)
  from space 5120K, 99% used [0x0000000797b00000,0x0000000797fff640,0x0000000798000000)
  to   space 5120K, 0% used [0x0000000797600000,0x0000000797600000,0x0000000797b00000)
 ParOldGen       total 87552K, used 16764K [0x0000000740000000, 0x0000000745580000, 0x0000000795580000)
  object space 87552K, 19% used [0x0000000740000000,0x000000074105f2a0,0x0000000745580000)
 Metaspace       used 18655K, capacity 18833K, committed 19072K, reserved 1067008K
  class space    used 1859K, capacity 1920K, committed 1920K, reserved 1048576K
}

Deoptimization events (10 events):
Event: 8.164 Thread 0x00007f99b3b38000 Uncommon trap: reason=unstable_if action=reinterpret pc=0x0000000110dfcbd4 method=java.lang.String.indexOf([CII[CIII)I @ 3
Event: 8.164 Thread 0x00007f99b3b38000 Uncommon trap: reason=unstable_if action=reinterpret pc=0x0000000110d559d8 method=java.lang.String.indexOf([CII[CIII)I @ 3
Event: 8.167 Thread 0x00007f99b3b38000 Uncommon trap: reason=bimorphic action=maybe_recompile pc=0x0000000110dfb230 method=java.util.HashMap.getNode(ILjava/lang/Object;)Ljava/util/HashMap$Node; @ 126
Event: 8.167 Thread 0x00007f99b3b38000 Uncommon trap: reason=bimorphic action=maybe_recompile pc=0x0000000110dfb230 method=java.util.HashMap.getNode(ILjava/lang/Object;)Ljava/util/HashMap$Node; @ 126
Event: 8.167 Thread 0x00007f99b3b38000 Uncommon trap: reason=bimorphic action=maybe_recompile pc=0x0000000110dfb230 method=java.util.HashMap.getNode(ILjava/lang/Object;)Ljava/util/HashMap$Node; @ 126
Event: 8.167 Thread 0x00007f99b3b38000 Uncommon trap: reason=bimorphic action=maybe_recompile pc=0x0000000110dfb230 method=java.util.HashMap.getNode(ILjava/lang/Object;)Ljava/util/HashMap$Node; @ 126
Event: 8.824 Thread 0x00007f99b3b38000 Uncommon trap: reason=bimorphic action=maybe_recompile pc=0x0000000110e1dfe4 method=java.util.HashMap.getNode(ILjava/lang/Object;)Ljava/util/HashMap$Node; @ 126
Event: 8.930 Thread 0x00007f99b3b36800 Uncommon trap: reason=unstable_if action=reinterpret pc=0x0000000110d449ac method=java.lang.AbstractStringBuilder.append(Ljava/lang/String;)Ljava/lang/AbstractStringBuilder; @ 1
Event: 9.548 Thread 0x00007f99b44af000 Uncommon trap: reason=unstable_if action=reinterpret pc=0x000000011100a83c method=java.util.Vector.indexOf(Ljava/lang/Object;I)I @ 41
Event: 11.552 Thread 0x00007f99b3b36800 Uncommon trap: reason=unstable_if action=reinterpret pc=0x000000011105dd68 method=com.jogamp.common.util.VersionNumber.compareTo(Lcom/jogamp/common/util/VersionNumber;)I @ 21

Internal exceptions (10 events):
Event: 0.154 Thread 0x00007f99b4006000 Exception <a 'java/lang/NoSuchFieldError': method resolution failed> (0x0000000795879e28) thrown at [/HUDSON3/workspace/8-2-build-macosx-x86_64/jdk8u73/6086/hotspot/src/share/vm/prims/methodHandles.cpp, line 1146]
Event: 0.157 Thread 0x00007f99b4006000 Exception <a 'java/lang/NoSuchFieldError': method resolution failed> (0x00000007958875f8) thrown at [/HUDSON3/workspace/8-2-build-macosx-x86_64/jdk8u73/6086/hotspot/src/share/vm/prims/methodHandles.cpp, line 1146]
Event: 6.804 Thread 0x00007f99b4006000 Exception <a 'java/io/FileNotFoundException'> (0x0000000795903420) thrown at [/HUDSON3/workspace/8-2-build-macosx-x86_64/jdk8u73/6086/hotspot/src/share/vm/prims/jni.cpp, line 709]
Event: 6.804 Thread 0x00007f99b4006000 Exception <a 'java/io/FileNotFoundException'> (0x0000000795903f88) thrown at [/HUDSON3/workspace/8-2-build-macosx-x86_64/jdk8u73/6086/hotspot/src/share/vm/prims/jni.cpp, line 709]
Event: 6.887 Thread 0x00007f99b4006000 Exception <a 'java/io/FileNotFoundException'> (0x0000000795ae9540) thrown at [/HUDSON3/workspace/8-2-build-macosx-x86_64/jdk8u73/6086/hotspot/src/share/vm/prims/jni.cpp, line 709]
Event: 8.183 Thread 0x00007f99b3b38000 Exception <a 'java/lang/UnsatisfiedLinkError': com.jogamp.common.util.JarUtil.fixNativeLibAttribs(Ljava/lang/String;)Z> (0x0000000796c75160) thrown at [/HUDSON3/workspace/8-2-build-macosx-x86_64/jdk8u73/6086/hotspot/src/share/vm/prims/nativeLookup.cpp, li
Event: 8.388 Thread 0x00007f99b402d000 Exception <a 'java/lang/NullPointerException'> (0x00000007956a8640) thrown at [/HUDSON3/workspace/8-2-build-macosx-x86_64/jdk8u73/6086/hotspot/src/share/vm/interpreter/linkResolver.cpp, line 1178]
Event: 8.929 Thread 0x00007f99b3b36800 Exception <a 'java/io/FileNotFoundException'> (0x0000000796164fd8) thrown at [/HUDSON3/workspace/8-2-build-macosx-x86_64/jdk8u73/6086/hotspot/src/share/vm/prims/jni.cpp, line 709]
Event: 8.930 Thread 0x00007f99b3b36800 Exception <a 'java/io/FileNotFoundException'> (0x000000079616c580) thrown at [/HUDSON3/workspace/8-2-build-macosx-x86_64/jdk8u73/6086/hotspot/src/share/vm/prims/jni.cpp, line 709]
Event: 8.930 Thread 0x00007f99b3b36800 Implicit null exception at 0x0000000110d44635 to 0x0000000110d44999

Events (10 events):
Event: 11.592 loading class java/awt/LightweightDispatcher$2
Event: 11.592 loading class java/awt/LightweightDispatcher$2 done
Event: 11.592 loading class java/awt/event/AWTEventListenerProxy
Event: 11.592 loading class java/awt/event/AWTEventListenerProxy done
Event: 11.593 loading class java/awt/Toolkit$ToolkitEventMulticaster
Event: 11.593 loading class java/awt/Toolkit$ToolkitEventMulticaster done
Event: 11.593 Executing VM operation: RevokeBias
Event: 11.594 Executing VM operation: RevokeBias done
Event: 11.596 Thread 0x00007f99b48ef800 Thread exited: 0x00007f99b48ef800
Event: 11.596 Executing VM operation: RevokeBias


Dynamic libraries:
0x0000000000731000 	/System/Library/Frameworks/Cocoa.framework/Versions/A/Cocoa
0x0000000000731000 	/System/Library/Frameworks/Security.framework/Versions/A/Security
0x0000000000731000 	/System/Library/Frameworks/ApplicationServices.framework/Versions/A/ApplicationServices
0x0000000000731000 	/usr/lib/libz.1.dylib
0x0000000000731000 	/usr/lib/libSystem.B.dylib
0x0000000000731000 	/usr/lib/libobjc.A.dylib
0x0000000000731000 	/System/Library/Frameworks/CoreFoundation.framework/Versions/A/CoreFoundation
0x0000000000731000 	/System/Library/Frameworks/Foundation.framework/Versions/C/Foundation
0x0000000000731000 	/System/Library/Frameworks/AppKit.framework/Versions/C/AppKit
0x0000000000731000 	/System/Library/Frameworks/CoreData.framework/Versions/A/CoreData
0x0000000000731000 	/System/Library/PrivateFrameworks/RemoteViewServices.framework/Versions/A/RemoteViewServices
0x0000000000731000 	/System/Library/PrivateFrameworks/UIFoundation.framework/Versions/A/UIFoundation
0x0000000000731000 	/usr/lib/libScreenReader.dylib
0x0000000000731000 	/System/Library/Frameworks/Accelerate.framework/Versions/A/Accelerate
0x0000000000731000 	/System/Library/Frameworks/IOSurface.framework/Versions/A/IOSurface
0x0000000000731000 	/System/Library/Frameworks/AudioToolbox.framework/Versions/A/AudioToolbox
0x0000000000731000 	/System/Library/Frameworks/AudioUnit.framework/Versions/A/AudioUnit
0x0000000000731000 	/System/Library/PrivateFrameworks/DataDetectorsCore.framework/Versions/A/DataDetectorsCore
0x0000000000731000 	/System/Library/PrivateFrameworks/DesktopServicesPriv.framework/Versions/A/DesktopServicesPriv
0x0000000000731000 	/System/Library/Frameworks/Carbon.framework/Versions/A/Frameworks/HIToolbox.framework/Versions/A/HIToolbox
0x0000000000731000 	/System/Library/Frameworks/QuartzCore.framework/Versions/A/QuartzCore
0x0000000000731000 	/System/Library/Frameworks/Carbon.framework/Versions/A/Frameworks/SpeechRecognition.framework/Versions/A/SpeechRecognition
0x0000000000731000 	/usr/lib/libauto.dylib
0x0000000000731000 	/usr/lib/libicucore.A.dylib
0x0000000000731000 	/usr/lib/libxml2.2.dylib
0x0000000000731000 	/System/Library/PrivateFrameworks/CoreUI.framework/Versions/A/CoreUI
0x0000000000731000 	/System/Library/Frameworks/CoreAudio.framework/Versions/A/CoreAudio
0x0000000000731000 	/System/Library/Frameworks/DiskArbitration.framework/Versions/A/DiskArbitration
0x0000000000731000 	/usr/lib/liblangid.dylib
0x0000000000731000 	/System/Library/PrivateFrameworks/MultitouchSupport.framework/Versions/A/MultitouchSupport
0x0000000000731000 	/System/Library/Frameworks/IOKit.framework/Versions/A/IOKit
0x0000000000731000 	/usr/lib/libDiagnosticMessagesClient.dylib
0x0000000000731000 	/System/Library/Frameworks/CoreServices.framework/Versions/A/CoreServices
0x0000000000731000 	/System/Library/PrivateFrameworks/PerformanceAnalysis.framework/Versions/A/PerformanceAnalysis
0x0000000000731000 	/System/Library/PrivateFrameworks/GenerationalStorage.framework/Versions/A/GenerationalStorage
0x0000000000731000 	/System/Library/Frameworks/OpenGL.framework/Versions/A/OpenGL
0x0000000000731000 	/System/Library/PrivateFrameworks/Sharing.framework/Versions/A/Sharing
0x0000000000731000 	/System/Library/Frameworks/CoreGraphics.framework/Versions/A/CoreGraphics
0x0000000000731000 	/System/Library/Frameworks/CoreImage.framework/Versions/A/CoreImage
0x0000000000731000 	/System/Library/Frameworks/CoreText.framework/Versions/A/CoreText
0x0000000000731000 	/System/Library/Frameworks/ImageIO.framework/Versions/A/ImageIO
0x0000000000731000 	/System/Library/PrivateFrameworks/Backup.framework/Versions/A/Backup
0x0000000000731000 	/usr/lib/libextension.dylib
0x0000000000731000 	/usr/lib/libarchive.2.dylib
0x0000000000731000 	/System/Library/Frameworks/CFNetwork.framework/Versions/A/CFNetwork
0x0000000000731000 	/System/Library/Frameworks/SystemConfiguration.framework/Versions/A/SystemConfiguration
0x0000000000731000 	/usr/lib/libCRFSuite.dylib
0x0000000000731000 	/usr/lib/libc++.1.dylib
0x0000000000731000 	/usr/lib/libc++abi.dylib
0x0000000000731000 	/usr/lib/system/libcache.dylib
0x0000000000731000 	/usr/lib/system/libcommonCrypto.dylib
0x0000000000731000 	/usr/lib/system/libcompiler_rt.dylib
0x0000000000731000 	/usr/lib/system/libcopyfile.dylib
0x0000000000731000 	/usr/lib/system/libcorecrypto.dylib
0x0000000000731000 	/usr/lib/system/libdispatch.dylib
0x0000000000731000 	/usr/lib/system/libdyld.dylib
0x0000000000731000 	/usr/lib/system/libkeymgr.dylib
0x0000000000731000 	/usr/lib/system/liblaunch.dylib
0x0000000000731000 	/usr/lib/system/libmacho.dylib
0x0000000000731000 	/usr/lib/system/libquarantine.dylib
0x0000000000731000 	/usr/lib/system/libremovefile.dylib
0x0000000000731000 	/usr/lib/system/libsystem_asl.dylib
0x0000000000731000 	/usr/lib/system/libsystem_blocks.dylib
0x0000000000731000 	/usr/lib/system/libsystem_c.dylib
0x0000000000731000 	/usr/lib/system/libsystem_configuration.dylib
0x0000000000731000 	/usr/lib/system/libsystem_coreservices.dylib
0x0000000000731000 	/usr/lib/system/libsystem_coretls.dylib
0x0000000000731000 	/usr/lib/system/libsystem_dnssd.dylib
0x0000000000731000 	/usr/lib/system/libsystem_info.dylib
0x0000000000731000 	/usr/lib/system/libsystem_kernel.dylib
0x0000000000731000 	/usr/lib/system/libsystem_m.dylib
0x0000000000731000 	/usr/lib/system/libsystem_malloc.dylib
0x0000000000731000 	/usr/lib/system/libsystem_network.dylib
0x0000000000731000 	/usr/lib/system/libsystem_networkextension.dylib
0x0000000000731000 	/usr/lib/system/libsystem_notify.dylib
0x0000000000731000 	/usr/lib/system/libsystem_platform.dylib
0x0000000000731000 	/usr/lib/system/libsystem_pthread.dylib
0x0000000000731000 	/usr/lib/system/libsystem_sandbox.dylib
0x0000000000731000 	/usr/lib/system/libsystem_secinit.dylib
0x0000000000731000 	/usr/lib/system/libsystem_trace.dylib
0x0000000000731000 	/usr/lib/system/libunc.dylib
0x0000000000731000 	/usr/lib/system/libunwind.dylib
0x0000000000731000 	/usr/lib/system/libxpc.dylib
0x0000000000731000 	/usr/lib/libenergytrace.dylib
0x0000000000731000 	/usr/lib/libbsm.0.dylib
0x0000000000731000 	/usr/lib/system/libkxld.dylib
0x0000000000731000 	/usr/lib/libxar.1.dylib
0x0000000000731000 	/usr/lib/libsqlite3.dylib
0x0000000000731000 	/usr/lib/libpam.2.dylib
0x0000000000731000 	/usr/lib/libOpenScriptingUtil.dylib
0x0000000000731000 	/usr/lib/libbz2.1.0.dylib
0x0000000000731000 	/usr/lib/liblzma.5.dylib
0x0000000000731000 	/System/Library/Frameworks/CoreServices.framework/Versions/A/Frameworks/FSEvents.framework/Versions/A/FSEvents
0x0000000000731000 	/System/Library/Frameworks/CoreServices.framework/Versions/A/Frameworks/CarbonCore.framework/Versions/A/CarbonCore
0x0000000000731000 	/System/Library/Frameworks/CoreServices.framework/Versions/A/Frameworks/Metadata.framework/Versions/A/Metadata
0x0000000000731000 	/System/Library/Frameworks/CoreServices.framework/Versions/A/Frameworks/OSServices.framework/Versions/A/OSServices
0x0000000000731000 	/System/Library/Frameworks/CoreServices.framework/Versions/A/Frameworks/SearchKit.framework/Versions/A/SearchKit
0x0000000000731000 	/System/Library/Frameworks/CoreServices.framework/Versions/A/Frameworks/AE.framework/Versions/A/AE
0x0000000000731000 	/System/Library/Frameworks/CoreServices.framework/Versions/A/Frameworks/LaunchServices.framework/Versions/A/LaunchServices
0x0000000000731000 	/System/Library/Frameworks/CoreServices.framework/Versions/A/Frameworks/DictionaryServices.framework/Versions/A/DictionaryServices
0x0000000000731000 	/System/Library/Frameworks/CoreServices.framework/Versions/A/Frameworks/SharedFileList.framework/Versions/A/SharedFileList
0x0000000000731000 	/System/Library/Frameworks/NetFS.framework/Versions/A/NetFS
0x0000000000731000 	/System/Library/PrivateFrameworks/NetAuth.framework/Versions/A/NetAuth
0x0000000000731000 	/System/Library/PrivateFrameworks/login.framework/Versions/A/Frameworks/loginsupport.framework/Versions/A/loginsupport
0x0000000000731000 	/System/Library/PrivateFrameworks/TCC.framework/Versions/A/TCC
0x0000000000731000 	/usr/lib/libmecabra.dylib
0x0000000000731000 	/System/Library/Frameworks/ApplicationServices.framework/Versions/A/Frameworks/ATS.framework/Versions/A/ATS
0x0000000000731000 	/System/Library/Frameworks/ApplicationServices.framework/Versions/A/Frameworks/ColorSync.framework/Versions/A/ColorSync
0x0000000000731000 	/System/Library/Frameworks/ApplicationServices.framework/Versions/A/Frameworks/HIServices.framework/Versions/A/HIServices
0x0000000000731000 	/System/Library/Frameworks/ApplicationServices.framework/Versions/A/Frameworks/LangAnalysis.framework/Versions/A/LangAnalysis
0x0000000000731000 	/System/Library/Frameworks/ApplicationServices.framework/Versions/A/Frameworks/PrintCore.framework/Versions/A/PrintCore
0x0000000000731000 	/System/Library/Frameworks/ApplicationServices.framework/Versions/A/Frameworks/QD.framework/Versions/A/QD
0x0000000000731000 	/System/Library/Frameworks/ApplicationServices.framework/Versions/A/Frameworks/SpeechSynthesis.framework/Versions/A/SpeechSynthesis
0x0000000000731000 	/System/Library/Frameworks/Metal.framework/Versions/A/Metal
0x0000000000731000 	/System/Library/Frameworks/Accelerate.framework/Versions/A/Frameworks/vImage.framework/Versions/A/vImage
0x0000000000731000 	/System/Library/Frameworks/Accelerate.framework/Versions/A/Frameworks/vecLib.framework/Versions/A/vecLib
0x0000000000731000 	/System/Library/Frameworks/Accelerate.framework/Versions/A/Frameworks/vecLib.framework/Versions/A/libvDSP.dylib
0x0000000000731000 	/System/Library/Frameworks/Accelerate.framework/Versions/A/Frameworks/vecLib.framework/Versions/A/libvMisc.dylib
0x0000000000731000 	/System/Library/Frameworks/Accelerate.framework/Versions/A/Frameworks/vecLib.framework/Versions/A/libLAPACK.dylib
0x0000000000731000 	/System/Library/Frameworks/Accelerate.framework/Versions/A/Frameworks/vecLib.framework/Versions/A/libBLAS.dylib
0x0000000000731000 	/System/Library/Frameworks/Accelerate.framework/Versions/A/Frameworks/vecLib.framework/Versions/A/libLinearAlgebra.dylib
0x0000000000731000 	/System/Library/Frameworks/Accelerate.framework/Versions/A/Frameworks/vecLib.framework/Versions/A/libSparseBLAS.dylib
0x0000000000731000 	/System/Library/PrivateFrameworks/GPUCompiler.framework/libmetal_timestamp.dylib
0x0000000000731000 	/System/Library/Frameworks/OpenGL.framework/Versions/A/Libraries/libCoreFSCache.dylib
0x0000000000731000 	/System/Library/PrivateFrameworks/IOAccelerator.framework/Versions/A/IOAccelerator
0x0000000000731000 	/System/Library/Frameworks/ApplicationServices.framework/Versions/A/Frameworks/ATS.framework/Versions/A/Resources/libFontParser.dylib
0x0000000000731000 	/System/Library/Frameworks/ApplicationServices.framework/Versions/A/Frameworks/ATS.framework/Versions/A/Resources/libFontRegistry.dylib
0x0000000000731000 	/System/Library/PrivateFrameworks/AppleVPA.framework/Versions/A/AppleVPA
0x0000000000731000 	/System/Library/PrivateFrameworks/AppleJPEG.framework/Versions/A/AppleJPEG
0x0000000000731000 	/System/Library/Frameworks/ImageIO.framework/Versions/A/Resources/libJPEG.dylib
0x0000000000731000 	/System/Library/Frameworks/ImageIO.framework/Versions/A/Resources/libTIFF.dylib
0x0000000000731000 	/System/Library/Frameworks/ImageIO.framework/Versions/A/Resources/libPng.dylib
0x0000000000731000 	/System/Library/Frameworks/ImageIO.framework/Versions/A/Resources/libGIF.dylib
0x0000000000731000 	/System/Library/Frameworks/ImageIO.framework/Versions/A/Resources/libJP2.dylib
0x0000000000731000 	/System/Library/Frameworks/ImageIO.framework/Versions/A/Resources/libRadiance.dylib
0x0000000000731000 	/System/Library/Frameworks/CoreVideo.framework/Versions/A/CoreVideo
0x0000000000731000 	/System/Library/Frameworks/OpenGL.framework/Versions/A/Libraries/libGLU.dylib
0x0000000000731000 	/System/Library/Frameworks/OpenGL.framework/Versions/A/Libraries/libGFXShared.dylib
0x0000000000731000 	/System/Library/Frameworks/OpenGL.framework/Versions/A/Libraries/libGL.dylib
0x0000000000731000 	/System/Library/Frameworks/OpenGL.framework/Versions/A/Libraries/libGLImage.dylib
0x0000000000731000 	/System/Library/Frameworks/OpenGL.framework/Versions/A/Libraries/libCVMSPluginSupport.dylib
0x0000000000731000 	/System/Library/Frameworks/OpenGL.framework/Versions/A/Libraries/libCoreVMClient.dylib
0x0000000000731000 	/usr/lib/libcups.2.dylib
0x0000000000731000 	/System/Library/Frameworks/Kerberos.framework/Versions/A/Kerberos
0x0000000000731000 	/System/Library/Frameworks/GSS.framework/Versions/A/GSS
0x0000000000731000 	/usr/lib/libresolv.9.dylib
0x0000000000731000 	/usr/lib/libiconv.2.dylib
0x0000000000731000 	/System/Library/PrivateFrameworks/Heimdal.framework/Versions/A/Heimdal
0x0000000000731000 	/usr/lib/libheimdal-asn1.dylib
0x0000000000731000 	/System/Library/Frameworks/OpenDirectory.framework/Versions/A/OpenDirectory
0x0000000000731000 	/System/Library/PrivateFrameworks/CommonAuth.framework/Versions/A/CommonAuth
0x0000000000731000 	/System/Library/Frameworks/OpenDirectory.framework/Versions/A/Frameworks/CFOpenDirectory.framework/Versions/A/CFOpenDirectory
0x0000000000731000 	/System/Library/Frameworks/SecurityFoundation.framework/Versions/A/SecurityFoundation
0x0000000000731000 	/System/Library/PrivateFrameworks/LanguageModeling.framework/Versions/A/LanguageModeling
0x0000000000731000 	/usr/lib/libmarisa.dylib
0x0000000000731000 	/usr/lib/libChineseTokenizer.dylib
0x0000000000731000 	/usr/lib/libcmph.dylib
0x0000000000731000 	/usr/lib/libcompression.dylib
0x0000000000731000 	/System/Library/Frameworks/ServiceManagement.framework/Versions/A/ServiceManagement
0x0000000000731000 	/usr/lib/libxslt.1.dylib
0x0000000000731000 	/System/Library/Frameworks/Carbon.framework/Versions/A/Frameworks/Ink.framework/Versions/A/Ink
0x0000000000731000 	/usr/lib/libFosl_dynamic.dylib
0x0000000000731000 	/System/Library/PrivateFrameworks/FaceCore.framework/Versions/A/FaceCore
0x0000000000731000 	/System/Library/Frameworks/OpenCL.framework/Versions/A/OpenCL
0x0000000000731000 	/System/Library/PrivateFrameworks/CrashReporterSupport.framework/Versions/A/CrashReporterSupport
0x0000000000731000 	/System/Library/PrivateFrameworks/IconServices.framework/Versions/A/IconServices
0x0000000000731000 	/System/Library/PrivateFrameworks/Apple80211.framework/Versions/A/Apple80211
0x0000000000731000 	/System/Library/Frameworks/CoreWLAN.framework/Versions/A/CoreWLAN
0x0000000000731000 	/System/Library/Frameworks/IOBluetooth.framework/Versions/A/IOBluetooth
0x0000000000731000 	/System/Library/PrivateFrameworks/CoreWiFi.framework/Versions/A/CoreWiFi
0x0000000000731000 	/System/Library/Frameworks/CoreBluetooth.framework/Versions/A/CoreBluetooth
0x0000000000731000 	/System/Library/PrivateFrameworks/ChunkingLibrary.framework/Versions/A/ChunkingLibrary
0x0000000000731000 	/System/Library/PrivateFrameworks/DebugSymbols.framework/Versions/A/DebugSymbols
0x0000000000731000 	/System/Library/PrivateFrameworks/CoreSymbolication.framework/Versions/A/CoreSymbolication
0x0000000000731000 	/System/Library/PrivateFrameworks/Symbolication.framework/Versions/A/Symbolication
0x0000000000731000 	/System/Library/PrivateFrameworks/SpeechRecognitionCore.framework/Versions/A/SpeechRecognitionCore
0x000000010fc00000 	/Library/Java/JavaVirtualMachines/jdk1.8.0_73.jdk/Contents/Home/jre/lib/server/libjvm.dylib
0x0000000000731000 	/usr/lib/libstdc++.6.dylib
0x000000010f2df000 	/Library/Java/JavaVirtualMachines/jdk1.8.0_73.jdk/Contents/Home/jre/lib/libverify.dylib
0x000000010f2ed000 	/Library/Java/JavaVirtualMachines/jdk1.8.0_73.jdk/Contents/Home/jre/lib/libjava.dylib
0x000000010f32c000 	/Library/Java/JavaVirtualMachines/jdk1.8.0_73.jdk/Contents/Home/jre/lib/libzip.dylib
0x000000010f3e1000 	/System/Library/Frameworks/JavaVM.framework/Frameworks/JavaRuntimeSupport.framework/JavaRuntimeSupport
0x0000000126444000 	/System/Library/Frameworks/JavaVM.framework/Versions/A/Frameworks/JavaNativeFoundation.framework/Versions/A/JavaNativeFoundation
0x0000000126459000 	/System/Library/Frameworks/JavaVM.framework/Versions/A/JavaVM
0x0000000000731000 	/System/Library/Frameworks/Carbon.framework/Versions/A/Carbon
0x0000000126466000 	/System/Library/PrivateFrameworks/JavaLaunching.framework/Versions/A/JavaLaunching
0x0000000000731000 	/System/Library/Frameworks/Carbon.framework/Versions/A/Frameworks/CommonPanels.framework/Versions/A/CommonPanels
0x0000000000731000 	/System/Library/Frameworks/Carbon.framework/Versions/A/Frameworks/Help.framework/Versions/A/Help
0x0000000000731000 	/System/Library/Frameworks/Carbon.framework/Versions/A/Frameworks/ImageCapture.framework/Versions/A/ImageCapture
0x0000000000731000 	/System/Library/Frameworks/Carbon.framework/Versions/A/Frameworks/OpenScripting.framework/Versions/A/OpenScripting
0x0000000000731000 	/System/Library/Frameworks/Carbon.framework/Versions/A/Frameworks/Print.framework/Versions/A/Print
0x0000000000731000 	/System/Library/Frameworks/Carbon.framework/Versions/A/Frameworks/SecurityHI.framework/Versions/A/SecurityHI
0x0000000127dbf000 	/Library/Java/JavaVirtualMachines/jdk1.8.0_73.jdk/Contents/Home/jre/lib/libawt.dylib
0x0000000127e67000 	/Library/Java/JavaVirtualMachines/jdk1.8.0_73.jdk/Contents/Home/jre/lib/./libmlib_image.dylib
0x0000000127f33000 	/Library/Java/JavaVirtualMachines/jdk1.8.0_73.jdk/Contents/Home/jre/lib/libawt_lwawt.dylib
0x0000000127fe8000 	/Library/Java/JavaVirtualMachines/jdk1.8.0_73.jdk/Contents/Home/jre/lib/./libosxapp.dylib
0x0000000000731000 	/System/Library/Frameworks/ExceptionHandling.framework/Versions/A/ExceptionHandling
0x0000000000731000 	/System/Library/PrivateFrameworks/CoreServicesInternal.framework/Versions/A/CoreServicesInternal
0x0000000000731000 	/System/Library/Frameworks/CoreGraphics.framework/Versions/A/Resources/libRIP.A.dylib
0x0000000000731000 	/System/Library/Frameworks/Accelerate.framework/Versions/A/Frameworks/vImage.framework/Versions/A/Libraries/libCGInterfaces.dylib
0x0000000000731000 	/System/Library/Frameworks/CoreGraphics.framework/Versions/A/Resources/libCGXType.A.dylib
0x0000000000731000 	/System/Library/Frameworks/OpenCL.framework/Versions/A/Libraries/libcldcpuengine.dylib
0x0000000000731000 	/System/Library/PrivateFrameworks/DiskImages.framework/Versions/A/DiskImages
0x0000000000731000 	/System/Library/Frameworks/DiscRecording.framework/Versions/A/DiscRecording
0x0000000000731000 	/usr/lib/libcsfde.dylib
0x0000000000731000 	/usr/lib/libcurl.4.dylib
0x0000000000731000 	/System/Library/PrivateFrameworks/MediaKit.framework/Versions/A/MediaKit
0x0000000000731000 	/System/Library/PrivateFrameworks/ProtectedCloudStorage.framework/Versions/A/ProtectedCloudStorage
0x0000000000731000 	/usr/lib/libCoreStorage.dylib
0x0000000000731000 	/System/Library/PrivateFrameworks/EFILogin.framework/Versions/A/EFILogin
0x0000000000731000 	/usr/lib/libutil.dylib
0x0000000000731000 	/System/Library/PrivateFrameworks/FindMyDevice.framework/Versions/A/FindMyDevice
0x0000000000731000 	/System/Library/Frameworks/LDAP.framework/Versions/A/LDAP
0x0000000000731000 	/usr/lib/libsasl2.2.dylib
0x0000000000731000 	/System/Library/PrivateFrameworks/CoreDaemon.framework/Versions/B/CoreDaemon
0x0000000000731000 	/usr/lib/libcrypto.0.9.8.dylib
0x0000000000731000 	/System/Library/PrivateFrameworks/AppleSRP.framework/Versions/A/AppleSRP
0x0000000000731000 	/System/Library/PrivateFrameworks/TrustEvaluationAgent.framework/Versions/A/TrustEvaluationAgent
0x0000000129f86000 	cl_kernels
0x0000000000731000 	/System/Library/Frameworks/OpenCL.framework/Versions/A/Libraries/ImageFormats/unorm8_bgra.dylib
0x0000000000731000 	/System/Library/Frameworks/OpenCL.framework/Versions/A/Libraries/ImageFormats/unorm8_rgba.dylib
0x0000000000731000 	/System/Library/PrivateFrameworks/FamilyControls.framework/Versions/A/FamilyControls
0x0000000000731000 	/System/Library/PrivateFrameworks/CommerceKit.framework/Versions/A/Frameworks/CommerceCore.framework/Versions/A/CommerceCore
0x0000000000731000 	/System/Library/PrivateFrameworks/SystemAdministration.framework/Versions/A/SystemAdministration
0x0000000000731000 	/System/Library/PrivateFrameworks/AppContainer.framework/Versions/A/AppContainer
0x0000000000731000 	/System/Library/PrivateFrameworks/SecCodeWrapper.framework/Versions/A/SecCodeWrapper
0x0000000000731000 	/System/Library/Frameworks/DirectoryService.framework/Versions/A/DirectoryService
0x0000000000731000 	/System/Library/PrivateFrameworks/LoginUIKit.framework/Versions/A/Frameworks/LoginUICore.framework/Versions/A/LoginUICore
0x0000000000731000 	/usr/lib/libodfde.dylib
0x0000000000731000 	/System/Library/Frameworks/OpenGL.framework/Versions/A/Resources/GLEngine.bundle/GLEngine
0x0000000000731000 	/System/Library/Frameworks/OpenGL.framework/Versions/A/Libraries/libGLProgrammability.dylib
0x000000012b6e1000 	/System/Library/Extensions/AppleIntelHD5000GraphicsGLDriver.bundle/Contents/MacOS/AppleIntelHD5000GraphicsGLDriver
0x0000000000731000 	/System/Library/PrivateFrameworks/GPUSupport.framework/Versions/A/Libraries/libGPUSupportMercury.dylib
0x0000000000731000 	/System/Library/Frameworks/OpenGL.framework/Versions/A/Resources/GLRendererFloat.bundle/GLRendererFloat
0x000000012c5d1000 	/Library/Java/JavaVirtualMachines/jdk1.8.0_73.jdk/Contents/Home/jre/lib/libfontmanager.dylib
0x000000012d799000 	/Library/Java/JavaVirtualMachines/jdk1.8.0_73.jdk/Contents/Home/jre/lib/libosxui.dylib
0x000000012e4bc000 	/Library/Java/JavaVirtualMachines/jdk1.8.0_73.jdk/Contents/Home/jre/lib/libnet.dylib
0x000000012e304000 	/Library/Java/JavaVirtualMachines/jdk1.8.0_73.jdk/Contents/Home/jre/lib/libnio.dylib
0x0000000000731000 	/System/Library/Frameworks/ApplicationServices.framework/Versions/A/Frameworks/ATS.framework/Versions/A/Resources/libTrueTypeScaler.dylib
0x000000018c112000 	/System/Library/Extensions/AppleIntelHD5000GraphicsMTLDriver.bundle/Contents/MacOS/AppleIntelHD5000GraphicsMTLDriver
0x000000012928a000 	/private/var/folders/zg/1l8q7jb960scm7wpq1kf74lm0000gn/T/jogamp_0000/file_cache/jln8516022893004230398/jln7107505067969531221/libgluegen-rt.jnilib
0x000000012d6fb000 	/private/var/folders/zg/1l8q7jb960scm7wpq1kf74lm0000gn/T/jogamp_0000/file_cache/jln8516022893004230398/jln7107505067969531221/libnativewindow_awt.jnilib
0x000000012d792000 	/Library/Java/JavaVirtualMachines/jdk1.8.0_73.jdk/Contents/Home/jre/lib/libjawt.dylib
0x000000018bff5000 	/private/var/folders/zg/1l8q7jb960scm7wpq1kf74lm0000gn/T/jogamp_0000/file_cache/jln8516022893004230398/jln7107505067969531221/libnativewindow_macosx.jnilib
0x000000019152d000 	/private/var/folders/zg/1l8q7jb960scm7wpq1kf74lm0000gn/T/jogamp_0000/file_cache/jln8516022893004230398/jln7107505067969531221/libjogl_desktop.jnilib
0x0000000129b1e000 	/Library/Java/JavaVirtualMachines/jdk1.8.0_73.jdk/Contents/Home/jre/lib/libjpeg.dylib

VM Arguments:
jvm_args: -Djava.security.policy=java.policy.applet -Dfile.encoding=UTF-8 
java_command: sun.applet.AppletViewer module1.HelloWorld1455646192979.html
java_class_path (initial): /Users/intruder04/dev_projects/java/UCSDUnfoldingMaps/build:/Users/intruder04/dev_projects/java/UCSDUnfoldingMaps/lib/core.jar:/Users/intruder04/dev_projects/java/UCSDUnfoldingMaps/lib/gluegen-rt.jar:/Users/intruder04/dev_projects/java/UCSDUnfoldingMaps/lib/jogl-all.jar:/Users/intruder04/dev_projects/java/UCSDUnfoldingMaps/lib/log4j-1.2.15.jar:/Users/intruder04/dev_projects/java/UCSDUnfoldingMaps/lib/sqlite-jdbc-3.7.2.jar:/Users/intruder04/dev_projects/java/UCSDUnfoldingMaps/lib/json4processing.jar:/Users/intruder04/dev_projects/java/UCSDUnfoldingMaps/lib/libTUIO.jar:/Users/intruder04/dev_projects/java/UCSDUnfoldingMaps/lib/unfolding.0.9.7-uscd.jar
Launcher Type: SUN_STANDARD

Environment Variables:
PATH=/usr/bin:/bin:/usr/sbin:/sbin
SHELL=/bin/bash

Signal Handlers:
SIGSEGV: [libjvm.dylib+0x5a71a5], sa_mask[0]=11111111011111110111111111111111, sa_flags=SA_ONSTACK|SA_RESTART|SA_SIGINFO
SIGBUS: [libjvm.dylib+0x5a71a5], sa_mask[0]=11111111011111110111111111111111, sa_flags=SA_RESTART|SA_SIGINFO
SIGFPE: [libjvm.dylib+0x480eb4], sa_mask[0]=11111111011111110111111111111111, sa_flags=SA_RESTART|SA_SIGINFO
SIGPIPE: [libjvm.dylib+0x480eb4], sa_mask[0]=11111111011111110111111111111111, sa_flags=SA_RESTART|SA_SIGINFO
SIGXFSZ: [libjvm.dylib+0x480eb4], sa_mask[0]=11111111011111110111111111111111, sa_flags=SA_RESTART|SA_SIGINFO
SIGILL: [libjvm.dylib+0x480eb4], sa_mask[0]=11111111011111110111111111111111, sa_flags=SA_RESTART|SA_SIGINFO
SIGUSR1: SIG_DFL, sa_mask[0]=00000000000000000000000000000000, sa_flags=none
SIGUSR2: [libjvm.dylib+0x4809d2], sa_mask[0]=00100000000000000000000000000000, sa_flags=SA_RESTART|SA_SIGINFO
SIGHUP: [libjvm.dylib+0x47efa9], sa_mask[0]=11111111011111110111111111111111, sa_flags=SA_RESTART|SA_SIGINFO
SIGINT: [libjvm.dylib+0x47efa9], sa_mask[0]=11111111011111110111111111111111, sa_flags=SA_RESTART|SA_SIGINFO
SIGTERM: [libjvm.dylib+0x47efa9], sa_mask[0]=11111111011111110111111111111111, sa_flags=SA_RESTART|SA_SIGINFO
SIGQUIT: [libjvm.dylib+0x47efa9], sa_mask[0]=11111111011111110111111111111111, sa_flags=SA_RESTART|SA_SIGINFO


---------------  S Y S T E M  ---------------

OS:Bsduname:Darwin 15.3.0 Darwin Kernel Version 15.3.0: Thu Dec 10 18:40:58 PST 2015; root:xnu-3248.30.4~1/RELEASE_X86_64 x86_64
rlimit: STACK 8192k, CORE 0k, NPROC 709, NOFILE 10240, AS infinity
load average:1.69 1.96 2.00

CPU:total 4 (2 cores per cpu, 2 threads per core) family 6 model 69 stepping 1, cmov, cx8, fxsr, mmx, sse, sse2, sse3, ssse3, sse4.1, sse4.2, popcnt, avx, avx2, aes, clmul, erms, lzcnt, ht, tsc, tscinvbit, bmi1, bmi2

Memory: 4k page, physical 8388608k(66080k free)

/proc/meminfo:


vm_info: Java HotSpot(TM) 64-Bit Server VM (25.73-b02) for bsd-amd64 JRE (1.8.0_73-b02), built on Jan 29 2016 15:02:00 by "java_re" with gcc 4.2.1 (Based on Apple Inc. build 5658) (LLVM build 2336.11.00)

time: Tue Feb 16 21:10:04 2016
elapsed time: 11 seconds (0d 0h 0m 11s)

