#
# A fatal error has been detected by the Java Runtime Environment:
#
#  SIGSEGV (0xb) at pc=0x00007fff865430f3, pid=11384, tid=2571
#
# JRE version: Java(TM) SE Runtime Environment (8.0_73-b02) (build 1.8.0_73-b02)
# Java VM: Java HotSpot(TM) 64-Bit Server VM (25.73-b02 mixed mode bsd-amd64 compressed oops)
# Problematic frame:
# C  [libobjc.A.dylib+0x80f3]  objc_release+0x13
#
# Failed to write core dump. Core dumps have been disabled. To enable core dumping, try "ulimit -c unlimited" before starting Java again
#
# If you would like to submit a bug report, please visit:
#   http://bugreport.java.com/bugreport/crash.jsp
# The crash happened outside the Java Virtual Machine in native code.
# See problematic frame for where to report the bug.
#

---------------  T H R E A D  ---------------

Current thread (0x00007ffe91837000):  JavaThread "AWT-AppKit" daemon [_thread_in_native, id=2571, stack(0x00007fff5c8fe000,0x00007fff5d0fe000)]

siginfo: si_signo: 11 (SIGSEGV), si_code: 0 (unknown), si_addr: 0x0000000000000000

Registers:
RAX=0x0000000000000008, RBX=0x0000000000000000, RCX=0x0000000000000003, RDX=0x00007ffe92dd7a88
RSP=0x00007fff5d0f9440, RBP=0x00007fff5d0f9440, RSI=0x000000011ba50f10, RDI=0x100007ffe92ddf0c
R8 =0x0000000000000001, R9 =0x00007ffe92ddf0c0, R10=0x00007ffe925236f0, R11=0x000000017f959840
R12=0x0000000000000000, R13=0x00000001844f5608, R14=0x00007ffe92dd73f0, R15=0x00007ffe91837000
RIP=0x00007fff865430f3, EFLAGS=0x0000000000010246, ERR=0x0000000000000000
  TRAPNO=0x000000000000000d

Top of Stack: (sp=0x00007fff5d0f9440)
0x00007fff5d0f9440:   00007fff5d0f9470 000000011b9da47b
0x00007fff5d0f9450:   00007fff5d0f9470 000000017f959450
0x00007fff5d0f9460:   000000017f959440 00007ffe91837000
0x00007fff5d0f9470:   00007fff5d0f9530 000000017f957215
0x00007fff5d0f9480:   000000017f959700 000000017f9596e0
0x00007fff5d0f9490:   000000017f9594b0 0000000000000000
0x00007fff5d0f94a0:   00000001844f5608 00000001844f5608
0x00007fff5d0f94b0:   00007ffe92dd7a80 000000017f9596a0
0x00007fff5d0f94c0:   000000017f959710 00007fff737e7770
0x00007fff5d0f94d0:   00007fff749e8500 000000017f959450
0x00007fff5d0f94e0:   000000017f959690 00007ffe92dd7a80
0x00007fff5d0f94f0:   00007ffe92dd73f0 00007ffe907bd820
0x00007fff5d0f9500:   00007ffe92dd7a80 00007ffe92dd73f0
0x00007fff5d0f9510:   00007fff5d0f95b0 00007ffe918371f8
0x00007fff5d0f9520:   00000001844f5608 00007fff5d0f95d8
0x00007fff5d0f9530:   00007fff5d0f95a0 00000001045a2954
0x00007fff5d0f9540:   00007fff5d0f95a0 00000001045a26d9
0x00007fff5d0f9550:   00000001045ae823 00000001045a26a2
0x00007fff5d0f9560:   00007fff5d0f9560 00000001844f5608
0x00007fff5d0f9570:   00007fff5d0f95d8 00000001844f8240
0x00007fff5d0f9580:   0000000000000000 00000001844f5608
0x00007fff5d0f9590:   0000000000000000 00007fff5d0f95c0
0x00007fff5d0f95a0:   00007fff5d0f9620 0000000104594c4d
0x00007fff5d0f95b0:   0000000740a6df80 000000010459c578
0x00007fff5d0f95c0:   00007ffe92dd7a80 000000010459ddb9
0x00007fff5d0f95d0:   00007ffe92dd73f0 000000010459dd82
0x00007fff5d0f95e0:   00007fff5d0f95e0 00000001844f57d2
0x00007fff5d0f95f0:   00007fff5d0f9648 00000001844f8240
0x00007fff5d0f9600:   0000000000000000 00000001844f57e0
0x00007fff5d0f9610:   00007fff5d0f95c0 00007fff5d0f9630
0x00007fff5d0f9620:   00007fff5d0f9690 0000000104594c4d
0x00007fff5d0f9630:   00007ffe92dd7a80 0000000799d560f8 

Instructions: (pc=0x00007fff865430f3)
0x00007fff865430d3:   41 5c 41 5d 41 5e 41 5f 5d c3 90 90 90 55 48 89
0x00007fff865430e3:   e5 48 85 ff 0f 84 82 00 00 00 40 f6 c7 01 75 7c
0x00007fff865430f3:   48 8b 07 48 b9 f8 ff ff ff ff 7f 00 00 48 21 c1
0x00007fff86543103:   f6 41 20 02 75 10 48 8d 05 80 6c 7f eb 48 8b 30 

Register to memory mapping:

RAX=0x0000000000000008 is an unknown value
RBX=0x0000000000000000 is an unknown value
RCX=0x0000000000000003 is an unknown value
RDX=0x00007ffe92dd7a88 is an unknown value
RSP=0x00007fff5d0f9440 is pointing into the stack for thread: 0x00007ffe91837000
RBP=0x00007fff5d0f9440 is pointing into the stack for thread: 0x00007ffe91837000
RSI=0x000000011ba50f10: OBJC_IVAR_$_PrinterView.fCurPeekGraphics+0x1aa8 in /Library/Java/JavaVirtualMachines/jdk1.8.0_73.jdk/Contents/Home/jre/lib/libawt_lwawt.dylib at 0x000000011b9d6000
RDI=0x100007ffe92ddf0c is an unknown value
R8 =0x0000000000000001 is an unknown value
R9 =0x00007ffe92ddf0c0 is an unknown value
R10=0x00007ffe925236f0 is an unknown value
R11=0x000000017f959840: OBJC_CLASS_$_MyCALayer+0 in /private/var/folders/zg/1l8q7jb960scm7wpq1kf74lm0000gn/T/jogamp_0000/file_cache/jln7915205772764034631/jln4558463812525058696/libnativewindow_macosx.jnilib at 0x000000017f952000
R12=0x0000000000000000 is an unknown value
R13={method} {0x00000001844f5608} 'UnsetJAWTRootSurfaceLayer0' '(JJ)V' in 'jogamp/nativewindow/jawt/macosx/MacOSXJAWTWindow'
R14=0x00007ffe92dd73f0 is an unknown value
R15=0x00007ffe91837000 is a thread


Stack: [0x00007fff5c8fe000,0x00007fff5d0fe000],  sp=0x00007fff5d0f9440,  free space=8173k
Native frames: (J=compiled Java code, j=interpreted, Vv=VM code, C=native code)
C  [libobjc.A.dylib+0x80f3]  objc_release+0x13
C  [libawt_lwawt.dylib+0x447b]  -[AWTSurfaceLayers setLayer:]+0x54
C  [libnativewindow_macosx.jnilib+0x5215]  Java_jogamp_nativewindow_jawt_macosx_MacOSXJAWTWindow_UnsetJAWTRootSurfaceLayer0+0x1a5
j  jogamp.nativewindow.jawt.macosx.MacOSXJAWTWindow.UnsetJAWTRootSurfaceLayer0(JJ)V+0
j  jogamp.nativewindow.jawt.macosx.MacOSXJAWTWindow.access$200(JJ)V+2
j  jogamp.nativewindow.jawt.macosx.MacOSXJAWTWindow$1.run()V+38
j  com.jogamp.common.util.RunnableTask.run()V+24
v  ~StubRoutines::call_stub
V  [libjvm.dylib+0x2eae7a]  JavaCalls::call_helper(JavaValue*, methodHandle*, JavaCallArguments*, Thread*)+0x6ae
V  [libjvm.dylib+0x321f83]  jni_invoke_nonstatic(JNIEnv_*, JavaValue*, _jobject*, JNICallType, _jmethodID*, JNI_ArgumentPusher*, Thread*)+0x2ec
V  [libjvm.dylib+0x314757]  jni_CallVoidMethod+0x16b
C  [libnativewindow_macosx.jnilib+0x5326]  Java_jogamp_nativewindow_jawt_macosx_MacOSXJAWTWindow_UnsetJAWTRootSurfaceLayer0+0x2b6
C  [Foundation+0x8dd4b]  __NSThreadPerformPerform+0x117
C  [CoreFoundation+0x7e5c1]  __CFRUNLOOP_IS_CALLING_OUT_TO_A_SOURCE0_PERFORM_FUNCTION__+0x11
C  [CoreFoundation+0x70397]  __CFRunLoopDoSources0+0x1a7
C  [CoreFoundation+0x6f93f]  __CFRunLoopRun+0x39f
C  [CoreFoundation+0x6f338]  CFRunLoopRunSpecific+0x128
C  [HIToolbox+0x30935]  RunCurrentEventLoopInMode+0xeb
C  [HIToolbox+0x30677]  ReceiveNextEventCommon+0xb8
C  [HIToolbox+0x305af]  _BlockUntilNextEventMatchingListInModeWithFilter+0x47
C  [AppKit+0x8a0ee]  _DPSNextEvent+0x42b
C  [AppKit+0x456943]  -[NSApplication _nextEventMatchingEventMask:untilDate:inMode:dequeue:]+0x1c6
C  [libosxapp.dylib+0x23aa]  -[NSApplicationAWT nextEventMatchingMask:untilDate:inMode:dequeue:]+0x7c
C  [AppKit+0x7ffc8]  -[NSApplication run]+0x2aa
C  [libosxapp.dylib+0x214d]  +[NSApplicationAWT runAWTLoopWithApp:]+0x9c
C  [libawt_lwawt.dylib+0x4455b]  -[AWTStarter starter:]+0x389
C  [Foundation+0x8dd4b]  __NSThreadPerformPerform+0x117
C  [CoreFoundation+0x7e5c1]  __CFRUNLOOP_IS_CALLING_OUT_TO_A_SOURCE0_PERFORM_FUNCTION__+0x11
C  [CoreFoundation+0x7041c]  __CFRunLoopDoSources0+0x22c
C  [CoreFoundation+0x6f93f]  __CFRunLoopRun+0x39f
C  [CoreFoundation+0x6f338]  CFRunLoopRunSpecific+0x128
C  [java+0x6463]  CreateExecutionEnvironment+0x367
C  [java+0x21ac]  JLI_Launch+0x7a0
C  [java+0x84c0]  main+0x65
C  [java+0x1a04]  start+0x34
C  0x0000000000000007

Java frames: (J=compiled Java code, j=interpreted, Vv=VM code)
j  jogamp.nativewindow.jawt.macosx.MacOSXJAWTWindow.UnsetJAWTRootSurfaceLayer0(JJ)V+0
j  jogamp.nativewindow.jawt.macosx.MacOSXJAWTWindow.access$200(JJ)V+2
j  jogamp.nativewindow.jawt.macosx.MacOSXJAWTWindow$1.run()V+38
j  com.jogamp.common.util.RunnableTask.run()V+24
v  ~StubRoutines::call_stub

---------------  P R O C E S S  ---------------

Java Threads: ( => current thread )
  0x00007ffe91663000 JavaThread "Thread-48" [_thread_blocked, id=63823, stack(0x00007000019ee000,0x0000700001aee000)]
  0x00007ffe92581000 JavaThread "Image Fetcher 3" daemon [_thread_blocked, id=69379, stack(0x0000700002612000,0x0000700002712000)]
  0x00007ffe91cba800 JavaThread "Image Fetcher 2" daemon [_thread_blocked, id=68875, stack(0x000070000250f000,0x000070000260f000)]
  0x00007ffe92628800 JavaThread "Image Fetcher 1" daemon [_thread_blocked, id=68387, stack(0x000070000240c000,0x000070000250c000)]
  0x00007ffe915c1800 JavaThread "Image Fetcher 0" daemon [_thread_blocked, id=67843, stack(0x0000700002309000,0x0000700002409000)]
  0x00007ffe9256e000 JavaThread "Keep-Alive-Timer" daemon [_thread_blocked, id=67403, stack(0x0000700002206000,0x0000700002306000)]
  0x00007ffe92423000 JavaThread "Animation Thread" [_thread_blocked, id=58675, stack(0x0000700001765000,0x0000700001865000)]
  0x00007ffe92428000 JavaThread "AWT-EventQueue-1" [_thread_in_native, id=59175, stack(0x0000700001868000,0x0000700001968000)]
  0x00007ffe9187c800 JavaThread "DestroyJavaVM" [_thread_blocked, id=5891, stack(0x000070000011a000,0x000070000021a000)]
  0x00007ffe918aa800 JavaThread "AWT-EventQueue-0" [_thread_blocked, id=56067, stack(0x0000700001662000,0x0000700001762000)]
  0x00007ffe9118b800 JavaThread "Java2D Disposer" daemon [_thread_blocked, id=51219, stack(0x00007000013d9000,0x00007000014d9000)]
  0x00007ffe92242000 JavaThread "Java2D Queue Flusher" daemon [_thread_blocked, id=40995, stack(0x00007000012d6000,0x00007000013d6000)]
  0x00007ffe921f8800 JavaThread "AWT-Shutdown" [_thread_blocked, id=27947, stack(0x0000700001150000,0x0000700001250000)]
=>0x00007ffe91837000 JavaThread "AWT-AppKit" daemon [_thread_in_native, id=2571, stack(0x00007fff5c8fe000,0x00007fff5d0fe000)]
  0x00007ffe91013800 JavaThread "Service Thread" daemon [_thread_blocked, id=18691, stack(0x0000700000e44000,0x0000700000f44000)]
  0x00007ffe91812800 JavaThread "C1 CompilerThread2" daemon [_thread_blocked, id=18179, stack(0x0000700000d41000,0x0000700000e41000)]
  0x00007ffe9206b800 JavaThread "C2 CompilerThread1" daemon [_thread_blocked, id=17667, stack(0x0000700000c3e000,0x0000700000d3e000)]
  0x00007ffe9081a000 JavaThread "C2 CompilerThread0" daemon [_thread_blocked, id=17155, stack(0x0000700000b3b000,0x0000700000c3b000)]
  0x00007ffe91000800 JavaThread "Signal Dispatcher" daemon [_thread_blocked, id=13839, stack(0x0000700000a38000,0x0000700000b38000)]
  0x00007ffe90814000 JavaThread "Finalizer" daemon [_thread_blocked, id=12291, stack(0x000070000082f000,0x000070000092f000)]
  0x00007ffe90813000 JavaThread "Reference Handler" daemon [_thread_blocked, id=11779, stack(0x000070000072c000,0x000070000082c000)]

Other Threads:
  0x00007ffe90810800 VMThread [stack: 0x0000700000629000,0x0000700000729000] [id=11267]
  0x00007ffe91012800 WatcherThread [stack: 0x0000700000f47000,0x0000700001047000] [id=19203]

VM state:not at safepoint (normal execution)

VM Mutex/Monitor currently owned by a thread: None

Heap:
 PSYoungGen      total 71680K, used 39603K [0x0000000795580000, 0x000000079a080000, 0x00000007c0000000)
  eden space 66560K, 51% used [0x0000000795580000,0x0000000797738ed8,0x0000000799680000)
  from space 5120K, 99% used [0x0000000799b80000,0x000000079a074120,0x000000079a080000)
  to   space 5120K, 0% used [0x0000000799680000,0x0000000799680000,0x0000000799b80000)
 ParOldGen       total 87552K, used 17376K [0x0000000740000000, 0x0000000745580000, 0x0000000795580000)
  object space 87552K, 19% used [0x0000000740000000,0x00000007410f81b0,0x0000000745580000)
 Metaspace       used 18848K, capacity 19025K, committed 19072K, reserved 1067008K
  class space    used 1868K, capacity 1920K, committed 1920K, reserved 1048576K

Card table byte_map: [0x000000011394d000,0x0000000113d4e000] byte_map_base: 0x000000010ff4d000

Marking Bits: (ParMarkBitMap*) 0x0000000103ee3ea0
 Begin Bits: [0x0000000113ff9000, 0x0000000115ff9000)
 End Bits:   [0x0000000115ff9000, 0x0000000117ff9000)

Polling page: 0x0000000102dc5000

CodeCache: size=245760Kb used=6671Kb max_used=6681Kb free=239088Kb
 bounds [0x000000010458d000, 0x0000000104c1d000, 0x000000011358d000]
 total_blobs=2752 nmethods=1879 adapters=787
 compilation: enabled

Compilation events (10 events):
Event: 6.725 Thread 0x00007ffe9206b800 nmethod 1874 0x0000000104c18310 code [0x0000000104c18480, 0x0000000104c18bf8]
Event: 6.733 Thread 0x00007ffe9081a000 nmethod 1875 0x0000000104c17610 code [0x0000000104c17780, 0x0000000104c17f58]
Event: 6.736 Thread 0x00007ffe91812800 1876       3       java.awt.geom.AffineTransform::<init> (15 bytes)
Event: 6.736 Thread 0x00007ffe91812800 nmethod 1876 0x0000000104c0f2d0 code [0x0000000104c0f440, 0x0000000104c0f610]
Event: 6.736 Thread 0x00007ffe91812800 1878       3       sun.java2d.pipe.RenderBuffer::putFloat (26 bytes)
Event: 6.736 Thread 0x00007ffe91812800 nmethod 1878 0x0000000104c17250 code [0x0000000104c173c0, 0x0000000104c17550]
Event: 6.736 Thread 0x00007ffe91812800 1877       1       sun.java2d.SurfaceData::isValid (5 bytes)
Event: 6.736 Thread 0x00007ffe91812800 nmethod 1877 0x0000000104c0f010 code [0x0000000104c0f160, 0x0000000104c0f270]
Event: 6.737 Thread 0x00007ffe91812800 1879       3       java.awt.geom.AffineTransform::getScaleY (5 bytes)
Event: 6.737 Thread 0x00007ffe91812800 nmethod 1879 0x0000000104c16f50 code [0x0000000104c170a0, 0x0000000104c171f0]

GC Heap History (8 events):
Event: 2.113 GC heap before
{Heap before GC invocations=1 (full 0):
 PSYoungGen      total 38400K, used 33280K [0x0000000795580000, 0x0000000798000000, 0x00000007c0000000)
  eden space 33280K, 100% used [0x0000000795580000,0x0000000797600000,0x0000000797600000)
  from space 5120K, 0% used [0x0000000797b00000,0x0000000797b00000,0x0000000798000000)
  to   space 5120K, 0% used [0x0000000797600000,0x0000000797600000,0x0000000797b00000)
 ParOldGen       total 87552K, used 0K [0x0000000740000000, 0x0000000745580000, 0x0000000795580000)
  object space 87552K, 0% used [0x0000000740000000,0x0000000740000000,0x0000000745580000)
 Metaspace       used 15778K, capacity 15995K, committed 16256K, reserved 1064960K
  class space    used 1592K, capacity 1661K, committed 1664K, reserved 1048576K
Event: 2.121 GC heap after
Heap after GC invocations=1 (full 0):
 PSYoungGen      total 38400K, used 4982K [0x0000000795580000, 0x0000000798000000, 0x00000007c0000000)
  eden space 33280K, 0% used [0x0000000795580000,0x0000000795580000,0x0000000797600000)
  from space 5120K, 97% used [0x0000000797600000,0x0000000797add830,0x0000000797b00000)
  to   space 5120K, 0% used [0x0000000797b00000,0x0000000797b00000,0x0000000798000000)
 ParOldGen       total 87552K, used 8K [0x0000000740000000, 0x0000000745580000, 0x0000000795580000)
  object space 87552K, 0% used [0x0000000740000000,0x0000000740002000,0x0000000745580000)
 Metaspace       used 15778K, capacity 15995K, committed 16256K, reserved 1064960K
  class space    used 1592K, capacity 1661K, committed 1664K, reserved 1048576K
}
Event: 3.153 GC heap before
{Heap before GC invocations=2 (full 0):
 PSYoungGen      total 38400K, used 38262K [0x0000000795580000, 0x0000000798000000, 0x00000007c0000000)
  eden space 33280K, 100% used [0x0000000795580000,0x0000000797600000,0x0000000797600000)
  from space 5120K, 97% used [0x0000000797600000,0x0000000797add830,0x0000000797b00000)
  to   space 5120K, 0% used [0x0000000797b00000,0x0000000797b00000,0x0000000798000000)
 ParOldGen       total 87552K, used 8K [0x0000000740000000, 0x0000000745580000, 0x0000000795580000)
  object space 87552K, 0% used [0x0000000740000000,0x0000000740002000,0x0000000745580000)
 Metaspace       used 18314K, capacity 18445K, committed 18560K, reserved 1067008K
  class space    used 1859K, capacity 1920K, committed 1920K, reserved 1048576K
Event: 3.172 GC heap after
Heap after GC invocations=2 (full 0):
 PSYoungGen      total 38400K, used 5088K [0x0000000795580000, 0x000000079a080000, 0x00000007c0000000)
  eden space 33280K, 0% used [0x0000000795580000,0x0000000795580000,0x0000000797600000)
  from space 5120K, 99% used [0x0000000797b00000,0x0000000797ff8160,0x0000000798000000)
  to   space 5120K, 0% used [0x0000000797600000,0x0000000797600000,0x0000000797b00000)
 ParOldGen       total 87552K, used 8176K [0x0000000740000000, 0x0000000745580000, 0x0000000795580000)
  object space 87552K, 9% used [0x0000000740000000,0x00000007407fc3b8,0x0000000745580000)
 Metaspace       used 18314K, capacity 18445K, committed 18560K, reserved 1067008K
  class space    used 1859K, capacity 1920K, committed 1920K, reserved 1048576K
}
Event: 3.547 GC heap before
{Heap before GC invocations=3 (full 0):
 PSYoungGen      total 38400K, used 38128K [0x0000000795580000, 0x000000079a080000, 0x00000007c0000000)
  eden space 33280K, 99% used [0x0000000795580000,0x00000007975c3ec8,0x0000000797600000)
  from space 5120K, 99% used [0x0000000797b00000,0x0000000797ff8160,0x0000000798000000)
  to   space 5120K, 0% used [0x0000000797600000,0x0000000797600000,0x0000000797b00000)
 ParOldGen       total 87552K, used 8176K [0x0000000740000000, 0x0000000745580000, 0x0000000795580000)
  object space 87552K, 9% used [0x0000000740000000,0x00000007407fc3b8,0x0000000745580000)
 Metaspace       used 18444K, capacity 18637K, committed 18816K, reserved 1067008K
  class space    used 1860K, capacity 1920K, committed 1920K, reserved 1048576K
Event: 3.558 GC heap after
Heap after GC invocations=3 (full 0):
 PSYoungGen      total 38400K, used 5104K [0x0000000795580000, 0x000000079a080000, 0x00000007c0000000)
  eden space 33280K, 0% used [0x0000000795580000,0x0000000795580000,0x0000000797600000)
  from space 5120K, 99% used [0x0000000797600000,0x0000000797afc130,0x0000000797b00000)
  to   space 5120K, 0% used [0x0000000799b80000,0x0000000799b80000,0x000000079a080000)
 ParOldGen       total 87552K, used 12248K [0x0000000740000000, 0x0000000745580000, 0x0000000795580000)
  object space 87552K, 13% used [0x0000000740000000,0x0000000740bf6070,0x0000000745580000)
 Metaspace       used 18444K, capacity 18637K, committed 18816K, reserved 1067008K
  class space    used 1860K, capacity 1920K, committed 1920K, reserved 1048576K
}
Event: 3.983 GC heap before
{Heap before GC invocations=4 (full 0):
 PSYoungGen      total 38400K, used 38384K [0x0000000795580000, 0x000000079a080000, 0x00000007c0000000)
  eden space 33280K, 100% used [0x0000000795580000,0x0000000797600000,0x0000000797600000)
  from space 5120K, 99% used [0x0000000797600000,0x0000000797afc130,0x0000000797b00000)
  to   space 5120K, 0% used [0x0000000799b80000,0x0000000799b80000,0x000000079a080000)
 ParOldGen       total 87552K, used 12248K [0x0000000740000000, 0x0000000745580000, 0x0000000795580000)
  object space 87552K, 13% used [0x0000000740000000,0x0000000740bf6070,0x0000000745580000)
 Metaspace       used 18621K, capacity 18829K, committed 19072K, reserved 1067008K
  class space    used 1860K, capacity 1920K, committed 1920K, reserved 1048576K
Event: 3.995 GC heap after
Heap after GC invocations=4 (full 0):
 PSYoungGen      total 71680K, used 5072K [0x0000000795580000, 0x000000079a080000, 0x00000007c0000000)
  eden space 66560K, 0% used [0x0000000795580000,0x0000000795580000,0x0000000799680000)
  from space 5120K, 99% used [0x0000000799b80000,0x000000079a074120,0x000000079a080000)
  to   space 5120K, 0% used [0x0000000799680000,0x0000000799680000,0x0000000799b80000)
 ParOldGen       total 87552K, used 17376K [0x0000000740000000, 0x0000000745580000, 0x0000000795580000)
  object space 87552K, 19% used [0x0000000740000000,0x00000007410f81b0,0x0000000745580000)
 Metaspace       used 18621K, capacity 18829K, committed 19072K, reserved 1067008K
  class space    used 1860K, capacity 1920K, committed 1920K, reserved 1048576K
}

Deoptimization events (10 events):
Event: 1.815 Thread 0x00007ffe92423000 Uncommon trap: reason=unstable_if action=reinterpret pc=0x00000001047f3154 method=java.lang.String.lastIndexOf([CII[CIII)I @ 66
Event: 1.862 Thread 0x00007ffe92423000 Uncommon trap: reason=unstable_if action=reinterpret pc=0x00000001047fb860 method=java.lang.String.indexOf([CII[CIII)I @ 3
Event: 1.863 Thread 0x00007ffe92423000 Uncommon trap: reason=unstable_if action=reinterpret pc=0x00000001047e09d0 method=java.lang.String.indexOf([CII[CIII)I @ 3
Event: 1.863 Thread 0x00007ffe92423000 Uncommon trap: reason=unstable_if action=reinterpret pc=0x0000000104748d58 method=java.lang.String.indexOf([CII[CIII)I @ 3
Event: 1.865 Thread 0x00007ffe92423000 Uncommon trap: reason=bimorphic action=maybe_recompile pc=0x00000001047f16b0 method=java.util.HashMap.getNode(ILjava/lang/Object;)Ljava/util/HashMap$Node; @ 126
Event: 1.865 Thread 0x00007ffe92423000 Uncommon trap: reason=bimorphic action=maybe_recompile pc=0x00000001047f16b0 method=java.util.HashMap.getNode(ILjava/lang/Object;)Ljava/util/HashMap$Node; @ 126
Event: 1.865 Thread 0x00007ffe92423000 Uncommon trap: reason=bimorphic action=maybe_recompile pc=0x00000001047f16b0 method=java.util.HashMap.getNode(ILjava/lang/Object;)Ljava/util/HashMap$Node; @ 126
Event: 1.865 Thread 0x00007ffe92423000 Uncommon trap: reason=bimorphic action=maybe_recompile pc=0x00000001047f16b0 method=java.util.HashMap.getNode(ILjava/lang/Object;)Ljava/util/HashMap$Node; @ 126
Event: 2.679 Thread 0x00007ffe92428000 Uncommon trap: reason=unstable_if action=reinterpret pc=0x000000010473a22c method=java.lang.AbstractStringBuilder.append(Ljava/lang/String;)Ljava/lang/AbstractStringBuilder; @ 1
Event: 6.697 Thread 0x00007ffe92428000 Uncommon trap: reason=unstable_if action=reinterpret pc=0x0000000104a81868 method=com.jogamp.common.util.VersionNumber.compareTo(Lcom/jogamp/common/util/VersionNumber;)I @ 21

Internal exceptions (10 events):
Event: 0.173 Thread 0x00007ffe91002800 Exception <a 'java/lang/NoSuchFieldError': method resolution failed> (0x0000000795879e28) thrown at [/HUDSON3/workspace/8-2-build-macosx-x86_64/jdk8u73/6086/hotspot/src/share/vm/prims/methodHandles.cpp, line 1146]
Event: 0.175 Thread 0x00007ffe91002800 Exception <a 'java/lang/NoSuchFieldError': method resolution failed> (0x00000007958875f8) thrown at [/HUDSON3/workspace/8-2-build-macosx-x86_64/jdk8u73/6086/hotspot/src/share/vm/prims/methodHandles.cpp, line 1146]
Event: 0.377 Thread 0x00007ffe91002800 Exception <a 'java/io/FileNotFoundException'> (0x0000000795903420) thrown at [/HUDSON3/workspace/8-2-build-macosx-x86_64/jdk8u73/6086/hotspot/src/share/vm/prims/jni.cpp, line 709]
Event: 0.377 Thread 0x00007ffe91002800 Exception <a 'java/io/FileNotFoundException'> (0x0000000795903f88) thrown at [/HUDSON3/workspace/8-2-build-macosx-x86_64/jdk8u73/6086/hotspot/src/share/vm/prims/jni.cpp, line 709]
Event: 0.496 Thread 0x00007ffe91002800 Exception <a 'java/io/FileNotFoundException'> (0x0000000795ae9540) thrown at [/HUDSON3/workspace/8-2-build-macosx-x86_64/jdk8u73/6086/hotspot/src/share/vm/prims/jni.cpp, line 709]
Event: 1.886 Thread 0x00007ffe92423000 Exception <a 'java/lang/UnsatisfiedLinkError': com.jogamp.common.util.JarUtil.fixNativeLibAttribs(Ljava/lang/String;)Z> (0x0000000796c60cb0) thrown at [/HUDSON3/workspace/8-2-build-macosx-x86_64/jdk8u73/6086/hotspot/src/share/vm/prims/nativeLookup.cpp, li
Event: 2.125 Thread 0x00007ffe90814000 Exception <a 'java/lang/NullPointerException'> (0x000000079564fc50) thrown at [/HUDSON3/workspace/8-2-build-macosx-x86_64/jdk8u73/6086/hotspot/src/share/vm/interpreter/linkResolver.cpp, line 1178]
Event: 2.678 Thread 0x00007ffe92428000 Exception <a 'java/io/FileNotFoundException'> (0x0000000796119a30) thrown at [/HUDSON3/workspace/8-2-build-macosx-x86_64/jdk8u73/6086/hotspot/src/share/vm/prims/jni.cpp, line 709]
Event: 2.679 Thread 0x00007ffe92428000 Exception <a 'java/io/FileNotFoundException'> (0x0000000796120fe8) thrown at [/HUDSON3/workspace/8-2-build-macosx-x86_64/jdk8u73/6086/hotspot/src/share/vm/prims/jni.cpp, line 709]
Event: 2.679 Thread 0x00007ffe92428000 Implicit null exception at 0x0000000104739eb5 to 0x000000010473a219

Events (10 events):
Event: 6.734 loading class jogamp/nativewindow/jawt/macosx/MacOSXJAWTWindow$1 done
Event: 6.735 loading class java/awt/LightweightDispatcher$2
Event: 6.735 loading class java/awt/LightweightDispatcher$2 done
Event: 6.735 loading class java/awt/event/AWTEventListenerProxy
Event: 6.735 loading class java/awt/event/AWTEventListenerProxy done
Event: 6.735 loading class java/awt/Toolkit$ToolkitEventMulticaster
Event: 6.735 loading class java/awt/Toolkit$ToolkitEventMulticaster done
Event: 6.736 Thread 0x00007ffe9090b000 Thread exited: 0x00007ffe9090b000
Event: 6.736 loading class java/awt/Window$1DisposeAction
Event: 6.736 loading class java/awt/Window$1DisposeAction done


Dynamic libraries:
0x0000000000731000 	/System/Library/Frameworks/Cocoa.framework/Versions/A/Cocoa
0x0000000000731000 	/System/Library/Frameworks/Security.framework/Versions/A/Security
0x0000000000731000 	/System/Library/Frameworks/ApplicationServices.framework/Versions/A/ApplicationServices
0x0000000000731000 	/usr/lib/libz.1.dylib
0x0000000000731000 	/usr/lib/libSystem.B.dylib
0x0000000000731000 	/usr/lib/libobjc.A.dylib
0x0000000000731000 	/System/Library/Frameworks/CoreFoundation.framework/Versions/A/CoreFoundation
0x0000000000731000 	/System/Library/Frameworks/Foundation.framework/Versions/C/Foundation
0x0000000000731000 	/System/Library/Frameworks/AppKit.framework/Versions/C/AppKit
0x0000000000731000 	/System/Library/Frameworks/CoreData.framework/Versions/A/CoreData
0x0000000000731000 	/System/Library/PrivateFrameworks/RemoteViewServices.framework/Versions/A/RemoteViewServices
0x0000000000731000 	/System/Library/PrivateFrameworks/UIFoundation.framework/Versions/A/UIFoundation
0x0000000000731000 	/usr/lib/libScreenReader.dylib
0x0000000000731000 	/System/Library/Frameworks/Accelerate.framework/Versions/A/Accelerate
0x0000000000731000 	/System/Library/Frameworks/IOSurface.framework/Versions/A/IOSurface
0x0000000000731000 	/System/Library/Frameworks/AudioToolbox.framework/Versions/A/AudioToolbox
0x0000000000731000 	/System/Library/Frameworks/AudioUnit.framework/Versions/A/AudioUnit
0x0000000000731000 	/System/Library/PrivateFrameworks/DataDetectorsCore.framework/Versions/A/DataDetectorsCore
0x0000000000731000 	/System/Library/PrivateFrameworks/DesktopServicesPriv.framework/Versions/A/DesktopServicesPriv
0x0000000000731000 	/System/Library/Frameworks/Carbon.framework/Versions/A/Frameworks/HIToolbox.framework/Versions/A/HIToolbox
0x0000000000731000 	/System/Library/Frameworks/QuartzCore.framework/Versions/A/QuartzCore
0x0000000000731000 	/System/Library/Frameworks/Carbon.framework/Versions/A/Frameworks/SpeechRecognition.framework/Versions/A/SpeechRecognition
0x0000000000731000 	/usr/lib/libauto.dylib
0x0000000000731000 	/usr/lib/libicucore.A.dylib
0x0000000000731000 	/usr/lib/libxml2.2.dylib
0x0000000000731000 	/System/Library/PrivateFrameworks/CoreUI.framework/Versions/A/CoreUI
0x0000000000731000 	/System/Library/Frameworks/CoreAudio.framework/Versions/A/CoreAudio
0x0000000000731000 	/System/Library/Frameworks/DiskArbitration.framework/Versions/A/DiskArbitration
0x0000000000731000 	/usr/lib/liblangid.dylib
0x0000000000731000 	/System/Library/PrivateFrameworks/MultitouchSupport.framework/Versions/A/MultitouchSupport
0x0000000000731000 	/System/Library/Frameworks/IOKit.framework/Versions/A/IOKit
0x0000000000731000 	/usr/lib/libDiagnosticMessagesClient.dylib
0x0000000000731000 	/System/Library/Frameworks/CoreServices.framework/Versions/A/CoreServices
0x0000000000731000 	/System/Library/PrivateFrameworks/PerformanceAnalysis.framework/Versions/A/PerformanceAnalysis
0x0000000000731000 	/System/Library/PrivateFrameworks/GenerationalStorage.framework/Versions/A/GenerationalStorage
0x0000000000731000 	/System/Library/Frameworks/OpenGL.framework/Versions/A/OpenGL
0x0000000000731000 	/System/Library/PrivateFrameworks/Sharing.framework/Versions/A/Sharing
0x0000000000731000 	/System/Library/Frameworks/CoreGraphics.framework/Versions/A/CoreGraphics
0x0000000000731000 	/System/Library/Frameworks/CoreImage.framework/Versions/A/CoreImage
0x0000000000731000 	/System/Library/Frameworks/CoreText.framework/Versions/A/CoreText
0x0000000000731000 	/System/Library/Frameworks/ImageIO.framework/Versions/A/ImageIO
0x0000000000731000 	/System/Library/PrivateFrameworks/Backup.framework/Versions/A/Backup
0x0000000000731000 	/usr/lib/libextension.dylib
0x0000000000731000 	/usr/lib/libarchive.2.dylib
0x0000000000731000 	/System/Library/Frameworks/CFNetwork.framework/Versions/A/CFNetwork
0x0000000000731000 	/System/Library/Frameworks/SystemConfiguration.framework/Versions/A/SystemConfiguration
0x0000000000731000 	/usr/lib/libCRFSuite.dylib
0x0000000000731000 	/usr/lib/libc++.1.dylib
0x0000000000731000 	/usr/lib/libc++abi.dylib
0x0000000000731000 	/usr/lib/system/libcache.dylib
0x0000000000731000 	/usr/lib/system/libcommonCrypto.dylib
0x0000000000731000 	/usr/lib/system/libcompiler_rt.dylib
0x0000000000731000 	/usr/lib/system/libcopyfile.dylib
0x0000000000731000 	/usr/lib/system/libcorecrypto.dylib
0x0000000000731000 	/usr/lib/system/libdispatch.dylib
0x0000000000731000 	/usr/lib/system/libdyld.dylib
0x0000000000731000 	/usr/lib/system/libkeymgr.dylib
0x0000000000731000 	/usr/lib/system/liblaunch.dylib
0x0000000000731000 	/usr/lib/system/libmacho.dylib
0x0000000000731000 	/usr/lib/system/libquarantine.dylib
0x0000000000731000 	/usr/lib/system/libremovefile.dylib
0x0000000000731000 	/usr/lib/system/libsystem_asl.dylib
0x0000000000731000 	/usr/lib/system/libsystem_blocks.dylib
0x0000000000731000 	/usr/lib/system/libsystem_c.dylib
0x0000000000731000 	/usr/lib/system/libsystem_configuration.dylib
0x0000000000731000 	/usr/lib/system/libsystem_coreservices.dylib
0x0000000000731000 	/usr/lib/system/libsystem_coretls.dylib
0x0000000000731000 	/usr/lib/system/libsystem_dnssd.dylib
0x0000000000731000 	/usr/lib/system/libsystem_info.dylib
0x0000000000731000 	/usr/lib/system/libsystem_kernel.dylib
0x0000000000731000 	/usr/lib/system/libsystem_m.dylib
0x0000000000731000 	/usr/lib/system/libsystem_malloc.dylib
0x0000000000731000 	/usr/lib/system/libsystem_network.dylib
0x0000000000731000 	/usr/lib/system/libsystem_networkextension.dylib
0x0000000000731000 	/usr/lib/system/libsystem_notify.dylib
0x0000000000731000 	/usr/lib/system/libsystem_platform.dylib
0x0000000000731000 	/usr/lib/system/libsystem_pthread.dylib
0x0000000000731000 	/usr/lib/system/libsystem_sandbox.dylib
0x0000000000731000 	/usr/lib/system/libsystem_secinit.dylib
0x0000000000731000 	/usr/lib/system/libsystem_trace.dylib
0x0000000000731000 	/usr/lib/system/libunc.dylib
0x0000000000731000 	/usr/lib/system/libunwind.dylib
0x0000000000731000 	/usr/lib/system/libxpc.dylib
0x0000000000731000 	/usr/lib/libenergytrace.dylib
0x0000000000731000 	/usr/lib/libbsm.0.dylib
0x0000000000731000 	/usr/lib/system/libkxld.dylib
0x0000000000731000 	/usr/lib/libxar.1.dylib
0x0000000000731000 	/usr/lib/libsqlite3.dylib
0x0000000000731000 	/usr/lib/libpam.2.dylib
0x0000000000731000 	/usr/lib/libOpenScriptingUtil.dylib
0x0000000000731000 	/usr/lib/libbz2.1.0.dylib
0x0000000000731000 	/usr/lib/liblzma.5.dylib
0x0000000000731000 	/System/Library/Frameworks/CoreServices.framework/Versions/A/Frameworks/FSEvents.framework/Versions/A/FSEvents
0x0000000000731000 	/System/Library/Frameworks/CoreServices.framework/Versions/A/Frameworks/CarbonCore.framework/Versions/A/CarbonCore
0x0000000000731000 	/System/Library/Frameworks/CoreServices.framework/Versions/A/Frameworks/Metadata.framework/Versions/A/Metadata
0x0000000000731000 	/System/Library/Frameworks/CoreServices.framework/Versions/A/Frameworks/OSServices.framework/Versions/A/OSServices
0x0000000000731000 	/System/Library/Frameworks/CoreServices.framework/Versions/A/Frameworks/SearchKit.framework/Versions/A/SearchKit
0x0000000000731000 	/System/Library/Frameworks/CoreServices.framework/Versions/A/Frameworks/AE.framework/Versions/A/AE
0x0000000000731000 	/System/Library/Frameworks/CoreServices.framework/Versions/A/Frameworks/LaunchServices.framework/Versions/A/LaunchServices
0x0000000000731000 	/System/Library/Frameworks/CoreServices.framework/Versions/A/Frameworks/DictionaryServices.framework/Versions/A/DictionaryServices
0x0000000000731000 	/System/Library/Frameworks/CoreServices.framework/Versions/A/Frameworks/SharedFileList.framework/Versions/A/SharedFileList
0x0000000000731000 	/System/Library/Frameworks/NetFS.framework/Versions/A/NetFS
0x0000000000731000 	/System/Library/PrivateFrameworks/NetAuth.framework/Versions/A/NetAuth
0x0000000000731000 	/System/Library/PrivateFrameworks/login.framework/Versions/A/Frameworks/loginsupport.framework/Versions/A/loginsupport
0x0000000000731000 	/System/Library/PrivateFrameworks/TCC.framework/Versions/A/TCC
0x0000000000731000 	/usr/lib/libmecabra.dylib
0x0000000000731000 	/System/Library/Frameworks/ApplicationServices.framework/Versions/A/Frameworks/ATS.framework/Versions/A/ATS
0x0000000000731000 	/System/Library/Frameworks/ApplicationServices.framework/Versions/A/Frameworks/ColorSync.framework/Versions/A/ColorSync
0x0000000000731000 	/System/Library/Frameworks/ApplicationServices.framework/Versions/A/Frameworks/HIServices.framework/Versions/A/HIServices
0x0000000000731000 	/System/Library/Frameworks/ApplicationServices.framework/Versions/A/Frameworks/LangAnalysis.framework/Versions/A/LangAnalysis
0x0000000000731000 	/System/Library/Frameworks/ApplicationServices.framework/Versions/A/Frameworks/PrintCore.framework/Versions/A/PrintCore
0x0000000000731000 	/System/Library/Frameworks/ApplicationServices.framework/Versions/A/Frameworks/QD.framework/Versions/A/QD
0x0000000000731000 	/System/Library/Frameworks/ApplicationServices.framework/Versions/A/Frameworks/SpeechSynthesis.framework/Versions/A/SpeechSynthesis
0x0000000000731000 	/System/Library/Frameworks/Metal.framework/Versions/A/Metal
0x0000000000731000 	/System/Library/Frameworks/Accelerate.framework/Versions/A/Frameworks/vImage.framework/Versions/A/vImage
0x0000000000731000 	/System/Library/Frameworks/Accelerate.framework/Versions/A/Frameworks/vecLib.framework/Versions/A/vecLib
0x0000000000731000 	/System/Library/Frameworks/Accelerate.framework/Versions/A/Frameworks/vecLib.framework/Versions/A/libvDSP.dylib
0x0000000000731000 	/System/Library/Frameworks/Accelerate.framework/Versions/A/Frameworks/vecLib.framework/Versions/A/libvMisc.dylib
0x0000000000731000 	/System/Library/Frameworks/Accelerate.framework/Versions/A/Frameworks/vecLib.framework/Versions/A/libLAPACK.dylib
0x0000000000731000 	/System/Library/Frameworks/Accelerate.framework/Versions/A/Frameworks/vecLib.framework/Versions/A/libBLAS.dylib
0x0000000000731000 	/System/Library/Frameworks/Accelerate.framework/Versions/A/Frameworks/vecLib.framework/Versions/A/libLinearAlgebra.dylib
0x0000000000731000 	/System/Library/Frameworks/Accelerate.framework/Versions/A/Frameworks/vecLib.framework/Versions/A/libSparseBLAS.dylib
0x0000000000731000 	/System/Library/PrivateFrameworks/GPUCompiler.framework/libmetal_timestamp.dylib
0x0000000000731000 	/System/Library/Frameworks/OpenGL.framework/Versions/A/Libraries/libCoreFSCache.dylib
0x0000000000731000 	/System/Library/PrivateFrameworks/IOAccelerator.framework/Versions/A/IOAccelerator
0x0000000000731000 	/System/Library/Frameworks/ApplicationServices.framework/Versions/A/Frameworks/ATS.framework/Versions/A/Resources/libFontParser.dylib
0x0000000000731000 	/System/Library/Frameworks/ApplicationServices.framework/Versions/A/Frameworks/ATS.framework/Versions/A/Resources/libFontRegistry.dylib
0x0000000000731000 	/System/Library/PrivateFrameworks/AppleVPA.framework/Versions/A/AppleVPA
0x0000000000731000 	/System/Library/PrivateFrameworks/AppleJPEG.framework/Versions/A/AppleJPEG
0x0000000000731000 	/System/Library/Frameworks/ImageIO.framework/Versions/A/Resources/libJPEG.dylib
0x0000000000731000 	/System/Library/Frameworks/ImageIO.framework/Versions/A/Resources/libTIFF.dylib
0x0000000000731000 	/System/Library/Frameworks/ImageIO.framework/Versions/A/Resources/libPng.dylib
0x0000000000731000 	/System/Library/Frameworks/ImageIO.framework/Versions/A/Resources/libGIF.dylib
0x0000000000731000 	/System/Library/Frameworks/ImageIO.framework/Versions/A/Resources/libJP2.dylib
0x0000000000731000 	/System/Library/Frameworks/ImageIO.framework/Versions/A/Resources/libRadiance.dylib
0x0000000000731000 	/System/Library/Frameworks/CoreVideo.framework/Versions/A/CoreVideo
0x0000000000731000 	/System/Library/Frameworks/OpenGL.framework/Versions/A/Libraries/libGLU.dylib
0x0000000000731000 	/System/Library/Frameworks/OpenGL.framework/Versions/A/Libraries/libGFXShared.dylib
0x0000000000731000 	/System/Library/Frameworks/OpenGL.framework/Versions/A/Libraries/libGL.dylib
0x0000000000731000 	/System/Library/Frameworks/OpenGL.framework/Versions/A/Libraries/libGLImage.dylib
0x0000000000731000 	/System/Library/Frameworks/OpenGL.framework/Versions/A/Libraries/libCVMSPluginSupport.dylib
0x0000000000731000 	/System/Library/Frameworks/OpenGL.framework/Versions/A/Libraries/libCoreVMClient.dylib
0x0000000000731000 	/usr/lib/libcups.2.dylib
0x0000000000731000 	/System/Library/Frameworks/Kerberos.framework/Versions/A/Kerberos
0x0000000000731000 	/System/Library/Frameworks/GSS.framework/Versions/A/GSS
0x0000000000731000 	/usr/lib/libresolv.9.dylib
0x0000000000731000 	/usr/lib/libiconv.2.dylib
0x0000000000731000 	/System/Library/PrivateFrameworks/Heimdal.framework/Versions/A/Heimdal
0x0000000000731000 	/usr/lib/libheimdal-asn1.dylib
0x0000000000731000 	/System/Library/Frameworks/OpenDirectory.framework/Versions/A/OpenDirectory
0x0000000000731000 	/System/Library/PrivateFrameworks/CommonAuth.framework/Versions/A/CommonAuth
0x0000000000731000 	/System/Library/Frameworks/OpenDirectory.framework/Versions/A/Frameworks/CFOpenDirectory.framework/Versions/A/CFOpenDirectory
0x0000000000731000 	/System/Library/Frameworks/SecurityFoundation.framework/Versions/A/SecurityFoundation
0x0000000000731000 	/System/Library/PrivateFrameworks/LanguageModeling.framework/Versions/A/LanguageModeling
0x0000000000731000 	/usr/lib/libmarisa.dylib
0x0000000000731000 	/usr/lib/libChineseTokenizer.dylib
0x0000000000731000 	/usr/lib/libcmph.dylib
0x0000000000731000 	/usr/lib/libcompression.dylib
0x0000000000731000 	/System/Library/Frameworks/ServiceManagement.framework/Versions/A/ServiceManagement
0x0000000000731000 	/usr/lib/libxslt.1.dylib
0x0000000000731000 	/System/Library/Frameworks/Carbon.framework/Versions/A/Frameworks/Ink.framework/Versions/A/Ink
0x0000000000731000 	/usr/lib/libFosl_dynamic.dylib
0x0000000000731000 	/System/Library/PrivateFrameworks/FaceCore.framework/Versions/A/FaceCore
0x0000000000731000 	/System/Library/Frameworks/OpenCL.framework/Versions/A/OpenCL
0x0000000000731000 	/System/Library/PrivateFrameworks/CrashReporterSupport.framework/Versions/A/CrashReporterSupport
0x0000000000731000 	/System/Library/PrivateFrameworks/IconServices.framework/Versions/A/IconServices
0x0000000000731000 	/System/Library/PrivateFrameworks/Apple80211.framework/Versions/A/Apple80211
0x0000000000731000 	/System/Library/Frameworks/CoreWLAN.framework/Versions/A/CoreWLAN
0x0000000000731000 	/System/Library/Frameworks/IOBluetooth.framework/Versions/A/IOBluetooth
0x0000000000731000 	/System/Library/PrivateFrameworks/CoreWiFi.framework/Versions/A/CoreWiFi
0x0000000000731000 	/System/Library/Frameworks/CoreBluetooth.framework/Versions/A/CoreBluetooth
0x0000000000731000 	/System/Library/PrivateFrameworks/ChunkingLibrary.framework/Versions/A/ChunkingLibrary
0x0000000000731000 	/System/Library/PrivateFrameworks/DebugSymbols.framework/Versions/A/DebugSymbols
0x0000000000731000 	/System/Library/PrivateFrameworks/CoreSymbolication.framework/Versions/A/CoreSymbolication
0x0000000000731000 	/System/Library/PrivateFrameworks/Symbolication.framework/Versions/A/Symbolication
0x0000000000731000 	/System/Library/PrivateFrameworks/SpeechRecognitionCore.framework/Versions/A/SpeechRecognitionCore
0x0000000103600000 	/Library/Java/JavaVirtualMachines/jdk1.8.0_73.jdk/Contents/Home/jre/lib/server/libjvm.dylib
0x0000000000731000 	/usr/lib/libstdc++.6.dylib
0x0000000102d82000 	/Library/Java/JavaVirtualMachines/jdk1.8.0_73.jdk/Contents/Home/jre/lib/libverify.dylib
0x0000000102d90000 	/Library/Java/JavaVirtualMachines/jdk1.8.0_73.jdk/Contents/Home/jre/lib/libjava.dylib
0x0000000102dcf000 	/Library/Java/JavaVirtualMachines/jdk1.8.0_73.jdk/Contents/Home/jre/lib/libzip.dylib
0x0000000119ec8000 	/System/Library/Frameworks/JavaVM.framework/Frameworks/JavaRuntimeSupport.framework/JavaRuntimeSupport
0x0000000119ee3000 	/System/Library/Frameworks/JavaVM.framework/Versions/A/Frameworks/JavaNativeFoundation.framework/Versions/A/JavaNativeFoundation
0x0000000119ef8000 	/System/Library/Frameworks/JavaVM.framework/Versions/A/JavaVM
0x0000000000731000 	/System/Library/Frameworks/Carbon.framework/Versions/A/Carbon
0x0000000119f05000 	/System/Library/PrivateFrameworks/JavaLaunching.framework/Versions/A/JavaLaunching
0x0000000000731000 	/System/Library/Frameworks/Carbon.framework/Versions/A/Frameworks/CommonPanels.framework/Versions/A/CommonPanels
0x0000000000731000 	/System/Library/Frameworks/Carbon.framework/Versions/A/Frameworks/Help.framework/Versions/A/Help
0x0000000000731000 	/System/Library/Frameworks/Carbon.framework/Versions/A/Frameworks/ImageCapture.framework/Versions/A/ImageCapture
0x0000000000731000 	/System/Library/Frameworks/Carbon.framework/Versions/A/Frameworks/OpenScripting.framework/Versions/A/OpenScripting
0x0000000000731000 	/System/Library/Frameworks/Carbon.framework/Versions/A/Frameworks/Print.framework/Versions/A/Print
0x0000000000731000 	/System/Library/Frameworks/Carbon.framework/Versions/A/Frameworks/SecurityHI.framework/Versions/A/SecurityHI
0x000000011b862000 	/Library/Java/JavaVirtualMachines/jdk1.8.0_73.jdk/Contents/Home/jre/lib/libawt.dylib
0x000000011b90a000 	/Library/Java/JavaVirtualMachines/jdk1.8.0_73.jdk/Contents/Home/jre/lib/./libmlib_image.dylib
0x000000011b9d6000 	/Library/Java/JavaVirtualMachines/jdk1.8.0_73.jdk/Contents/Home/jre/lib/libawt_lwawt.dylib
0x000000011ba8b000 	/Library/Java/JavaVirtualMachines/jdk1.8.0_73.jdk/Contents/Home/jre/lib/./libosxapp.dylib
0x0000000000731000 	/System/Library/Frameworks/ExceptionHandling.framework/Versions/A/ExceptionHandling
0x0000000000731000 	/System/Library/PrivateFrameworks/CoreServicesInternal.framework/Versions/A/CoreServicesInternal
0x0000000000731000 	/System/Library/Frameworks/CoreGraphics.framework/Versions/A/Resources/libRIP.A.dylib
0x0000000000731000 	/System/Library/Frameworks/Accelerate.framework/Versions/A/Frameworks/vImage.framework/Versions/A/Libraries/libCGInterfaces.dylib
0x0000000000731000 	/System/Library/Frameworks/CoreGraphics.framework/Versions/A/Resources/libCGXType.A.dylib
0x0000000000731000 	/System/Library/Frameworks/OpenCL.framework/Versions/A/Libraries/libcldcpuengine.dylib
0x0000000000731000 	/System/Library/PrivateFrameworks/DiskImages.framework/Versions/A/DiskImages
0x0000000000731000 	/System/Library/Frameworks/DiscRecording.framework/Versions/A/DiscRecording
0x0000000000731000 	/usr/lib/libcsfde.dylib
0x0000000000731000 	/usr/lib/libcurl.4.dylib
0x0000000000731000 	/System/Library/PrivateFrameworks/MediaKit.framework/Versions/A/MediaKit
0x0000000000731000 	/System/Library/PrivateFrameworks/ProtectedCloudStorage.framework/Versions/A/ProtectedCloudStorage
0x0000000000731000 	/usr/lib/libCoreStorage.dylib
0x0000000000731000 	/System/Library/PrivateFrameworks/EFILogin.framework/Versions/A/EFILogin
0x0000000000731000 	/usr/lib/libutil.dylib
0x0000000000731000 	/System/Library/PrivateFrameworks/FindMyDevice.framework/Versions/A/FindMyDevice
0x0000000000731000 	/System/Library/Frameworks/LDAP.framework/Versions/A/LDAP
0x0000000000731000 	/usr/lib/libsasl2.2.dylib
0x0000000000731000 	/System/Library/PrivateFrameworks/CoreDaemon.framework/Versions/B/CoreDaemon
0x0000000000731000 	/usr/lib/libcrypto.0.9.8.dylib
0x0000000000731000 	/System/Library/PrivateFrameworks/AppleSRP.framework/Versions/A/AppleSRP
0x0000000000731000 	/System/Library/PrivateFrameworks/TrustEvaluationAgent.framework/Versions/A/TrustEvaluationAgent
0x000000011da29000 	cl_kernels
0x0000000000731000 	/System/Library/Frameworks/OpenCL.framework/Versions/A/Libraries/ImageFormats/unorm8_bgra.dylib
0x0000000000731000 	/System/Library/Frameworks/OpenCL.framework/Versions/A/Libraries/ImageFormats/unorm8_rgba.dylib
0x0000000000731000 	/System/Library/PrivateFrameworks/FamilyControls.framework/Versions/A/FamilyControls
0x0000000000731000 	/System/Library/PrivateFrameworks/CommerceKit.framework/Versions/A/Frameworks/CommerceCore.framework/Versions/A/CommerceCore
0x0000000000731000 	/System/Library/PrivateFrameworks/SystemAdministration.framework/Versions/A/SystemAdministration
0x0000000000731000 	/System/Library/PrivateFrameworks/AppContainer.framework/Versions/A/AppContainer
0x0000000000731000 	/System/Library/PrivateFrameworks/SecCodeWrapper.framework/Versions/A/SecCodeWrapper
0x0000000000731000 	/System/Library/Frameworks/DirectoryService.framework/Versions/A/DirectoryService
0x0000000000731000 	/System/Library/PrivateFrameworks/LoginUIKit.framework/Versions/A/Frameworks/LoginUICore.framework/Versions/A/LoginUICore
0x0000000000731000 	/usr/lib/libodfde.dylib
0x0000000000731000 	/System/Library/Frameworks/OpenGL.framework/Versions/A/Resources/GLEngine.bundle/GLEngine
0x0000000000731000 	/System/Library/Frameworks/OpenGL.framework/Versions/A/Libraries/libGLProgrammability.dylib
0x000000011eba0000 	/System/Library/Extensions/AppleIntelHD5000GraphicsGLDriver.bundle/Contents/MacOS/AppleIntelHD5000GraphicsGLDriver
0x0000000000731000 	/System/Library/PrivateFrameworks/GPUSupport.framework/Versions/A/Libraries/libGPUSupportMercury.dylib
0x0000000000731000 	/System/Library/Frameworks/OpenGL.framework/Versions/A/Resources/GLRendererFloat.bundle/GLRendererFloat
0x000000011fbae000 	/Library/Java/JavaVirtualMachines/jdk1.8.0_73.jdk/Contents/Home/jre/lib/libfontmanager.dylib
0x00000001210f6000 	/Library/Java/JavaVirtualMachines/jdk1.8.0_73.jdk/Contents/Home/jre/lib/libosxui.dylib
0x0000000121e19000 	/Library/Java/JavaVirtualMachines/jdk1.8.0_73.jdk/Contents/Home/jre/lib/libnet.dylib
0x0000000121c61000 	/Library/Java/JavaVirtualMachines/jdk1.8.0_73.jdk/Contents/Home/jre/lib/libnio.dylib
0x0000000000731000 	/System/Library/Frameworks/ApplicationServices.framework/Versions/A/Frameworks/ATS.framework/Versions/A/Resources/libTrueTypeScaler.dylib
0x000000017fa6f000 	/System/Library/Extensions/AppleIntelHD5000GraphicsMTLDriver.bundle/Contents/MacOS/AppleIntelHD5000GraphicsMTLDriver
0x000000011cd2c000 	/private/var/folders/zg/1l8q7jb960scm7wpq1kf74lm0000gn/T/jogamp_0000/file_cache/jln7915205772764034631/jln4558463812525058696/libgluegen-rt.jnilib
0x0000000120de6000 	/private/var/folders/zg/1l8q7jb960scm7wpq1kf74lm0000gn/T/jogamp_0000/file_cache/jln7915205772764034631/jln4558463812525058696/libnativewindow_awt.jnilib
0x0000000120e7d000 	/Library/Java/JavaVirtualMachines/jdk1.8.0_73.jdk/Contents/Home/jre/lib/libjawt.dylib
0x000000017f952000 	/private/var/folders/zg/1l8q7jb960scm7wpq1kf74lm0000gn/T/jogamp_0000/file_cache/jln7915205772764034631/jln4558463812525058696/libnativewindow_macosx.jnilib
0x000000018464d000 	/private/var/folders/zg/1l8q7jb960scm7wpq1kf74lm0000gn/T/jogamp_0000/file_cache/jln7915205772764034631/jln4558463812525058696/libjogl_desktop.jnilib
0x000000011d5bf000 	/Library/Java/JavaVirtualMachines/jdk1.8.0_73.jdk/Contents/Home/jre/lib/libjpeg.dylib

VM Arguments:
jvm_args: -Djava.security.policy=java.policy.applet -Dfile.encoding=UTF-8 
java_command: sun.applet.AppletViewer module1.HelloWorld1455645870746.html
java_class_path (initial): /Users/intruder04/dev_projects/java/UCSDUnfoldingMaps/build:/Users/intruder04/dev_projects/java/UCSDUnfoldingMaps/lib/core.jar:/Users/intruder04/dev_projects/java/UCSDUnfoldingMaps/lib/gluegen-rt.jar:/Users/intruder04/dev_projects/java/UCSDUnfoldingMaps/lib/jogl-all.jar:/Users/intruder04/dev_projects/java/UCSDUnfoldingMaps/lib/log4j-1.2.15.jar:/Users/intruder04/dev_projects/java/UCSDUnfoldingMaps/lib/sqlite-jdbc-3.7.2.jar:/Users/intruder04/dev_projects/java/UCSDUnfoldingMaps/lib/json4processing.jar:/Users/intruder04/dev_projects/java/UCSDUnfoldingMaps/lib/libTUIO.jar:/Users/intruder04/dev_projects/java/UCSDUnfoldingMaps/lib/unfolding.0.9.7-uscd.jar
Launcher Type: SUN_STANDARD

Environment Variables:
PATH=/usr/bin:/bin:/usr/sbin:/sbin
SHELL=/bin/bash

Signal Handlers:
SIGSEGV: [libjvm.dylib+0x5a71a5], sa_mask[0]=11111111011111110111111111111111, sa_flags=SA_ONSTACK|SA_RESTART|SA_SIGINFO
SIGBUS: [libjvm.dylib+0x5a71a5], sa_mask[0]=11111111011111110111111111111111, sa_flags=SA_RESTART|SA_SIGINFO
SIGFPE: [libjvm.dylib+0x480eb4], sa_mask[0]=11111111011111110111111111111111, sa_flags=SA_RESTART|SA_SIGINFO
SIGPIPE: [libjvm.dylib+0x480eb4], sa_mask[0]=11111111011111110111111111111111, sa_flags=SA_RESTART|SA_SIGINFO
SIGXFSZ: [libjvm.dylib+0x480eb4], sa_mask[0]=11111111011111110111111111111111, sa_flags=SA_RESTART|SA_SIGINFO
SIGILL: [libjvm.dylib+0x480eb4], sa_mask[0]=11111111011111110111111111111111, sa_flags=SA_RESTART|SA_SIGINFO
SIGUSR1: SIG_DFL, sa_mask[0]=00000000000000000000000000000000, sa_flags=none
SIGUSR2: [libjvm.dylib+0x4809d2], sa_mask[0]=00100000000000000000000000000000, sa_flags=SA_RESTART|SA_SIGINFO
SIGHUP: [libjvm.dylib+0x47efa9], sa_mask[0]=11111111011111110111111111111111, sa_flags=SA_RESTART|SA_SIGINFO
SIGINT: [libjvm.dylib+0x47efa9], sa_mask[0]=11111111011111110111111111111111, sa_flags=SA_RESTART|SA_SIGINFO
SIGTERM: [libjvm.dylib+0x47efa9], sa_mask[0]=11111111011111110111111111111111, sa_flags=SA_RESTART|SA_SIGINFO
SIGQUIT: [libjvm.dylib+0x47efa9], sa_mask[0]=11111111011111110111111111111111, sa_flags=SA_RESTART|SA_SIGINFO


---------------  S Y S T E M  ---------------

OS:Bsduname:Darwin 15.3.0 Darwin Kernel Version 15.3.0: Thu Dec 10 18:40:58 PST 2015; root:xnu-3248.30.4~1/RELEASE_X86_64 x86_64
rlimit: STACK 8192k, CORE 0k, NPROC 709, NOFILE 10240, AS infinity
load average:2.00 2.33 2.11

CPU:total 4 (2 cores per cpu, 2 threads per core) family 6 model 69 stepping 1, cmov, cx8, fxsr, mmx, sse, sse2, sse3, ssse3, sse4.1, sse4.2, popcnt, avx, avx2, aes, clmul, erms, lzcnt, ht, tsc, tscinvbit, bmi1, bmi2

Memory: 4k page, physical 8388608k(101296k free)

/proc/meminfo:


vm_info: Java HotSpot(TM) 64-Bit Server VM (25.73-b02) for bsd-amd64 JRE (1.8.0_73-b02), built on Jan 29 2016 15:02:00 by "java_re" with gcc 4.2.1 (Based on Apple Inc. build 5658) (LLVM build 2336.11.00)

time: Tue Feb 16 21:04:37 2016
elapsed time: 6 seconds (0d 0h 0m 6s)

