#
# A fatal error has been detected by the Java Runtime Environment:
#
#  SIGSEGV (0xb) at pc=0x00007fff8900b0f3, pid=1817, tid=2571
#
# JRE version: Java(TM) SE Runtime Environment (8.0_73-b02) (build 1.8.0_73-b02)
# Java VM: Java HotSpot(TM) 64-Bit Server VM (25.73-b02 mixed mode bsd-amd64 compressed oops)
# Problematic frame:
# C  [libobjc.A.dylib+0x80f3]  objc_release+0x13
#
# Failed to write core dump. Core dumps have been disabled. To enable core dumping, try "ulimit -c unlimited" before starting Java again
#
# If you would like to submit a bug report, please visit:
#   http://bugreport.java.com/bugreport/crash.jsp
# The crash happened outside the Java Virtual Machine in native code.
# See problematic frame for where to report the bug.
#

---------------  T H R E A D  ---------------

Current thread (0x00007fdfb1871800):  JavaThread "AWT-AppKit" daemon [_thread_in_native, id=2571, stack(0x00007fff592df000,0x00007fff59adf000)]

siginfo: si_signo: 11 (SIGSEGV), si_code: 0 (unknown), si_addr: 0x0000000000000000

Registers:
RAX=0x0000000000000008, RBX=0x0000000000000000, RCX=0x0000000000000003, RDX=0x00007fdfb5a88d48
RSP=0x00007fff59ada2f0, RBP=0x00007fff59ada2f0, RSI=0x000000011f070f10, RDI=0x800007fdfb5a81ee
R8 =0x0000000000000001, R9 =0x00007fdfb5a81ee0, R10=0x00007fdfb62296f0, R11=0x0000000182f76840
R12=0x0000000000000000, R13=0x000000018864db08, R14=0x00007fdfb5a819c0, R15=0x00007fdfb1871800
RIP=0x00007fff8900b0f3, EFLAGS=0x0000000000010246, ERR=0x0000000000000000
  TRAPNO=0x000000000000000d

Top of Stack: (sp=0x00007fff59ada2f0)
0x00007fff59ada2f0:   00007fff59ada320 000000011effa47b
0x00007fff59ada300:   00007fff59ada320 0000000182f76450
0x00007fff59ada310:   0000000182f76440 00007fdfb1871800
0x00007fff59ada320:   00007fff59ada3e0 0000000182f74215
0x00007fff59ada330:   0000000182f76700 0000000182f766e0
0x00007fff59ada340:   0000000182f764b0 0000000000000000
0x00007fff59ada350:   000000018864db08 000000018864db08
0x00007fff59ada360:   00007fdfb5a88d40 0000000182f766a0
0x00007fff59ada370:   0000000182f76710 00007fff762af770
0x00007fff59ada380:   00007fff774b0500 0000000182f76450
0x00007fff59ada390:   0000000182f76690 00007fdfb5a88d40
0x00007fff59ada3a0:   00007fdfb5a819c0 00007fdfb5d02bd0
0x00007fff59ada3b0:   00007fdfb5a88d40 00007fdfb5a819c0
0x00007fff59ada3c0:   00007fff59ada468 00007fdfb18719f8
0x00007fff59ada3d0:   000000018864db08 00007fff59ada490
0x00007fff59ada3e0:   00007fff59ada458 0000000107ba2954
0x00007fff59ada3f0:   000000018864db08 00007fff59ada490
0x00007fff59ada400:   00007fff59ada458 0000000107ba26e7
0x00007fff59ada410:   0000000107ba26a2 00007fff59ada418
0x00007fff59ada420:   000000018864db08 00007fff59ada490
0x00007fff59ada430:   0000000188671028 0000000000000000
0x00007fff59ada440:   000000018864db08 0000000000000000
0x00007fff59ada450:   00007fff59ada478 00007fff59ada4d8
0x00007fff59ada460:   0000000107b94c4d 0000000797929a38
0x00007fff59ada470:   0000000107b9c578 00007fdfb5a88d40
0x00007fff59ada480:   00007fff59ada4d8 00007fdfb5a819c0
0x00007fff59ada490:   0000000107b9dd82 00007fff59ada498
0x00007fff59ada4a0:   000000018864dcd2 00007fff59ada500
0x00007fff59ada4b0:   0000000188671028 0000000000000000
0x00007fff59ada4c0:   000000018864dce0 00007fff59ada478
0x00007fff59ada4d0:   00007fff59ada4e8 00007fff59ada548
0x00007fff59ada4e0:   0000000107b94c4d 00007fdfb5a88d40 

Instructions: (pc=0x00007fff8900b0f3)
0x00007fff8900b0d3:   41 5c 41 5d 41 5e 41 5f 5d c3 90 90 90 55 48 89
0x00007fff8900b0e3:   e5 48 85 ff 0f 84 82 00 00 00 40 f6 c7 01 75 7c
0x00007fff8900b0f3:   48 8b 07 48 b9 f8 ff ff ff ff 7f 00 00 48 21 c1
0x00007fff8900b103:   f6 41 20 02 75 10 48 8d 05 80 6c 7f eb 48 8b 30 

Register to memory mapping:

RAX=0x0000000000000008 is an unknown value
RBX=0x0000000000000000 is an unknown value
RCX=0x0000000000000003 is an unknown value
RDX=0x00007fdfb5a88d48 is an unknown value
RSP=0x00007fff59ada2f0 is pointing into the stack for thread: 0x00007fdfb1871800
RBP=0x00007fff59ada2f0 is pointing into the stack for thread: 0x00007fdfb1871800
RSI=0x000000011f070f10: OBJC_IVAR_$_PrinterView.fCurPeekGraphics+0x1aa8 in /Library/Java/JavaVirtualMachines/jdk1.8.0_73.jdk/Contents/Home/jre/lib/libawt_lwawt.dylib at 0x000000011eff6000
RDI=0x800007fdfb5a81ee is an unknown value
R8 =0x0000000000000001 is an unknown value
R9 =0x00007fdfb5a81ee0 is an unknown value
R10=0x00007fdfb62296f0 is an unknown value
R11=0x0000000182f76840: OBJC_CLASS_$_MyCALayer+0 in /private/var/folders/zg/1l8q7jb960scm7wpq1kf74lm0000gn/T/jogamp_0000/file_cache/jln4835651167333208320/jln4980372421253674403/libnativewindow_macosx.jnilib at 0x0000000182f6f000
R12=0x0000000000000000 is an unknown value
R13={method} {0x000000018864db08} 'UnsetJAWTRootSurfaceLayer0' '(JJ)V' in 'jogamp/nativewindow/jawt/macosx/MacOSXJAWTWindow'
R14=0x00007fdfb5a819c0 is an unknown value
R15=0x00007fdfb1871800 is a thread


Stack: [0x00007fff592df000,0x00007fff59adf000],  sp=0x00007fff59ada2f0,  free space=8172k
Native frames: (J=compiled Java code, j=interpreted, Vv=VM code, C=native code)
C  [libobjc.A.dylib+0x80f3]  objc_release+0x13
C  [libawt_lwawt.dylib+0x447b]  -[AWTSurfaceLayers setLayer:]+0x54
C  [libnativewindow_macosx.jnilib+0x5215]  Java_jogamp_nativewindow_jawt_macosx_MacOSXJAWTWindow_UnsetJAWTRootSurfaceLayer0+0x1a5
j  jogamp.nativewindow.jawt.macosx.MacOSXJAWTWindow.UnsetJAWTRootSurfaceLayer0(JJ)V+0
j  jogamp.nativewindow.jawt.macosx.MacOSXJAWTWindow.access$200(JJ)V+2
j  jogamp.nativewindow.jawt.macosx.MacOSXJAWTWindow$1.run()V+38
J 2030 C1 com.jogamp.common.util.RunnableTask.run()V (345 bytes) @ 0x00000001081f9214 [0x00000001081f9080+0x194]
v  ~StubRoutines::call_stub
V  [libjvm.dylib+0x2eae7a]  JavaCalls::call_helper(JavaValue*, methodHandle*, JavaCallArguments*, Thread*)+0x6ae
V  [libjvm.dylib+0x321f83]  jni_invoke_nonstatic(JNIEnv_*, JavaValue*, _jobject*, JNICallType, _jmethodID*, JNI_ArgumentPusher*, Thread*)+0x2ec
V  [libjvm.dylib+0x314757]  jni_CallVoidMethod+0x16b
C  [libnativewindow_macosx.jnilib+0x5326]  Java_jogamp_nativewindow_jawt_macosx_MacOSXJAWTWindow_UnsetJAWTRootSurfaceLayer0+0x2b6
C  [Foundation+0x8dd4b]  __NSThreadPerformPerform+0x117
C  [CoreFoundation+0x7e5c1]  __CFRUNLOOP_IS_CALLING_OUT_TO_A_SOURCE0_PERFORM_FUNCTION__+0x11
C  [CoreFoundation+0x70397]  __CFRunLoopDoSources0+0x1a7
C  [CoreFoundation+0x6f93f]  __CFRunLoopRun+0x39f
C  [CoreFoundation+0x6f338]  CFRunLoopRunSpecific+0x128
C  [HIToolbox+0x30935]  RunCurrentEventLoopInMode+0xeb
C  [HIToolbox+0x30677]  ReceiveNextEventCommon+0xb8
C  [HIToolbox+0x305af]  _BlockUntilNextEventMatchingListInModeWithFilter+0x47
C  [AppKit+0x8a0ee]  _DPSNextEvent+0x42b
C  [AppKit+0x456943]  -[NSApplication _nextEventMatchingEventMask:untilDate:inMode:dequeue:]+0x1c6
C  [libosxapp.dylib+0x23aa]  -[NSApplicationAWT nextEventMatchingMask:untilDate:inMode:dequeue:]+0x7c
C  [AppKit+0x7ffc8]  -[NSApplication run]+0x2aa
C  [libosxapp.dylib+0x214d]  +[NSApplicationAWT runAWTLoopWithApp:]+0x9c
C  [libawt_lwawt.dylib+0x4455b]  -[AWTStarter starter:]+0x389
C  [Foundation+0x8dd4b]  __NSThreadPerformPerform+0x117
C  [CoreFoundation+0x7e5c1]  __CFRUNLOOP_IS_CALLING_OUT_TO_A_SOURCE0_PERFORM_FUNCTION__+0x11
C  [CoreFoundation+0x7041c]  __CFRunLoopDoSources0+0x22c
C  [CoreFoundation+0x6f93f]  __CFRunLoopRun+0x39f
C  [CoreFoundation+0x6f338]  CFRunLoopRunSpecific+0x128
C  [java+0x6463]  CreateExecutionEnvironment+0x367
C  [java+0x21ac]  JLI_Launch+0x7a0
C  [java+0x84c0]  main+0x65
C  [java+0x1a04]  start+0x34
C  0x0000000000000007

Java frames: (J=compiled Java code, j=interpreted, Vv=VM code)
j  jogamp.nativewindow.jawt.macosx.MacOSXJAWTWindow.UnsetJAWTRootSurfaceLayer0(JJ)V+0
j  jogamp.nativewindow.jawt.macosx.MacOSXJAWTWindow.access$200(JJ)V+2
j  jogamp.nativewindow.jawt.macosx.MacOSXJAWTWindow$1.run()V+38
J 2030 C1 com.jogamp.common.util.RunnableTask.run()V (345 bytes) @ 0x00000001081f9214 [0x00000001081f9080+0x194]
v  ~StubRoutines::call_stub

---------------  P R O C E S S  ---------------

Java Threads: ( => current thread )
  0x00007fdfb2073000 JavaThread "Thread-19" [_thread_blocked, id=25919, stack(0x00007000019ee000,0x0000700001aee000)]
  0x00007fdfb269c800 JavaThread "Image Fetcher 2" daemon [_thread_blocked, id=67075, stack(0x0000700002103000,0x0000700002203000)]
  0x00007fdfb2c71000 JavaThread "Image Fetcher 1" daemon [_thread_blocked, id=66563, stack(0x0000700002000000,0x0000700002100000)]
  0x00007fdfb269b800 JavaThread "Image Fetcher 0" daemon [_thread_blocked, id=66051, stack(0x0000700001efd000,0x0000700001ffd000)]
  0x00007fdfb269b000 JavaThread "Keep-Alive-Timer" daemon [_thread_blocked, id=65623, stack(0x0000700001dfa000,0x0000700001efa000)]
  0x00007fdfb2220800 JavaThread "AWT-EventQueue-1" [_thread_in_native, id=59679, stack(0x0000700001868000,0x0000700001968000)]
  0x00007fdfb100a800 JavaThread "DestroyJavaVM" [_thread_blocked, id=5891, stack(0x000070000011a000,0x000070000021a000)]
  0x00007fdfb1997800 JavaThread "AWT-EventQueue-0" [_thread_blocked, id=56323, stack(0x0000700001662000,0x0000700001762000)]
  0x00007fdfb18fd000 JavaThread "Java2D Disposer" daemon [_thread_blocked, id=51207, stack(0x00007000013d9000,0x00007000014d9000)]
  0x00007fdfb18e0800 JavaThread "Java2D Queue Flusher" daemon [_thread_blocked, id=49927, stack(0x00007000012d6000,0x00007000013d6000)]
  0x00007fdfb10c5800 JavaThread "AWT-Shutdown" [_thread_blocked, id=29715, stack(0x0000700001150000,0x0000700001250000)]
=>0x00007fdfb1871800 JavaThread "AWT-AppKit" daemon [_thread_in_native, id=2571, stack(0x00007fff592df000,0x00007fff59adf000)]
  0x00007fdfb1821800 JavaThread "Service Thread" daemon [_thread_blocked, id=18691, stack(0x0000700000e44000,0x0000700000f44000)]
  0x00007fdfb283e800 JavaThread "C1 CompilerThread2" daemon [_thread_blocked, id=18179, stack(0x0000700000d41000,0x0000700000e41000)]
  0x00007fdfb2835800 JavaThread "C2 CompilerThread1" daemon [_thread_blocked, id=17667, stack(0x0000700000c3e000,0x0000700000d3e000)]
  0x00007fdfb2834800 JavaThread "C2 CompilerThread0" daemon [_thread_blocked, id=17155, stack(0x0000700000b3b000,0x0000700000c3b000)]
  0x00007fdfb2834000 JavaThread "Signal Dispatcher" daemon [_thread_blocked, id=12815, stack(0x0000700000a38000,0x0000700000b38000)]
  0x00007fdfb104f000 JavaThread "Finalizer" daemon [_thread_blocked, id=12291, stack(0x000070000082f000,0x000070000092f000)]
  0x00007fdfb104e000 JavaThread "Reference Handler" daemon [_thread_blocked, id=11779, stack(0x000070000072c000,0x000070000082c000)]

Other Threads:
  0x00007fdfb104b800 VMThread [stack: 0x0000700000629000,0x0000700000729000] [id=11267]
  0x00007fdfb1051000 WatcherThread [stack: 0x0000700000f47000,0x0000700001047000] [id=19203]

VM state:not at safepoint (normal execution)

VM Mutex/Monitor currently owned by a thread: None

Heap:
 PSYoungGen      total 38400K, used 14596K [0x0000000795580000, 0x0000000798000000, 0x00000007c0000000)
  eden space 33280K, 28% used [0x0000000795580000,0x0000000795ec4830,0x0000000797600000)
  from space 5120K, 99% used [0x0000000797600000,0x0000000797afcb40,0x0000000797b00000)
  to   space 5120K, 0% used [0x0000000797b00000,0x0000000797b00000,0x0000000798000000)
 ParOldGen       total 87552K, used 12563K [0x0000000740000000, 0x0000000745580000, 0x0000000795580000)
  object space 87552K, 14% used [0x0000000740000000,0x0000000740c44c70,0x0000000745580000)
 Metaspace       used 20428K, capacity 20593K, committed 20864K, reserved 1069056K
  class space    used 2011K, capacity 2080K, committed 2176K, reserved 1048576K

Card table byte_map: [0x0000000116f4d000,0x000000011734e000] byte_map_base: 0x000000011354d000

Marking Bits: (ParMarkBitMap*) 0x00000001074e3ea0
 Begin Bits: [0x00000001175f9000, 0x00000001195f9000)
 End Bits:   [0x00000001195f9000, 0x000000011b5f9000)

Polling page: 0x00000001063e4000

CodeCache: size=245760Kb used=7237Kb max_used=7244Kb free=238522Kb
 bounds [0x0000000107b8d000, 0x00000001082ad000, 0x0000000116b8d000]
 total_blobs=2946 nmethods=2067 adapters=793
 compilation: enabled

Compilation events (10 events):
Event: 10.058 Thread 0x00007fdfb283e800 2281   !   3       sun.lwawt.LWComponentPeer::isShowing (49 bytes)
Event: 10.058 Thread 0x00007fdfb283e800 nmethod 2281 0x00000001082a5250 code [0x00000001082a5400, 0x00000001082a5ce8]
Event: 10.107 Thread 0x00007fdfb283e800 2283       3       sun.java2d.pipe.RenderBuffer::putFloat (26 bytes)
Event: 10.107 Thread 0x00007fdfb283e800 nmethod 2283 0x0000000108297110 code [0x0000000108297280, 0x0000000108297410]
Event: 10.107 Thread 0x00007fdfb283e800 2282       1       sun.java2d.SurfaceData::isValid (5 bytes)
Event: 10.107 Thread 0x00007fdfb283e800 nmethod 2282 0x00000001082a4f90 code [0x00000001082a50e0, 0x00000001082a51f0]
Event: 10.108 Thread 0x00007fdfb2834800 2284  s!   4       sun.misc.URLClassPath::getLoader (197 bytes)
Event: 10.115 Thread 0x00007fdfb2834800 nmethod 2284 0x00000001082a8bd0 code [0x00000001082a8d40, 0x00000001082a9518]
Event: 10.116 Thread 0x00007fdfb283e800 2286       3       java.net.URLStreamHandler::sameFile (136 bytes)
Event: 10.117 Thread 0x00007fdfb283e800 nmethod 2286 0x00000001082a37d0 code [0x00000001082a39c0, 0x00000001082a49c8]

GC Heap History (6 events):
Event: 2.863 GC heap before
{Heap before GC invocations=1 (full 0):
 PSYoungGen      total 38400K, used 33280K [0x0000000795580000, 0x0000000798000000, 0x00000007c0000000)
  eden space 33280K, 100% used [0x0000000795580000,0x0000000797600000,0x0000000797600000)
  from space 5120K, 0% used [0x0000000797b00000,0x0000000797b00000,0x0000000798000000)
  to   space 5120K, 0% used [0x0000000797600000,0x0000000797600000,0x0000000797b00000)
 ParOldGen       total 87552K, used 0K [0x0000000740000000, 0x0000000745580000, 0x0000000795580000)
  object space 87552K, 0% used [0x0000000740000000,0x0000000740000000,0x0000000745580000)
 Metaspace       used 15719K, capacity 15931K, committed 16000K, reserved 1062912K
  class space    used 1593K, capacity 1661K, committed 1664K, reserved 1048576K
Event: 2.870 GC heap after
Heap after GC invocations=1 (full 0):
 PSYoungGen      total 38400K, used 4906K [0x0000000795580000, 0x0000000798000000, 0x00000007c0000000)
  eden space 33280K, 0% used [0x0000000795580000,0x0000000795580000,0x0000000797600000)
  from space 5120K, 95% used [0x0000000797600000,0x0000000797acab28,0x0000000797b00000)
  to   space 5120K, 0% used [0x0000000797b00000,0x0000000797b00000,0x0000000798000000)
 ParOldGen       total 87552K, used 8K [0x0000000740000000, 0x0000000745580000, 0x0000000795580000)
  object space 87552K, 0% used [0x0000000740000000,0x0000000740002000,0x0000000745580000)
 Metaspace       used 15719K, capacity 15931K, committed 16000K, reserved 1062912K
  class space    used 1593K, capacity 1661K, committed 1664K, reserved 1048576K
}
Event: 4.722 GC heap before
{Heap before GC invocations=2 (full 0):
 PSYoungGen      total 38400K, used 38186K [0x0000000795580000, 0x0000000798000000, 0x00000007c0000000)
  eden space 33280K, 100% used [0x0000000795580000,0x0000000797600000,0x0000000797600000)
  from space 5120K, 95% used [0x0000000797600000,0x0000000797acab28,0x0000000797b00000)
  to   space 5120K, 0% used [0x0000000797b00000,0x0000000797b00000,0x0000000798000000)
 ParOldGen       total 87552K, used 8K [0x0000000740000000, 0x0000000745580000, 0x0000000795580000)
  object space 87552K, 0% used [0x0000000740000000,0x0000000740002000,0x0000000745580000)
 Metaspace       used 19698K, capacity 19943K, committed 20096K, reserved 1067008K
  class space    used 1985K, capacity 2079K, committed 2176K, reserved 1048576K
Event: 4.752 GC heap after
Heap after GC invocations=2 (full 0):
 PSYoungGen      total 38400K, used 5106K [0x0000000795580000, 0x0000000798000000, 0x00000007c0000000)
  eden space 33280K, 0% used [0x0000000795580000,0x0000000795580000,0x0000000797600000)
  from space 5120K, 99% used [0x0000000797b00000,0x0000000797ffcb20,0x0000000798000000)
  to   space 5120K, 0% used [0x0000000797600000,0x0000000797600000,0x0000000797b00000)
 ParOldGen       total 87552K, used 8506K [0x0000000740000000, 0x0000000745580000, 0x0000000795580000)
  object space 87552K, 9% used [0x0000000740000000,0x000000074084eb20,0x0000000745580000)
 Metaspace       used 19698K, capacity 19943K, committed 20096K, reserved 1067008K
  class space    used 1985K, capacity 2079K, committed 2176K, reserved 1048576K
}
Event: 8.106 GC heap before
{Heap before GC invocations=3 (full 0):
 PSYoungGen      total 38400K, used 38386K [0x0000000795580000, 0x0000000798000000, 0x00000007c0000000)
  eden space 33280K, 100% used [0x0000000795580000,0x0000000797600000,0x0000000797600000)
  from space 5120K, 99% used [0x0000000797b00000,0x0000000797ffcb20,0x0000000798000000)
  to   space 5120K, 0% used [0x0000000797600000,0x0000000797600000,0x0000000797b00000)
 ParOldGen       total 87552K, used 8506K [0x0000000740000000, 0x0000000745580000, 0x0000000795580000)
  object space 87552K, 9% used [0x0000000740000000,0x000000074084eb20,0x0000000745580000)
 Metaspace       used 20270K, capacity 20465K, committed 20608K, reserved 1067008K
  class space    used 2003K, capacity 2080K, committed 2176K, reserved 1048576K
Event: 8.113 GC heap after
Heap after GC invocations=3 (full 0):
 PSYoungGen      total 38400K, used 5106K [0x0000000795580000, 0x0000000798000000, 0x00000007c0000000)
  eden space 33280K, 0% used [0x0000000795580000,0x0000000795580000,0x0000000797600000)
  from space 5120K, 99% used [0x0000000797600000,0x0000000797afcb40,0x0000000797b00000)
  to   space 5120K, 0% used [0x0000000797b00000,0x0000000797b00000,0x0000000798000000)
 ParOldGen       total 87552K, used 12563K [0x0000000740000000, 0x0000000745580000, 0x0000000795580000)
  object space 87552K, 14% used [0x0000000740000000,0x0000000740c44c70,0x0000000745580000)
 Metaspace       used 20270K, capacity 20465K, committed 20608K, reserved 1067008K
  class space    used 2003K, capacity 2080K, committed 2176K, reserved 1048576K
}

Deoptimization events (10 events):
Event: 2.626 Thread 0x00007fdfb1e65800 Uncommon trap: reason=bimorphic action=maybe_recompile pc=0x0000000107dfb068 method=java.util.HashMap.getNode(ILjava/lang/Object;)Ljava/util/HashMap$Node; @ 126
Event: 2.626 Thread 0x00007fdfb1e65800 Uncommon trap: reason=bimorphic action=maybe_recompile pc=0x0000000107dfb068 method=java.util.HashMap.getNode(ILjava/lang/Object;)Ljava/util/HashMap$Node; @ 126
Event: 3.440 Thread 0x00007fdfb2220800 Uncommon trap: reason=unstable_if action=reinterpret pc=0x0000000107d3776c method=java.lang.AbstractStringBuilder.append(Ljava/lang/String;)Ljava/lang/AbstractStringBuilder; @ 1
Event: 4.180 Thread 0x00007fdfb2220800 Uncommon trap: reason=unstable_if action=reinterpret pc=0x0000000107f54280 method=com.sun.org.apache.xerces.internal.impl.XMLEntityScanner.peekChar()I @ 14
Event: 4.180 Thread 0x00007fdfb2220800 Uncommon trap: reason=unstable_if action=reinterpret pc=0x0000000107f5b390 method=com.sun.org.apache.xerces.internal.impl.XMLEntityScanner.skipSpaces()Z @ 14
Event: 4.338 Thread 0x00007fdfb2220800 Uncommon trap: reason=unstable_if action=reinterpret pc=0x0000000107ff863c method=com.jogamp.common.util.IntIntHashMap.get(I)I @ 28
Event: 4.421 Thread 0x00007fdfb2220800 Uncommon trap: reason=unstable_if action=reinterpret pc=0x000000010804f8e8 method=processing.opengl.PGraphicsOpenGL$InGeometry.addVertex(FFFIFFFFFIFIIIFIZ)I @ 218
Event: 5.101 Thread 0x00007fdfb2c71000 Uncommon trap: reason=unstable_if action=reinterpret pc=0x0000000108176318 method=sun.awt.image.PNGImageDecoder.produceImage()V @ 867
Event: 5.239 Thread 0x00007fdfb2220800 Uncommon trap: reason=unstable_if action=reinterpret pc=0x00000001080fc35c method=processing.opengl.PGraphicsOpenGL$TessGeometry.polyVertexCheck(I)V @ 15
Event: 10.106 Thread 0x00007fdfb21bd800 Uncommon trap: reason=unstable_if action=reinterpret pc=0x0000000108095004 method=java.util.HashMap.putVal(ILjava/lang/Object;Ljava/lang/Object;ZZ)Ljava/lang/Object; @ 81

Internal exceptions (10 events):
Event: 0.177 Thread 0x00007fdfb100a800 Exception <a 'java/lang/NoSuchFieldError': method resolution failed> (0x0000000795879e28) thrown at [/HUDSON3/workspace/8-2-build-macosx-x86_64/jdk8u73/6086/hotspot/src/share/vm/prims/methodHandles.cpp, line 1146]
Event: 0.179 Thread 0x00007fdfb100a800 Exception <a 'java/lang/NoSuchFieldError': method resolution failed> (0x00000007958875f8) thrown at [/HUDSON3/workspace/8-2-build-macosx-x86_64/jdk8u73/6086/hotspot/src/share/vm/prims/methodHandles.cpp, line 1146]
Event: 0.355 Thread 0x00007fdfb100a800 Exception <a 'java/io/FileNotFoundException'> (0x0000000795903658) thrown at [/HUDSON3/workspace/8-2-build-macosx-x86_64/jdk8u73/6086/hotspot/src/share/vm/prims/jni.cpp, line 709]
Event: 0.355 Thread 0x00007fdfb100a800 Exception <a 'java/io/FileNotFoundException'> (0x00000007959041c0) thrown at [/HUDSON3/workspace/8-2-build-macosx-x86_64/jdk8u73/6086/hotspot/src/share/vm/prims/jni.cpp, line 709]
Event: 0.457 Thread 0x00007fdfb100a800 Exception <a 'java/io/FileNotFoundException'> (0x0000000795ae98b0) thrown at [/HUDSON3/workspace/8-2-build-macosx-x86_64/jdk8u73/6086/hotspot/src/share/vm/prims/jni.cpp, line 709]
Event: 2.646 Thread 0x00007fdfb1e65800 Exception <a 'java/lang/UnsatisfiedLinkError': com.jogamp.common.util.JarUtil.fixNativeLibAttribs(Ljava/lang/String;)Z> (0x0000000796db6f20) thrown at [/HUDSON3/workspace/8-2-build-macosx-x86_64/jdk8u73/6086/hotspot/src/share/vm/prims/nativeLookup.cpp, li
Event: 2.874 Thread 0x00007fdfb104f000 Exception <a 'java/lang/NullPointerException'> (0x00000007956a4460) thrown at [/HUDSON3/workspace/8-2-build-macosx-x86_64/jdk8u73/6086/hotspot/src/share/vm/interpreter/linkResolver.cpp, line 1178]
Event: 3.439 Thread 0x00007fdfb2220800 Exception <a 'java/io/FileNotFoundException'> (0x00000007961669f8) thrown at [/HUDSON3/workspace/8-2-build-macosx-x86_64/jdk8u73/6086/hotspot/src/share/vm/prims/jni.cpp, line 709]
Event: 3.439 Thread 0x00007fdfb2220800 Exception <a 'java/io/FileNotFoundException'> (0x000000079616dfb8) thrown at [/HUDSON3/workspace/8-2-build-macosx-x86_64/jdk8u73/6086/hotspot/src/share/vm/prims/jni.cpp, line 709]
Event: 3.440 Thread 0x00007fdfb2220800 Implicit null exception at 0x0000000107d373f5 to 0x0000000107d37759

Events (10 events):
Event: 10.117 loading class jogamp/nativewindow/jawt/macosx/MacOSXJAWTWindow$1 done
Event: 10.118 loading class java/awt/LightweightDispatcher$2
Event: 10.118 loading class java/awt/LightweightDispatcher$2 done
Event: 10.118 loading class java/awt/event/AWTEventListenerProxy
Event: 10.118 loading class java/awt/event/AWTEventListenerProxy done
Event: 10.118 loading class java/awt/Toolkit$ToolkitEventMulticaster
Event: 10.119 loading class java/awt/Toolkit$ToolkitEventMulticaster done
Event: 10.119 Thread 0x00007fdfb21bd800 Thread exited: 0x00007fdfb21bd800
Event: 10.119 loading class java/awt/Window$1DisposeAction
Event: 10.119 loading class java/awt/Window$1DisposeAction done


Dynamic libraries:
0x00000000031f9000 	/System/Library/Frameworks/Cocoa.framework/Versions/A/Cocoa
0x00000000031f9000 	/System/Library/Frameworks/Security.framework/Versions/A/Security
0x00000000031f9000 	/System/Library/Frameworks/ApplicationServices.framework/Versions/A/ApplicationServices
0x00000000031f9000 	/usr/lib/libz.1.dylib
0x00000000031f9000 	/usr/lib/libSystem.B.dylib
0x00000000031f9000 	/usr/lib/libobjc.A.dylib
0x00000000031f9000 	/System/Library/Frameworks/CoreFoundation.framework/Versions/A/CoreFoundation
0x00000000031f9000 	/System/Library/Frameworks/Foundation.framework/Versions/C/Foundation
0x00000000031f9000 	/System/Library/Frameworks/AppKit.framework/Versions/C/AppKit
0x00000000031f9000 	/System/Library/Frameworks/CoreData.framework/Versions/A/CoreData
0x00000000031f9000 	/System/Library/PrivateFrameworks/RemoteViewServices.framework/Versions/A/RemoteViewServices
0x00000000031f9000 	/System/Library/PrivateFrameworks/UIFoundation.framework/Versions/A/UIFoundation
0x00000000031f9000 	/usr/lib/libScreenReader.dylib
0x00000000031f9000 	/System/Library/Frameworks/Accelerate.framework/Versions/A/Accelerate
0x00000000031f9000 	/System/Library/Frameworks/IOSurface.framework/Versions/A/IOSurface
0x00000000031f9000 	/System/Library/Frameworks/AudioToolbox.framework/Versions/A/AudioToolbox
0x00000000031f9000 	/System/Library/Frameworks/AudioUnit.framework/Versions/A/AudioUnit
0x00000000031f9000 	/System/Library/PrivateFrameworks/DataDetectorsCore.framework/Versions/A/DataDetectorsCore
0x00000000031f9000 	/System/Library/PrivateFrameworks/DesktopServicesPriv.framework/Versions/A/DesktopServicesPriv
0x00000000031f9000 	/System/Library/Frameworks/Carbon.framework/Versions/A/Frameworks/HIToolbox.framework/Versions/A/HIToolbox
0x00000000031f9000 	/System/Library/Frameworks/QuartzCore.framework/Versions/A/QuartzCore
0x00000000031f9000 	/System/Library/Frameworks/Carbon.framework/Versions/A/Frameworks/SpeechRecognition.framework/Versions/A/SpeechRecognition
0x00000000031f9000 	/usr/lib/libauto.dylib
0x00000000031f9000 	/usr/lib/libicucore.A.dylib
0x00000000031f9000 	/usr/lib/libxml2.2.dylib
0x00000000031f9000 	/System/Library/PrivateFrameworks/CoreUI.framework/Versions/A/CoreUI
0x00000000031f9000 	/System/Library/Frameworks/CoreAudio.framework/Versions/A/CoreAudio
0x00000000031f9000 	/System/Library/Frameworks/DiskArbitration.framework/Versions/A/DiskArbitration
0x00000000031f9000 	/usr/lib/liblangid.dylib
0x00000000031f9000 	/System/Library/PrivateFrameworks/MultitouchSupport.framework/Versions/A/MultitouchSupport
0x00000000031f9000 	/System/Library/Frameworks/IOKit.framework/Versions/A/IOKit
0x00000000031f9000 	/usr/lib/libDiagnosticMessagesClient.dylib
0x00000000031f9000 	/System/Library/Frameworks/CoreServices.framework/Versions/A/CoreServices
0x00000000031f9000 	/System/Library/PrivateFrameworks/PerformanceAnalysis.framework/Versions/A/PerformanceAnalysis
0x00000000031f9000 	/System/Library/PrivateFrameworks/GenerationalStorage.framework/Versions/A/GenerationalStorage
0x00000000031f9000 	/System/Library/Frameworks/OpenGL.framework/Versions/A/OpenGL
0x00000000031f9000 	/System/Library/PrivateFrameworks/Sharing.framework/Versions/A/Sharing
0x00000000031f9000 	/System/Library/Frameworks/CoreGraphics.framework/Versions/A/CoreGraphics
0x00000000031f9000 	/System/Library/Frameworks/CoreImage.framework/Versions/A/CoreImage
0x00000000031f9000 	/System/Library/Frameworks/CoreText.framework/Versions/A/CoreText
0x00000000031f9000 	/System/Library/Frameworks/ImageIO.framework/Versions/A/ImageIO
0x00000000031f9000 	/System/Library/PrivateFrameworks/Backup.framework/Versions/A/Backup
0x00000000031f9000 	/usr/lib/libextension.dylib
0x00000000031f9000 	/usr/lib/libarchive.2.dylib
0x00000000031f9000 	/System/Library/Frameworks/CFNetwork.framework/Versions/A/CFNetwork
0x00000000031f9000 	/System/Library/Frameworks/SystemConfiguration.framework/Versions/A/SystemConfiguration
0x00000000031f9000 	/usr/lib/libCRFSuite.dylib
0x00000000031f9000 	/usr/lib/libc++.1.dylib
0x00000000031f9000 	/usr/lib/libc++abi.dylib
0x00000000031f9000 	/usr/lib/system/libcache.dylib
0x00000000031f9000 	/usr/lib/system/libcommonCrypto.dylib
0x00000000031f9000 	/usr/lib/system/libcompiler_rt.dylib
0x00000000031f9000 	/usr/lib/system/libcopyfile.dylib
0x00000000031f9000 	/usr/lib/system/libcorecrypto.dylib
0x00000000031f9000 	/usr/lib/system/libdispatch.dylib
0x00000000031f9000 	/usr/lib/system/libdyld.dylib
0x00000000031f9000 	/usr/lib/system/libkeymgr.dylib
0x00000000031f9000 	/usr/lib/system/liblaunch.dylib
0x00000000031f9000 	/usr/lib/system/libmacho.dylib
0x00000000031f9000 	/usr/lib/system/libquarantine.dylib
0x00000000031f9000 	/usr/lib/system/libremovefile.dylib
0x00000000031f9000 	/usr/lib/system/libsystem_asl.dylib
0x00000000031f9000 	/usr/lib/system/libsystem_blocks.dylib
0x00000000031f9000 	/usr/lib/system/libsystem_c.dylib
0x00000000031f9000 	/usr/lib/system/libsystem_configuration.dylib
0x00000000031f9000 	/usr/lib/system/libsystem_coreservices.dylib
0x00000000031f9000 	/usr/lib/system/libsystem_coretls.dylib
0x00000000031f9000 	/usr/lib/system/libsystem_dnssd.dylib
0x00000000031f9000 	/usr/lib/system/libsystem_info.dylib
0x00000000031f9000 	/usr/lib/system/libsystem_kernel.dylib
0x00000000031f9000 	/usr/lib/system/libsystem_m.dylib
0x00000000031f9000 	/usr/lib/system/libsystem_malloc.dylib
0x00000000031f9000 	/usr/lib/system/libsystem_network.dylib
0x00000000031f9000 	/usr/lib/system/libsystem_networkextension.dylib
0x00000000031f9000 	/usr/lib/system/libsystem_notify.dylib
0x00000000031f9000 	/usr/lib/system/libsystem_platform.dylib
0x00000000031f9000 	/usr/lib/system/libsystem_pthread.dylib
0x00000000031f9000 	/usr/lib/system/libsystem_sandbox.dylib
0x00000000031f9000 	/usr/lib/system/libsystem_secinit.dylib
0x00000000031f9000 	/usr/lib/system/libsystem_trace.dylib
0x00000000031f9000 	/usr/lib/system/libunc.dylib
0x00000000031f9000 	/usr/lib/system/libunwind.dylib
0x00000000031f9000 	/usr/lib/system/libxpc.dylib
0x00000000031f9000 	/usr/lib/libenergytrace.dylib
0x00000000031f9000 	/usr/lib/libbsm.0.dylib
0x00000000031f9000 	/usr/lib/system/libkxld.dylib
0x00000000031f9000 	/usr/lib/libxar.1.dylib
0x00000000031f9000 	/usr/lib/libsqlite3.dylib
0x00000000031f9000 	/usr/lib/libpam.2.dylib
0x00000000031f9000 	/usr/lib/libOpenScriptingUtil.dylib
0x00000000031f9000 	/usr/lib/libbz2.1.0.dylib
0x00000000031f9000 	/usr/lib/liblzma.5.dylib
0x00000000031f9000 	/System/Library/Frameworks/CoreServices.framework/Versions/A/Frameworks/FSEvents.framework/Versions/A/FSEvents
0x00000000031f9000 	/System/Library/Frameworks/CoreServices.framework/Versions/A/Frameworks/CarbonCore.framework/Versions/A/CarbonCore
0x00000000031f9000 	/System/Library/Frameworks/CoreServices.framework/Versions/A/Frameworks/Metadata.framework/Versions/A/Metadata
0x00000000031f9000 	/System/Library/Frameworks/CoreServices.framework/Versions/A/Frameworks/OSServices.framework/Versions/A/OSServices
0x00000000031f9000 	/System/Library/Frameworks/CoreServices.framework/Versions/A/Frameworks/SearchKit.framework/Versions/A/SearchKit
0x00000000031f9000 	/System/Library/Frameworks/CoreServices.framework/Versions/A/Frameworks/AE.framework/Versions/A/AE
0x00000000031f9000 	/System/Library/Frameworks/CoreServices.framework/Versions/A/Frameworks/LaunchServices.framework/Versions/A/LaunchServices
0x00000000031f9000 	/System/Library/Frameworks/CoreServices.framework/Versions/A/Frameworks/DictionaryServices.framework/Versions/A/DictionaryServices
0x00000000031f9000 	/System/Library/Frameworks/CoreServices.framework/Versions/A/Frameworks/SharedFileList.framework/Versions/A/SharedFileList
0x00000000031f9000 	/System/Library/Frameworks/NetFS.framework/Versions/A/NetFS
0x00000000031f9000 	/System/Library/PrivateFrameworks/NetAuth.framework/Versions/A/NetAuth
0x00000000031f9000 	/System/Library/PrivateFrameworks/login.framework/Versions/A/Frameworks/loginsupport.framework/Versions/A/loginsupport
0x00000000031f9000 	/System/Library/PrivateFrameworks/TCC.framework/Versions/A/TCC
0x00000000031f9000 	/usr/lib/libmecabra.dylib
0x00000000031f9000 	/System/Library/Frameworks/ApplicationServices.framework/Versions/A/Frameworks/ATS.framework/Versions/A/ATS
0x00000000031f9000 	/System/Library/Frameworks/ApplicationServices.framework/Versions/A/Frameworks/ColorSync.framework/Versions/A/ColorSync
0x00000000031f9000 	/System/Library/Frameworks/ApplicationServices.framework/Versions/A/Frameworks/HIServices.framework/Versions/A/HIServices
0x00000000031f9000 	/System/Library/Frameworks/ApplicationServices.framework/Versions/A/Frameworks/LangAnalysis.framework/Versions/A/LangAnalysis
0x00000000031f9000 	/System/Library/Frameworks/ApplicationServices.framework/Versions/A/Frameworks/PrintCore.framework/Versions/A/PrintCore
0x00000000031f9000 	/System/Library/Frameworks/ApplicationServices.framework/Versions/A/Frameworks/QD.framework/Versions/A/QD
0x00000000031f9000 	/System/Library/Frameworks/ApplicationServices.framework/Versions/A/Frameworks/SpeechSynthesis.framework/Versions/A/SpeechSynthesis
0x00000000031f9000 	/System/Library/Frameworks/Metal.framework/Versions/A/Metal
0x00000000031f9000 	/System/Library/Frameworks/Accelerate.framework/Versions/A/Frameworks/vImage.framework/Versions/A/vImage
0x00000000031f9000 	/System/Library/Frameworks/Accelerate.framework/Versions/A/Frameworks/vecLib.framework/Versions/A/vecLib
0x00000000031f9000 	/System/Library/Frameworks/Accelerate.framework/Versions/A/Frameworks/vecLib.framework/Versions/A/libvDSP.dylib
0x00000000031f9000 	/System/Library/Frameworks/Accelerate.framework/Versions/A/Frameworks/vecLib.framework/Versions/A/libvMisc.dylib
0x00000000031f9000 	/System/Library/Frameworks/Accelerate.framework/Versions/A/Frameworks/vecLib.framework/Versions/A/libLAPACK.dylib
0x00000000031f9000 	/System/Library/Frameworks/Accelerate.framework/Versions/A/Frameworks/vecLib.framework/Versions/A/libBLAS.dylib
0x00000000031f9000 	/System/Library/Frameworks/Accelerate.framework/Versions/A/Frameworks/vecLib.framework/Versions/A/libLinearAlgebra.dylib
0x00000000031f9000 	/System/Library/Frameworks/Accelerate.framework/Versions/A/Frameworks/vecLib.framework/Versions/A/libSparseBLAS.dylib
0x00000000031f9000 	/System/Library/PrivateFrameworks/GPUCompiler.framework/libmetal_timestamp.dylib
0x00000000031f9000 	/System/Library/Frameworks/OpenGL.framework/Versions/A/Libraries/libCoreFSCache.dylib
0x00000000031f9000 	/System/Library/PrivateFrameworks/IOAccelerator.framework/Versions/A/IOAccelerator
0x00000000031f9000 	/System/Library/Frameworks/ApplicationServices.framework/Versions/A/Frameworks/ATS.framework/Versions/A/Resources/libFontParser.dylib
0x00000000031f9000 	/System/Library/Frameworks/ApplicationServices.framework/Versions/A/Frameworks/ATS.framework/Versions/A/Resources/libFontRegistry.dylib
0x00000000031f9000 	/System/Library/PrivateFrameworks/AppleVPA.framework/Versions/A/AppleVPA
0x00000000031f9000 	/System/Library/PrivateFrameworks/AppleJPEG.framework/Versions/A/AppleJPEG
0x00000000031f9000 	/System/Library/Frameworks/ImageIO.framework/Versions/A/Resources/libJPEG.dylib
0x00000000031f9000 	/System/Library/Frameworks/ImageIO.framework/Versions/A/Resources/libTIFF.dylib
0x00000000031f9000 	/System/Library/Frameworks/ImageIO.framework/Versions/A/Resources/libPng.dylib
0x00000000031f9000 	/System/Library/Frameworks/ImageIO.framework/Versions/A/Resources/libGIF.dylib
0x00000000031f9000 	/System/Library/Frameworks/ImageIO.framework/Versions/A/Resources/libJP2.dylib
0x00000000031f9000 	/System/Library/Frameworks/ImageIO.framework/Versions/A/Resources/libRadiance.dylib
0x00000000031f9000 	/System/Library/Frameworks/CoreVideo.framework/Versions/A/CoreVideo
0x00000000031f9000 	/System/Library/Frameworks/OpenGL.framework/Versions/A/Libraries/libGLU.dylib
0x00000000031f9000 	/System/Library/Frameworks/OpenGL.framework/Versions/A/Libraries/libGFXShared.dylib
0x00000000031f9000 	/System/Library/Frameworks/OpenGL.framework/Versions/A/Libraries/libGL.dylib
0x00000000031f9000 	/System/Library/Frameworks/OpenGL.framework/Versions/A/Libraries/libGLImage.dylib
0x00000000031f9000 	/System/Library/Frameworks/OpenGL.framework/Versions/A/Libraries/libCVMSPluginSupport.dylib
0x00000000031f9000 	/System/Library/Frameworks/OpenGL.framework/Versions/A/Libraries/libCoreVMClient.dylib
0x00000000031f9000 	/usr/lib/libcups.2.dylib
0x00000000031f9000 	/System/Library/Frameworks/Kerberos.framework/Versions/A/Kerberos
0x00000000031f9000 	/System/Library/Frameworks/GSS.framework/Versions/A/GSS
0x00000000031f9000 	/usr/lib/libresolv.9.dylib
0x00000000031f9000 	/usr/lib/libiconv.2.dylib
0x00000000031f9000 	/System/Library/PrivateFrameworks/Heimdal.framework/Versions/A/Heimdal
0x00000000031f9000 	/usr/lib/libheimdal-asn1.dylib
0x00000000031f9000 	/System/Library/Frameworks/OpenDirectory.framework/Versions/A/OpenDirectory
0x00000000031f9000 	/System/Library/PrivateFrameworks/CommonAuth.framework/Versions/A/CommonAuth
0x00000000031f9000 	/System/Library/Frameworks/OpenDirectory.framework/Versions/A/Frameworks/CFOpenDirectory.framework/Versions/A/CFOpenDirectory
0x00000000031f9000 	/System/Library/Frameworks/SecurityFoundation.framework/Versions/A/SecurityFoundation
0x00000000031f9000 	/System/Library/PrivateFrameworks/LanguageModeling.framework/Versions/A/LanguageModeling
0x00000000031f9000 	/usr/lib/libmarisa.dylib
0x00000000031f9000 	/usr/lib/libChineseTokenizer.dylib
0x00000000031f9000 	/usr/lib/libcmph.dylib
0x00000000031f9000 	/usr/lib/libcompression.dylib
0x00000000031f9000 	/System/Library/Frameworks/ServiceManagement.framework/Versions/A/ServiceManagement
0x00000000031f9000 	/usr/lib/libxslt.1.dylib
0x00000000031f9000 	/System/Library/Frameworks/Carbon.framework/Versions/A/Frameworks/Ink.framework/Versions/A/Ink
0x00000000031f9000 	/usr/lib/libFosl_dynamic.dylib
0x00000000031f9000 	/System/Library/PrivateFrameworks/FaceCore.framework/Versions/A/FaceCore
0x00000000031f9000 	/System/Library/Frameworks/OpenCL.framework/Versions/A/OpenCL
0x00000000031f9000 	/System/Library/PrivateFrameworks/CrashReporterSupport.framework/Versions/A/CrashReporterSupport
0x00000000031f9000 	/System/Library/PrivateFrameworks/IconServices.framework/Versions/A/IconServices
0x00000000031f9000 	/System/Library/PrivateFrameworks/Apple80211.framework/Versions/A/Apple80211
0x00000000031f9000 	/System/Library/Frameworks/CoreWLAN.framework/Versions/A/CoreWLAN
0x00000000031f9000 	/System/Library/Frameworks/IOBluetooth.framework/Versions/A/IOBluetooth
0x00000000031f9000 	/System/Library/PrivateFrameworks/CoreWiFi.framework/Versions/A/CoreWiFi
0x00000000031f9000 	/System/Library/Frameworks/CoreBluetooth.framework/Versions/A/CoreBluetooth
0x00000000031f9000 	/System/Library/PrivateFrameworks/ChunkingLibrary.framework/Versions/A/ChunkingLibrary
0x00000000031f9000 	/System/Library/PrivateFrameworks/DebugSymbols.framework/Versions/A/DebugSymbols
0x00000000031f9000 	/System/Library/PrivateFrameworks/CoreSymbolication.framework/Versions/A/CoreSymbolication
0x00000000031f9000 	/System/Library/PrivateFrameworks/Symbolication.framework/Versions/A/Symbolication
0x00000000031f9000 	/System/Library/PrivateFrameworks/SpeechRecognitionCore.framework/Versions/A/SpeechRecognitionCore
0x0000000106c00000 	/Library/Java/JavaVirtualMachines/jdk1.8.0_73.jdk/Contents/Home/jre/lib/server/libjvm.dylib
0x00000000031f9000 	/usr/lib/libstdc++.6.dylib
0x00000001063a1000 	/Library/Java/JavaVirtualMachines/jdk1.8.0_73.jdk/Contents/Home/jre/lib/libverify.dylib
0x00000001063af000 	/Library/Java/JavaVirtualMachines/jdk1.8.0_73.jdk/Contents/Home/jre/lib/libjava.dylib
0x00000001063ee000 	/Library/Java/JavaVirtualMachines/jdk1.8.0_73.jdk/Contents/Home/jre/lib/libzip.dylib
0x000000011d4ef000 	/System/Library/Frameworks/JavaVM.framework/Frameworks/JavaRuntimeSupport.framework/JavaRuntimeSupport
0x000000011d50a000 	/System/Library/Frameworks/JavaVM.framework/Versions/A/Frameworks/JavaNativeFoundation.framework/Versions/A/JavaNativeFoundation
0x000000011d51f000 	/System/Library/Frameworks/JavaVM.framework/Versions/A/JavaVM
0x00000000031f9000 	/System/Library/Frameworks/Carbon.framework/Versions/A/Carbon
0x000000011d52c000 	/System/Library/PrivateFrameworks/JavaLaunching.framework/Versions/A/JavaLaunching
0x00000000031f9000 	/System/Library/Frameworks/Carbon.framework/Versions/A/Frameworks/CommonPanels.framework/Versions/A/CommonPanels
0x00000000031f9000 	/System/Library/Frameworks/Carbon.framework/Versions/A/Frameworks/Help.framework/Versions/A/Help
0x00000000031f9000 	/System/Library/Frameworks/Carbon.framework/Versions/A/Frameworks/ImageCapture.framework/Versions/A/ImageCapture
0x00000000031f9000 	/System/Library/Frameworks/Carbon.framework/Versions/A/Frameworks/OpenScripting.framework/Versions/A/OpenScripting
0x00000000031f9000 	/System/Library/Frameworks/Carbon.framework/Versions/A/Frameworks/Print.framework/Versions/A/Print
0x00000000031f9000 	/System/Library/Frameworks/Carbon.framework/Versions/A/Frameworks/SecurityHI.framework/Versions/A/SecurityHI
0x000000011ee82000 	/Library/Java/JavaVirtualMachines/jdk1.8.0_73.jdk/Contents/Home/jre/lib/libawt.dylib
0x000000011ef2a000 	/Library/Java/JavaVirtualMachines/jdk1.8.0_73.jdk/Contents/Home/jre/lib/./libmlib_image.dylib
0x000000011eff6000 	/Library/Java/JavaVirtualMachines/jdk1.8.0_73.jdk/Contents/Home/jre/lib/libawt_lwawt.dylib
0x000000011f0ab000 	/Library/Java/JavaVirtualMachines/jdk1.8.0_73.jdk/Contents/Home/jre/lib/./libosxapp.dylib
0x00000000031f9000 	/System/Library/Frameworks/ExceptionHandling.framework/Versions/A/ExceptionHandling
0x00000000031f9000 	/System/Library/PrivateFrameworks/CoreServicesInternal.framework/Versions/A/CoreServicesInternal
0x00000000031f9000 	/System/Library/Frameworks/CoreGraphics.framework/Versions/A/Resources/libRIP.A.dylib
0x00000000031f9000 	/System/Library/Frameworks/Accelerate.framework/Versions/A/Frameworks/vImage.framework/Versions/A/Libraries/libCGInterfaces.dylib
0x00000000031f9000 	/System/Library/Frameworks/CoreGraphics.framework/Versions/A/Resources/libCGXType.A.dylib
0x00000000031f9000 	/System/Library/Frameworks/OpenCL.framework/Versions/A/Libraries/libcldcpuengine.dylib
0x00000000031f9000 	/System/Library/PrivateFrameworks/DiskImages.framework/Versions/A/DiskImages
0x00000000031f9000 	/System/Library/Frameworks/DiscRecording.framework/Versions/A/DiscRecording
0x00000000031f9000 	/usr/lib/libcsfde.dylib
0x00000000031f9000 	/usr/lib/libcurl.4.dylib
0x00000000031f9000 	/System/Library/PrivateFrameworks/MediaKit.framework/Versions/A/MediaKit
0x00000000031f9000 	/System/Library/PrivateFrameworks/ProtectedCloudStorage.framework/Versions/A/ProtectedCloudStorage
0x00000000031f9000 	/usr/lib/libCoreStorage.dylib
0x00000000031f9000 	/System/Library/PrivateFrameworks/EFILogin.framework/Versions/A/EFILogin
0x00000000031f9000 	/usr/lib/libutil.dylib
0x00000000031f9000 	/System/Library/PrivateFrameworks/FindMyDevice.framework/Versions/A/FindMyDevice
0x00000000031f9000 	/System/Library/Frameworks/LDAP.framework/Versions/A/LDAP
0x00000000031f9000 	/usr/lib/libsasl2.2.dylib
0x00000000031f9000 	/System/Library/PrivateFrameworks/CoreDaemon.framework/Versions/B/CoreDaemon
0x00000000031f9000 	/usr/lib/libcrypto.0.9.8.dylib
0x00000000031f9000 	/System/Library/PrivateFrameworks/AppleSRP.framework/Versions/A/AppleSRP
0x00000000031f9000 	/System/Library/PrivateFrameworks/TrustEvaluationAgent.framework/Versions/A/TrustEvaluationAgent
0x000000011fd12000 	cl_kernels
0x00000000031f9000 	/System/Library/Frameworks/OpenCL.framework/Versions/A/Libraries/ImageFormats/unorm8_bgra.dylib
0x00000000031f9000 	/System/Library/Frameworks/OpenCL.framework/Versions/A/Libraries/ImageFormats/unorm8_rgba.dylib
0x00000000031f9000 	/System/Library/PrivateFrameworks/FamilyControls.framework/Versions/A/FamilyControls
0x00000000031f9000 	/System/Library/PrivateFrameworks/CommerceKit.framework/Versions/A/Frameworks/CommerceCore.framework/Versions/A/CommerceCore
0x00000000031f9000 	/System/Library/PrivateFrameworks/SystemAdministration.framework/Versions/A/SystemAdministration
0x00000000031f9000 	/System/Library/PrivateFrameworks/AppContainer.framework/Versions/A/AppContainer
0x00000000031f9000 	/System/Library/PrivateFrameworks/SecCodeWrapper.framework/Versions/A/SecCodeWrapper
0x00000000031f9000 	/System/Library/Frameworks/DirectoryService.framework/Versions/A/DirectoryService
0x00000000031f9000 	/System/Library/PrivateFrameworks/LoginUIKit.framework/Versions/A/Frameworks/LoginUICore.framework/Versions/A/LoginUICore
0x00000000031f9000 	/usr/lib/libodfde.dylib
0x00000000031f9000 	/System/Library/Frameworks/OpenGL.framework/Versions/A/Resources/GLEngine.bundle/GLEngine
0x00000000031f9000 	/System/Library/Frameworks/OpenGL.framework/Versions/A/Libraries/libGLProgrammability.dylib
0x00000001221bc000 	/System/Library/Extensions/AppleIntelHD5000GraphicsGLDriver.bundle/Contents/MacOS/AppleIntelHD5000GraphicsGLDriver
0x00000000031f9000 	/System/Library/PrivateFrameworks/GPUSupport.framework/Versions/A/Libraries/libGPUSupportMercury.dylib
0x00000000031f9000 	/System/Library/Frameworks/OpenGL.framework/Versions/A/Resources/GLRendererFloat.bundle/GLRendererFloat
0x00000001231cd000 	/Library/Java/JavaVirtualMachines/jdk1.8.0_73.jdk/Contents/Home/jre/lib/libfontmanager.dylib
0x0000000124715000 	/Library/Java/JavaVirtualMachines/jdk1.8.0_73.jdk/Contents/Home/jre/lib/libosxui.dylib
0x0000000125434000 	/Library/Java/JavaVirtualMachines/jdk1.8.0_73.jdk/Contents/Home/jre/lib/libnet.dylib
0x000000012527d000 	/Library/Java/JavaVirtualMachines/jdk1.8.0_73.jdk/Contents/Home/jre/lib/libnio.dylib
0x00000000031f9000 	/System/Library/Frameworks/ApplicationServices.framework/Versions/A/Frameworks/ATS.framework/Versions/A/Resources/libTrueTypeScaler.dylib
0x000000018308c000 	/System/Library/Extensions/AppleIntelHD5000GraphicsMTLDriver.bundle/Contents/MacOS/AppleIntelHD5000GraphicsMTLDriver
0x0000000120379000 	/private/var/folders/zg/1l8q7jb960scm7wpq1kf74lm0000gn/T/jogamp_0000/file_cache/jln4835651167333208320/jln4980372421253674403/libgluegen-rt.jnilib
0x000000012449c000 	/private/var/folders/zg/1l8q7jb960scm7wpq1kf74lm0000gn/T/jogamp_0000/file_cache/jln4835651167333208320/jln4980372421253674403/libnativewindow_awt.jnilib
0x000000012449f000 	/Library/Java/JavaVirtualMachines/jdk1.8.0_73.jdk/Contents/Home/jre/lib/libjawt.dylib
0x0000000182f6f000 	/private/var/folders/zg/1l8q7jb960scm7wpq1kf74lm0000gn/T/jogamp_0000/file_cache/jln4835651167333208320/jln4980372421253674403/libnativewindow_macosx.jnilib
0x00000001887a1000 	/private/var/folders/zg/1l8q7jb960scm7wpq1kf74lm0000gn/T/jogamp_0000/file_cache/jln4835651167333208320/jln4980372421253674403/libjogl_desktop.jnilib

VM Arguments:
jvm_args: -Djava.security.policy=java.policy.applet -Dfile.encoding=UTF-8 
java_command: sun.applet.AppletViewer module3.EarthquakeCityMap1456401276163.html
java_class_path (initial): /Users/intruder04/dev_projects/java/UCSDUnfoldingMaps/build:/Users/intruder04/dev_projects/java/UCSDUnfoldingMaps/lib/core.jar:/Users/intruder04/dev_projects/java/UCSDUnfoldingMaps/lib/gluegen-rt.jar:/Users/intruder04/dev_projects/java/UCSDUnfoldingMaps/lib/jogl-all.jar:/Users/intruder04/dev_projects/java/UCSDUnfoldingMaps/lib/log4j-1.2.15.jar:/Users/intruder04/dev_projects/java/UCSDUnfoldingMaps/lib/sqlite-jdbc-3.7.2.jar:/Users/intruder04/dev_projects/java/UCSDUnfoldingMaps/lib/json4processing.jar:/Users/intruder04/dev_projects/java/UCSDUnfoldingMaps/lib/libTUIO.jar:/Users/intruder04/dev_projects/java/UCSDUnfoldingMaps/lib/unfolding.0.9.7-uscd.jar
Launcher Type: SUN_STANDARD

Environment Variables:
PATH=/usr/bin:/bin:/usr/sbin:/sbin
SHELL=/bin/bash

Signal Handlers:
SIGSEGV: [libjvm.dylib+0x5a71a5], sa_mask[0]=11111111011111110111111111111111, sa_flags=SA_ONSTACK|SA_RESTART|SA_SIGINFO
SIGBUS: [libjvm.dylib+0x5a71a5], sa_mask[0]=11111111011111110111111111111111, sa_flags=SA_RESTART|SA_SIGINFO
SIGFPE: [libjvm.dylib+0x480eb4], sa_mask[0]=11111111011111110111111111111111, sa_flags=SA_RESTART|SA_SIGINFO
SIGPIPE: [libjvm.dylib+0x480eb4], sa_mask[0]=11111111011111110111111111111111, sa_flags=SA_RESTART|SA_SIGINFO
SIGXFSZ: [libjvm.dylib+0x480eb4], sa_mask[0]=11111111011111110111111111111111, sa_flags=SA_RESTART|SA_SIGINFO
SIGILL: [libjvm.dylib+0x480eb4], sa_mask[0]=11111111011111110111111111111111, sa_flags=SA_RESTART|SA_SIGINFO
SIGUSR1: SIG_DFL, sa_mask[0]=00000000000000000000000000000000, sa_flags=none
SIGUSR2: [libjvm.dylib+0x4809d2], sa_mask[0]=00100000000000000000000000000000, sa_flags=SA_RESTART|SA_SIGINFO
SIGHUP: [libjvm.dylib+0x47efa9], sa_mask[0]=11111111011111110111111111111111, sa_flags=SA_RESTART|SA_SIGINFO
SIGINT: [libjvm.dylib+0x47efa9], sa_mask[0]=11111111011111110111111111111111, sa_flags=SA_RESTART|SA_SIGINFO
SIGTERM: [libjvm.dylib+0x47efa9], sa_mask[0]=11111111011111110111111111111111, sa_flags=SA_RESTART|SA_SIGINFO
SIGQUIT: [libjvm.dylib+0x47efa9], sa_mask[0]=11111111011111110111111111111111, sa_flags=SA_RESTART|SA_SIGINFO


---------------  S Y S T E M  ---------------

OS:Bsduname:Darwin 15.3.0 Darwin Kernel Version 15.3.0: Thu Dec 10 18:40:58 PST 2015; root:xnu-3248.30.4~1/RELEASE_X86_64 x86_64
rlimit: STACK 8192k, CORE 0k, NPROC 709, NOFILE 10240, AS infinity
load average:2.36 1.81 1.67

CPU:total 4 (2 cores per cpu, 2 threads per core) family 6 model 69 stepping 1, cmov, cx8, fxsr, mmx, sse, sse2, sse3, ssse3, sse4.1, sse4.2, popcnt, avx, avx2, aes, clmul, erms, lzcnt, ht, tsc, tscinvbit, bmi1, bmi2

Memory: 4k page, physical 8388608k(90340k free)

/proc/meminfo:


vm_info: Java HotSpot(TM) 64-Bit Server VM (25.73-b02) for bsd-amd64 JRE (1.8.0_73-b02), built on Jan 29 2016 15:02:00 by "java_re" with gcc 4.2.1 (Based on Apple Inc. build 5658) (LLVM build 2336.11.00)

time: Thu Feb 25 14:54:46 2016
elapsed time: 10 seconds (0d 0h 0m 10s)

