#
# A fatal error has been detected by the Java Runtime Environment:
#
#  SIGSEGV (0xb) at pc=0x00007fff890044dd, pid=1851, tid=2571
#
# JRE version: Java(TM) SE Runtime Environment (8.0_73-b02) (build 1.8.0_73-b02)
# Java VM: Java HotSpot(TM) 64-Bit Server VM (25.73-b02 mixed mode bsd-amd64 compressed oops)
# Problematic frame:
# C  [libobjc.A.dylib+0x14dd]  objc_msgSend+0x1d
#
# Failed to write core dump. Core dumps have been disabled. To enable core dumping, try "ulimit -c unlimited" before starting Java again
#
# If you would like to submit a bug report, please visit:
#   http://bugreport.java.com/bugreport/crash.jsp
# The crash happened outside the Java Virtual Machine in native code.
# See problematic frame for where to report the bug.
#

---------------  T H R E A D  ---------------

Current thread (0x00007ff0ea8d6000):  JavaThread "AWT-AppKit" daemon [_thread_in_native, id=2571, stack(0x00007fff592c6000,0x00007fff59ac6000)]

siginfo: si_signo: 11 (SIGSEGV), si_code: 1 (SEGV_MAPERR), si_addr: 0x0000000000000018

Registers:
RAX=0x00007ff0ed0bb190, RBX=0x0000000182fe3450, RCX=0x00000001203425a0, RDX=0x0000000120342080
RSP=0x00007fff59ac1428, RBP=0x00007fff59ac14e0, RSI=0x00007fff92d74d0e, RDI=0x00007ff0e8f76c20
R8 =0x0000000000000000, R9 =0x00000000000008c0, R10=0x00007fff92d74d0e, R11=0x0000000000000000
R12=0x0000000000000000, R13=0x0000000188707b98, R14=0x0000000182fe3440, R15=0x00007ff0ea8d6000
RIP=0x00007fff890044dd, EFLAGS=0x0000000000010246, ERR=0x0000000000000004
  TRAPNO=0x000000000000000e

Top of Stack: (sp=0x00007fff59ac1428)
0x00007fff59ac1428:   0000000182fe1157 00007fff59ac1480
0x00007fff59ac1438:   0000000000000003 00007fff59ac1460
0x00007fff59ac1448:   00000001065a7646 0000000188707b98
0x00007fff59ac1458:   0000000188707b98 00007ff0ed0bb190
0x00007fff59ac1468:   0000000182fe36a0 0000000182fe3710
0x00007fff59ac1478:   00007fff762af770 00007fff774b0500
0x00007fff59ac1488:   0000000182fe3450 0000000182fe3690
0x00007fff59ac1498:   00007ff0ed0bb190 00007ff0e8f76c20
0x00007fff59ac14a8:   00007ff0ed41f7b0 00007ff0ed0bb190
0x00007fff59ac14b8:   00007ff0e8f76c20 00007fff59ac1560
0x00007fff59ac14c8:   00007ff0ea8d61f8 0000000188707b98
0x00007fff59ac14d8:   00007fff59ac1588 00007fff59ac1550
0x00007fff59ac14e8:   0000000107c15954 00007fff59ac1550
0x00007fff59ac14f8:   0000000107c156d9 0000000107c21823
0x00007fff59ac1508:   0000000107c156a2 00007fff59ac1510
0x00007fff59ac1518:   0000000188707b98 00007fff59ac1588
0x00007fff59ac1528:   000000018872b028 0000000000000000
0x00007fff59ac1538:   0000000188707b98 0000000000000000
0x00007fff59ac1548:   00007fff59ac1570 00007fff59ac15d0
0x00007fff59ac1558:   0000000107c07c4d 0000000797af57d8
0x00007fff59ac1568:   0000000107c0f578 00007ff0ed0bb190
0x00007fff59ac1578:   0000000107c10db9 00007ff0e8f76c20
0x00007fff59ac1588:   0000000107c10d82 00007fff59ac1590
0x00007fff59ac1598:   0000000188707d62 00007fff59ac15f8
0x00007fff59ac15a8:   000000018872b028 0000000000000000
0x00007fff59ac15b8:   0000000188707d70 00007fff59ac1570
0x00007fff59ac15c8:   00007fff59ac15e0 00007fff59ac1640
0x00007fff59ac15d8:   0000000107c07c4d 00007ff0ed0bb190
0x00007fff59ac15e8:   00000007978972f8 00007ff0e8f76c20
0x00007fff59ac15f8:   00000007978972f8 00007fff59ac1600
0x00007fff59ac1608:   000000018ebd7f06 00007fff59ac1650
0x00007fff59ac1618:   000000018ebe8028 0000000000000000 

Instructions: (pc=0x00007fff890044dd)
0x00007fff890044bd:   44 00 00 48 85 ff 2e 74 62 40 f6 c7 01 2e 75 66
0x00007fff890044cd:   49 bb f8 ff ff ff ff 7f 00 00 4c 23 1f 49 89 f2
0x00007fff890044dd:   45 23 53 18 49 c1 e2 04 4d 03 53 10 49 3b 32 75
0x00007fff890044ed:   04 41 ff 62 08 49 83 3a 01 76 0d 49 83 c2 10 49 

Register to memory mapping:

RAX=0x00007ff0ed0bb190 is an unknown value
RBX=0x0000000182fe3450: Java_jogamp_nativewindow_macosx_OSXUtil_GetScreenRefreshRate0+0x1cf0 in /private/var/folders/zg/1l8q7jb960scm7wpq1kf74lm0000gn/T/jogamp_0000/file_cache/jln7366605993526316451/jln6186608802959293549/libnativewindow_macosx.jnilib at 0x0000000182fdc000
RCX=0x00000001203425a0 is an unknown value
RDX=0x0000000120342080 is an unknown value
RSP=0x00007fff59ac1428 is pointing into the stack for thread: 0x00007ff0ea8d6000
RBP=0x00007fff59ac14e0 is pointing into the stack for thread: 0x00007ff0ea8d6000
RSI=0x00007fff92d74d0e is an unknown value
RDI=0x00007ff0e8f76c20 is an unknown value
R8 =0x0000000000000000 is an unknown value
R9 =0x00000000000008c0 is an unknown value
R10=0x00007fff92d74d0e is an unknown value
R11=0x0000000000000000 is an unknown value
R12=0x0000000000000000 is an unknown value
R13={method} {0x0000000188707b98} 'UnsetJAWTRootSurfaceLayer0' '(JJ)V' in 'jogamp/nativewindow/jawt/macosx/MacOSXJAWTWindow'
R14=0x0000000182fe3440: Java_jogamp_nativewindow_macosx_OSXUtil_GetScreenRefreshRate0+0x1ce0 in /private/var/folders/zg/1l8q7jb960scm7wpq1kf74lm0000gn/T/jogamp_0000/file_cache/jln7366605993526316451/jln6186608802959293549/libnativewindow_macosx.jnilib at 0x0000000182fdc000
R15=0x00007ff0ea8d6000 is a thread


Stack: [0x00007fff592c6000,0x00007fff59ac6000],  sp=0x00007fff59ac1428,  free space=8173k
Native frames: (J=compiled Java code, j=interpreted, Vv=VM code, C=native code)
C  [libobjc.A.dylib+0x14dd]  objc_msgSend+0x1d
j  jogamp.nativewindow.jawt.macosx.MacOSXJAWTWindow.UnsetJAWTRootSurfaceLayer0(JJ)V+0
j  jogamp.nativewindow.jawt.macosx.MacOSXJAWTWindow.access$200(JJ)V+2
j  jogamp.nativewindow.jawt.macosx.MacOSXJAWTWindow$1.run()V+38
j  com.jogamp.common.util.RunnableTask.run()V+24
v  ~StubRoutines::call_stub
V  [libjvm.dylib+0x2eae7a]
V  [libjvm.dylib+0x321f83]
V  [libjvm.dylib+0x314757]
C  [libnativewindow_macosx.jnilib+0x5326]  Java_jogamp_nativewindow_jawt_macosx_MacOSXJAWTWindow_UnsetJAWTRootSurfaceLayer0+0x2b6
C  [Foundation+0x8dd4b]  __NSThreadPerformPerform+0x117
C  [CoreFoundation+0x7e5c1]  __CFRUNLOOP_IS_CALLING_OUT_TO_A_SOURCE0_PERFORM_FUNCTION__+0x11
C  [CoreFoundation+0x70397]  __CFRunLoopDoSources0+0x1a7
C  [CoreFoundation+0x6f93f]  __CFRunLoopRun+0x39f
C  [CoreFoundation+0x6f338]  CFRunLoopRunSpecific+0x128
C  [HIToolbox+0x30935]  RunCurrentEventLoopInMode+0xeb
C  [HIToolbox+0x30677]  ReceiveNextEventCommon+0xb8
C  [HIToolbox+0x305af]  _BlockUntilNextEventMatchingListInModeWithFilter+0x47
C  [AppKit+0x8a0ee]  _DPSNextEvent+0x42b
C  [AppKit+0x456943]  -[NSApplication _nextEventMatchingEventMask:untilDate:inMode:dequeue:]+0x1c6
C  [libosxapp.dylib+0x23aa]  -[NSApplicationAWT nextEventMatchingMask:untilDate:inMode:dequeue:]+0x7c
C  [AppKit+0x7ffc8]  -[NSApplication run]+0x2aa
C  [libosxapp.dylib+0x214d]  +[NSApplicationAWT runAWTLoopWithApp:]+0x9c
C  [libawt_lwawt.dylib+0x4455b]  -[AWTStarter starter:]+0x389
C  [Foundation+0x8dd4b]  __NSThreadPerformPerform+0x117
C  [CoreFoundation+0x7e5c1]  __CFRUNLOOP_IS_CALLING_OUT_TO_A_SOURCE0_PERFORM_FUNCTION__+0x11
C  [CoreFoundation+0x7041c]  __CFRunLoopDoSources0+0x22c
C  [CoreFoundation+0x6f93f]  __CFRunLoopRun+0x39f
C  [CoreFoundation+0x6f338]  CFRunLoopRunSpecific+0x128
C  [java+0x6463]  CreateExecutionEnvironment+0x367
C  [java+0x21ac]  JLI_Launch+0x7a0
C  [java+0x84c0]  main+0x65
C  [java+0x1a04]  start+0x34
C  0x0000000000000007

Java frames: (J=compiled Java code, j=interpreted, Vv=VM code)
j  jogamp.nativewindow.jawt.macosx.MacOSXJAWTWindow.UnsetJAWTRootSurfaceLayer0(JJ)V+0
j  jogamp.nativewindow.jawt.macosx.MacOSXJAWTWindow.access$200(JJ)V+2
j  jogamp.nativewindow.jawt.macosx.MacOSXJAWTWindow$1.run()V+38
j  com.jogamp.common.util.RunnableTask.run()V+24
v  ~StubRoutines::call_stub

---------------  P R O C E S S  ---------------

Java Threads: ( => current thread )
  0x00007ff0ea851800 JavaThread "Thread-19" [_thread_blocked, id=63563, stack(0x00007000019ee000,0x0000700001aee000)]
  0x00007ff0ea3fa800 JavaThread "Image Fetcher 3" daemon [_thread_blocked, id=67587, stack(0x0000700002206000,0x0000700002306000)]
  0x00007ff0e9731800 JavaThread "Image Fetcher 2" daemon [_thread_blocked, id=67075, stack(0x0000700002103000,0x0000700002203000)]
  0x00007ff0e9fba000 JavaThread "Image Fetcher 1" daemon [_thread_blocked, id=66563, stack(0x0000700002000000,0x0000700002100000)]
  0x00007ff0e9f9a000 JavaThread "Image Fetcher 0" daemon [_thread_blocked, id=66051, stack(0x0000700001efd000,0x0000700001ffd000)]
  0x00007ff0e972f000 JavaThread "Keep-Alive-Timer" daemon [_thread_blocked, id=65595, stack(0x0000700001dfa000,0x0000700001efa000)]
  0x00007ff0e936f800 JavaThread "AWT-EventQueue-1" [_thread_in_native, id=59423, stack(0x0000700001868000,0x0000700001968000)]
  0x00007ff0eaabb000 JavaThread "DestroyJavaVM" [_thread_blocked, id=4099, stack(0x0000700000084000,0x0000700000184000)]
  0x00007ff0ea139000 JavaThread "AWT-EventQueue-0" [_thread_blocked, id=56323, stack(0x0000700001662000,0x0000700001762000)]
  0x00007ff0ea140000 JavaThread "Java2D Disposer" daemon [_thread_blocked, id=52995, stack(0x00007000013d9000,0x00007000014d9000)]
  0x00007ff0ea942000 JavaThread "Java2D Queue Flusher" daemon [_thread_blocked, id=49927, stack(0x00007000012d6000,0x00007000013d6000)]
  0x00007ff0e9131000 JavaThread "AWT-Shutdown" [_thread_blocked, id=27683, stack(0x00007000010cd000,0x00007000011cd000)]
=>0x00007ff0ea8d6000 JavaThread "AWT-AppKit" daemon [_thread_in_native, id=2571, stack(0x00007fff592c6000,0x00007fff59ac6000)]
  0x00007ff0e903f800 JavaThread "Service Thread" daemon [_thread_blocked, id=18691, stack(0x0000700000e44000,0x0000700000f44000)]
  0x00007ff0ea817000 JavaThread "C1 CompilerThread2" daemon [_thread_blocked, id=18179, stack(0x0000700000d41000,0x0000700000e41000)]
  0x00007ff0ea816000 JavaThread "C2 CompilerThread1" daemon [_thread_blocked, id=17667, stack(0x0000700000c3e000,0x0000700000d3e000)]
  0x00007ff0ea814800 JavaThread "C2 CompilerThread0" daemon [_thread_blocked, id=17155, stack(0x0000700000b3b000,0x0000700000c3b000)]
  0x00007ff0ea00c800 JavaThread "Signal Dispatcher" daemon [_thread_blocked, id=13839, stack(0x0000700000a38000,0x0000700000b38000)]
  0x00007ff0e9052000 JavaThread "Finalizer" daemon [_thread_blocked, id=11779, stack(0x000070000082f000,0x000070000092f000)]
  0x00007ff0e900c000 JavaThread "Reference Handler" daemon [_thread_blocked, id=11267, stack(0x000070000072c000,0x000070000082c000)]

Other Threads:
  0x00007ff0ea807000 VMThread [stack: 0x0000700000629000,0x0000700000729000] [id=10755]
  0x00007ff0e9039000 WatcherThread [stack: 0x0000700000f47000,0x0000700001047000] [id=19203]

VM state:not at safepoint (normal execution)

VM Mutex/Monitor currently owned by a thread: None

Heap:
 PSYoungGen      total 38400K, used 7483K [0x0000000795580000, 0x0000000798000000, 0x00000007c0000000)
  eden space 33280K, 7% used [0x0000000795580000,0x00000007957d6168,0x0000000797600000)
  from space 5120K, 99% used [0x0000000797600000,0x0000000797af8b40,0x0000000797b00000)
  to   space 5120K, 0% used [0x0000000797b00000,0x0000000797b00000,0x0000000798000000)
 ParOldGen       total 87552K, used 12119K [0x0000000740000000, 0x0000000745580000, 0x0000000795580000)
  object space 87552K, 13% used [0x0000000740000000,0x0000000740bd5fb8,0x0000000745580000)
 Metaspace       used 20701K, capacity 20981K, committed 21120K, reserved 1069056K
  class space    used 2050K, capacity 2144K, committed 2176K, reserved 1048576K

Card table byte_map: [0x0000000116fc0000,0x00000001173c1000] byte_map_base: 0x00000001135c0000

Marking Bits: (ParMarkBitMap*) 0x0000000106c99ea0
 Begin Bits: [0x000000011766c000, 0x000000011966c000)
 End Bits:   [0x000000011966c000, 0x000000011b66c000)

Polling page: 0x0000000107386000

CodeCache: size=245760Kb used=7941Kb max_used=7953Kb free=237818Kb
 bounds [0x0000000107c00000, 0x00000001083d0000, 0x0000000116c00000]
 total_blobs=3091 nmethods=2204 adapters=801
 compilation: enabled

Compilation events (10 events):
Event: 5.571 Thread 0x00007ff0ea817000 nmethod 2200 0x00000001083c1210 code [0x00000001083c1380, 0x00000001083c14e8]
Event: 5.576 Thread 0x00007ff0ea816000 nmethod 2201 0x00000001083c4910 code [0x00000001083c4a80, 0x00000001083c51f8]
Event: 5.577 Thread 0x00007ff0ea817000 2202   !   3       sun.misc.URLClassPath$JarLoader::getResource (349 bytes)
Event: 5.578 Thread 0x00007ff0ea814800 2204       4       java.lang.String::substring (56 bytes)
Event: 5.581 Thread 0x00007ff0ea817000 nmethod 2202 0x00000001083c5710 code [0x00000001083c5b80, 0x00000001083c80d8]
Event: 5.581 Thread 0x00007ff0ea817000 2203       3       sun.misc.JarIndex::get (49 bytes)
Event: 5.581 Thread 0x00007ff0ea817000 nmethod 2203 0x00000001083c3b90 code [0x00000001083c3d60, 0x00000001083c45d8]
Event: 5.581 Thread 0x00007ff0ea817000 2205       3       sun.java2d.pipe.RenderBuffer::putFloat (26 bytes)
Event: 5.582 Thread 0x00007ff0ea817000 nmethod 2205 0x00000001083c37d0 code [0x00000001083c3940, 0x00000001083c3ad0]
Event: 5.583 Thread 0x00007ff0ea814800 nmethod 2204 0x00000001083c1b10 code [0x00000001083c1c80, 0x00000001083c2038]

GC Heap History (6 events):
Event: 2.072 GC heap before
{Heap before GC invocations=1 (full 0):
 PSYoungGen      total 38400K, used 33280K [0x0000000795580000, 0x0000000798000000, 0x00000007c0000000)
  eden space 33280K, 100% used [0x0000000795580000,0x0000000797600000,0x0000000797600000)
  from space 5120K, 0% used [0x0000000797b00000,0x0000000797b00000,0x0000000798000000)
  to   space 5120K, 0% used [0x0000000797600000,0x0000000797600000,0x0000000797b00000)
 ParOldGen       total 87552K, used 0K [0x0000000740000000, 0x0000000745580000, 0x0000000795580000)
  object space 87552K, 0% used [0x0000000740000000,0x0000000740000000,0x0000000745580000)
 Metaspace       used 15835K, capacity 16031K, committed 16384K, reserved 1064960K
  class space    used 1605K, capacity 1693K, committed 1792K, reserved 1048576K
Event: 2.078 GC heap after
Heap after GC invocations=1 (full 0):
 PSYoungGen      total 38400K, used 5017K [0x0000000795580000, 0x0000000798000000, 0x00000007c0000000)
  eden space 33280K, 0% used [0x0000000795580000,0x0000000795580000,0x0000000797600000)
  from space 5120K, 97% used [0x0000000797600000,0x0000000797ae6600,0x0000000797b00000)
  to   space 5120K, 0% used [0x0000000797b00000,0x0000000797b00000,0x0000000798000000)
 ParOldGen       total 87552K, used 16K [0x0000000740000000, 0x0000000745580000, 0x0000000795580000)
  object space 87552K, 0% used [0x0000000740000000,0x0000000740004000,0x0000000745580000)
 Metaspace       used 15835K, capacity 16031K, committed 16384K, reserved 1064960K
  class space    used 1605K, capacity 1693K, committed 1792K, reserved 1048576K
}
Event: 3.288 GC heap before
{Heap before GC invocations=2 (full 0):
 PSYoungGen      total 38400K, used 38070K [0x0000000795580000, 0x0000000798000000, 0x00000007c0000000)
  eden space 33280K, 99% used [0x0000000795580000,0x00000007975c7340,0x0000000797600000)
  from space 5120K, 97% used [0x0000000797600000,0x0000000797ae6600,0x0000000797b00000)
  to   space 5120K, 0% used [0x0000000797b00000,0x0000000797b00000,0x0000000798000000)
 ParOldGen       total 87552K, used 16K [0x0000000740000000, 0x0000000745580000, 0x0000000795580000)
  object space 87552K, 0% used [0x0000000740000000,0x0000000740004000,0x0000000745580000)
 Metaspace       used 20150K, capacity 20367K, committed 20608K, reserved 1067008K
  class space    used 2041K, capacity 2111K, committed 2176K, reserved 1048576K
Event: 3.302 GC heap after
Heap after GC invocations=2 (full 0):
 PSYoungGen      total 38400K, used 5090K [0x0000000795580000, 0x0000000798000000, 0x00000007c0000000)
  eden space 33280K, 0% used [0x0000000795580000,0x0000000795580000,0x0000000797600000)
  from space 5120K, 99% used [0x0000000797b00000,0x0000000797ff8b50,0x0000000798000000)
  to   space 5120K, 0% used [0x0000000797600000,0x0000000797600000,0x0000000797b00000)
 ParOldGen       total 87552K, used 8946K [0x0000000740000000, 0x0000000745580000, 0x0000000795580000)
  object space 87552K, 10% used [0x0000000740000000,0x00000007408bcb28,0x0000000745580000)
 Metaspace       used 20150K, capacity 20367K, committed 20608K, reserved 1067008K
  class space    used 2041K, capacity 2111K, committed 2176K, reserved 1048576K
}
Event: 5.389 GC heap before
{Heap before GC invocations=3 (full 0):
 PSYoungGen      total 38400K, used 38370K [0x0000000795580000, 0x0000000798000000, 0x00000007c0000000)
  eden space 33280K, 100% used [0x0000000795580000,0x0000000797600000,0x0000000797600000)
  from space 5120K, 99% used [0x0000000797b00000,0x0000000797ff8b50,0x0000000798000000)
  to   space 5120K, 0% used [0x0000000797600000,0x0000000797600000,0x0000000797b00000)
 ParOldGen       total 87552K, used 8946K [0x0000000740000000, 0x0000000745580000, 0x0000000795580000)
  object space 87552K, 10% used [0x0000000740000000,0x00000007408bcb28,0x0000000745580000)
 Metaspace       used 20647K, capacity 20821K, committed 21120K, reserved 1069056K
  class space    used 2042K, capacity 2112K, committed 2176K, reserved 1048576K
Event: 5.398 GC heap after
Heap after GC invocations=3 (full 0):
 PSYoungGen      total 38400K, used 5090K [0x0000000795580000, 0x0000000798000000, 0x00000007c0000000)
  eden space 33280K, 0% used [0x0000000795580000,0x0000000795580000,0x0000000797600000)
  from space 5120K, 99% used [0x0000000797600000,0x0000000797af8b40,0x0000000797b00000)
  to   space 5120K, 0% used [0x0000000797b00000,0x0000000797b00000,0x0000000798000000)
 ParOldGen       total 87552K, used 12119K [0x0000000740000000, 0x0000000745580000, 0x0000000795580000)
  object space 87552K, 13% used [0x0000000740000000,0x0000000740bd5fb8,0x0000000745580000)
 Metaspace       used 20647K, capacity 20821K, committed 21120K, reserved 1069056K
  class space    used 2042K, capacity 2112K, committed 2176K, reserved 1048576K
}

Deoptimization events (10 events):
Event: 1.857 Thread 0x00007ff0e9370800 Uncommon trap: reason=unstable_if action=reinterpret pc=0x0000000107e67c64 method=java.lang.String.indexOf([CII[CIII)I @ 3
Event: 1.857 Thread 0x00007ff0e9370800 Uncommon trap: reason=unstable_if action=reinterpret pc=0x0000000107dc0998 method=java.lang.String.indexOf([CII[CIII)I @ 3
Event: 1.859 Thread 0x00007ff0e9370800 Uncommon trap: reason=bimorphic action=maybe_recompile pc=0x0000000107e65128 method=java.util.HashMap.getNode(ILjava/lang/Object;)Ljava/util/HashMap$Node; @ 126
Event: 1.860 Thread 0x00007ff0e9370800 Uncommon trap: reason=bimorphic action=maybe_recompile pc=0x0000000107e65128 method=java.util.HashMap.getNode(ILjava/lang/Object;)Ljava/util/HashMap$Node; @ 126
Event: 1.860 Thread 0x00007ff0e9370800 Uncommon trap: reason=bimorphic action=maybe_recompile pc=0x0000000107e65128 method=java.util.HashMap.getNode(ILjava/lang/Object;)Ljava/util/HashMap$Node; @ 126
Event: 2.515 Thread 0x00007ff0e9370800 Uncommon trap: reason=bimorphic action=maybe_recompile pc=0x0000000107e8d898 method=java.util.HashMap.getNode(ILjava/lang/Object;)Ljava/util/HashMap$Node; @ 126
Event: 2.617 Thread 0x00007ff0e936f800 Uncommon trap: reason=unstable_if action=reinterpret pc=0x0000000107db052c method=java.lang.AbstractStringBuilder.append(Ljava/lang/String;)Ljava/lang/AbstractStringBuilder; @ 1
Event: 3.059 Thread 0x00007ff0e936f800 Uncommon trap: reason=unstable_if action=reinterpret pc=0x000000010806d63c method=com.jogamp.common.util.IntIntHashMap.get(I)I @ 28
Event: 3.133 Thread 0x00007ff0e936f800 Uncommon trap: reason=unstable_if action=reinterpret pc=0x00000001080d6d28 method=processing.opengl.PGraphicsOpenGL$InGeometry.addVertex(FFFIFFFFFIFIIIFIZ)I @ 218
Event: 5.567 Thread 0x00007ff0e998c000 Uncommon trap: reason=unstable_if action=reinterpret pc=0x000000010810c884 method=java.util.HashMap.putVal(ILjava/lang/Object;Ljava/lang/Object;ZZ)Ljava/lang/Object; @ 81

Internal exceptions (10 events):
Event: 0.154 Thread 0x00007ff0e900a000 Exception <a 'java/lang/NoSuchFieldError': method resolution failed> (0x0000000795879e28) thrown at [/HUDSON3/workspace/8-2-build-macosx-x86_64/jdk8u73/6086/hotspot/src/share/vm/prims/methodHandles.cpp, line 1146]
Event: 0.156 Thread 0x00007ff0e900a000 Exception <a 'java/lang/NoSuchFieldError': method resolution failed> (0x00000007958875f8) thrown at [/HUDSON3/workspace/8-2-build-macosx-x86_64/jdk8u73/6086/hotspot/src/share/vm/prims/methodHandles.cpp, line 1146]
Event: 0.340 Thread 0x00007ff0e900a000 Exception <a 'java/io/FileNotFoundException'> (0x0000000795903658) thrown at [/HUDSON3/workspace/8-2-build-macosx-x86_64/jdk8u73/6086/hotspot/src/share/vm/prims/jni.cpp, line 709]
Event: 0.340 Thread 0x00007ff0e900a000 Exception <a 'java/io/FileNotFoundException'> (0x00000007959041c0) thrown at [/HUDSON3/workspace/8-2-build-macosx-x86_64/jdk8u73/6086/hotspot/src/share/vm/prims/jni.cpp, line 709]
Event: 0.453 Thread 0x00007ff0e900a000 Exception <a 'java/io/FileNotFoundException'> (0x0000000795ae98b0) thrown at [/HUDSON3/workspace/8-2-build-macosx-x86_64/jdk8u73/6086/hotspot/src/share/vm/prims/jni.cpp, line 709]
Event: 1.876 Thread 0x00007ff0e9370800 Exception <a 'java/lang/UnsatisfiedLinkError': com.jogamp.common.util.JarUtil.fixNativeLibAttribs(Ljava/lang/String;)Z> (0x0000000796d27fe8) thrown at [/HUDSON3/workspace/8-2-build-macosx-x86_64/jdk8u73/6086/hotspot/src/share/vm/prims/nativeLookup.cpp, li
Event: 2.080 Thread 0x00007ff0e9052000 Exception <a 'java/lang/NullPointerException'> (0x00000007956a3ff0) thrown at [/HUDSON3/workspace/8-2-build-macosx-x86_64/jdk8u73/6086/hotspot/src/share/vm/interpreter/linkResolver.cpp, line 1178]
Event: 2.617 Thread 0x00007ff0e936f800 Exception <a 'java/io/FileNotFoundException'> (0x00000007960eb8e8) thrown at [/HUDSON3/workspace/8-2-build-macosx-x86_64/jdk8u73/6086/hotspot/src/share/vm/prims/jni.cpp, line 709]
Event: 2.617 Thread 0x00007ff0e936f800 Exception <a 'java/io/FileNotFoundException'> (0x00000007960f2ea8) thrown at [/HUDSON3/workspace/8-2-build-macosx-x86_64/jdk8u73/6086/hotspot/src/share/vm/prims/jni.cpp, line 709]
Event: 2.617 Thread 0x00007ff0e936f800 Implicit null exception at 0x0000000107db01b5 to 0x0000000107db0519

Events (10 events):
Event: 5.577 loading class jogamp/nativewindow/jawt/macosx/MacOSXJAWTWindow$1 done
Event: 5.579 loading class java/awt/LightweightDispatcher$2
Event: 5.579 loading class java/awt/LightweightDispatcher$2 done
Event: 5.579 loading class java/awt/event/AWTEventListenerProxy
Event: 5.579 loading class java/awt/event/AWTEventListenerProxy done
Event: 5.579 loading class java/awt/Toolkit$ToolkitEventMulticaster
Event: 5.579 loading class java/awt/Toolkit$ToolkitEventMulticaster done
Event: 5.580 Thread 0x00007ff0e998c000 Thread exited: 0x00007ff0e998c000
Event: 5.581 loading class java/awt/Window$1DisposeAction
Event: 5.581 loading class java/awt/Window$1DisposeAction done


Dynamic libraries:
0x00000000031f9000 	/System/Library/Frameworks/Cocoa.framework/Versions/A/Cocoa
0x00000000031f9000 	/System/Library/Frameworks/Security.framework/Versions/A/Security
0x00000000031f9000 	/System/Library/Frameworks/ApplicationServices.framework/Versions/A/ApplicationServices
0x00000000031f9000 	/usr/lib/libz.1.dylib
0x00000000031f9000 	/usr/lib/libSystem.B.dylib
0x00000000031f9000 	/usr/lib/libobjc.A.dylib
0x00000000031f9000 	/System/Library/Frameworks/CoreFoundation.framework/Versions/A/CoreFoundation
0x00000000031f9000 	/System/Library/Frameworks/Foundation.framework/Versions/C/Foundation
0x00000000031f9000 	/System/Library/Frameworks/AppKit.framework/Versions/C/AppKit
0x00000000031f9000 	/System/Library/Frameworks/CoreData.framework/Versions/A/CoreData
0x00000000031f9000 	/System/Library/PrivateFrameworks/RemoteViewServices.framework/Versions/A/RemoteViewServices
0x00000000031f9000 	/System/Library/PrivateFrameworks/UIFoundation.framework/Versions/A/UIFoundation
0x00000000031f9000 	/usr/lib/libScreenReader.dylib
0x00000000031f9000 	/System/Library/Frameworks/Accelerate.framework/Versions/A/Accelerate
0x00000000031f9000 	/System/Library/Frameworks/IOSurface.framework/Versions/A/IOSurface
0x00000000031f9000 	/System/Library/Frameworks/AudioToolbox.framework/Versions/A/AudioToolbox
0x00000000031f9000 	/System/Library/Frameworks/AudioUnit.framework/Versions/A/AudioUnit
0x00000000031f9000 	/System/Library/PrivateFrameworks/DataDetectorsCore.framework/Versions/A/DataDetectorsCore
0x00000000031f9000 	/System/Library/PrivateFrameworks/DesktopServicesPriv.framework/Versions/A/DesktopServicesPriv
0x00000000031f9000 	/System/Library/Frameworks/Carbon.framework/Versions/A/Frameworks/HIToolbox.framework/Versions/A/HIToolbox
0x00000000031f9000 	/System/Library/Frameworks/QuartzCore.framework/Versions/A/QuartzCore
0x00000000031f9000 	/System/Library/Frameworks/Carbon.framework/Versions/A/Frameworks/SpeechRecognition.framework/Versions/A/SpeechRecognition
0x00000000031f9000 	/usr/lib/libauto.dylib
0x00000000031f9000 	/usr/lib/libicucore.A.dylib
0x00000000031f9000 	/usr/lib/libxml2.2.dylib
0x00000000031f9000 	/System/Library/PrivateFrameworks/CoreUI.framework/Versions/A/CoreUI
0x00000000031f9000 	/System/Library/Frameworks/CoreAudio.framework/Versions/A/CoreAudio
0x00000000031f9000 	/System/Library/Frameworks/DiskArbitration.framework/Versions/A/DiskArbitration
0x00000000031f9000 	/usr/lib/liblangid.dylib
0x00000000031f9000 	/System/Library/PrivateFrameworks/MultitouchSupport.framework/Versions/A/MultitouchSupport
0x00000000031f9000 	/System/Library/Frameworks/IOKit.framework/Versions/A/IOKit
0x00000000031f9000 	/usr/lib/libDiagnosticMessagesClient.dylib
0x00000000031f9000 	/System/Library/Frameworks/CoreServices.framework/Versions/A/CoreServices
0x00000000031f9000 	/System/Library/PrivateFrameworks/PerformanceAnalysis.framework/Versions/A/PerformanceAnalysis
0x00000000031f9000 	/System/Library/PrivateFrameworks/GenerationalStorage.framework/Versions/A/GenerationalStorage
0x00000000031f9000 	/System/Library/Frameworks/OpenGL.framework/Versions/A/OpenGL
0x00000000031f9000 	/System/Library/PrivateFrameworks/Sharing.framework/Versions/A/Sharing
0x00000000031f9000 	/System/Library/Frameworks/CoreGraphics.framework/Versions/A/CoreGraphics
0x00000000031f9000 	/System/Library/Frameworks/CoreImage.framework/Versions/A/CoreImage
0x00000000031f9000 	/System/Library/Frameworks/CoreText.framework/Versions/A/CoreText
0x00000000031f9000 	/System/Library/Frameworks/ImageIO.framework/Versions/A/ImageIO
0x00000000031f9000 	/System/Library/PrivateFrameworks/Backup.framework/Versions/A/Backup
0x00000000031f9000 	/usr/lib/libextension.dylib
0x00000000031f9000 	/usr/lib/libarchive.2.dylib
0x00000000031f9000 	/System/Library/Frameworks/CFNetwork.framework/Versions/A/CFNetwork
0x00000000031f9000 	/System/Library/Frameworks/SystemConfiguration.framework/Versions/A/SystemConfiguration
0x00000000031f9000 	/usr/lib/libCRFSuite.dylib
0x00000000031f9000 	/usr/lib/libc++.1.dylib
0x00000000031f9000 	/usr/lib/libc++abi.dylib
0x00000000031f9000 	/usr/lib/system/libcache.dylib
0x00000000031f9000 	/usr/lib/system/libcommonCrypto.dylib
0x00000000031f9000 	/usr/lib/system/libcompiler_rt.dylib
0x00000000031f9000 	/usr/lib/system/libcopyfile.dylib
0x00000000031f9000 	/usr/lib/system/libcorecrypto.dylib
0x00000000031f9000 	/usr/lib/system/libdispatch.dylib
0x00000000031f9000 	/usr/lib/system/libdyld.dylib
0x00000000031f9000 	/usr/lib/system/libkeymgr.dylib
0x00000000031f9000 	/usr/lib/system/liblaunch.dylib
0x00000000031f9000 	/usr/lib/system/libmacho.dylib
0x00000000031f9000 	/usr/lib/system/libquarantine.dylib
0x00000000031f9000 	/usr/lib/system/libremovefile.dylib
0x00000000031f9000 	/usr/lib/system/libsystem_asl.dylib
0x00000000031f9000 	/usr/lib/system/libsystem_blocks.dylib
0x00000000031f9000 	/usr/lib/system/libsystem_c.dylib
0x00000000031f9000 	/usr/lib/system/libsystem_configuration.dylib
0x00000000031f9000 	/usr/lib/system/libsystem_coreservices.dylib
0x00000000031f9000 	/usr/lib/system/libsystem_coretls.dylib
0x00000000031f9000 	/usr/lib/system/libsystem_dnssd.dylib
0x00000000031f9000 	/usr/lib/system/libsystem_info.dylib
0x00000000031f9000 	/usr/lib/system/libsystem_kernel.dylib
0x00000000031f9000 	/usr/lib/system/libsystem_m.dylib
0x00000000031f9000 	/usr/lib/system/libsystem_malloc.dylib
0x00000000031f9000 	/usr/lib/system/libsystem_network.dylib
0x00000000031f9000 	/usr/lib/system/libsystem_networkextension.dylib
0x00000000031f9000 	/usr/lib/system/libsystem_notify.dylib
0x00000000031f9000 	/usr/lib/system/libsystem_platform.dylib
0x00000000031f9000 	/usr/lib/system/libsystem_pthread.dylib
0x00000000031f9000 	/usr/lib/system/libsystem_sandbox.dylib
0x00000000031f9000 	/usr/lib/system/libsystem_secinit.dylib
0x00000000031f9000 	/usr/lib/system/libsystem_trace.dylib
0x00000000031f9000 	/usr/lib/system/libunc.dylib
0x00000000031f9000 	/usr/lib/system/libunwind.dylib
0x00000000031f9000 	/usr/lib/system/libxpc.dylib
0x00000000031f9000 	/usr/lib/libenergytrace.dylib
0x00000000031f9000 	/usr/lib/libbsm.0.dylib
0x00000000031f9000 	/usr/lib/system/libkxld.dylib
0x00000000031f9000 	/usr/lib/libxar.1.dylib
0x00000000031f9000 	/usr/lib/libsqlite3.dylib
0x00000000031f9000 	/usr/lib/libpam.2.dylib
0x00000000031f9000 	/usr/lib/libOpenScriptingUtil.dylib
0x00000000031f9000 	/usr/lib/libbz2.1.0.dylib
0x00000000031f9000 	/usr/lib/liblzma.5.dylib
0x00000000031f9000 	/System/Library/Frameworks/CoreServices.framework/Versions/A/Frameworks/FSEvents.framework/Versions/A/FSEvents
0x00000000031f9000 	/System/Library/Frameworks/CoreServices.framework/Versions/A/Frameworks/CarbonCore.framework/Versions/A/CarbonCore
0x00000000031f9000 	/System/Library/Frameworks/CoreServices.framework/Versions/A/Frameworks/Metadata.framework/Versions/A/Metadata
0x00000000031f9000 	/System/Library/Frameworks/CoreServices.framework/Versions/A/Frameworks/OSServices.framework/Versions/A/OSServices
0x00000000031f9000 	/System/Library/Frameworks/CoreServices.framework/Versions/A/Frameworks/SearchKit.framework/Versions/A/SearchKit
0x00000000031f9000 	/System/Library/Frameworks/CoreServices.framework/Versions/A/Frameworks/AE.framework/Versions/A/AE
0x00000000031f9000 	/System/Library/Frameworks/CoreServices.framework/Versions/A/Frameworks/LaunchServices.framework/Versions/A/LaunchServices
0x00000000031f9000 	/System/Library/Frameworks/CoreServices.framework/Versions/A/Frameworks/DictionaryServices.framework/Versions/A/DictionaryServices
0x00000000031f9000 	/System/Library/Frameworks/CoreServices.framework/Versions/A/Frameworks/SharedFileList.framework/Versions/A/SharedFileList
0x00000000031f9000 	/System/Library/Frameworks/NetFS.framework/Versions/A/NetFS
0x00000000031f9000 	/System/Library/PrivateFrameworks/NetAuth.framework/Versions/A/NetAuth
0x00000000031f9000 	/System/Library/PrivateFrameworks/login.framework/Versions/A/Frameworks/loginsupport.framework/Versions/A/loginsupport
0x00000000031f9000 	/System/Library/PrivateFrameworks/TCC.framework/Versions/A/TCC
0x00000000031f9000 	/usr/lib/libmecabra.dylib
0x00000000031f9000 	/System/Library/Frameworks/ApplicationServices.framework/Versions/A/Frameworks/ATS.framework/Versions/A/ATS
0x00000000031f9000 	/System/Library/Frameworks/ApplicationServices.framework/Versions/A/Frameworks/ColorSync.framework/Versions/A/ColorSync
0x00000000031f9000 	/System/Library/Frameworks/ApplicationServices.framework/Versions/A/Frameworks/HIServices.framework/Versions/A/HIServices
0x00000000031f9000 	/System/Library/Frameworks/ApplicationServices.framework/Versions/A/Frameworks/LangAnalysis.framework/Versions/A/LangAnalysis
0x00000000031f9000 	/System/Library/Frameworks/ApplicationServices.framework/Versions/A/Frameworks/PrintCore.framework/Versions/A/PrintCore
0x00000000031f9000 	/System/Library/Frameworks/ApplicationServices.framework/Versions/A/Frameworks/QD.framework/Versions/A/QD
0x00000000031f9000 	/System/Library/Frameworks/ApplicationServices.framework/Versions/A/Frameworks/SpeechSynthesis.framework/Versions/A/SpeechSynthesis
0x00000000031f9000 	/System/Library/Frameworks/Metal.framework/Versions/A/Metal
0x00000000031f9000 	/System/Library/Frameworks/Accelerate.framework/Versions/A/Frameworks/vImage.framework/Versions/A/vImage
0x00000000031f9000 	/System/Library/Frameworks/Accelerate.framework/Versions/A/Frameworks/vecLib.framework/Versions/A/vecLib
0x00000000031f9000 	/System/Library/Frameworks/Accelerate.framework/Versions/A/Frameworks/vecLib.framework/Versions/A/libvDSP.dylib
0x00000000031f9000 	/System/Library/Frameworks/Accelerate.framework/Versions/A/Frameworks/vecLib.framework/Versions/A/libvMisc.dylib
0x00000000031f9000 	/System/Library/Frameworks/Accelerate.framework/Versions/A/Frameworks/vecLib.framework/Versions/A/libLAPACK.dylib
0x00000000031f9000 	/System/Library/Frameworks/Accelerate.framework/Versions/A/Frameworks/vecLib.framework/Versions/A/libBLAS.dylib
0x00000000031f9000 	/System/Library/Frameworks/Accelerate.framework/Versions/A/Frameworks/vecLib.framework/Versions/A/libLinearAlgebra.dylib
0x00000000031f9000 	/System/Library/Frameworks/Accelerate.framework/Versions/A/Frameworks/vecLib.framework/Versions/A/libSparseBLAS.dylib
0x00000000031f9000 	/System/Library/PrivateFrameworks/GPUCompiler.framework/libmetal_timestamp.dylib
0x00000000031f9000 	/System/Library/Frameworks/OpenGL.framework/Versions/A/Libraries/libCoreFSCache.dylib
0x00000000031f9000 	/System/Library/PrivateFrameworks/IOAccelerator.framework/Versions/A/IOAccelerator
0x00000000031f9000 	/System/Library/Frameworks/ApplicationServices.framework/Versions/A/Frameworks/ATS.framework/Versions/A/Resources/libFontParser.dylib
0x00000000031f9000 	/System/Library/Frameworks/ApplicationServices.framework/Versions/A/Frameworks/ATS.framework/Versions/A/Resources/libFontRegistry.dylib
0x00000000031f9000 	/System/Library/PrivateFrameworks/AppleVPA.framework/Versions/A/AppleVPA
0x00000000031f9000 	/System/Library/PrivateFrameworks/AppleJPEG.framework/Versions/A/AppleJPEG
0x00000000031f9000 	/System/Library/Frameworks/ImageIO.framework/Versions/A/Resources/libJPEG.dylib
0x00000000031f9000 	/System/Library/Frameworks/ImageIO.framework/Versions/A/Resources/libTIFF.dylib
0x00000000031f9000 	/System/Library/Frameworks/ImageIO.framework/Versions/A/Resources/libPng.dylib
0x00000000031f9000 	/System/Library/Frameworks/ImageIO.framework/Versions/A/Resources/libGIF.dylib
0x00000000031f9000 	/System/Library/Frameworks/ImageIO.framework/Versions/A/Resources/libJP2.dylib
0x00000000031f9000 	/System/Library/Frameworks/ImageIO.framework/Versions/A/Resources/libRadiance.dylib
0x00000000031f9000 	/System/Library/Frameworks/CoreVideo.framework/Versions/A/CoreVideo
0x00000000031f9000 	/System/Library/Frameworks/OpenGL.framework/Versions/A/Libraries/libGLU.dylib
0x00000000031f9000 	/System/Library/Frameworks/OpenGL.framework/Versions/A/Libraries/libGFXShared.dylib
0x00000000031f9000 	/System/Library/Frameworks/OpenGL.framework/Versions/A/Libraries/libGL.dylib
0x00000000031f9000 	/System/Library/Frameworks/OpenGL.framework/Versions/A/Libraries/libGLImage.dylib
0x00000000031f9000 	/System/Library/Frameworks/OpenGL.framework/Versions/A/Libraries/libCVMSPluginSupport.dylib
0x00000000031f9000 	/System/Library/Frameworks/OpenGL.framework/Versions/A/Libraries/libCoreVMClient.dylib
0x00000000031f9000 	/usr/lib/libcups.2.dylib
0x00000000031f9000 	/System/Library/Frameworks/Kerberos.framework/Versions/A/Kerberos
0x00000000031f9000 	/System/Library/Frameworks/GSS.framework/Versions/A/GSS
0x00000000031f9000 	/usr/lib/libresolv.9.dylib
0x00000000031f9000 	/usr/lib/libiconv.2.dylib
0x00000000031f9000 	/System/Library/PrivateFrameworks/Heimdal.framework/Versions/A/Heimdal
0x00000000031f9000 	/usr/lib/libheimdal-asn1.dylib
0x00000000031f9000 	/System/Library/Frameworks/OpenDirectory.framework/Versions/A/OpenDirectory
0x00000000031f9000 	/System/Library/PrivateFrameworks/CommonAuth.framework/Versions/A/CommonAuth
0x00000000031f9000 	/System/Library/Frameworks/OpenDirectory.framework/Versions/A/Frameworks/CFOpenDirectory.framework/Versions/A/CFOpenDirectory
0x00000000031f9000 	/System/Library/Frameworks/SecurityFoundation.framework/Versions/A/SecurityFoundation
0x00000000031f9000 	/System/Library/PrivateFrameworks/LanguageModeling.framework/Versions/A/LanguageModeling
0x00000000031f9000 	/usr/lib/libmarisa.dylib
0x00000000031f9000 	/usr/lib/libChineseTokenizer.dylib
0x00000000031f9000 	/usr/lib/libcmph.dylib
0x00000000031f9000 	/usr/lib/libcompression.dylib
0x00000000031f9000 	/System/Library/Frameworks/ServiceManagement.framework/Versions/A/ServiceManagement
0x00000000031f9000 	/usr/lib/libxslt.1.dylib
0x00000000031f9000 	/System/Library/Frameworks/Carbon.framework/Versions/A/Frameworks/Ink.framework/Versions/A/Ink
0x00000000031f9000 	/usr/lib/libFosl_dynamic.dylib
0x00000000031f9000 	/System/Library/PrivateFrameworks/FaceCore.framework/Versions/A/FaceCore
0x00000000031f9000 	/System/Library/Frameworks/OpenCL.framework/Versions/A/OpenCL
0x00000000031f9000 	/System/Library/PrivateFrameworks/CrashReporterSupport.framework/Versions/A/CrashReporterSupport
0x00000000031f9000 	/System/Library/PrivateFrameworks/IconServices.framework/Versions/A/IconServices
0x00000000031f9000 	/System/Library/PrivateFrameworks/Apple80211.framework/Versions/A/Apple80211
0x00000000031f9000 	/System/Library/Frameworks/CoreWLAN.framework/Versions/A/CoreWLAN
0x00000000031f9000 	/System/Library/Frameworks/IOBluetooth.framework/Versions/A/IOBluetooth
0x00000000031f9000 	/System/Library/PrivateFrameworks/CoreWiFi.framework/Versions/A/CoreWiFi
0x00000000031f9000 	/System/Library/Frameworks/CoreBluetooth.framework/Versions/A/CoreBluetooth
0x00000000031f9000 	/System/Library/PrivateFrameworks/ChunkingLibrary.framework/Versions/A/ChunkingLibrary
0x00000000031f9000 	/System/Library/PrivateFrameworks/DebugSymbols.framework/Versions/A/DebugSymbols
0x00000000031f9000 	/System/Library/PrivateFrameworks/CoreSymbolication.framework/Versions/A/CoreSymbolication
0x00000000031f9000 	/System/Library/PrivateFrameworks/Symbolication.framework/Versions/A/Symbolication
0x00000000031f9000 	/System/Library/PrivateFrameworks/SpeechRecognitionCore.framework/Versions/A/SpeechRecognitionCore
0x00000001063b6000 	/Library/Java/JavaVirtualMachines/jdk1.8.0_73.jdk/Contents/Home/jre/lib/server/libjvm.dylib
0x00000000031f9000 	/usr/lib/libstdc++.6.dylib
0x0000000107343000 	/Library/Java/JavaVirtualMachines/jdk1.8.0_73.jdk/Contents/Home/jre/lib/libverify.dylib
0x0000000107351000 	/Library/Java/JavaVirtualMachines/jdk1.8.0_73.jdk/Contents/Home/jre/lib/libjava.dylib
0x0000000107394000 	/Library/Java/JavaVirtualMachines/jdk1.8.0_73.jdk/Contents/Home/jre/lib/libzip.dylib
0x000000011d512000 	/System/Library/Frameworks/JavaVM.framework/Frameworks/JavaRuntimeSupport.framework/JavaRuntimeSupport
0x000000011d52d000 	/System/Library/Frameworks/JavaVM.framework/Versions/A/Frameworks/JavaNativeFoundation.framework/Versions/A/JavaNativeFoundation
0x00000001073ee000 	/System/Library/Frameworks/JavaVM.framework/Versions/A/JavaVM
0x00000000031f9000 	/System/Library/Frameworks/Carbon.framework/Versions/A/Carbon
0x000000011d542000 	/System/Library/PrivateFrameworks/JavaLaunching.framework/Versions/A/JavaLaunching
0x00000000031f9000 	/System/Library/Frameworks/Carbon.framework/Versions/A/Frameworks/CommonPanels.framework/Versions/A/CommonPanels
0x00000000031f9000 	/System/Library/Frameworks/Carbon.framework/Versions/A/Frameworks/Help.framework/Versions/A/Help
0x00000000031f9000 	/System/Library/Frameworks/Carbon.framework/Versions/A/Frameworks/ImageCapture.framework/Versions/A/ImageCapture
0x00000000031f9000 	/System/Library/Frameworks/Carbon.framework/Versions/A/Frameworks/OpenScripting.framework/Versions/A/OpenScripting
0x00000000031f9000 	/System/Library/Frameworks/Carbon.framework/Versions/A/Frameworks/Print.framework/Versions/A/Print
0x00000000031f9000 	/System/Library/Frameworks/Carbon.framework/Versions/A/Frameworks/SecurityHI.framework/Versions/A/SecurityHI
0x000000011ee9a000 	/Library/Java/JavaVirtualMachines/jdk1.8.0_73.jdk/Contents/Home/jre/lib/libawt.dylib
0x000000011ef42000 	/Library/Java/JavaVirtualMachines/jdk1.8.0_73.jdk/Contents/Home/jre/lib/./libmlib_image.dylib
0x000000011f00e000 	/Library/Java/JavaVirtualMachines/jdk1.8.0_73.jdk/Contents/Home/jre/lib/libawt_lwawt.dylib
0x000000011f0c3000 	/Library/Java/JavaVirtualMachines/jdk1.8.0_73.jdk/Contents/Home/jre/lib/./libosxapp.dylib
0x00000000031f9000 	/System/Library/Frameworks/ExceptionHandling.framework/Versions/A/ExceptionHandling
0x00000000031f9000 	/System/Library/PrivateFrameworks/CoreServicesInternal.framework/Versions/A/CoreServicesInternal
0x00000000031f9000 	/System/Library/Frameworks/CoreGraphics.framework/Versions/A/Resources/libRIP.A.dylib
0x00000000031f9000 	/System/Library/Frameworks/Accelerate.framework/Versions/A/Frameworks/vImage.framework/Versions/A/Libraries/libCGInterfaces.dylib
0x00000000031f9000 	/System/Library/Frameworks/CoreGraphics.framework/Versions/A/Resources/libCGXType.A.dylib
0x00000000031f9000 	/System/Library/Frameworks/OpenCL.framework/Versions/A/Libraries/libcldcpuengine.dylib
0x00000000031f9000 	/System/Library/PrivateFrameworks/DiskImages.framework/Versions/A/DiskImages
0x00000000031f9000 	/System/Library/Frameworks/DiscRecording.framework/Versions/A/DiscRecording
0x00000000031f9000 	/usr/lib/libcsfde.dylib
0x00000000031f9000 	/usr/lib/libcurl.4.dylib
0x00000000031f9000 	/System/Library/PrivateFrameworks/MediaKit.framework/Versions/A/MediaKit
0x00000000031f9000 	/System/Library/PrivateFrameworks/ProtectedCloudStorage.framework/Versions/A/ProtectedCloudStorage
0x00000000031f9000 	/usr/lib/libCoreStorage.dylib
0x00000000031f9000 	/System/Library/PrivateFrameworks/EFILogin.framework/Versions/A/EFILogin
0x00000000031f9000 	/usr/lib/libutil.dylib
0x00000000031f9000 	/System/Library/PrivateFrameworks/FindMyDevice.framework/Versions/A/FindMyDevice
0x00000000031f9000 	/System/Library/Frameworks/LDAP.framework/Versions/A/LDAP
0x00000000031f9000 	/usr/lib/libsasl2.2.dylib
0x00000000031f9000 	/System/Library/PrivateFrameworks/CoreDaemon.framework/Versions/B/CoreDaemon
0x00000000031f9000 	/usr/lib/libcrypto.0.9.8.dylib
0x00000000031f9000 	/System/Library/PrivateFrameworks/AppleSRP.framework/Versions/A/AppleSRP
0x00000000031f9000 	/System/Library/PrivateFrameworks/TrustEvaluationAgent.framework/Versions/A/TrustEvaluationAgent
0x0000000121061000 	cl_kernels
0x00000000031f9000 	/System/Library/Frameworks/OpenCL.framework/Versions/A/Libraries/ImageFormats/unorm8_bgra.dylib
0x00000000031f9000 	/System/Library/Frameworks/OpenCL.framework/Versions/A/Libraries/ImageFormats/unorm8_rgba.dylib
0x00000000031f9000 	/System/Library/PrivateFrameworks/FamilyControls.framework/Versions/A/FamilyControls
0x00000000031f9000 	/System/Library/PrivateFrameworks/CommerceKit.framework/Versions/A/Frameworks/CommerceCore.framework/Versions/A/CommerceCore
0x00000000031f9000 	/System/Library/PrivateFrameworks/SystemAdministration.framework/Versions/A/SystemAdministration
0x00000000031f9000 	/System/Library/PrivateFrameworks/AppContainer.framework/Versions/A/AppContainer
0x00000000031f9000 	/System/Library/PrivateFrameworks/SecCodeWrapper.framework/Versions/A/SecCodeWrapper
0x00000000031f9000 	/System/Library/Frameworks/DirectoryService.framework/Versions/A/DirectoryService
0x00000000031f9000 	/System/Library/PrivateFrameworks/LoginUIKit.framework/Versions/A/Frameworks/LoginUICore.framework/Versions/A/LoginUICore
0x00000000031f9000 	/usr/lib/libodfde.dylib
0x00000000031f9000 	/System/Library/Frameworks/OpenGL.framework/Versions/A/Resources/GLEngine.bundle/GLEngine
0x00000000031f9000 	/System/Library/Frameworks/OpenGL.framework/Versions/A/Libraries/libGLProgrammability.dylib
0x00000001221d8000 	/System/Library/Extensions/AppleIntelHD5000GraphicsGLDriver.bundle/Contents/MacOS/AppleIntelHD5000GraphicsGLDriver
0x00000000031f9000 	/System/Library/PrivateFrameworks/GPUSupport.framework/Versions/A/Libraries/libGPUSupportMercury.dylib
0x00000000031f9000 	/System/Library/Frameworks/OpenGL.framework/Versions/A/Resources/GLRendererFloat.bundle/GLRendererFloat
0x00000001231a6000 	/Library/Java/JavaVirtualMachines/jdk1.8.0_73.jdk/Contents/Home/jre/lib/libfontmanager.dylib
0x000000012472e000 	/Library/Java/JavaVirtualMachines/jdk1.8.0_73.jdk/Contents/Home/jre/lib/libosxui.dylib
0x000000012544e000 	/Library/Java/JavaVirtualMachines/jdk1.8.0_73.jdk/Contents/Home/jre/lib/libnet.dylib
0x0000000125297000 	/Library/Java/JavaVirtualMachines/jdk1.8.0_73.jdk/Contents/Home/jre/lib/libnio.dylib
0x00000000031f9000 	/System/Library/Frameworks/ApplicationServices.framework/Versions/A/Frameworks/ATS.framework/Versions/A/Resources/libTrueTypeScaler.dylib
0x00000001830a5000 	/System/Library/Extensions/AppleIntelHD5000GraphicsMTLDriver.bundle/Contents/MacOS/AppleIntelHD5000GraphicsMTLDriver
0x0000000182fd2000 	/private/var/folders/zg/1l8q7jb960scm7wpq1kf74lm0000gn/T/jogamp_0000/file_cache/jln7366605993526316451/jln6186608802959293549/libgluegen-rt.jnilib
0x0000000182fd6000 	/private/var/folders/zg/1l8q7jb960scm7wpq1kf74lm0000gn/T/jogamp_0000/file_cache/jln7366605993526316451/jln6186608802959293549/libnativewindow_awt.jnilib
0x0000000182fd9000 	/Library/Java/JavaVirtualMachines/jdk1.8.0_73.jdk/Contents/Home/jre/lib/libjawt.dylib
0x0000000182fdc000 	/private/var/folders/zg/1l8q7jb960scm7wpq1kf74lm0000gn/T/jogamp_0000/file_cache/jln7366605993526316451/jln6186608802959293549/libnativewindow_macosx.jnilib
0x0000000183791000 	/private/var/folders/zg/1l8q7jb960scm7wpq1kf74lm0000gn/T/jogamp_0000/file_cache/jln7366605993526316451/jln6186608802959293549/libjogl_desktop.jnilib
0x000000018b553000 	/Library/Java/JavaVirtualMachines/jdk1.8.0_73.jdk/Contents/Home/jre/lib/libt2k.dylib

VM Arguments:
jvm_args: -Djava.security.policy=java.policy.applet -Dfile.encoding=UTF-8 
java_command: sun.applet.AppletViewer module3.EarthquakeCityMap1456401882134.html
java_class_path (initial): /Users/intruder04/dev_projects/java/UCSDUnfoldingMaps/build:/Users/intruder04/dev_projects/java/UCSDUnfoldingMaps/lib/core.jar:/Users/intruder04/dev_projects/java/UCSDUnfoldingMaps/lib/gluegen-rt.jar:/Users/intruder04/dev_projects/java/UCSDUnfoldingMaps/lib/jogl-all.jar:/Users/intruder04/dev_projects/java/UCSDUnfoldingMaps/lib/log4j-1.2.15.jar:/Users/intruder04/dev_projects/java/UCSDUnfoldingMaps/lib/sqlite-jdbc-3.7.2.jar:/Users/intruder04/dev_projects/java/UCSDUnfoldingMaps/lib/json4processing.jar:/Users/intruder04/dev_projects/java/UCSDUnfoldingMaps/lib/libTUIO.jar:/Users/intruder04/dev_projects/java/UCSDUnfoldingMaps/lib/unfolding.0.9.7-uscd.jar
Launcher Type: SUN_STANDARD

Environment Variables:
PATH=/usr/bin:/bin:/usr/sbin:/sbin
SHELL=/bin/bash

Signal Handlers:
SIGSEGV: [libjvm.dylib+0x5a71a5], sa_mask[0]=11111111011111110111111111111111, sa_flags=SA_ONSTACK|SA_RESTART|SA_SIGINFO
SIGBUS: [libjvm.dylib+0x5a71a5], sa_mask[0]=11111111011111110111111111111111, sa_flags=SA_RESTART|SA_SIGINFO
SIGFPE: [libjvm.dylib+0x480eb4], sa_mask[0]=11111111011111110111111111111111, sa_flags=SA_RESTART|SA_SIGINFO
SIGPIPE: [libjvm.dylib+0x480eb4], sa_mask[0]=11111111011111110111111111111111, sa_flags=SA_RESTART|SA_SIGINFO
SIGXFSZ: [libjvm.dylib+0x480eb4], sa_mask[0]=11111111011111110111111111111111, sa_flags=SA_RESTART|SA_SIGINFO
SIGILL: [libjvm.dylib+0x480eb4], sa_mask[0]=11111111011111110111111111111111, sa_flags=SA_RESTART|SA_SIGINFO
SIGUSR1: SIG_DFL, sa_mask[0]=00000000000000000000000000000000, sa_flags=none
SIGUSR2: [libjvm.dylib+0x4809d2], sa_mask[0]=00100000000000000000000000000000, sa_flags=SA_RESTART|SA_SIGINFO
SIGHUP: [libjvm.dylib+0x47efa9], sa_mask[0]=11111111011111110111111111111111, sa_flags=SA_RESTART|SA_SIGINFO
SIGINT: [libjvm.dylib+0x47efa9], sa_mask[0]=11111111011111110111111111111111, sa_flags=SA_RESTART|SA_SIGINFO
SIGTERM: [libjvm.dylib+0x47efa9], sa_mask[0]=11111111011111110111111111111111, sa_flags=SA_RESTART|SA_SIGINFO
SIGQUIT: [libjvm.dylib+0x47efa9], sa_mask[0]=11111111011111110111111111111111, sa_flags=SA_RESTART|SA_SIGINFO


---------------  S Y S T E M  ---------------

OS:Bsduname:Darwin 15.3.0 Darwin Kernel Version 15.3.0: Thu Dec 10 18:40:58 PST 2015; root:xnu-3248.30.4~1/RELEASE_X86_64 x86_64
rlimit: STACK 8192k, CORE 0k, NPROC 709, NOFILE 10240, AS infinity
load average:1.75 1.79 1.72

CPU:total 4 (2 cores per cpu, 2 threads per core) family 6 model 69 stepping 1, cmov, cx8, fxsr, mmx, sse, sse2, sse3, ssse3, sse4.1, sse4.2, popcnt, avx, avx2, aes, clmul, erms, lzcnt, ht, tsc, tscinvbit, bmi1, bmi2

Memory: 4k page, physical 8388608k(471452k free)

/proc/meminfo:


vm_info: Java HotSpot(TM) 64-Bit Server VM (25.73-b02) for bsd-amd64 JRE (1.8.0_73-b02), built on Jan 29 2016 15:02:00 by "java_re" with gcc 4.2.1 (Based on Apple Inc. build 5658) (LLVM build 2336.11.00)

time: Thu Feb 25 15:04:47 2016
elapsed time: 5 seconds (0d 0h 0m 5s)

